Log file open, 01/20/20 16:00:27
LogWindows: Failed to load 'aqProf.dll' (GetLastError=126)
LogWindows: File 'aqProf.dll' does not exist
LogWindows: Failed to load 'VtuneApi.dll' (GetLastError=126)
LogWindows: File 'VtuneApi.dll' does not exist
LogWindows: Failed to load 'VtuneApi32e.dll' (GetLastError=126)
LogWindows: File 'VtuneApi32e.dll' does not exist
LogConsoleResponse: Display: Failed to find resolution value strings in scalability ini. Falling back to default.
LogInit: Display: Running engine for game: AIRoam
LogPlatformFile: Not using cached read wrapper
LogTaskGraph: Started task graph with 5 named threads and 23 total threads with 3 sets of task threads.
LogStats: Stats thread started at 3.320501
LogD3D11RHI: Loaded GFSDK_Aftermath_Lib.x64.dll
LogICUInternationalization: ICU TimeZone Detection - Raw Offset: +1:00, Platform Override: ''
LogPluginManager: Mounting plugin Paper2D
LogPluginManager: Mounting plugin AISupport
LogPluginManager: Mounting plugin LightPropagationVolume
LogPluginManager: Mounting plugin ActorLayerUtilities
LogPluginManager: Mounting plugin AnimationSharing
LogPluginManager: Mounting plugin CLionSourceCodeAccess
LogPluginManager: Mounting plugin CodeLiteSourceCodeAccess
LogPluginManager: Mounting plugin GitSourceControl
LogPluginManager: Mounting plugin KDevelopSourceCodeAccess
LogPluginManager: Mounting plugin NullSourceCodeAccess
LogPluginManager: Mounting plugin PerforceSourceControl
LogPluginManager: Mounting plugin SubversionSourceControl
LogPluginManager: Mounting plugin UObjectPlugin
LogPluginManager: Mounting plugin VisualStudioCodeSourceCodeAccess
LogPluginManager: Mounting plugin VisualStudioSourceCodeAccess
LogPluginManager: Mounting plugin XCodeSourceCodeAccess
LogPluginManager: Mounting plugin AssetManagerEditor
LogPluginManager: Mounting plugin CryptoKeys
LogPluginManager: Mounting plugin CurveEditorTools
LogPluginManager: Mounting plugin DataValidation
LogPluginManager: Mounting plugin FacialAnimation
LogPluginManager: Mounting plugin GameplayTagsEditor
LogPluginManager: Mounting plugin MacGraphicsSwitching
LogPluginManager: Mounting plugin MaterialAnalyzer
LogPluginManager: Mounting plugin MobileLauncherProfileWizard
LogPluginManager: Mounting plugin PluginBrowser
LogPluginManager: Mounting plugin SpeedTreeImporter
LogPluginManager: Mounting plugin DatasmithContent
LogPluginManager: Mounting plugin VariantManagerContent
LogPluginManager: Mounting plugin AlembicImporter
LogPluginManager: Mounting plugin AutomationUtils
LogPluginManager: Mounting plugin BackChannel
LogPluginManager: Mounting plugin CharacterAI
LogPluginManager: Mounting plugin GeometryCache
LogPluginManager: Mounting plugin HTML5Networking
LogPluginManager: Mounting plugin PlatformCrypto
LogPluginManager: Mounting plugin ProxyLODPlugin
LogPluginManager: Mounting plugin SkeletalReduction
LogPluginManager: Mounting plugin MagicLeap
LogPluginManager: Mounting plugin MagicLeapMedia
LogPluginManager: Mounting plugin AndroidMedia
LogPluginManager: Mounting plugin AvfMedia
LogPluginManager: Mounting plugin ImgMedia
LogPluginManager: Mounting plugin MediaCompositing
LogPluginManager: Mounting plugin MediaPlayerEditor
LogPluginManager: Mounting plugin WebMMedia
LogPluginManager: Mounting plugin WmfMedia
LogPluginManager: Mounting plugin TcpMessaging
LogPluginManager: Mounting plugin UdpMessaging
LogPluginManager: Mounting plugin ActorSequence
LogPluginManager: Mounting plugin LevelSequenceEditor
LogPluginManager: Mounting plugin MatineeToLevelSequence
LogPluginManager: Mounting plugin NetcodeUnitTest
LogPluginManager: Mounting plugin NUTUnrealEngine4
LogPluginManager: Mounting plugin OnlineSubsystemGooglePlay
LogPluginManager: Mounting plugin OnlineSubsystemIOS
LogPluginManager: Mounting plugin OnlineSubsystem
LogPluginManager: Mounting plugin OnlineSubsystemNull
LogPluginManager: Mounting plugin OnlineSubsystemUtils
LogPluginManager: Mounting plugin LauncherChunkInstaller
LogPluginManager: Mounting plugin AndroidDeviceProfileSelector
LogPluginManager: Mounting plugin AndroidMoviePlayer
LogPluginManager: Mounting plugin AndroidPermission
LogPluginManager: Mounting plugin AppleImageUtils
LogPluginManager: Mounting plugin AppleMoviePlayer
LogPluginManager: Mounting plugin ArchVisCharacter
LogPluginManager: Mounting plugin AudioCapture
LogPluginManager: Mounting plugin CableComponent
LogPluginManager: Mounting plugin CustomMeshComponent
LogPluginManager: Mounting plugin EditableMesh
LogPluginManager: Mounting plugin ExampleDeviceProfileSelector
LogPluginManager: Mounting plugin GoogleCloudMessaging
LogPluginManager: Mounting plugin IOSDeviceProfileSelector
LogPluginManager: Mounting plugin LinuxDeviceProfileSelector
LogPluginManager: Mounting plugin LocationServicesBPLibrary
LogPluginManager: Mounting plugin MobilePatchingUtils
LogPluginManager: Mounting plugin OculusVR
LogPluginManager: Mounting plugin PhysXVehicles
LogPluginManager: Mounting plugin ProceduralMeshComponent
LogPluginManager: Mounting plugin RuntimePhysXCooking
LogPluginManager: Mounting plugin SignificanceManager
LogPluginManager: Mounting plugin SteamVR
LogPluginManager: Mounting plugin WebMMoviePlayer
LogPluginManager: Mounting plugin WindowsMoviePlayer
LogPluginManager: Mounting plugin ScreenshotTools
LogInit: Using libcurl 7.55.1-DEV
LogInit:  - built for x86_64-pc-win32
LogInit:  - supports SSL with OpenSSL/1.1.1
LogInit:  - supports HTTP deflate (compression) using libz 1.2.8
LogInit:  - other features:
LogInit:      CURL_VERSION_SSL
LogInit:      CURL_VERSION_LIBZ
LogInit:      CURL_VERSION_IPV6
LogInit:      CURL_VERSION_ASYNCHDNS
LogInit:      CURL_VERSION_LARGEFILE
LogInit:      CURL_VERSION_IDN
LogInit:  CurlRequestOptions (configurable via config and command line):
LogInit:  - bVerifyPeer = true  - Libcurl will verify peer certificate
LogInit:  - bUseHttpProxy = false  - Libcurl will NOT use HTTP proxy
LogInit:  - bDontReuseConnections = false  - Libcurl will reuse connections
LogInit:  - MaxHostConnections = 16  - Libcurl will limit the number of connections to a host
LogInit:  - LocalHostAddr = Default
LogInit:  - BufferSize = 65536
LogOnline: OSS: Creating online subsystem instance for: NULL
LogInit: WinSock: version 1.1 (2.2), MaxSocks=32767, MaxUdp=65467
LogInit: Build: ++UE4+Release-4.23-CL-9631420
LogInit: Engine Version: 4.23.1-9631420+++UE4+Release-4.23
LogInit: Compatible Engine Version: 4.23.0-8386587+++UE4+Release-4.23
LogInit: Net CL: 8386587
LogInit: OS: Windows 10 (Release 1903) (), CPU: Intel(R) Core(TM) i7-4771 CPU @ 3.50GHz, GPU: NVIDIA GeForce GTX 1060 6GB
LogInit: Compiled (64-bit): Oct 18 2019 02:07:44
LogInit: Compiled with Visual C++: 19.16.27030.01
LogInit: Build Configuration: Development
LogInit: Branch Name: ++UE4+Release-4.23
LogInit: Command Line: 
LogInit: Base Directory: D:/UnrealEngine/UE_4.23/Engine/Binaries/Win64/
LogInit: Installed Engine Build: 1
LogDevObjectVersion: Number of dev versions registered: 23
LogDevObjectVersion:   Dev-Blueprints (B0D832E4-1F89-4F0D-ACCF-7EB736FD4AA2): 10
LogDevObjectVersion:   Dev-Build (E1C64328-A22C-4D53-A36C-8E866417BD8C): 0
LogDevObjectVersion:   Dev-Core (375EC13C-06E4-48FB-B500-84F0262A717E): 3
LogDevObjectVersion:   Dev-Editor (E4B068ED-F494-42E9-A231-DA0B2E46BB41): 34
LogDevObjectVersion:   Dev-Framework (CFFC743F-43B0-4480-9391-14DF171D2073): 35
LogDevObjectVersion:   Dev-Mobile (B02B49B5-BB20-44E9-A304-32B752E40360): 2
LogDevObjectVersion:   Dev-Networking (A4E4105C-59A1-49B5-A7C5-40C4547EDFEE): 0
LogDevObjectVersion:   Dev-Online (39C831C9-5AE6-47DC-9A44-9C173E1C8E7C): 0
LogDevObjectVersion:   Dev-Physics (78F01B33-EBEA-4F98-B9B4-84EACCB95AA2): 0
LogDevObjectVersion:   Dev-Platform (6631380F-2D4D-43E0-8009-CF276956A95A): 0
LogDevObjectVersion:   Dev-Rendering (12F88B9F-8875-4AFC-A67C-D90C383ABD29): 31
LogDevObjectVersion:   Dev-Sequencer (7B5AE74C-D270-4C10-A958-57980B212A5A): 11
LogDevObjectVersion:   Dev-VR (D7296918-1DD6-4BDD-9DE2-64A83CC13884): 2
LogDevObjectVersion:   Dev-LoadTimes (C2A15278-BFE7-4AFE-6C17-90FF531DF755): 1
LogDevObjectVersion:   Private-Geometry (6EACA3D4-40EC-4CC1-B786-8BED09428FC5): 3
LogDevObjectVersion:   Dev-AnimPhys (29E575DD-E0A3-4627-9D10-D276232CDCEA): 17
LogDevObjectVersion:   Dev-Anim (AF43A65D-7FD3-4947-9873-3E8ED9C1BB05): 2
LogDevObjectVersion:   Dev-ReflectionCapture (6B266CEC-1EC7-4B8F-A30B-E4D90942FC07): 1
LogDevObjectVersion:   Dev-Automation (0DF73D61-A23F-47EA-B727-89E90C41499A): 1
LogDevObjectVersion:   FortniteMain (601D1886-AC64-4F84-AA16-D3DE0DEAC7D6): 27
LogDevObjectVersion:   Dev-Enterprise (9DFFBCD6-494F-0158-E221-12823C92A888): 6
LogDevObjectVersion:   Dev-Niagara (F2AED0AC-9AFE-416F-8664-AA7FFA26D6FC): 1
LogDevObjectVersion:   Dev-Destruction (174F1F0B-B4C6-45A5-B13F-2EE8D0FB917D): 9
LogInit: Presizing for max 16777216 objects, including 0 objects not considered by GC, pre-allocating 0 bytes for permanent pool.
LogInit: Object subsystem initialized
LogConfig: Setting CVar [[con.DebugEarlyDefault:1]]
LogConfig: Setting CVar [[r.setres:1280x720]]
[2020.01.20-15.00.29:420][  0]LogConfig: Setting CVar [[r.VSync:0]]
[2020.01.20-15.00.29:420][  0]LogConfig: Setting CVar [[r.RHICmdBypass:0]]
[2020.01.20-15.00.29:425][  0]LogConfig: Applying CVar settings from Section [/Script/Engine.RendererSettings] File [D:/Pentum/AI/Saved/Config/Windows/Engine.ini]
[2020.01.20-15.00.29:425][  0]LogConfig: Setting CVar [[r.GPUCrashDebugging:0]]
[2020.01.20-15.00.29:425][  0]LogConfig: Applying CVar settings from Section [/Script/Engine.RendererOverrideSettings] File [D:/Pentum/AI/Saved/Config/Windows/Engine.ini]
[2020.01.20-15.00.29:425][  0]LogConfig: Applying CVar settings from Section [/Script/Engine.StreamingSettings] File [D:/Pentum/AI/Saved/Config/Windows/Engine.ini]
[2020.01.20-15.00.29:425][  0]LogConfig: Setting CVar [[s.MinBulkDataSizeForAsyncLoading:131072]]
[2020.01.20-15.00.29:425][  0]LogConfig: Setting CVar [[s.AsyncLoadingThreadEnabled:0]]
[2020.01.20-15.00.29:425][  0]LogConfig: Setting CVar [[s.EventDrivenLoaderEnabled:1]]
[2020.01.20-15.00.29:425][  0]LogConfig: Setting CVar [[s.WarnIfTimeLimitExceeded:0]]
[2020.01.20-15.00.29:425][  0]LogConfig: Setting CVar [[s.TimeLimitExceededMultiplier:1.5]]
[2020.01.20-15.00.29:425][  0]LogConfig: Setting CVar [[s.TimeLimitExceededMinTime:0.005]]
[2020.01.20-15.00.29:425][  0]LogConfig: Setting CVar [[s.UseBackgroundLevelStreaming:1]]
[2020.01.20-15.00.29:425][  0]LogConfig: Setting CVar [[s.PriorityAsyncLoadingExtraTime:15.0]]
[2020.01.20-15.00.29:425][  0]LogConfig: Setting CVar [[s.LevelStreamingActorsUpdateTimeLimit:5.0]]
[2020.01.20-15.00.29:425][  0]LogConfig: Setting CVar [[s.PriorityLevelStreamingActorsUpdateExtraTime:5.0]]
[2020.01.20-15.00.29:426][  0]LogConfig: Setting CVar [[s.LevelStreamingComponentsRegistrationGranularity:10]]
[2020.01.20-15.00.29:426][  0]LogConfig: Setting CVar [[s.UnregisterComponentsTimeLimit:1.0]]
[2020.01.20-15.00.29:426][  0]LogConfig: Setting CVar [[s.LevelStreamingComponentsUnregistrationGranularity:5]]
[2020.01.20-15.00.29:426][  0]LogConfig: Applying CVar settings from Section [/Script/Engine.GarbageCollectionSettings] File [D:/Pentum/AI/Saved/Config/Windows/Engine.ini]
[2020.01.20-15.00.29:426][  0]LogConfig: Setting CVar [[gc.MaxObjectsNotConsideredByGC:1]]
[2020.01.20-15.00.29:426][  0]LogConfig: Setting CVar [[gc.SizeOfPermanentObjectPool:0]]
[2020.01.20-15.00.29:426][  0]LogConfig: Setting CVar [[gc.FlushStreamingOnGC:0]]
[2020.01.20-15.00.29:426][  0]LogConfig: Setting CVar [[gc.NumRetriesBeforeForcingGC:10]]
[2020.01.20-15.00.29:426][  0]LogConfig: Setting CVar [[gc.AllowParallelGC:1]]
[2020.01.20-15.00.29:426][  0]LogConfig: Setting CVar [[gc.TimeBetweenPurgingPendingKillObjects:61.1]]
[2020.01.20-15.00.29:426][  0]LogConfig: Setting CVar [[gc.MaxObjectsInEditor:16777216]]
[2020.01.20-15.00.29:426][  0]LogConfig: Setting CVar [[gc.IncrementalBeginDestroyEnabled:1]]
[2020.01.20-15.00.29:426][  0]LogConfig: Setting CVar [[gc.CreateGCClusters:1]]
[2020.01.20-15.00.29:426][  0]LogConfig: Setting CVar [[gc.MinGCClusterSize:5]]
[2020.01.20-15.00.29:426][  0]LogConfig: Setting CVar [[gc.ActorClusteringEnabled:0]]
[2020.01.20-15.00.29:426][  0]LogConfig: Setting CVar [[gc.BlueprintClusteringEnabled:0]]
[2020.01.20-15.00.29:426][  0]LogConfig: Setting CVar [[gc.UseDisregardForGCOnDedicatedServers:0]]
[2020.01.20-15.00.29:426][  0]LogConfig: Applying CVar settings from Section [/Script/Engine.NetworkSettings] File [D:/Pentum/AI/Saved/Config/Windows/Engine.ini]
[2020.01.20-15.00.29:426][  0]LogConfig: Applying CVar settings from Section [/Script/UnrealEd.CookerSettings] File [D:/Pentum/AI/Saved/Config/Windows/Engine.ini]
[2020.01.20-15.00.29:460][  0]LogConfig: Applying CVar settings from Section [ViewDistanceQuality@3] File [D:/Pentum/AI/Saved/Config/Windows/Scalability.ini]
[2020.01.20-15.00.29:460][  0]LogConfig: Setting CVar [[r.SkeletalMeshLODBias:0]]
[2020.01.20-15.00.29:460][  0]LogConfig: Setting CVar [[r.ViewDistanceScale:1.0]]
[2020.01.20-15.00.29:460][  0]LogConfig: Applying CVar settings from Section [AntiAliasingQuality@3] File [D:/Pentum/AI/Saved/Config/Windows/Scalability.ini]
[2020.01.20-15.00.29:460][  0]LogConfig: Setting CVar [[r.PostProcessAAQuality:4]]
[2020.01.20-15.00.29:460][  0]LogConfig: Applying CVar settings from Section [ShadowQuality@3] File [D:/Pentum/AI/Saved/Config/Windows/Scalability.ini]
[2020.01.20-15.00.29:460][  0]LogConfig: Setting CVar [[r.LightFunctionQuality:1]]
[2020.01.20-15.00.29:460][  0]LogConfig: Setting CVar [[r.ShadowQuality:5]]
[2020.01.20-15.00.29:460][  0]LogConfig: Setting CVar [[r.Shadow.CSM.MaxCascades:10]]
[2020.01.20-15.00.29:460][  0]LogConfig: Setting CVar [[r.Shadow.MaxResolution:2048]]
[2020.01.20-15.00.29:460][  0]LogConfig: Setting CVar [[r.Shadow.MaxCSMResolution:2048]]
[2020.01.20-15.00.29:460][  0]LogConfig: Setting CVar [[r.Shadow.RadiusThreshold:0.01]]
[2020.01.20-15.00.29:460][  0]LogConfig: Setting CVar [[r.Shadow.DistanceScale:1.0]]
[2020.01.20-15.00.29:460][  0]LogConfig: Setting CVar [[r.Shadow.CSM.TransitionScale:1.0]]
[2020.01.20-15.00.29:460][  0]LogConfig: Setting CVar [[r.Shadow.PreShadowResolutionFactor:1.0]]
[2020.01.20-15.00.29:460][  0]LogConfig: Setting CVar [[r.DistanceFieldShadowing:1]]
[2020.01.20-15.00.29:460][  0]LogConfig: Setting CVar [[r.DistanceFieldAO:1]]
[2020.01.20-15.00.29:460][  0]LogConfig: Setting CVar [[r.AOQuality:2]]
[2020.01.20-15.00.29:460][  0]LogConfig: Setting CVar [[r.VolumetricFog:1]]
[2020.01.20-15.00.29:460][  0]LogConfig: Setting CVar [[r.VolumetricFog.GridPixelSize:8]]
[2020.01.20-15.00.29:460][  0]LogConfig: Setting CVar [[r.VolumetricFog.GridSizeZ:128]]
[2020.01.20-15.00.29:460][  0]LogConfig: Setting CVar [[r.VolumetricFog.HistoryMissSupersampleCount:4]]
[2020.01.20-15.00.29:460][  0]LogConfig: Setting CVar [[r.LightMaxDrawDistanceScale:1]]
[2020.01.20-15.00.29:460][  0]LogConfig: Setting CVar [[r.CapsuleShadows:1]]
[2020.01.20-15.00.29:460][  0]LogConfig: Applying CVar settings from Section [PostProcessQuality@3] File [D:/Pentum/AI/Saved/Config/Windows/Scalability.ini]
[2020.01.20-15.00.29:460][  0]LogConfig: Setting CVar [[r.MotionBlurQuality:4]]
[2020.01.20-15.00.29:460][  0]LogConfig: Setting CVar [[r.AmbientOcclusionMipLevelFactor:0.4]]
[2020.01.20-15.00.29:461][  0]LogConfig: Setting CVar [[r.AmbientOcclusionMaxQuality:100]]
[2020.01.20-15.00.29:461][  0]LogConfig: Setting CVar [[r.AmbientOcclusionLevels:-1]]
[2020.01.20-15.00.29:461][  0]LogConfig: Setting CVar [[r.AmbientOcclusionRadiusScale:1.0]]
[2020.01.20-15.00.29:461][  0]LogConfig: Setting CVar [[r.DepthOfFieldQuality:2]]
[2020.01.20-15.00.29:461][  0]LogConfig: Setting CVar [[r.RenderTargetPoolMin:400]]
[2020.01.20-15.00.29:461][  0]LogConfig: Setting CVar [[r.LensFlareQuality:2]]
[2020.01.20-15.00.29:461][  0]LogConfig: Setting CVar [[r.SceneColorFringeQuality:1]]
[2020.01.20-15.00.29:461][  0]LogConfig: Setting CVar [[r.EyeAdaptationQuality:2]]
[2020.01.20-15.00.29:461][  0]LogConfig: Setting CVar [[r.BloomQuality:5]]
[2020.01.20-15.00.29:461][  0]LogConfig: Setting CVar [[r.FastBlurThreshold:100]]
[2020.01.20-15.00.29:461][  0]LogConfig: Setting CVar [[r.Upscale.Quality:3]]
[2020.01.20-15.00.29:461][  0]LogConfig: Setting CVar [[r.Tonemapper.GrainQuantization:1]]
[2020.01.20-15.00.29:461][  0]LogConfig: Setting CVar [[r.LightShaftQuality:1]]
[2020.01.20-15.00.29:461][  0]LogConfig: Setting CVar [[r.Filter.SizeScale:1]]
[2020.01.20-15.00.29:461][  0]LogConfig: Setting CVar [[r.Tonemapper.Quality:5]]
[2020.01.20-15.00.29:461][  0]LogConfig: Setting CVar [[r.DOF.Gather.AccumulatorQuality:1        ; higher gathering accumulator quality]]
[2020.01.20-15.00.29:461][  0]LogConfig: Setting CVar [[r.DOF.Gather.PostfilterMethod:1          ; Median3x3 postfilering method]]
[2020.01.20-15.00.29:461][  0]LogConfig: Setting CVar [[r.DOF.Gather.EnableBokehSettings:0       ; no bokeh simulation when gathering]]
[2020.01.20-15.00.29:461][  0]LogConfig: Setting CVar [[r.DOF.Gather.RingCount:4                 ; medium number of samples when gathering]]
[2020.01.20-15.00.29:461][  0]LogConfig: Setting CVar [[r.DOF.Scatter.ForegroundCompositing:1    ; additive foreground scattering]]
[2020.01.20-15.00.29:461][  0]LogConfig: Setting CVar [[r.DOF.Scatter.BackgroundCompositing:2    ; additive background scattering]]
[2020.01.20-15.00.29:461][  0]LogConfig: Setting CVar [[r.DOF.Scatter.EnableBokehSettings:1      ; bokeh simulation when scattering]]
[2020.01.20-15.00.29:461][  0]LogConfig: Setting CVar [[r.DOF.Scatter.MaxSpriteRatio:0.1         ; only a maximum of 10% of scattered bokeh]]
[2020.01.20-15.00.29:461][  0]LogConfig: Setting CVar [[r.DOF.Recombine.Quality:1                ; cheap slight out of focus]]
[2020.01.20-15.00.29:461][  0]LogConfig: Setting CVar [[r.DOF.Recombine.EnableBokehSettings:0    ; no bokeh simulation on slight out of focus]]
[2020.01.20-15.00.29:461][  0]LogConfig: Setting CVar [[r.DOF.TemporalAAQuality:1                ; more stable temporal accumulation]]
[2020.01.20-15.00.29:461][  0]LogConfig: Setting CVar [[r.DOF.Kernel.MaxForegroundRadius:0.025]]
[2020.01.20-15.00.29:461][  0]LogConfig: Setting CVar [[r.DOF.Kernel.MaxBackgroundRadius:0.025]]
[2020.01.20-15.00.29:461][  0]LogConfig: Applying CVar settings from Section [TextureQuality@3] File [D:/Pentum/AI/Saved/Config/Windows/Scalability.ini]
[2020.01.20-15.00.29:461][  0]LogConfig: Setting CVar [[r.Streaming.MipBias:0]]
[2020.01.20-15.00.29:461][  0]LogConfig: Setting CVar [[r.Streaming.AmortizeCPUToGPUCopy:0]]
[2020.01.20-15.00.29:461][  0]LogConfig: Setting CVar [[r.Streaming.MaxNumTexturesToStreamPerFrame:0]]
[2020.01.20-15.00.29:461][  0]LogConfig: Setting CVar [[r.Streaming.Boost:1]]
[2020.01.20-15.00.29:461][  0]LogConfig: Setting CVar [[r.MaxAnisotropy:8]]
[2020.01.20-15.00.29:461][  0]LogConfig: Setting CVar [[r.Streaming.LimitPoolSizeToVRAM:0]]
[2020.01.20-15.00.29:461][  0]LogConfig: Setting CVar [[r.Streaming.PoolSize:1000]]
[2020.01.20-15.00.29:461][  0]LogConfig: Setting CVar [[r.Streaming.MaxEffectiveScreenSize:0]]
[2020.01.20-15.00.29:461][  0]LogConfig: Applying CVar settings from Section [EffectsQuality@3] File [D:/Pentum/AI/Saved/Config/Windows/Scalability.ini]
[2020.01.20-15.00.29:461][  0]LogConfig: Setting CVar [[r.TranslucencyLightingVolumeDim:64]]
[2020.01.20-15.00.29:461][  0]LogConfig: Setting CVar [[r.RefractionQuality:2]]
[2020.01.20-15.00.29:461][  0]LogConfig: Setting CVar [[r.SSR.Quality:3]]
[2020.01.20-15.00.29:461][  0]LogConfig: Setting CVar [[r.SceneColorFormat:4]]
[2020.01.20-15.00.29:461][  0]LogConfig: Setting CVar [[r.DetailMode:2]]
[2020.01.20-15.00.29:461][  0]LogConfig: Setting CVar [[r.TranslucencyVolumeBlur:1]]
[2020.01.20-15.00.29:461][  0]LogConfig: Setting CVar [[r.MaterialQualityLevel:1 ; High quality]]
[2020.01.20-15.00.29:461][  0]LogConfig: Setting CVar [[r.SSS.Scale:1]]
[2020.01.20-15.00.29:461][  0]LogConfig: Setting CVar [[r.SSS.SampleSet:2]]
[2020.01.20-15.00.29:461][  0]LogConfig: Setting CVar [[r.SSS.Quality:1]]
[2020.01.20-15.00.29:461][  0]LogConfig: Setting CVar [[r.SSS.HalfRes:1]]
[2020.01.20-15.00.29:461][  0]LogConfig: Setting CVar [[r.EmitterSpawnRateScale:1.0]]
[2020.01.20-15.00.29:461][  0]LogConfig: Setting CVar [[r.ParticleLightQuality:2]]
[2020.01.20-15.00.29:461][  0]LogConfig: Applying CVar settings from Section [FoliageQuality@3] File [D:/Pentum/AI/Saved/Config/Windows/Scalability.ini]
[2020.01.20-15.00.29:461][  0]LogConfig: Setting CVar [[foliage.DensityScale:1.0]]
[2020.01.20-15.00.29:461][  0]LogConfig: Setting CVar [[grass.DensityScale:1.0]]
[2020.01.20-15.00.29:470][  0]LogInit: Selected Device Profile: [Windows]
[2020.01.20-15.00.29:478][  0]LogInit: Applying CVar settings loaded from the selected device profile: [Windows]
[2020.01.20-15.00.29:492][  0]LogHAL: Display: Platform has ~ 32 GB [34294325248 / 34359738368 / 32], which maps to Largest [LargestMinGB=32, LargerMinGB=12, DefaultMinGB=8, SmallerMinGB=6, SmallestMinGB=0)
[2020.01.20-15.00.29:492][  0]LogInit: Going up to parent DeviceProfile []
[2020.01.20-15.00.29:501][  0]LogConfig: Applying CVar settings from Section [ViewDistanceQuality@3] File [D:/Pentum/AI/Saved/Config/Windows/Scalability.ini]
[2020.01.20-15.00.29:501][  0]LogConfig: Setting CVar [[r.SkeletalMeshLODBias:0]]
[2020.01.20-15.00.29:501][  0]LogConfig: Setting CVar [[r.ViewDistanceScale:1.0]]
[2020.01.20-15.00.29:501][  0]LogConfig: Applying CVar settings from Section [AntiAliasingQuality@3] File [D:/Pentum/AI/Saved/Config/Windows/Scalability.ini]
[2020.01.20-15.00.29:501][  0]LogConfig: Setting CVar [[r.PostProcessAAQuality:4]]
[2020.01.20-15.00.29:501][  0]LogConfig: Applying CVar settings from Section [ShadowQuality@3] File [D:/Pentum/AI/Saved/Config/Windows/Scalability.ini]
[2020.01.20-15.00.29:501][  0]LogConfig: Setting CVar [[r.LightFunctionQuality:1]]
[2020.01.20-15.00.29:501][  0]LogConfig: Setting CVar [[r.ShadowQuality:5]]
[2020.01.20-15.00.29:501][  0]LogConfig: Setting CVar [[r.Shadow.CSM.MaxCascades:10]]
[2020.01.20-15.00.29:501][  0]LogConfig: Setting CVar [[r.Shadow.MaxResolution:2048]]
[2020.01.20-15.00.29:501][  0]LogConfig: Setting CVar [[r.Shadow.MaxCSMResolution:2048]]
[2020.01.20-15.00.29:501][  0]LogConfig: Setting CVar [[r.Shadow.RadiusThreshold:0.01]]
[2020.01.20-15.00.29:501][  0]LogConfig: Setting CVar [[r.Shadow.DistanceScale:1.0]]
[2020.01.20-15.00.29:501][  0]LogConfig: Setting CVar [[r.Shadow.CSM.TransitionScale:1.0]]
[2020.01.20-15.00.29:501][  0]LogConfig: Setting CVar [[r.Shadow.PreShadowResolutionFactor:1.0]]
[2020.01.20-15.00.29:501][  0]LogConfig: Setting CVar [[r.DistanceFieldShadowing:1]]
[2020.01.20-15.00.29:501][  0]LogConfig: Setting CVar [[r.DistanceFieldAO:1]]
[2020.01.20-15.00.29:501][  0]LogConfig: Setting CVar [[r.AOQuality:2]]
[2020.01.20-15.00.29:501][  0]LogConfig: Setting CVar [[r.VolumetricFog:1]]
[2020.01.20-15.00.29:501][  0]LogConfig: Setting CVar [[r.VolumetricFog.GridPixelSize:8]]
[2020.01.20-15.00.29:501][  0]LogConfig: Setting CVar [[r.VolumetricFog.GridSizeZ:128]]
[2020.01.20-15.00.29:501][  0]LogConfig: Setting CVar [[r.VolumetricFog.HistoryMissSupersampleCount:4]]
[2020.01.20-15.00.29:501][  0]LogConfig: Setting CVar [[r.LightMaxDrawDistanceScale:1]]
[2020.01.20-15.00.29:501][  0]LogConfig: Setting CVar [[r.CapsuleShadows:1]]
[2020.01.20-15.00.29:501][  0]LogConfig: Applying CVar settings from Section [PostProcessQuality@3] File [D:/Pentum/AI/Saved/Config/Windows/Scalability.ini]
[2020.01.20-15.00.29:501][  0]LogConfig: Setting CVar [[r.MotionBlurQuality:4]]
[2020.01.20-15.00.29:501][  0]LogConfig: Setting CVar [[r.AmbientOcclusionMipLevelFactor:0.4]]
[2020.01.20-15.00.29:501][  0]LogConfig: Setting CVar [[r.AmbientOcclusionMaxQuality:100]]
[2020.01.20-15.00.29:501][  0]LogConfig: Setting CVar [[r.AmbientOcclusionLevels:-1]]
[2020.01.20-15.00.29:501][  0]LogConfig: Setting CVar [[r.AmbientOcclusionRadiusScale:1.0]]
[2020.01.20-15.00.29:501][  0]LogConfig: Setting CVar [[r.DepthOfFieldQuality:2]]
[2020.01.20-15.00.29:501][  0]LogConfig: Setting CVar [[r.RenderTargetPoolMin:400]]
[2020.01.20-15.00.29:501][  0]LogConfig: Setting CVar [[r.LensFlareQuality:2]]
[2020.01.20-15.00.29:501][  0]LogConfig: Setting CVar [[r.SceneColorFringeQuality:1]]
[2020.01.20-15.00.29:501][  0]LogConfig: Setting CVar [[r.EyeAdaptationQuality:2]]
[2020.01.20-15.00.29:501][  0]LogConfig: Setting CVar [[r.BloomQuality:5]]
[2020.01.20-15.00.29:501][  0]LogConfig: Setting CVar [[r.FastBlurThreshold:100]]
[2020.01.20-15.00.29:501][  0]LogConfig: Setting CVar [[r.Upscale.Quality:3]]
[2020.01.20-15.00.29:501][  0]LogConfig: Setting CVar [[r.Tonemapper.GrainQuantization:1]]
[2020.01.20-15.00.29:501][  0]LogConfig: Setting CVar [[r.LightShaftQuality:1]]
[2020.01.20-15.00.29:501][  0]LogConfig: Setting CVar [[r.Filter.SizeScale:1]]
[2020.01.20-15.00.29:501][  0]LogConfig: Setting CVar [[r.Tonemapper.Quality:5]]
[2020.01.20-15.00.29:501][  0]LogConfig: Setting CVar [[r.DOF.Gather.AccumulatorQuality:1        ; higher gathering accumulator quality]]
[2020.01.20-15.00.29:501][  0]LogConfig: Setting CVar [[r.DOF.Gather.PostfilterMethod:1          ; Median3x3 postfilering method]]
[2020.01.20-15.00.29:501][  0]LogConfig: Setting CVar [[r.DOF.Gather.EnableBokehSettings:0       ; no bokeh simulation when gathering]]
[2020.01.20-15.00.29:501][  0]LogConfig: Setting CVar [[r.DOF.Gather.RingCount:4                 ; medium number of samples when gathering]]
[2020.01.20-15.00.29:501][  0]LogConfig: Setting CVar [[r.DOF.Scatter.ForegroundCompositing:1    ; additive foreground scattering]]
[2020.01.20-15.00.29:501][  0]LogConfig: Setting CVar [[r.DOF.Scatter.BackgroundCompositing:2    ; additive background scattering]]
[2020.01.20-15.00.29:501][  0]LogConfig: Setting CVar [[r.DOF.Scatter.EnableBokehSettings:1      ; bokeh simulation when scattering]]
[2020.01.20-15.00.29:501][  0]LogConfig: Setting CVar [[r.DOF.Scatter.MaxSpriteRatio:0.1         ; only a maximum of 10% of scattered bokeh]]
[2020.01.20-15.00.29:501][  0]LogConfig: Setting CVar [[r.DOF.Recombine.Quality:1                ; cheap slight out of focus]]
[2020.01.20-15.00.29:501][  0]LogConfig: Setting CVar [[r.DOF.Recombine.EnableBokehSettings:0    ; no bokeh simulation on slight out of focus]]
[2020.01.20-15.00.29:501][  0]LogConfig: Setting CVar [[r.DOF.TemporalAAQuality:1                ; more stable temporal accumulation]]
[2020.01.20-15.00.29:501][  0]LogConfig: Setting CVar [[r.DOF.Kernel.MaxForegroundRadius:0.025]]
[2020.01.20-15.00.29:501][  0]LogConfig: Setting CVar [[r.DOF.Kernel.MaxBackgroundRadius:0.025]]
[2020.01.20-15.00.29:501][  0]LogConfig: Applying CVar settings from Section [TextureQuality@3] File [D:/Pentum/AI/Saved/Config/Windows/Scalability.ini]
[2020.01.20-15.00.29:501][  0]LogConfig: Setting CVar [[r.Streaming.MipBias:0]]
[2020.01.20-15.00.29:501][  0]LogConfig: Setting CVar [[r.Streaming.AmortizeCPUToGPUCopy:0]]
[2020.01.20-15.00.29:501][  0]LogConfig: Setting CVar [[r.Streaming.MaxNumTexturesToStreamPerFrame:0]]
[2020.01.20-15.00.29:501][  0]LogConfig: Setting CVar [[r.Streaming.Boost:1]]
[2020.01.20-15.00.29:501][  0]LogConfig: Setting CVar [[r.MaxAnisotropy:8]]
[2020.01.20-15.00.29:501][  0]LogConfig: Setting CVar [[r.Streaming.LimitPoolSizeToVRAM:0]]
[2020.01.20-15.00.29:501][  0]LogConfig: Setting CVar [[r.Streaming.PoolSize:1000]]
[2020.01.20-15.00.29:501][  0]LogConfig: Setting CVar [[r.Streaming.MaxEffectiveScreenSize:0]]
[2020.01.20-15.00.29:501][  0]LogConfig: Applying CVar settings from Section [EffectsQuality@3] File [D:/Pentum/AI/Saved/Config/Windows/Scalability.ini]
[2020.01.20-15.00.29:501][  0]LogConfig: Setting CVar [[r.TranslucencyLightingVolumeDim:64]]
[2020.01.20-15.00.29:501][  0]LogConfig: Setting CVar [[r.RefractionQuality:2]]
[2020.01.20-15.00.29:502][  0]LogConfig: Setting CVar [[r.SSR.Quality:3]]
[2020.01.20-15.00.29:502][  0]LogConfig: Setting CVar [[r.SceneColorFormat:4]]
[2020.01.20-15.00.29:502][  0]LogConfig: Setting CVar [[r.DetailMode:2]]
[2020.01.20-15.00.29:502][  0]LogConfig: Setting CVar [[r.TranslucencyVolumeBlur:1]]
[2020.01.20-15.00.29:502][  0]LogConfig: Setting CVar [[r.MaterialQualityLevel:1 ; High quality]]
[2020.01.20-15.00.29:502][  0]LogConfig: Setting CVar [[r.SSS.Scale:1]]
[2020.01.20-15.00.29:502][  0]LogConfig: Setting CVar [[r.SSS.SampleSet:2]]
[2020.01.20-15.00.29:502][  0]LogConfig: Setting CVar [[r.SSS.Quality:1]]
[2020.01.20-15.00.29:502][  0]LogConfig: Setting CVar [[r.SSS.HalfRes:1]]
[2020.01.20-15.00.29:502][  0]LogConfig: Setting CVar [[r.EmitterSpawnRateScale:1.0]]
[2020.01.20-15.00.29:502][  0]LogConfig: Setting CVar [[r.ParticleLightQuality:2]]
[2020.01.20-15.00.29:502][  0]LogConfig: Applying CVar settings from Section [FoliageQuality@3] File [D:/Pentum/AI/Saved/Config/Windows/Scalability.ini]
[2020.01.20-15.00.29:502][  0]LogConfig: Setting CVar [[foliage.DensityScale:1.0]]
[2020.01.20-15.00.29:502][  0]LogConfig: Setting CVar [[grass.DensityScale:1.0]]
[2020.01.20-15.00.29:502][  0]LogConfig: Applying CVar settings from Section [Startup] File [../../../Engine/Config/ConsoleVariables.ini]
[2020.01.20-15.00.29:502][  0]LogConfig: Setting CVar [[net.UseAdaptiveNetUpdateFrequency:0]]
[2020.01.20-15.00.29:502][  0]LogConfig: Setting CVar [[p.chaos.AllowCreatePhysxBodies:1]]
[2020.01.20-15.00.29:502][  0]LogConfig: Applying CVar settings from Section [ConsoleVariables] File [D:/Pentum/AI/Saved/Config/Windows/Engine.ini]
[2020.01.20-15.00.29:502][  0]LogInit: Computer: MUC-A-1482
[2020.01.20-15.00.29:502][  0]LogInit: User: chbrueckl
[2020.01.20-15.00.29:502][  0]LogInit: CPU Page size=4096, Cores=4
[2020.01.20-15.00.29:502][  0]LogInit: High frequency timer resolution =10.000000 MHz
[2020.01.20-15.00.29:514][  0]LogMemory: Memory total: Physical=31.9GB (32GB approx)
[2020.01.20-15.00.29:514][  0]LogMemory: Platform Memory Stats for Windows
[2020.01.20-15.00.29:514][  0]LogMemory: Process Physical Memory: 104.62 MB used, 104.63 MB peak
[2020.01.20-15.00.29:514][  0]LogMemory: Process Virtual Memory: 100.48 MB used, 100.48 MB peak
[2020.01.20-15.00.29:514][  0]LogMemory: Physical Memory: 6775.32 MB used,  25930.29 MB free, 32705.62 MB total
[2020.01.20-15.00.29:514][  0]LogMemory: Virtual Memory: 4669.00 MB used,  134213056.00 MB free, 134217728.00 MB total
[2020.01.20-15.00.29:532][  0]LogWindows: WindowsPlatformFeatures enabled
[2020.01.20-15.00.29:911][  0]LogInit: Using OS detected language (en-US).
[2020.01.20-15.00.29:911][  0]LogInit: Using OS detected locale (en-US).
[2020.01.20-15.00.29:913][  0]LogTextLocalizationManager: No specific localization for 'en-US' exists, so the 'en' localization will be used.
[2020.01.20-15.00.30:313][  0]LogInit: Setting process to per monitor DPI aware
[2020.01.20-15.00.30:568][  0]LogSlate: New Slate User Created.  User Index 0, Is Virtual User: 0
[2020.01.20-15.00.30:568][  0]LogSlate: Slate User Registered.  User Index 0, Is Virtual User: 0
[2020.01.20-15.00.31:058][  0]LogHMD: Failed to initialize OpenVR with code 110
[2020.01.20-15.00.31:058][  0]LogD3D11RHI: D3D11 adapters:
[2020.01.20-15.00.31:148][  0]LogD3D11RHI:    0. 'NVIDIA GeForce GTX 1060 6GB' (Feature Level 11_0)
[2020.01.20-15.00.31:148][  0]LogD3D11RHI:       6052/0/16352 MB DedicatedVideo/DedicatedSystem/SharedSystem, Outputs:2, VendorId:0x10de
[2020.01.20-15.00.31:151][  0]LogD3D11RHI:    1. 'Microsoft Basic Render Driver' (Feature Level 11_0)
[2020.01.20-15.00.31:151][  0]LogD3D11RHI:       0/0/16352 MB DedicatedVideo/DedicatedSystem/SharedSystem, Outputs:0, VendorId:0x1414
[2020.01.20-15.00.31:151][  0]LogD3D11RHI: Chosen D3D11 Adapter: 0
[2020.01.20-15.00.31:170][  0]LogD3D11RHI: Creating new Direct3DDevice
[2020.01.20-15.00.31:170][  0]LogD3D11RHI:     GPU DeviceId: 0x1c03 (for the marketing name, search the web for "GPU Device Id")
[2020.01.20-15.00.31:170][  0]LogWindows: EnumDisplayDevices:
[2020.01.20-15.00.31:171][  0]LogWindows:    0. 'NVIDIA GeForce GTX 1060 6GB' (P:1 D:1)
[2020.01.20-15.00.31:171][  0]LogWindows:    1. 'NVIDIA GeForce GTX 1060 6GB' (P:0 D:1)
[2020.01.20-15.00.31:171][  0]LogWindows:    2. 'NVIDIA GeForce GTX 1060 6GB' (P:0 D:0)
[2020.01.20-15.00.31:172][  0]LogWindows:    3. 'NVIDIA GeForce GTX 1060 6GB' (P:0 D:0)
[2020.01.20-15.00.31:172][  0]LogWindows: DebugString: FoundDriverCount:4 
[2020.01.20-15.00.31:172][  0]LogD3D11RHI:     Adapter Name: NVIDIA GeForce GTX 1060 6GB
[2020.01.20-15.00.31:172][  0]LogD3D11RHI:   Driver Version: 432.00 (internal:26.21.14.3200, unified:432.00)
[2020.01.20-15.00.31:172][  0]LogD3D11RHI:      Driver Date: 7-24-2019
[2020.01.20-15.00.31:172][  0]LogRHI: Texture pool is 4236 MB (70% of 6052 MB)
[2020.01.20-15.00.31:236][  0]LogD3D11RHI: Async texture creation enabled
[2020.01.20-15.00.31:361][  0]LogD3D11RHI: GPU Timing Frequency: 1000.000000 (Debug: 2 1)
[2020.01.20-15.00.31:922][  0]LogTemp: Display: Module 'AllDesktopTargetPlatform' loaded TargetPlatform 'AllDesktop'
[2020.01.20-15.00.31:939][  0]LogTemp: Display: Module 'MacClientTargetPlatform' loaded TargetPlatform 'MacClient'
[2020.01.20-15.00.31:951][  0]LogTemp: Display: Module 'MacNoEditorTargetPlatform' loaded TargetPlatform 'MacNoEditor'
[2020.01.20-15.00.31:965][  0]LogTemp: Display: Module 'MacServerTargetPlatform' loaded TargetPlatform 'MacServer'
[2020.01.20-15.00.31:992][  0]LogTemp: Display: Module 'MacTargetPlatform' loaded TargetPlatform 'Mac'
[2020.01.20-15.00.32:023][  0]LogTemp: Display: Module 'WindowsClientTargetPlatform' loaded TargetPlatform 'WindowsClient'
[2020.01.20-15.00.32:032][  0]LogTemp: Display: Module 'WindowsNoEditorTargetPlatform' loaded TargetPlatform 'WindowsNoEditor'
[2020.01.20-15.00.32:042][  0]LogTemp: Display: Module 'WindowsServerTargetPlatform' loaded TargetPlatform 'WindowsServer'
[2020.01.20-15.00.32:058][  0]LogTemp: Display: Module 'WindowsTargetPlatform' loaded TargetPlatform 'Windows'
[2020.01.20-15.00.32:130][  0]LogTemp: Display: Module 'AndroidTargetPlatform' loaded TargetPlatform 'Android'
[2020.01.20-15.00.32:130][  0]LogTemp: Display: Module 'AndroidTargetPlatform' loaded TargetPlatform 'Android_ASTC'
[2020.01.20-15.00.32:130][  0]LogTemp: Display: Module 'AndroidTargetPlatform' loaded TargetPlatform 'Android_ATC'
[2020.01.20-15.00.32:130][  0]LogTemp: Display: Module 'AndroidTargetPlatform' loaded TargetPlatform 'Android_DXT'
[2020.01.20-15.00.32:130][  0]LogTemp: Display: Module 'AndroidTargetPlatform' loaded TargetPlatform 'Android_ETC1'
[2020.01.20-15.00.32:130][  0]LogTemp: Display: Module 'AndroidTargetPlatform' loaded TargetPlatform 'Android_ETC1a'
[2020.01.20-15.00.32:131][  0]LogTemp: Display: Module 'AndroidTargetPlatform' loaded TargetPlatform 'Android_ETC2'
[2020.01.20-15.00.32:131][  0]LogTemp: Display: Module 'AndroidTargetPlatform' loaded TargetPlatform 'Android_PVRTC'
[2020.01.20-15.00.32:131][  0]LogTemp: Display: Module 'AndroidTargetPlatform' loaded TargetPlatform 'AndroidClient'
[2020.01.20-15.00.32:131][  0]LogTemp: Display: Module 'AndroidTargetPlatform' loaded TargetPlatform 'Android_ASTCClient'
[2020.01.20-15.00.32:131][  0]LogTemp: Display: Module 'AndroidTargetPlatform' loaded TargetPlatform 'Android_ATCClient'
[2020.01.20-15.00.32:131][  0]LogTemp: Display: Module 'AndroidTargetPlatform' loaded TargetPlatform 'Android_DXTClient'
[2020.01.20-15.00.32:131][  0]LogTemp: Display: Module 'AndroidTargetPlatform' loaded TargetPlatform 'Android_ETC1Client'
[2020.01.20-15.00.32:131][  0]LogTemp: Display: Module 'AndroidTargetPlatform' loaded TargetPlatform 'Android_ETC1aClient'
[2020.01.20-15.00.32:131][  0]LogTemp: Display: Module 'AndroidTargetPlatform' loaded TargetPlatform 'Android_ETC2Client'
[2020.01.20-15.00.32:131][  0]LogTemp: Display: Module 'AndroidTargetPlatform' loaded TargetPlatform 'Android_PVRTCClient'
[2020.01.20-15.00.32:131][  0]LogTemp: Display: Module 'AndroidTargetPlatform' loaded TargetPlatform 'Android_Multi'
[2020.01.20-15.00.32:131][  0]LogTemp: Display: Module 'AndroidTargetPlatform' loaded TargetPlatform 'Android_MultiClient'
[2020.01.20-15.00.32:148][  0]LogTemp: Display: Module 'HTML5TargetPlatform' loaded TargetPlatform 'HTML5'
[2020.01.20-15.00.32:197][  0]LogTemp: Display: Module 'IOSTargetPlatform' loaded TargetPlatform 'IOSClient'
[2020.01.20-15.00.32:197][  0]LogTemp: Display: Module 'IOSTargetPlatform' loaded TargetPlatform 'IOS'
[2020.01.20-15.00.32:220][  0]LogTemp: Display: Module 'TVOSTargetPlatform' loaded TargetPlatform 'TVOSClient'
[2020.01.20-15.00.32:220][  0]LogTemp: Display: Module 'TVOSTargetPlatform' loaded TargetPlatform 'TVOS'
[2020.01.20-15.00.32:235][  0]LogTemp: Display: Module 'LinuxClientTargetPlatform' loaded TargetPlatform 'LinuxClient'
[2020.01.20-15.00.32:244][  0]LogTemp: Display: Module 'LinuxNoEditorTargetPlatform' loaded TargetPlatform 'LinuxNoEditor'
[2020.01.20-15.00.32:254][  0]LogTemp: Display: Module 'LinuxServerTargetPlatform' loaded TargetPlatform 'LinuxServer'
[2020.01.20-15.00.32:263][  0]LogTemp: Display: Module 'LinuxTargetPlatform' loaded TargetPlatform 'Linux'
[2020.01.20-15.00.32:289][  0]LogTemp: Display: Module 'LuminTargetPlatform' loaded TargetPlatform 'Lumin'
[2020.01.20-15.00.32:289][  0]LogTemp: Display: Module 'LuminTargetPlatform' loaded TargetPlatform 'LuminClient'
[2020.01.20-15.00.32:289][  0]LogTargetPlatformManager: Display: Building Assets For Windows
[2020.01.20-15.00.32:366][  0]LogAudioDebug: Display: Lib vorbis DLL was dynamically loaded.
[2020.01.20-15.00.32:683][  0]LogShaderCompilers: Guid format shader working directory is 25 characters bigger than the processId version (../../../../../Pentum/AI/Intermediate/Shaders/WorkingDirectory/22460/).
[2020.01.20-15.00.32:683][  0]LogShaderCompilers: Cleaned the shader compiler working directory 'C:/Users/chbrueckl/AppData/Local/Temp/UnrealShaderWorkingDir/1F631A274ACBB63609A9EDAA0E4A7248/'.
[2020.01.20-15.00.32:702][  0]LogXGEController: Cleaning working directory: C:/Users/chbrueckl/AppData/Local/Temp/UnrealXGEWorkingDir/
[2020.01.20-15.00.32:703][  0]LogXGEController: Cannot use XGE Controller as Incredibuild is not installed on this machine.
[2020.01.20-15.00.32:703][  0]LogShaderCompilers: Cannot use XGE Shader Compiler as Incredibuild is not installed on this machine.
[2020.01.20-15.00.32:703][  0]LogShaderCompilers: Display: Using Local Shader Compiler.
[2020.01.20-15.00.34:244][  0]LogDerivedDataCache: Display: Max Cache Size: 512 MB
[2020.01.20-15.00.34:423][  0]LogDerivedDataCache: Loaded boot cache 0.18s 73MB C:/Users/chbrueckl/AppData/Local/UnrealEngine/4.23/DerivedDataCache/Boot.ddc.
[2020.01.20-15.00.34:423][  0]LogDerivedDataCache: Display: Loaded Boot cache: C:/Users/chbrueckl/AppData/Local/UnrealEngine/4.23/DerivedDataCache/Boot.ddc
[2020.01.20-15.00.34:423][  0]LogDerivedDataCache: FDerivedDataBackendGraph:  Pak pak cache file ../../../../../Pentum/AI/DerivedDataCache/DDC.ddp not found, will not use a pak cache.
[2020.01.20-15.00.34:423][  0]LogDerivedDataCache: Unable to find inner node Pak for hierarchical cache Hierarchy.
[2020.01.20-15.00.34:423][  0]LogDerivedDataCache: FDerivedDataBackendGraph:  CompressedPak pak cache file ../../../../../Pentum/AI/DerivedDataCache/Compressed.ddp not found, will not use a pak cache.
[2020.01.20-15.00.34:424][  0]LogDerivedDataCache: Unable to find inner node CompressedPak for hierarchical cache Hierarchy.
[2020.01.20-15.00.34:450][  0]LogDerivedDataCache: Display: Pak cache opened for reading ../../../Engine/DerivedDataCache/Compressed.ddp.
[2020.01.20-15.00.34:450][  0]LogDerivedDataCache: FDerivedDataBackendGraph:  EnterprisePak pak cache file ../../../Enterprise/DerivedDataCache/Compressed.ddp not found, will not use a pak cache.
[2020.01.20-15.00.34:450][  0]LogDerivedDataCache: Unable to find inner node EnterprisePak for hierarchical cache Hierarchy.
[2020.01.20-15.00.34:481][  0]LogDerivedDataCache: Using Local data cache path C:/Users/chbrueckl/AppData/Local/UnrealEngine/Common/DerivedDataCache: Writable
[2020.01.20-15.00.34:481][  0]LogDerivedDataCache: Shared data cache path not found in *engine.ini, will not use an Shared cache.
[2020.01.20-15.00.34:481][  0]LogDerivedDataCache: Unable to find inner node Shared for hierarchical cache Hierarchy.
[2020.01.20-15.00.34:516][  0]LogMaterial: Verifying Global Shaders for PCD3D_SM5
[2020.01.20-15.00.34:566][  0]LogSlate: Using FreeType 2.6.0
[2020.01.20-15.00.34:597][  0]LogSlate: SlateFontServices - WITH_FREETYPE: 1, WITH_HARFBUZZ: 1
[2020.01.20-15.00.34:873][  0]LogAssetRegistry: FAssetRegistry took 0.0044 seconds to start up
[2020.01.20-15.00.37:727][  0]LogInit: Selected Device Profile: [Windows]
[2020.01.20-15.00.39:345][  0]LogMeshReduction: Using QuadricMeshReduction for automatic static mesh reduction
[2020.01.20-15.00.39:345][  0]LogMeshReduction: Using SimplygonMeshReduction for automatic skeletal mesh reduction
[2020.01.20-15.00.39:345][  0]LogMeshReduction: Using ProxyLODMeshReduction for automatic mesh merging
[2020.01.20-15.00.39:345][  0]LogMeshReduction: No distributed automatic mesh merging module available
[2020.01.20-15.00.39:346][  0]LogMeshMerging: No distributed automatic mesh merging module available
[2020.01.20-15.00.39:600][  0]LogNetVersion: AIRoam 1.0.0, NetCL: 8386587, EngineNetVer: 11, GameNetVer: 0 (Checksum: 1833398252)
[2020.01.20-15.00.43:532][  0]LogPackageLocalizationCache: Processed 12 localized package path(s) for 1 prioritized culture(s) in 0.197267 seconds
[2020.01.20-15.00.43:539][  0]LogUObjectArray: 43444 objects as part of root set at end of initial load.
[2020.01.20-15.00.43:539][  0]LogUObjectAllocator: 7548648 out of 0 bytes used by permanent object pool.
[2020.01.20-15.00.43:539][  0]LogUObjectArray: CloseDisregardForGC: 0/0 objects in disregard for GC pool
[2020.01.20-15.01.01:069][  0]LogTcpMessaging: Initializing TcpMessaging bridge
[2020.01.20-15.01.01:086][  0]LogUdpMessaging: Initializing bridge on interface 0.0.0.0:0 to multicast group 230.0.0.1:6666.
[2020.01.20-15.01.01:526][  0]SourceControl: Source control is disabled
[2020.01.20-15.01.01:535][  0]SourceControl: Source control is disabled
[2020.01.20-15.01.01:581][  0]SourceControl: Source control is disabled
[2020.01.20-15.01.01:613][  0]SourceControl: Source control is disabled
[2020.01.20-15.01.02:401][  0]LogAndroidPermission: UAndroidPermissionCallbackProxy::GetInstance
[2020.01.20-15.01.02:767][  0]LogOcInput: OculusInput pre-init called
[2020.01.20-15.01.02:790][  0]LogWindows: Failed to load 'OVRPlugin.dll' (GetLastError=126)
[2020.01.20-15.01.02:790][  0]LogWindows: File 'OVRPlugin.dll' does not exist
[2020.01.20-15.01.03:507][  0]LogEngine: Initializing Engine...
[2020.01.20-15.01.03:533][  0]LogHMD: Failed to initialize OpenVR with code 110
[2020.01.20-15.01.03:557][  0]LogStats: UGameplayTagsManager::InitializeManager -  0.014 s
[2020.01.20-15.01.03:856][  0]LogInit: Initializing FReadOnlyCVARCache
[2020.01.20-15.01.04:105][  0]LogAIModule: Creating AISystem for world Untitled
[2020.01.20-15.01.04:223][  0]LogInit: XAudio2 using 'Speakers (High Definition Audio Device)' : 2 channels at 48 kHz using 16 bits per sample (channel mask 0x3)
[2020.01.20-15.01.04:323][  0]LogInit: FAudioDevice initialized.
[2020.01.20-15.01.04:323][  0]LogNetVersion: Set ProjectVersion to 1.0.0.0. Version Checksum will be recalculated on next use.
[2020.01.20-15.01.04:419][  0]LogDerivedDataCache: Saved boot cache 0.10s 73MB C:/Users/chbrueckl/AppData/Local/UnrealEngine/4.23/DerivedDataCache/Boot.ddc.
[2020.01.20-15.01.04:424][  0]LogInit: Texture streaming: Enabled
[2020.01.20-15.01.04:602][  0]LogEngineSessionManager: EngineSessionManager initialized
[2020.01.20-15.01.04:602][  0]LogEditorSessionSummary: Verbose: Initializing EditorSessionSummaryWriter for editor session tracking
[2020.01.20-15.01.04:604][  0]LogEditorSessionSummary: EditorSessionSummaryWriter initialized
[2020.01.20-15.01.04:819][  0]LogInit: Transaction tracking system initialized
[2020.01.20-15.01.05:118][  0]BlueprintLog: New page: Editor Load
[2020.01.20-15.01.05:916][  0]LocalizationService: Localization service is disabled
[2020.01.20-15.01.07:301][  0]LogFileCache: Scanning file cache for directory 'D:/Pentum/AI/Content/' took 0.01s
[2020.01.20-15.01.07:301][  0]LogCook: Display: Max memory allowance for cook 16384mb min free memory 0mb
[2020.01.20-15.01.07:301][  0]LogCook: Display: Mobile HDR setting 1
[2020.01.20-15.01.10:281][  0]SourceControl: Source control is disabled
[2020.01.20-15.01.10:319][  0]Cmd: MAP LOAD FILE="../../../../../Pentum/AI/Content/FirstPersonBP/Maps/ai.umap" TEMPLATE=0 SHOWPROGRESS=1 FEATURELEVEL=3
[2020.01.20-15.01.10:320][  0]LightingResults: New page: Lighting Build
[2020.01.20-15.01.10:388][  0]LogWorld: UWorld::CleanupWorld for Untitled, bSessionEnded=true, bCleanupResources=true
[2020.01.20-15.01.10:487][  0]MapCheck: New page: Map Check
[2020.01.20-15.01.10:487][  0]LightingResults: New page: Lighting Build
[2020.01.20-15.01.10:651][  0]LogUObjectHash: Compacting FUObjectHashTables data took   1.81ms
[2020.01.20-15.01.12:467][  0]LogAIModule: Creating AISystem for world AI
[2020.01.20-15.01.12:780][  0]LogEditorServer: Finished looking for orphan Actors (0.000 secs)
[2020.01.20-15.01.12:870][  0]LogUObjectHash: Compacting FUObjectHashTables data took   2.69ms
[2020.01.20-15.01.12:870][  0]Cmd: MAP CHECKDEP NOCLEARLOG
[2020.01.20-15.01.12:877][  0]MapCheck: Map check complete: 0 Error(s), 0 Warning(s), took 6.658ms to complete.
[2020.01.20-15.01.12:877][  0]LogFileHelpers: Loading map 'ai' took 2.575
[2020.01.20-15.01.13:877][  0]LogSlate: Updating window title bar state: overlay mode, drag disabled, window buttons hidden, title bar hidden
[2020.01.20-15.01.13:887][  0]LogSlate: Updating window title bar state: overlay mode, drag disabled, window buttons hidden, title bar hidden
[2020.01.20-15.01.13:894][  0]LogSlate: Updating window title bar state: overlay mode, drag disabled, window buttons hidden, title bar hidden
[2020.01.20-15.01.13:902][  0]LogSlate: Updating window title bar state: overlay mode, drag disabled, window buttons hidden, title bar hidden
[2020.01.20-15.01.13:967][  0]LogCollectionManager: Loaded 0 collections in 0.002240 seconds
[2020.01.20-15.01.14:051][  0]LogFileCache: Scanning file cache for directory 'D:/Pentum/AI/Saved/Collections/' took 0.00s
[2020.01.20-15.01.14:051][  0]LogFileCache: Scanning file cache for directory 'D:/Pentum/AI/Content/Developers/chbrueckl/Collections/' took 0.00s
[2020.01.20-15.01.14:051][  0]LogFileCache: Scanning file cache for directory 'D:/Pentum/AI/Content/Collections/' took 0.00s
[2020.01.20-15.01.14:051][  0]LogCollectionManager: Rebuilt the GUID cache for 0 collections in 0.000011 seconds
[2020.01.20-15.01.14:061][  0]LogContentBrowser: Native class hierarchy populated in 0.0092 seconds. Added 2863 classes and 680 folders.
[2020.01.20-15.01.14:123][  0]LogContentBrowser: Native class hierarchy updated for 'WidgetCarousel' in 0.0003 seconds. Added 0 classes and 0 folders.
[2020.01.20-15.01.14:958][  0]LogContentBrowser: Native class hierarchy updated for 'AddContentDialog' in 0.0002 seconds. Added 0 classes and 0 folders.
[2020.01.20-15.01.15:065][  0]LogContentBrowser: Native class hierarchy updated for 'SceneOutliner' in 0.0003 seconds. Added 1 classes and 2 folders.
[2020.01.20-15.01.15:645][  0]LogSlate: Took 0.012918 seconds to synchronously load lazily loaded font '../../../Engine/Content/Slate/Fonts/Roboto-Regular.ttf' (155K)
[2020.01.20-15.01.15:654][  0]LogSlate: Took 0.008223 seconds to synchronously load lazily loaded font '../../../Engine/Content/Slate/Fonts/Roboto-Bold.ttf' (160K)
[2020.01.20-15.01.15:694][  0]LogSlate: Took 0.028551 seconds to synchronously load lazily loaded font '../../../Engine/Content/Editor/Slate/Fonts/FontAwesome.ttf' (139K)
[2020.01.20-15.01.15:946][  0]LogRenderer: Reallocating scene render targets to support 1132x528 Format 10 NumSamples 1 (Frame:1).
[2020.01.20-15.01.16:266][  0]LogContentBrowser: Native class hierarchy updated for 'HierarchicalLODOutliner' in 0.0002 seconds. Added 0 classes and 0 folders.
[2020.01.20-15.01.16:266][  0]LogLoad: (Engine Initialization) Total time: 60.02 seconds
[2020.01.20-15.01.16:266][  0]LogLoad: (Engine Initialization) Total Blueprint compile time: 0.00 seconds
[2020.01.20-15.01.16:468][  0]LogContentStreaming: Texture pool size now 1000 MB
[2020.01.20-15.01.16:551][  0]LogSlate: Took 0.008446 seconds to synchronously load lazily loaded font '../../../Engine/Content/Slate/Fonts/Roboto-Light.ttf' (167K)
[2020.01.20-15.01.16:620][  1]LogFileCache: Retrieving MD5 hashes for directory 'D:/Pentum/AI/Content/' took 0.29s
[2020.01.20-15.01.16:689][  1]LogAssetRegistry: Asset discovery search completed in 41.8189 seconds
[2020.01.20-15.01.16:693][  1]LogCollectionManager: Rebuilt the object cache for 0 collections in 0.000004 seconds (found 0 objects)
[2020.01.20-15.01.16:693][  1]LogCollectionManager: Fixed up redirectors for 0 collections in 0.000063 seconds (updated 0 objects)
[2020.01.20-15.01.19:984][ 12]LogSlate: FSceneViewport::OnFocusLost() reason 0
[2020.01.20-15.01.27:459][839]LogUObjectHash: Compacting FUObjectHashTables data took   2.78ms
[2020.01.20-15.01.28:856][839]LogSlate: Window 'Delete Assets' being destroyed
[2020.01.20-15.01.42:743][839]LogUObjectGlobals: Force Deleting 4 Package(s):
	Asset Name: /Game/AI/PunchAnimation/Right_Hook.Right_Hook
	Asset Name: /Game/AI/AICharacter.AICharacter
	Asset Name: /Game/AI/BP_AI_Controller.BP_AI_Controller
	Asset Name: /Game/AI/EState.EState
[2020.01.20-15.01.42:747][839]LogSlate: Took 0.000161 seconds to synchronously load lazily loaded font '../../../Engine/Content/Slate/Fonts/Roboto-Light.ttf' (167K)
[2020.01.20-15.01.44:713][839]LogUObjectHash: Compacting FUObjectHashTables data took   2.21ms
[2020.01.20-15.01.44:735][839]LogUObjectHash: Compacting FUObjectHashTables data took   1.44ms
[2020.01.20-15.01.44:755][839]LogUObjectHash: Compacting FUObjectHashTables data took   0.65ms
[2020.01.20-15.01.44:777][839]LogUObjectHash: Compacting FUObjectHashTables data took   0.70ms
[2020.01.20-15.01.44:800][839]LogUObjectHash: Compacting FUObjectHashTables data took   1.69ms
[2020.01.20-15.01.44:820][839]LogUObjectHash: Compacting FUObjectHashTables data took   0.71ms
[2020.01.20-15.02.16:276][595]LogEditorSessionSummary: EditorSessionSummary sent report. Type=AbnormalShutdown, SessionId={2E751CEE-45A9-0149-4C14-A6954E850A86}
[2020.01.20-15.02.16:276][595]LogEditorSessionSummary: EditorSessionSummary sent report. Type=Shutdown, SessionId={D5D5CD35-437F-0337-4548-FDB0816D7A02}
[2020.01.20-15.02.21:452][213]LogTemp: Repeating last play command: Selected Viewport
[2020.01.20-15.02.21:483][213]LogBlueprintUserMessages: Early PlayInEditor Detection: Level '/Game/FirstPersonBP/Maps/ai.AI:PersistentLevel' has LevelScriptBlueprint '/Game/FirstPersonBP/Maps/ai.AI:PersistentLevel.AI' with GeneratedClass '/Game/FirstPersonBP/Maps/ai.AI_C' with ClassGeneratedBy '/Game/FirstPersonBP/Maps/ai.AI:PersistentLevel.AI'
[2020.01.20-15.02.21:486][213]LogPlayLevel: PlayLevel: No blueprints needed recompiling
[2020.01.20-15.02.21:486][213]PIE: New page: PIE session: ai (Jan 20, 2020, 5:02:21 PM)
[2020.01.20-15.02.21:503][213]LogOnline: OSS: Creating online subsystem instance for: NULL
[2020.01.20-15.02.21:504][213]LogPlayLevel: Creating play world package: /Game/FirstPersonBP/Maps/UEDPIE_0_ai
[2020.01.20-15.02.21:515][213]LogPlayLevel: PIE: StaticDuplicateObject took: (0.010561s)
[2020.01.20-15.02.21:516][213]LogAIModule: Creating AISystem for world AI
[2020.01.20-15.02.21:516][213]LogPlayLevel: PIE: World Init took: (0.001178s)
[2020.01.20-15.02.21:516][213]LogPlayLevel: PIE: Created PIE world by copying editor world from /Game/FirstPersonBP/Maps/ai.AI to /Game/FirstPersonBP/Maps/UEDPIE_0_ai.AI (0.012026s)
[2020.01.20-15.02.21:542][213]LogUObjectHash: Compacting FUObjectHashTables data took   2.06ms
[2020.01.20-15.02.21:583][213]LogInit: XAudio2 using 'Speakers (High Definition Audio Device)' : 2 channels at 48 kHz using 16 bits per sample (channel mask 0x3)
[2020.01.20-15.02.21:597][213]LogInit: FAudioDevice initialized.
[2020.01.20-15.02.21:604][213]LogLoad: Game class is 'FirstPersonGameMode_C'
[2020.01.20-15.02.21:644][213]LogWorld: Bringing World /Game/FirstPersonBP/Maps/UEDPIE_0_ai.AI up for play (max tick rate 0) at 2020.01.20-16.02.21
[2020.01.20-15.02.21:696][213]LogWorld: Bringing up level for play took: 0.054642
[2020.01.20-15.02.21:697][213]LogOnline: OSS: Creating online subsystem instance for: :Context_2
[2020.01.20-15.02.21:804][213]LogContentBrowser: Native class hierarchy updated for 'MovieSceneCapture' in 0.0006 seconds. Added 20 classes and 0 folders.
[2020.01.20-15.02.21:902][213]PIE: Play in editor start time for /Game/FirstPersonBP/Maps/UEDPIE_0_ai 1.056
[2020.01.20-15.02.21:903][213]LogBlueprintUserMessages: Late PlayInEditor Detection: Level '/Game/FirstPersonBP/Maps/ai.AI:PersistentLevel' has LevelScriptBlueprint '/Game/FirstPersonBP/Maps/ai.AI:PersistentLevel.AI' with GeneratedClass '/Game/FirstPersonBP/Maps/ai.AI_C' with ClassGeneratedBy '/Game/FirstPersonBP/Maps/ai.AI:PersistentLevel.AI'
[2020.01.20-15.02.28:973][ 36]LogBlueprintUserMessages: Early EndPlayMap Detection: Level '/Game/FirstPersonBP/Maps/ai.AI:PersistentLevel' has LevelScriptBlueprint '/Game/FirstPersonBP/Maps/ai.AI:PersistentLevel.AI' with GeneratedClass '/Game/FirstPersonBP/Maps/ai.AI_C' with ClassGeneratedBy '/Game/FirstPersonBP/Maps/ai.AI:PersistentLevel.AI'
[2020.01.20-15.02.28:982][ 36]LogSlate: Updating window title bar state: overlay mode, drag disabled, window buttons hidden, title bar hidden
[2020.01.20-15.02.28:982][ 36]LogWorld: BeginTearingDown for /Game/FirstPersonBP/Maps/UEDPIE_0_ai
[2020.01.20-15.02.28:988][ 36]LogWorld: UWorld::CleanupWorld for AI, bSessionEnded=true, bCleanupResources=true
[2020.01.20-15.02.29:000][ 36]LogPlayLevel: Display: Shutting down PIE online subsystems
[2020.01.20-15.02.29:000][ 36]LogBlueprintUserMessages: Late EndPlayMap Detection: Level '/Game/FirstPersonBP/Maps/ai.AI:PersistentLevel' has LevelScriptBlueprint '/Game/FirstPersonBP/Maps/ai.AI:PersistentLevel.AI' with GeneratedClass '/Game/FirstPersonBP/Maps/ai.AI_C' with ClassGeneratedBy '/Game/FirstPersonBP/Maps/ai.AI:PersistentLevel.AI'
[2020.01.20-15.02.29:039][ 36]LogSlate: Updating window title bar state: overlay mode, drag disabled, window buttons hidden, title bar hidden
[2020.01.20-15.02.29:042][ 36]LogUObjectHash: Compacting FUObjectHashTables data took   1.63ms
[2020.01.20-15.02.29:088][ 38]LogPlayLevel: Display: Destroying online subsystem :Context_2
[2020.01.20-15.02.33:687][589]LogSlate: FSceneViewport::OnFocusLost() reason 0
[2020.01.20-15.02.33:761][598]LogTemp: Repeating last play command: Selected Viewport
[2020.01.20-15.02.33:775][598]LogBlueprintUserMessages: Early PlayInEditor Detection: Level '/Game/FirstPersonBP/Maps/ai.AI:PersistentLevel' has LevelScriptBlueprint '/Game/FirstPersonBP/Maps/ai.AI:PersistentLevel.AI' with GeneratedClass '/Game/FirstPersonBP/Maps/ai.AI_C' with ClassGeneratedBy '/Game/FirstPersonBP/Maps/ai.AI:PersistentLevel.AI'
[2020.01.20-15.02.33:775][598]LogPlayLevel: PlayLevel: No blueprints needed recompiling
[2020.01.20-15.02.33:775][598]PIE: New page: PIE session: ai (Jan 20, 2020, 5:02:33 PM)
[2020.01.20-15.02.33:775][598]LogPlayLevel: Creating play world package: /Game/FirstPersonBP/Maps/UEDPIE_0_ai
[2020.01.20-15.02.33:785][598]LogPlayLevel: PIE: StaticDuplicateObject took: (0.010349s)
[2020.01.20-15.02.33:787][598]LogAIModule: Creating AISystem for world AI
[2020.01.20-15.02.33:787][598]LogPlayLevel: PIE: World Init took: (0.001388s)
[2020.01.20-15.02.33:787][598]LogPlayLevel: PIE: Created PIE world by copying editor world from /Game/FirstPersonBP/Maps/ai.AI to /Game/FirstPersonBP/Maps/UEDPIE_0_ai.AI (0.011917s)
[2020.01.20-15.02.33:809][598]LogUObjectHash: Compacting FUObjectHashTables data took   1.61ms
[2020.01.20-15.02.33:837][598]LogInit: XAudio2 using 'Speakers (High Definition Audio Device)' : 2 channels at 48 kHz using 16 bits per sample (channel mask 0x3)
[2020.01.20-15.02.33:852][598]LogInit: FAudioDevice initialized.
[2020.01.20-15.02.33:859][598]LogLoad: Game class is 'FirstPersonGameMode_C'
[2020.01.20-15.02.33:861][598]LogWorld: Bringing World /Game/FirstPersonBP/Maps/UEDPIE_0_ai.AI up for play (max tick rate 0) at 2020.01.20-16.02.33
[2020.01.20-15.02.33:861][598]LogWorld: Bringing up level for play took: 0.001671
[2020.01.20-15.02.33:862][598]LogOnline: OSS: Creating online subsystem instance for: :Context_3
[2020.01.20-15.02.33:864][598]PIE: Play in editor start time for /Game/FirstPersonBP/Maps/UEDPIE_0_ai 1.019
[2020.01.20-15.02.33:864][598]LogBlueprintUserMessages: Late PlayInEditor Detection: Level '/Game/FirstPersonBP/Maps/ai.AI:PersistentLevel' has LevelScriptBlueprint '/Game/FirstPersonBP/Maps/ai.AI:PersistentLevel.AI' with GeneratedClass '/Game/FirstPersonBP/Maps/ai.AI_C' with ClassGeneratedBy '/Game/FirstPersonBP/Maps/ai.AI:PersistentLevel.AI'
[2020.01.20-15.02.40:335][371]LogNet: Browse: /Game/FirstPersonBP/Maps/ai
[2020.01.20-15.02.40:339][371]LogLoad: LoadMap: /Game/FirstPersonBP/Maps/ai
[2020.01.20-15.02.40:339][371]LogWorld: BeginTearingDown for /Game/FirstPersonBP/Maps/UEDPIE_0_ai
[2020.01.20-15.02.40:339][371]LogWorld: UWorld::CleanupWorld for AI, bSessionEnded=true, bCleanupResources=true
[2020.01.20-15.02.40:365][371]LogUObjectHash: Compacting FUObjectHashTables data took   1.77ms
[2020.01.20-15.02.40:365][371]LogPlayLevel: Creating play world package: /Game/FirstPersonBP/Maps/UEDPIE_0_ai
[2020.01.20-15.02.40:375][371]LogPlayLevel: PIE: StaticDuplicateObject took: (0.009777s)
[2020.01.20-15.02.40:376][371]LogAIModule: Creating AISystem for world AI
[2020.01.20-15.02.40:376][371]LogPlayLevel: PIE: World Init took: (0.001200s)
[2020.01.20-15.02.40:376][371]LogPlayLevel: PIE: Created PIE world by copying editor world from /Game/FirstPersonBP/Maps/ai.AI to /Game/FirstPersonBP/Maps/UEDPIE_0_ai.AI (0.011177s)
[2020.01.20-15.02.40:376][371]LogLoad: Game class is 'FirstPersonGameMode_C'
[2020.01.20-15.02.40:385][371]LogWorld: Bringing World /Game/FirstPersonBP/Maps/UEDPIE_0_ai.AI up for play (max tick rate 0) at 2020.01.20-16.02.40
[2020.01.20-15.02.40:386][371]LogWorld: Bringing up level for play took: 0.008778
[2020.01.20-15.02.40:386][371]LogGameMode: FindPlayerStart: PATHS NOT DEFINED or NO PLAYERSTART with positive rating
[2020.01.20-15.02.40:387][371]LogLoad: Took 0.048604 seconds to LoadMap(/Game/FirstPersonBP/Maps/UEDPIE_0_ai)
[2020.01.20-15.02.52:799][859]LogNet: Browse: /Game/FirstPersonBP/Maps/ai
[2020.01.20-15.02.52:799][859]LogLoad: LoadMap: /Game/FirstPersonBP/Maps/ai
[2020.01.20-15.02.52:800][859]LogWorld: BeginTearingDown for /Game/FirstPersonBP/Maps/UEDPIE_0_ai
[2020.01.20-15.02.52:800][859]LogWorld: UWorld::CleanupWorld for AI, bSessionEnded=true, bCleanupResources=true
[2020.01.20-15.02.52:825][859]LogUObjectHash: Compacting FUObjectHashTables data took   1.74ms
[2020.01.20-15.02.52:825][859]LogPlayLevel: Creating play world package: /Game/FirstPersonBP/Maps/UEDPIE_0_ai
[2020.01.20-15.02.52:835][859]LogPlayLevel: PIE: StaticDuplicateObject took: (0.009337s)
[2020.01.20-15.02.52:837][859]LogAIModule: Creating AISystem for world AI
[2020.01.20-15.02.52:837][859]LogPlayLevel: PIE: World Init took: (0.001975s)
[2020.01.20-15.02.52:837][859]LogPlayLevel: PIE: Created PIE world by copying editor world from /Game/FirstPersonBP/Maps/ai.AI to /Game/FirstPersonBP/Maps/UEDPIE_0_ai.AI (0.011582s)
[2020.01.20-15.02.52:837][859]LogLoad: Game class is 'FirstPersonGameMode_C'
[2020.01.20-15.02.52:849][859]LogWorld: Bringing World /Game/FirstPersonBP/Maps/UEDPIE_0_ai.AI up for play (max tick rate 0) at 2020.01.20-16.02.52
[2020.01.20-15.02.52:850][859]LogWorld: Bringing up level for play took: 0.011978
[2020.01.20-15.02.52:850][859]LogGameMode: FindPlayerStart: PATHS NOT DEFINED or NO PLAYERSTART with positive rating
[2020.01.20-15.02.52:851][859]LogLoad: Took 0.051796 seconds to LoadMap(/Game/FirstPersonBP/Maps/UEDPIE_0_ai)
[2020.01.20-15.02.55:415][166]LogBlueprintUserMessages: Early EndPlayMap Detection: Level '/Game/FirstPersonBP/Maps/ai.AI:PersistentLevel' has LevelScriptBlueprint '/Game/FirstPersonBP/Maps/ai.AI:PersistentLevel.AI' with GeneratedClass '/Game/FirstPersonBP/Maps/ai.AI_C' with ClassGeneratedBy '/Game/FirstPersonBP/Maps/ai.AI:PersistentLevel.AI'
[2020.01.20-15.02.55:416][166]LogSlate: Updating window title bar state: overlay mode, drag disabled, window buttons hidden, title bar hidden
[2020.01.20-15.02.55:416][166]LogWorld: BeginTearingDown for /Game/FirstPersonBP/Maps/UEDPIE_0_ai
[2020.01.20-15.02.55:416][166]LogWorld: UWorld::CleanupWorld for AI, bSessionEnded=true, bCleanupResources=true
[2020.01.20-15.02.55:428][166]LogPlayLevel: Display: Shutting down PIE online subsystems
[2020.01.20-15.02.55:428][166]LogBlueprintUserMessages: Late EndPlayMap Detection: Level '/Game/FirstPersonBP/Maps/ai.AI:PersistentLevel' has LevelScriptBlueprint '/Game/FirstPersonBP/Maps/ai.AI:PersistentLevel.AI' with GeneratedClass '/Game/FirstPersonBP/Maps/ai.AI_C' with ClassGeneratedBy '/Game/FirstPersonBP/Maps/ai.AI:PersistentLevel.AI'
[2020.01.20-15.02.55:452][166]LogSlate: Updating window title bar state: overlay mode, drag disabled, window buttons hidden, title bar hidden
[2020.01.20-15.02.55:455][166]LogUObjectHash: Compacting FUObjectHashTables data took   1.70ms
[2020.01.20-15.02.55:516][171]LogPlayLevel: Display: Destroying online subsystem :Context_3
[2020.01.20-15.03.23:820][980]LogSlate: FSceneViewport::OnFocusLost() reason 5
[2020.01.20-15.04.47:924][818]LogUObjectHash: Compacting FUObjectHashTables data took   2.07ms
[2020.01.20-15.04.49:016][818]LogSlate: Window 'Save Content' being destroyed
[2020.01.20-15.04.49:066][818]Cmd: OBJ SAVEPACKAGE PACKAGE="/Game/AIBehavior/NPC/NPC" FILE="../../../../../Pentum/AI/Content/AIBehavior/NPC/NPC.uasset" SILENT=true
[2020.01.20-15.04.49:174][818]LogSavePackage: Moving '../../../../../Pentum/AI/Saved/NPC66EDCA924971A9B5F67389B79649FFAA.tmp' to '../../../../../Pentum/AI/Content/AIBehavior/NPC/NPC.uasset'
[2020.01.20-15.04.49:314][818]LogSlate: Window 'AIRoam - Unreal Editor' being destroyed
[2020.01.20-15.04.49:314][818]LogWindowsTextInputMethodSystem: Display: IME system now deactivated.
[2020.01.20-15.04.49:497][819]Cmd: QUIT_EDITOR
[2020.01.20-15.04.49:725][819]LogExit: Preparing to exit.
[2020.01.20-15.04.50:266][819]LogWorld: UWorld::CleanupWorld for World_0, bSessionEnded=true, bCleanupResources=true
[2020.01.20-15.04.50:307][819]LogDemo: Cleaned up 0 splitscreen connections with owner deletion
[2020.01.20-15.04.50:331][819]LogWorld: UWorld::CleanupWorld for None, bSessionEnded=true, bCleanupResources=true
[2020.01.20-15.04.50:331][819]LogExit: Editor shut down
[2020.01.20-15.04.50:331][819]LogExit: Transaction tracking system shut down
[2020.01.20-15.04.51:011][819]LogExit: Object subsystem successfully closed.
[2020.01.20-15.04.51:062][819]LogShaderCompilers: Display: Shaders left to compile 0
[2020.01.20-15.04.51:379][819]LogModuleManager: Shutting down and abandoning module MovieSceneCapture (672)
[2020.01.20-15.04.51:379][819]LogModuleManager: Shutting down and abandoning module Voice (670)
[2020.01.20-15.04.51:379][819]LogModuleManager: Shutting down and abandoning module HierarchicalLODOutliner (668)
[2020.01.20-15.04.51:379][819]LogModuleManager: Shutting down and abandoning module SceneOutliner (666)
[2020.01.20-15.04.51:379][819]LogModuleManager: Shutting down and abandoning module AddContentDialog (664)
[2020.01.20-15.04.51:379][819]LogModuleManager: Shutting down and abandoning module WidgetCarousel (663)
[2020.01.20-15.04.51:379][819]LogModuleManager: Shutting down and abandoning module EditorWidgets (660)
[2020.01.20-15.04.51:379][819]LogModuleManager: Shutting down and abandoning module CollectionManager (658)
[2020.01.20-15.04.51:380][819]LogModuleManager: Shutting down and abandoning module StatsViewer (656)
[2020.01.20-15.04.51:380][819]LogModuleManager: Shutting down and abandoning module VirtualTexturingEditor (654)
[2020.01.20-15.04.51:380][819]LogModuleManager: Shutting down and abandoning module FoliageEdit (652)
[2020.01.20-15.04.51:380][819]LogModuleManager: Shutting down and abandoning module LandscapeEditor (650)
[2020.01.20-15.04.51:400][819]LogModuleManager: Shutting down and abandoning module MeshPaintMode (648)
[2020.01.20-15.04.51:400][819]LogModuleManager: Shutting down and abandoning module SceneDepthPickerMode (646)
[2020.01.20-15.04.51:400][819]LogModuleManager: Shutting down and abandoning module ActorPickerMode (644)
[2020.01.20-15.04.51:400][819]LogModuleManager: Shutting down and abandoning module GeometryMode (642)
[2020.01.20-15.04.51:400][819]LogModuleManager: Shutting down and abandoning module TextureAlignMode (640)
[2020.01.20-15.04.51:400][819]LogModuleManager: Shutting down and abandoning module BspMode (638)
[2020.01.20-15.04.51:400][819]LogModuleManager: Shutting down and abandoning module PIEPreviewDeviceProfileSelector (636)
[2020.01.20-15.04.51:408][819]LogModuleManager: Shutting down and abandoning module SequenceRecorderSections (634)
[2020.01.20-15.04.51:408][819]LogModuleManager: Shutting down and abandoning module AutomationWorker (632)
[2020.01.20-15.04.51:408][819]LogModuleManager: Shutting down and abandoning module OculusMR (630)
[2020.01.20-15.04.51:408][819]LogModuleManager: Shutting down and abandoning module AudioCaptureEditor (628)
[2020.01.20-15.04.51:408][819]LogModuleManager: Shutting down and abandoning module MatineeToLevelSequence (626)
[2020.01.20-15.04.51:408][819]LogModuleManager: Shutting down and abandoning module LevelSequenceEditor (624)
[2020.01.20-15.04.51:426][819]LogModuleManager: Shutting down and abandoning module PlacementMode (623)
[2020.01.20-15.04.51:426][819]LogModuleManager: Shutting down and abandoning module MaterialEditor (622)
[2020.01.20-15.04.51:445][819]LogModuleManager: Shutting down and abandoning module ActorSequenceEditor (618)
[2020.01.20-15.04.51:452][819]LogModuleManager: Shutting down and abandoning module WmfMediaFactory (616)
[2020.01.20-15.04.51:452][819]LogModuleManager: Shutting down and abandoning module WmfMediaEditor (614)
[2020.01.20-15.04.51:452][819]LogModuleManager: Shutting down and abandoning module WebMMediaFactory (612)
[2020.01.20-15.04.51:452][819]LogModuleManager: Shutting down and abandoning module WebMMediaEditor (610)
[2020.01.20-15.04.51:452][819]LogModuleManager: Shutting down and abandoning module WebMMedia (608)
[2020.01.20-15.04.51:452][819]LogModuleManager: Shutting down and abandoning module MediaPlayerEditor (606)
[2020.01.20-15.04.51:480][819]LogModuleManager: Shutting down and abandoning module MediaCompositingEditor (604)
[2020.01.20-15.04.51:481][819]LogModuleManager: Shutting down and abandoning module SequenceRecorder (603)
[2020.01.20-15.04.51:481][819]LogModuleManager: Shutting down and abandoning module OpenExrWrapper (600)
[2020.01.20-15.04.51:481][819]LogModuleManager: Shutting down and abandoning module ImgMediaFactory (598)
[2020.01.20-15.04.51:481][819]LogModuleManager: Shutting down and abandoning module ImgMediaEditor (596)
[2020.01.20-15.04.51:481][819]LogModuleManager: Shutting down and abandoning module AvfMediaFactory (594)
[2020.01.20-15.04.51:481][819]LogModuleManager: Shutting down and abandoning module AvfMediaEditor (592)
[2020.01.20-15.04.51:481][819]LogModuleManager: Shutting down and abandoning module AndroidMediaFactory (590)
[2020.01.20-15.04.51:481][819]LogModuleManager: Shutting down and abandoning module AndroidMediaEditor (588)
[2020.01.20-15.04.51:481][819]LogModuleManager: Shutting down and abandoning module MagicLeapCameraPreviewFactory (586)
[2020.01.20-15.04.51:481][819]LogModuleManager: Shutting down and abandoning module MagicLeapMediaCodecFactory (584)
[2020.01.20-15.04.51:481][819]LogModuleManager: Shutting down and abandoning module MagicLeapMediaFactory (582)
[2020.01.20-15.04.51:481][819]LogModuleManager: Shutting down and abandoning module MagicLeapMediaEditor (580)
[2020.01.20-15.04.51:481][819]LogModuleManager: Shutting down and abandoning module CharacterAI (578)
[2020.01.20-15.04.51:481][819]LogModuleManager: Shutting down and abandoning module SmartSnapping (576)
[2020.01.20-15.04.51:481][819]LogModuleManager: Shutting down and abandoning module SessionServices (574)
[2020.01.20-15.04.51:481][819]LogModuleManager: Shutting down and abandoning module MeshPaint (572)
[2020.01.20-15.04.51:481][819]LogModuleManager: Shutting down and abandoning module ViewportSnapping (570)
[2020.01.20-15.04.51:481][819]LogModuleManager: Shutting down and abandoning module ViewportInteraction (568)
[2020.01.20-15.04.51:481][819]LogModuleManager: Shutting down and abandoning module ClothPainter (566)
[2020.01.20-15.04.51:488][819]LogModuleManager: Shutting down and abandoning module SkeletalMeshEditor (565)
[2020.01.20-15.04.51:498][819]LogModuleManager: Shutting down and abandoning module LogVisualizer (562)
[2020.01.20-15.04.51:506][819]LogModuleManager: Shutting down and abandoning module IntroTutorials (560)
[2020.01.20-15.04.51:506][819]LogModuleManager: Shutting down and abandoning module GameProjectGeneration (559)
[2020.01.20-15.04.51:513][819]LogModuleManager: Shutting down and abandoning module LuminPlatformEditor (556)
[2020.01.20-15.04.51:513][819]LogModuleManager: Shutting down and abandoning module IOSPlatformEditor (554)
[2020.01.20-15.04.51:513][819]LogModuleManager: Shutting down and abandoning module HTML5PlatformEditor (552)
[2020.01.20-15.04.51:513][819]LogModuleManager: Shutting down and abandoning module AndroidPlatformEditor (550)
[2020.01.20-15.04.51:513][819]LogModuleManager: Shutting down and abandoning module AndroidDeviceDetection (549)
[2020.01.20-15.04.52:180][819]LogModuleManager: Shutting down and abandoning module WindowsPlatformEditor (546)
[2020.01.20-15.04.52:180][819]LogModuleManager: Shutting down and abandoning module LuminRuntimeSettings (544)
[2020.01.20-15.04.52:181][819]LogModuleManager: Shutting down and abandoning module IOSRuntimeSettings (542)
[2020.01.20-15.04.52:181][819]LogModuleManager: Shutting down and abandoning module AndroidRuntimeSettings (540)
[2020.01.20-15.04.52:181][819]LogModuleManager: Shutting down and abandoning module TimeManagementEditor (538)
[2020.01.20-15.04.52:181][819]LogModuleManager: Shutting down and abandoning module InputBindingEditor (536)
[2020.01.20-15.04.52:181][819]LogModuleManager: Shutting down and abandoning module MergeActors (534)
[2020.01.20-15.04.52:191][819]LogModuleManager: Shutting down and abandoning module LocalizationDashboard (532)
[2020.01.20-15.04.52:191][819]LogModuleManager: Shutting down and abandoning module LocalizationService (531)
[2020.01.20-15.04.52:191][819]LogModuleManager: Shutting down and abandoning module HardwareTargeting (528)
[2020.01.20-15.04.52:191][819]LogModuleManager: Shutting down and abandoning module DeviceProfileEditor (526)
[2020.01.20-15.04.52:191][819]LogModuleManager: Shutting down and abandoning module UndoHistory (524)
[2020.01.20-15.04.52:191][819]LogModuleManager: Shutting down and abandoning module XmlParser (522)
[2020.01.20-15.04.52:191][819]LogModuleManager: Shutting down and abandoning module Blutility (520)
[2020.01.20-15.04.52:191][819]LogModuleManager: Shutting down and abandoning module ProjectSettingsViewer (518)
[2020.01.20-15.04.52:191][819]LogModuleManager: Shutting down and abandoning module ProjectTargetPlatformEditor (517)
[2020.01.20-15.04.52:191][819]LogModuleManager: Shutting down and abandoning module EditorSettingsViewer (514)
[2020.01.20-15.04.52:191][819]LogModuleManager: Shutting down and abandoning module SettingsEditor (512)
[2020.01.20-15.04.52:191][819]LogModuleManager: Shutting down and abandoning module ProjectLauncher (510)
[2020.01.20-15.04.52:194][819]LogModuleManager: Shutting down and abandoning module SessionFrontend (508)
[2020.01.20-15.04.52:194][819]LogModuleManager: Shutting down and abandoning module ProfilerClient (506)
[2020.01.20-15.04.52:208][819]LogModuleManager: Shutting down and abandoning module DeviceManager (504)
[2020.01.20-15.04.52:208][819]LogModuleManager: Shutting down and abandoning module TargetDeviceServices (503)
[2020.01.20-15.04.52:267][819]LogModuleManager: Shutting down and abandoning module AutomationController (500)
[2020.01.20-15.04.52:267][819]LogModuleManager: Shutting down and abandoning module AutomationWindow (498)
[2020.01.20-15.04.52:287][819]LogModuleManager: Shutting down and abandoning module Layers (496)
[2020.01.20-15.04.52:302][819]LogModuleManager: Shutting down and abandoning module ComponentVisualizers (494)
[2020.01.20-15.04.52:302][819]LogModuleManager: Shutting down and abandoning module DetailCustomizations (492)
[2020.01.20-15.04.52:302][819]LogModuleManager: Shutting down and abandoning module PackagesDialog (490)
[2020.01.20-15.04.52:302][819]LogModuleManager: Shutting down and abandoning module AnimationBlueprintEditor (488)
[2020.01.20-15.04.52:322][819]LogModuleManager: Shutting down and abandoning module Persona (486)
[2020.01.20-15.04.52:333][819]LogModuleManager: Shutting down and abandoning module AdvancedPreviewScene (485)
[2020.01.20-15.04.52:333][819]LogModuleManager: Shutting down and abandoning module AnimGraph (483)
[2020.01.20-15.04.52:333][819]LogModuleManager: Shutting down and abandoning module Kismet (480)
[2020.01.20-15.04.52:372][819]LogModuleManager: Shutting down and abandoning module KismetWidgets (479)
[2020.01.20-15.04.52:383][819]LogModuleManager: Shutting down and abandoning module GraphEditor (476)
[2020.01.20-15.04.52:401][819]LogModuleManager: Shutting down and abandoning module StructViewer (474)
[2020.01.20-15.04.52:401][819]LogModuleManager: Shutting down and abandoning module ClassViewer (472)
[2020.01.20-15.04.52:401][819]LogModuleManager: Shutting down and abandoning module Toolbox (470)
[2020.01.20-15.04.52:401][819]LogModuleManager: Shutting down and abandoning module ModuleUI (468)
[2020.01.20-15.04.52:406][819]LogModuleManager: Shutting down and abandoning module MovieSceneTools (466)
[2020.01.20-15.04.52:407][819]LogModuleManager: Shutting down and abandoning module OutputLog (464)
[2020.01.20-15.04.52:413][819]LogModuleManager: Shutting down and abandoning module GammaUI (462)
[2020.01.20-15.04.52:413][819]LogModuleManager: Shutting down and abandoning module Documentation (460)
[2020.01.20-15.04.52:413][819]LogModuleManager: Shutting down and abandoning module LiveCoding (458)
[2020.01.20-15.04.52:413][819]LogModuleManager: Shutting down and abandoning module LevelSequence (456)
[2020.01.20-15.04.52:413][819]LogModuleManager: Shutting down and abandoning module MovieSceneTracks (454)
[2020.01.20-15.04.52:413][819]LogModuleManager: Shutting down and abandoning module MovieScene (452)
[2020.01.20-15.04.52:413][819]LogModuleManager: Shutting down and abandoning module StreamingPauseRendering (450)
[2020.01.20-15.04.52:414][819]LogModuleManager: Shutting down and abandoning module LauncherPlatform (448)
[2020.01.20-15.04.52:414][819]LogModuleManager: Shutting down and abandoning module AnalyticsET (446)
[2020.01.20-15.04.52:414][819]LogModuleManager: Shutting down and abandoning module PortalServices (444)
[2020.01.20-15.04.52:414][819]LogModuleManager: Shutting down and abandoning module PortalRpc (442)
[2020.01.20-15.04.52:414][819]LogModuleManager: Shutting down and abandoning module MessagingRpc (440)
[2020.01.20-15.04.52:414][819]LogModuleManager: Shutting down and abandoning module AIModule (438)
[2020.01.20-15.04.52:414][819]LogModuleManager: Shutting down and abandoning module GameplayDebugger (437)
[2020.01.20-15.04.52:414][819]LogModuleManager: Shutting down and abandoning module AITestSuite (435)
[2020.01.20-15.04.52:414][819]LogModuleManager: Shutting down and abandoning module NavigationSystem (433)
[2020.01.20-15.04.52:414][819]LogModuleManager: Shutting down and abandoning module DesktopPlatform (430)
[2020.01.20-15.04.52:414][819]LogModuleManager: Shutting down and abandoning module ImageWriteQueue (428)
[2020.01.20-15.04.52:419][819]LogModuleManager: Shutting down and abandoning module ProfilerService (426)
[2020.01.20-15.04.52:635][819]LogModuleManager: Shutting down and abandoning module TaskGraph (424)
[2020.01.20-15.04.52:645][819]LogModuleManager: Shutting down and abandoning module ScreenshotTools (422)
[2020.01.20-15.04.52:645][819]LogModuleManager: Shutting down and abandoning module SteamVRController (420)
[2020.01.20-15.04.52:645][819]LogModuleManager: Shutting down and abandoning module ProceduralMeshComponentEditor (418)
[2020.01.20-15.04.52:645][819]LogModuleManager: Shutting down and abandoning module ProceduralMeshComponent (416)
[2020.01.20-15.04.52:645][819]LogModuleManager: Shutting down and abandoning module OculusEditor (414)
[2020.01.20-15.04.52:645][819]LogModuleManager: Shutting down and abandoning module OculusInput (412)
[2020.01.20-15.04.52:645][819]LogModuleManager: Shutting down and abandoning module MobilePatchingUtils (410)
[2020.01.20-15.04.52:645][819]LogModuleManager: Shutting down and abandoning module EditableMesh (408)
[2020.01.20-15.04.52:645][819]LogModuleManager: Shutting down and abandoning module CustomMeshComponent (406)
[2020.01.20-15.04.52:645][819]LogModuleManager: Shutting down and abandoning module CableComponent (404)
[2020.01.20-15.04.52:645][819]LogModuleManager: Shutting down and abandoning module AudioCapture (402)
[2020.01.20-15.04.52:645][819]LogModuleManager: Shutting down and abandoning module ArchVisCharacter (400)
[2020.01.20-15.04.52:645][819]LogModuleManager: Shutting down and abandoning module AppleImageUtilsBlueprintSupport (398)
[2020.01.20-15.04.52:645][819]LogModuleManager: Shutting down and abandoning module AppleImageUtils (396)
[2020.01.20-15.04.52:645][819]LogModuleManager: Shutting down and abandoning module AndroidPermission (394)
[2020.01.20-15.04.52:645][819]LogModuleManager: Shutting down and abandoning module NUTUnrealEngine4 (392)
[2020.01.20-15.04.52:645][819]LogModuleManager: Shutting down and abandoning module NetcodeUnitTest (390)
[2020.01.20-15.04.52:645][819]LogModuleManager: Shutting down and abandoning module MediaCompositing (388)
[2020.01.20-15.04.52:645][819]LogModuleManager: Shutting down and abandoning module ImgMedia (386)
[2020.01.20-15.04.52:645][819]LogModuleManager: Shutting down and abandoning module MagicLeapHelperVulkan (384)
[2020.01.20-15.04.52:645][819]LogModuleManager: Shutting down and abandoning module MagicLeapHelperOpenGL (382)
[2020.01.20-15.04.52:645][819]LogModuleManager: Shutting down and abandoning module MagicLeapAudio (380)
[2020.01.20-15.04.52:645][819]LogModuleManager: Shutting down and abandoning module HTML5Networking (378)
[2020.01.20-15.04.52:645][819]LogModuleManager: Shutting down and abandoning module GeometryCacheTracks (376)
[2020.01.20-15.04.52:645][819]LogModuleManager: Shutting down and abandoning module GeometryCacheSequencer (374)
[2020.01.20-15.04.52:645][819]LogModuleManager: Shutting down and abandoning module BackChannel (372)
[2020.01.20-15.04.52:645][819]LogModuleManager: Shutting down and abandoning module AutomationUtilsEditor (370)
[2020.01.20-15.04.52:645][819]LogModuleManager: Shutting down and abandoning module AutomationUtils (368)
[2020.01.20-15.04.52:657][819]LogModuleManager: Shutting down and abandoning module AlembicImporter (366)
[2020.01.20-15.04.52:657][819]LogModuleManager: Shutting down and abandoning module AlembicLibrary (365)
[2020.01.20-15.04.52:657][819]LogModuleManager: Shutting down and abandoning module GeometryCache (364)
[2020.01.20-15.04.52:657][819]LogModuleManager: Shutting down and abandoning module GeometryCacheEd (363)
[2020.01.20-15.04.52:657][819]LogModuleManager: Shutting down and abandoning module VariantManagerContent (358)
[2020.01.20-15.04.52:657][819]LogModuleManager: Shutting down and abandoning module DatasmithContentEditor (356)
[2020.01.20-15.04.52:657][819]LogModuleManager: Shutting down and abandoning module SpeedTreeImporter (354)
[2020.01.20-15.04.52:657][819]LogModuleManager: Shutting down and abandoning module PluginBrowser (352)
[2020.01.20-15.04.52:657][819]LogModuleManager: Shutting down and abandoning module MobileLauncherProfileWizard (350)
[2020.01.20-15.04.52:665][819]LogModuleManager: Shutting down and abandoning module MaterialAnalyzer (348)
[2020.01.20-15.04.52:665][819]LogModuleManager: Shutting down and abandoning module CurveEditorTools (346)
[2020.01.20-15.04.52:665][819]LogModuleManager: Shutting down and abandoning module CurveEditor (345)
[2020.01.20-15.04.52:682][819]LogModuleManager: Shutting down and abandoning module CryptoKeysOpenSSL (342)
[2020.01.20-15.04.52:682][819]LogModuleManager: Shutting down and abandoning module CryptoKeys (340)
[2020.01.20-15.04.52:682][819]LogModuleManager: Shutting down and abandoning module VisualStudioSourceCodeAccess (338)
[2020.01.20-15.04.52:682][819]LogModuleManager: Shutting down and abandoning module VisualStudioCodeSourceCodeAccess (336)
[2020.01.20-15.04.52:682][819]LogModuleManager: Shutting down and abandoning module UObjectPlugin (334)
[2020.01.20-15.04.52:682][819]LogModuleManager: Shutting down and abandoning module SubversionSourceControl (332)
[2020.01.20-15.04.52:682][819]LogModuleManager: Shutting down and abandoning module PerforceSourceControl (330)
[2020.01.20-15.04.52:694][819]LogModuleManager: Shutting down and abandoning module GitSourceControl (328)
[2020.01.20-15.04.52:694][819]LogModuleManager: Shutting down and abandoning module SourceControl (327)
[2020.01.20-15.04.52:694][819]LogModuleManager: Shutting down and abandoning module CLionSourceCodeAccess (324)
[2020.01.20-15.04.52:694][819]LogModuleManager: Shutting down and abandoning module AnimationSharingEd (322)
[2020.01.20-15.04.52:694][819]LogModuleManager: Shutting down and abandoning module ActorLayerUtilitiesEditor (320)
[2020.01.20-15.04.52:694][819]LogModuleManager: Shutting down and abandoning module ActorLayerUtilities (318)
[2020.01.20-15.04.52:694][819]LogModuleManager: Shutting down and abandoning module LightPropagationVolumeEditor (316)
[2020.01.20-15.04.52:694][819]LogModuleManager: Shutting down and abandoning module PaperTiledImporter (314)
[2020.01.20-15.04.52:694][819]LogModuleManager: Shutting down and abandoning module PaperSpriteSheetImporter (312)
[2020.01.20-15.04.52:694][819]LogModuleManager: Shutting down and abandoning module Paper2DEditor (310)
[2020.01.20-15.04.52:700][819]LogModuleManager: Shutting down and abandoning module SignificanceManager (308)
[2020.01.20-15.04.52:700][819]LogModuleManager: Shutting down and abandoning module RuntimePhysXCooking (306)
[2020.01.20-15.04.52:700][819]LogModuleManager: Shutting down and abandoning module PhysXVehiclesEditor (304)
[2020.01.20-15.04.52:700][819]LogModuleManager: Shutting down and abandoning module LocationServicesBPLibrary (300)
[2020.01.20-15.04.52:700][819]LogModuleManager: Shutting down and abandoning module ActorSequence (298)
[2020.01.20-15.04.52:700][819]LogModuleManager: Shutting down and abandoning module UdpMessaging (296)
[2020.01.20-15.04.52:801][819]LogModuleManager: Shutting down and abandoning module TcpMessaging (294)
[2020.01.20-15.04.52:902][819]LogModuleManager: Shutting down and abandoning module MagicLeapIdentity (292)
[2020.01.20-15.04.52:902][819]LogModuleManager: Shutting down and abandoning module MagicLeapSecureStorage (290)
[2020.01.20-15.04.52:902][819]LogModuleManager: Shutting down and abandoning module MagicLeapHandTracking (288)
[2020.01.20-15.04.52:902][819]LogModuleManager: Shutting down and abandoning module MagicLeapEyeTracker (286)
[2020.01.20-15.04.52:902][819]LogModuleManager: Shutting down and abandoning module MagicLeapController (284)
[2020.01.20-15.04.52:902][819]LogSlate: Slate User Destroyed.  User Index 0, Is Virtual User: 0
[2020.01.20-15.04.52:902][819]LogModuleManager: Shutting down and abandoning module MagicLeapAR (282)
[2020.01.20-15.04.52:902][819]LogModuleManager: Shutting down and abandoning module AugmentedReality (281)
[2020.01.20-15.04.52:902][819]LogModuleManager: Shutting down and abandoning module GameplayTagsEditor (278)
[2020.01.20-15.04.52:902][819]LogModuleManager: Shutting down and abandoning module FacialAnimationEditor (276)
[2020.01.20-15.04.52:902][819]LogModuleManager: Shutting down and abandoning module FacialAnimation (274)
[2020.01.20-15.04.52:902][819]LogModuleManager: Shutting down and abandoning module DataValidation (272)
[2020.01.20-15.04.52:902][819]LogModuleManager: Shutting down and abandoning module AssetManagerEditor (270)
[2020.01.20-15.04.52:912][819]LogModuleManager: Shutting down and abandoning module LevelEditor (269)
[2020.01.20-15.04.52:921][819]LogModuleManager: Shutting down and abandoning module PixelInspectorModule (268)
[2020.01.20-15.04.52:921][819]LogModuleManager: Shutting down and abandoning module CommonMenuExtensions (266)
[2020.01.20-15.04.52:921][819]LogModuleManager: Shutting down and abandoning module MainFrame (264)
[2020.01.20-15.04.52:921][819]LogModuleManager: Shutting down and abandoning module HotReload (263)
[2020.01.20-15.04.52:922][819]LogModuleManager: Shutting down and abandoning module ContentBrowser (259)
[2020.01.20-15.04.52:923][819]LogModuleManager: Shutting down and abandoning module TreeMap (257)
[2020.01.20-15.04.52:923][819]LogModuleManager: Shutting down and abandoning module AnimationSharing (254)
[2020.01.20-15.04.52:923][819]LogModuleManager: Shutting down and abandoning module LightPropagationVolumeRuntime (252)
[2020.01.20-15.04.52:923][819]LogModuleManager: Shutting down and abandoning module Paper2D (250)
[2020.01.20-15.04.52:923][819]LogModuleManager: Shutting down and abandoning module WindowsMoviePlayer (248)
[2020.01.20-15.04.52:925][819]LogModuleManager: Shutting down and abandoning module WebMMoviePlayer (246)
[2020.01.20-15.04.52:925][819]LogModuleManager: Shutting down and abandoning module NetworkReplayStreaming (244)
[2020.01.20-15.04.52:925][819]LogModuleManager: Shutting down and abandoning module PacketHandler (242)
[2020.01.20-15.04.52:925][819]LogModuleManager: Shutting down and abandoning module ClothingSystemEditor (240)
[2020.01.20-15.04.52:925][819]LogModuleManager: Shutting down and abandoning module ClothingSystemRuntime (238)
[2020.01.20-15.04.52:932][819]LogModuleManager: Shutting down and abandoning module MediaAssets (236)
[2020.01.20-15.04.52:932][819]LogModuleManager: Shutting down and abandoning module Overlay (234)
[2020.01.20-15.04.52:932][819]LogModuleManager: Shutting down and abandoning module OverlayEditor (233)
[2020.01.20-15.04.52:932][819]LogModuleManager: Shutting down and abandoning module VREditor (230)
[2020.01.20-15.04.52:933][819]LogModuleManager: Shutting down and abandoning module StringTableEditor (228)
[2020.01.20-15.04.52:944][819]LogModuleManager: Shutting down and abandoning module GameplayTasksEditor (226)
[2020.01.20-15.04.52:944][819]LogModuleManager: Shutting down and abandoning module BehaviorTreeEditor (224)
[2020.01.20-15.04.52:953][819]LogModuleManager: Shutting down and abandoning module FunctionalTesting (222)
[2020.01.20-15.04.52:953][819]LogModuleManager: Shutting down and abandoning module CollisionAnalyzer (220)
[2020.01.20-15.04.52:953][819]LogModuleManager: Shutting down and abandoning module WorkspaceMenuStructure (219)
[2020.01.20-15.04.52:953][819]LogModuleManager: Shutting down and abandoning module UMG (216)
[2020.01.20-15.04.52:953][819]LogModuleManager: Shutting down and abandoning module UMGEditor (215)
[2020.01.20-15.04.52:953][819]LogModuleManager: Shutting down and abandoning module Sequencer (214)
[2020.01.20-15.04.52:962][819]LogModuleManager: Shutting down and abandoning module MessageLog (211)
[2020.01.20-15.04.52:962][819]LogModuleManager: Shutting down and abandoning module SlateReflector (206)
[2020.01.20-15.04.52:967][819]LogModuleManager: Shutting down and abandoning module Slate (204)
[2020.01.20-15.04.52:967][819]LogModuleManager: Shutting down and abandoning module LandscapeEditorUtilities (202)
[2020.01.20-15.04.52:967][819]LogModuleManager: Shutting down and abandoning module EditorStyle (200)
[2020.01.20-15.04.52:968][819]LogModuleManager: Shutting down and abandoning module UnrealEd (198)
[2020.01.20-15.04.52:968][819]LogModuleManager: Shutting down and abandoning module MRMesh (196)
[2020.01.20-15.04.52:968][819]LogModuleManager: Shutting down and abandoning module SourceCodeAccess (194)
[2020.01.20-15.04.52:968][819]LogModuleManager: Shutting down and abandoning module HeadMountedDisplay (192)
[2020.01.20-15.04.52:968][819]LogModuleManager: Shutting down and abandoning module XAudio2 (190)
[2020.01.20-15.04.52:968][819]LogModuleManager: Shutting down and abandoning module Networking (188)
[2020.01.20-15.04.52:968][819]LogModuleManager: Shutting down and abandoning module Core (186)
[2020.01.20-15.04.52:968][819]LogModuleManager: Shutting down and abandoning module KismetCompiler (184)
[2020.01.20-15.04.52:968][819]LogModuleManager: Shutting down and abandoning module MeshUtilities (182)
[2020.01.20-15.04.52:968][819]LogModuleManager: Shutting down and abandoning module MeshMergeUtilities (181)
[2020.01.20-15.04.52:968][819]LogModuleManager: Shutting down and abandoning module MeshReductionInterface (180)
[2020.01.20-15.04.52:968][819]LogModuleManager: Shutting down and abandoning module SkeletalMeshReduction (179)
[2020.01.20-15.04.52:975][819]LogModuleManager: Shutting down and abandoning module ProxyLODMeshReduction (177)
[2020.01.20-15.04.52:998][819]LogModuleManager: Shutting down and abandoning module QuadricMeshReduction (175)
[2020.01.20-15.04.52:998][819]LogModuleManager: Shutting down and abandoning module MaterialBaking (171)
[2020.01.20-15.04.53:003][819]LogModuleManager: Shutting down and abandoning module NullInstallBundleManager (166)
[2020.01.20-15.04.53:003][819]LogModuleManager: Shutting down and abandoning module DerivedDataCache (164)
[2020.01.20-15.04.53:030][819]LogDerivedDataCache: Shutdown
[2020.01.20-15.04.53:030][819]LogModuleManager: Shutting down and abandoning module XGEController (162)
[2020.01.20-15.04.53:030][819]LogXGEController: Cleaning working directory: C:/Users/chbrueckl/AppData/Local/Temp/UnrealXGEWorkingDir/
[2020.01.20-15.04.53:031][819]LogModuleManager: Shutting down and abandoning module TargetPlatform (160)
[2020.01.20-15.04.53:031][819]LogModuleManager: Shutting down and abandoning module VulkanShaderFormat (159)
[2020.01.20-15.04.53:031][819]LogModuleManager: Shutting down and abandoning module ShaderFormatVectorVM (157)
[2020.01.20-15.04.53:031][819]LogModuleManager: Shutting down and abandoning module ShaderFormatOpenGL (155)
[2020.01.20-15.04.53:057][819]LogModuleManager: Shutting down and abandoning module ShaderFormatD3D (153)
[2020.01.20-15.04.53:057][819]LogModuleManager: Shutting down and abandoning module MetalShaderFormat (151)
[2020.01.20-15.04.53:061][819]LogModuleManager: Shutting down and abandoning module TextureFormatUncompressed (149)
[2020.01.20-15.04.53:061][819]LogModuleManager: Shutting down and abandoning module TextureFormatPVR (147)
[2020.01.20-15.04.53:061][819]LogModuleManager: Shutting down and abandoning module TextureFormatDXT (145)
[2020.01.20-15.04.53:061][819]LogModuleManager: Shutting down and abandoning module TextureFormatIntelISPCTexComp (143)
[2020.01.20-15.04.53:061][819]LogModuleManager: Shutting down and abandoning module TextureFormatASTC (141)
[2020.01.20-15.04.53:061][819]LogModuleManager: Shutting down and abandoning module ImageWrapper (140)
[2020.01.20-15.04.53:061][819]LogModuleManager: Shutting down and abandoning module TextureFormatAndroid (137)
[2020.01.20-15.04.53:061][819]LogModuleManager: Shutting down and abandoning module AudioFormatOpus (135)
[2020.01.20-15.04.53:061][819]LogModuleManager: Shutting down and abandoning module AudioFormatOgg (133)
[2020.01.20-15.04.53:061][819]LogModuleManager: Shutting down and abandoning module AudioFormatADPCM (131)
[2020.01.20-15.04.53:061][819]LogModuleManager: Shutting down and abandoning module LuminTargetPlatform (129)
[2020.01.20-15.04.53:062][819]LogModuleManager: Shutting down and abandoning module LinuxTargetPlatform (127)
[2020.01.20-15.04.53:062][819]LogModuleManager: Shutting down and abandoning module LinuxServerTargetPlatform (125)
[2020.01.20-15.04.53:062][819]LogModuleManager: Shutting down and abandoning module LinuxNoEditorTargetPlatform (123)
[2020.01.20-15.04.53:062][819]LogModuleManager: Shutting down and abandoning module LinuxClientTargetPlatform (121)
[2020.01.20-15.04.53:062][819]LogModuleManager: Shutting down and abandoning module TVOSTargetPlatform (119)
[2020.01.20-15.04.53:063][819]LogModuleManager: Shutting down and abandoning module Messaging (117)
[2020.01.20-15.04.53:063][819]LogModuleManager: Shutting down and abandoning module IOSTargetPlatform (115)
[2020.01.20-15.04.53:063][819]LogModuleManager: Shutting down and abandoning module HTML5TargetPlatform (113)
[2020.01.20-15.04.53:063][819]LogModuleManager: Shutting down and abandoning module AndroidTargetPlatform (111)
[2020.01.20-15.04.53:071][819]LogModuleManager: Shutting down and abandoning module WindowsTargetPlatform (109)
[2020.01.20-15.04.53:071][819]LogModuleManager: Shutting down and abandoning module WindowsServerTargetPlatform (107)
[2020.01.20-15.04.53:071][819]LogModuleManager: Shutting down and abandoning module WindowsNoEditorTargetPlatform (105)
[2020.01.20-15.04.53:071][819]LogModuleManager: Shutting down and abandoning module WindowsClientTargetPlatform (103)
[2020.01.20-15.04.53:071][819]LogModuleManager: Shutting down and abandoning module MacTargetPlatform (101)
[2020.01.20-15.04.53:071][819]LogModuleManager: Shutting down and abandoning module MacServerTargetPlatform (99)
[2020.01.20-15.04.53:071][819]LogModuleManager: Shutting down and abandoning module MacNoEditorTargetPlatform (97)
[2020.01.20-15.04.53:071][819]LogModuleManager: Shutting down and abandoning module MacClientTargetPlatform (95)
[2020.01.20-15.04.53:071][819]LogModuleManager: Shutting down and abandoning module AllDesktopTargetPlatform (93)
[2020.01.20-15.04.53:071][819]LogModuleManager: Shutting down and abandoning module InputCore (90)
[2020.01.20-15.04.53:071][819]LogModuleManager: Shutting down and abandoning module Settings (88)
[2020.01.20-15.04.53:071][819]LogModuleManager: Shutting down and abandoning module DirectoryWatcher (86)
[2020.01.20-15.04.53:071][819]LogModuleManager: Shutting down and abandoning module PhysXCooking (84)
[2020.01.20-15.04.53:071][819]LogModuleManager: Shutting down and abandoning module WindowsPlatformFeatures (82)
[2020.01.20-15.04.53:071][819]LogModuleManager: Shutting down and abandoning module GameplayMediaEncoder (81)
[2020.01.20-15.04.53:071][819]LogModuleManager: Shutting down and abandoning module SteamVR (78)
[2020.01.20-15.04.53:072][819]LogHMD: Freeing OpenVRDLLHandle.
[2020.01.20-15.04.53:072][819]LogModuleManager: Shutting down and abandoning module OculusHMD (76)
[2020.01.20-15.04.53:072][819]LogModuleManager: Shutting down and abandoning module ExampleDeviceProfileSelector (74)
[2020.01.20-15.04.53:072][819]LogModuleManager: Shutting down and abandoning module LauncherChunkInstaller (72)
[2020.01.20-15.04.53:072][819]LogModuleManager: Shutting down and abandoning module OnlineBlueprintSupport (70)
[2020.01.20-15.04.53:072][819]LogModuleManager: Shutting down and abandoning module OnlineSubsystem (66)
[2020.01.20-15.04.53:073][819]LogModuleManager: Shutting down and abandoning module XMPP (61)
[2020.01.20-15.04.53:080][819]LogModuleManager: Shutting down and abandoning module WebSockets (60)
[2020.01.20-15.04.53:102][819]LogModuleManager: Shutting down and abandoning module HTTP (57)
[2020.01.20-15.04.53:102][819]LogHttp: Display: Http module shutting down, but needs to wait on 1 outstanding Http requests:
[2020.01.20-15.04.53:102][819]LogHttp: Display: 	verb=[POST] url=[https://datarouter.ol.epicgames.com/datarouter/api/v1/public/data?SessionID=%7B5D942C6C-4B4F-A456-13FF-8A82CEED8701%7D&AppID=UEEditor.Rocket.Release&AppVersion=4.23.1-9631420%2B%2B%2BUE4%2BRelease-4.23&UserID=007a7e6543b443a68dc9d5800551f15e%7C79d6223a181b4006b1e43c5fe4b45347%7C87576df4-8dc8-41f4-b4b5-0dce2539cf4d&AppEnvironment=datacollector-binary&UploadType=eteventstream] status=Processing
[2020.01.20-15.04.53:105][819]LogModuleManager: Shutting down and abandoning module SSL (56)
[2020.01.20-15.04.53:106][819]LogModuleManager: Shutting down and abandoning module WmfMedia (52)
[2020.01.20-15.04.53:121][819]LogModuleManager: Shutting down and abandoning module Media (51)
[2020.01.20-15.04.53:122][819]LogModuleManager: Shutting down and abandoning module MagicLeap (48)
[2020.01.20-15.04.53:122][819]LogModuleManager: Shutting down and abandoning module DatasmithContent (46)
[2020.01.20-15.04.53:122][819]LogModuleManager: Shutting down and abandoning module AISupportModule (44)
[2020.01.20-15.04.53:122][819]LogModuleManager: Shutting down and abandoning module PlatformCryptoOpenSSL (42)
[2020.01.20-15.04.53:123][819]LogModuleManager: Shutting down and abandoning module PlatformCrypto (40)
[2020.01.20-15.04.53:123][819]LogModuleManager: Shutting down and abandoning module AnimationModifiers (38)
[2020.01.20-15.04.53:141][819]LogModuleManager: Shutting down and abandoning module PropertyEditor (37)
[2020.01.20-15.04.53:141][819]LogModuleManager: Shutting down and abandoning module AudioEditor (34)
[2020.01.20-15.04.53:152][819]LogModuleManager: Shutting down and abandoning module TextureCompressor (32)
[2020.01.20-15.04.53:152][819]LogModuleManager: Shutting down and abandoning module RenderCore (30)
[2020.01.20-15.04.53:152][819]LogModuleManager: Shutting down and abandoning module Landscape (28)
[2020.01.20-15.04.53:152][819]LogModuleManager: Shutting down and abandoning module SlateRHIRenderer (26)
[2020.01.20-15.04.53:153][819]LogModuleManager: Shutting down and abandoning module OpenGLDrv (24)
[2020.01.20-15.04.53:160][819]LogModuleManager: Shutting down and abandoning module D3D11RHI (22)
[2020.01.20-15.04.53:160][819]LogModuleManager: Shutting down and abandoning module AnimGraphRuntime (20)
[2020.01.20-15.04.53:160][819]LogModuleManager: Shutting down and abandoning module Renderer (18)
[2020.01.20-15.04.53:160][819]LogModuleManager: Shutting down and abandoning module Engine (16)
[2020.01.20-15.04.53:160][819]LogModuleManager: Shutting down and abandoning module CoreUObject (14)
[2020.01.20-15.04.53:160][819]LogModuleManager: Shutting down and abandoning module NetworkFile (12)
[2020.01.20-15.04.53:160][819]LogModuleManager: Shutting down and abandoning module CookedIterativeFile (10)
[2020.01.20-15.04.53:160][819]LogModuleManager: Shutting down and abandoning module StreamingFile (8)
[2020.01.20-15.04.53:160][819]LogModuleManager: Shutting down and abandoning module SandboxFile (6)
[2020.01.20-15.04.53:160][819]LogModuleManager: Shutting down and abandoning module PakFile (4)
[2020.01.20-15.04.53:160][819]LogModuleManager: Shutting down and abandoning module RSA (3)
[2020.01.20-15.04.53:160][819]LogD3D11RHI: Shutdown
[2020.01.20-15.04.53:160][819]LogD3D11RHI: CleanupD3DDevice
[2020.01.20-15.04.53:168][819]LogRendererCore: FGlobalDynamicReadBuffer::Cleanup()
[2020.01.20-15.04.53:168][819]LogRendererCore: FGlobalDynamicReadBuffer::Cleanup()
[2020.01.20-15.04.53:168][819]LogRendererCore: FGlobalDynamicReadBuffer::Cleanup()
[2020.01.20-15.04.53:250][819]LogD3D11RHI: ~FD3D11DynamicRHI
[2020.01.20-15.04.53:259][819]LogExit: Exiting.
[2020.01.20-15.04.53:287][819]Log file closed, 01/20/20 16:04:53
