Log file open, 01/10/20 13:10:56
LogWindows: Failed to load 'aqProf.dll' (GetLastError=126)
LogWindows: File 'aqProf.dll' does not exist
LogWindows: Failed to load 'VtuneApi.dll' (GetLastError=126)
LogWindows: File 'VtuneApi.dll' does not exist
LogWindows: Failed to load 'VtuneApi32e.dll' (GetLastError=126)
LogWindows: File 'VtuneApi32e.dll' does not exist
LogConsoleResponse: Display: Failed to find resolution value strings in scalability ini. Falling back to default.
LogInit: Display: Running engine for game: MyProject
LogPlatformFile: Not using cached read wrapper
LogTaskGraph: Started task graph with 5 named threads and 23 total threads with 3 sets of task threads.
LogStats: Stats thread started at 0.068103
LogD3D11RHI: Loaded GFSDK_Aftermath_Lib.x64.dll
LogICUInternationalization: ICU TimeZone Detection - Raw Offset: +1:00, Platform Override: ''
LogPluginManager: Mounting plugin Paper2D
LogPluginManager: Mounting plugin AISupport
LogPluginManager: Mounting plugin LightPropagationVolume
LogPluginManager: Mounting plugin ActorLayerUtilities
LogPluginManager: Mounting plugin AnimationSharing
LogPluginManager: Mounting plugin CLionSourceCodeAccess
LogPluginManager: Mounting plugin CodeLiteSourceCodeAccess
LogPluginManager: Mounting plugin GitSourceControl
LogPluginManager: Mounting plugin KDevelopSourceCodeAccess
LogPluginManager: Mounting plugin NullSourceCodeAccess
LogPluginManager: Mounting plugin PerforceSourceControl
LogPluginManager: Mounting plugin SubversionSourceControl
LogPluginManager: Mounting plugin UObjectPlugin
LogPluginManager: Mounting plugin VisualStudioCodeSourceCodeAccess
LogPluginManager: Mounting plugin VisualStudioSourceCodeAccess
LogPluginManager: Mounting plugin XCodeSourceCodeAccess
LogPluginManager: Mounting plugin AssetManagerEditor
LogPluginManager: Mounting plugin CryptoKeys
LogPluginManager: Mounting plugin CurveEditorTools
LogPluginManager: Mounting plugin DataValidation
LogPluginManager: Mounting plugin FacialAnimation
LogPluginManager: Mounting plugin GameplayTagsEditor
LogPluginManager: Mounting plugin MacGraphicsSwitching
LogPluginManager: Mounting plugin MaterialAnalyzer
LogPluginManager: Mounting plugin MobileLauncherProfileWizard
LogPluginManager: Mounting plugin PluginBrowser
LogPluginManager: Mounting plugin SpeedTreeImporter
LogPluginManager: Mounting plugin DatasmithContent
LogPluginManager: Mounting plugin VariantManagerContent
LogPluginManager: Mounting plugin AlembicImporter
LogPluginManager: Mounting plugin AutomationUtils
LogPluginManager: Mounting plugin BackChannel
LogPluginManager: Mounting plugin CharacterAI
LogPluginManager: Mounting plugin GeometryCache
LogPluginManager: Mounting plugin HTML5Networking
LogPluginManager: Mounting plugin PlatformCrypto
LogPluginManager: Mounting plugin ProxyLODPlugin
LogPluginManager: Mounting plugin SkeletalReduction
LogPluginManager: Mounting plugin MagicLeap
LogPluginManager: Mounting plugin MagicLeapMedia
LogPluginManager: Mounting plugin AndroidMedia
LogPluginManager: Mounting plugin AvfMedia
LogPluginManager: Mounting plugin ImgMedia
LogPluginManager: Mounting plugin MediaCompositing
LogPluginManager: Mounting plugin MediaPlayerEditor
LogPluginManager: Mounting plugin WebMMedia
LogPluginManager: Mounting plugin WmfMedia
LogPluginManager: Mounting plugin TcpMessaging
LogPluginManager: Mounting plugin UdpMessaging
LogPluginManager: Mounting plugin ActorSequence
LogPluginManager: Mounting plugin LevelSequenceEditor
LogPluginManager: Mounting plugin MatineeToLevelSequence
LogPluginManager: Mounting plugin NetcodeUnitTest
LogPluginManager: Mounting plugin NUTUnrealEngine4
LogPluginManager: Mounting plugin OnlineSubsystemGooglePlay
LogPluginManager: Mounting plugin OnlineSubsystemIOS
LogPluginManager: Mounting plugin OnlineSubsystem
LogPluginManager: Mounting plugin OnlineSubsystemNull
LogPluginManager: Mounting plugin OnlineSubsystemUtils
LogPluginManager: Mounting plugin LauncherChunkInstaller
LogPluginManager: Mounting plugin AndroidDeviceProfileSelector
LogPluginManager: Mounting plugin AndroidMoviePlayer
LogPluginManager: Mounting plugin AndroidPermission
LogPluginManager: Mounting plugin AppleImageUtils
LogPluginManager: Mounting plugin AppleMoviePlayer
LogPluginManager: Mounting plugin ArchVisCharacter
LogPluginManager: Mounting plugin AudioCapture
LogPluginManager: Mounting plugin CableComponent
LogPluginManager: Mounting plugin CustomMeshComponent
LogPluginManager: Mounting plugin EditableMesh
LogPluginManager: Mounting plugin ExampleDeviceProfileSelector
LogPluginManager: Mounting plugin GoogleCloudMessaging
LogPluginManager: Mounting plugin IOSDeviceProfileSelector
LogPluginManager: Mounting plugin LinuxDeviceProfileSelector
LogPluginManager: Mounting plugin LocationServicesBPLibrary
LogPluginManager: Mounting plugin MobilePatchingUtils
LogPluginManager: Mounting plugin OculusVR
LogPluginManager: Mounting plugin PhysXVehicles
LogPluginManager: Mounting plugin ProceduralMeshComponent
LogPluginManager: Mounting plugin RuntimePhysXCooking
LogPluginManager: Mounting plugin SignificanceManager
LogPluginManager: Mounting plugin SteamVR
LogPluginManager: Mounting plugin WebMMoviePlayer
LogPluginManager: Mounting plugin WindowsMoviePlayer
LogPluginManager: Mounting plugin ScreenshotTools
LogInit: Using libcurl 7.55.1-DEV
LogInit:  - built for x86_64-pc-win32
LogInit:  - supports SSL with OpenSSL/1.1.1
LogInit:  - supports HTTP deflate (compression) using libz 1.2.8
LogInit:  - other features:
LogInit:      CURL_VERSION_SSL
LogInit:      CURL_VERSION_LIBZ
LogInit:      CURL_VERSION_IPV6
LogInit:      CURL_VERSION_ASYNCHDNS
LogInit:      CURL_VERSION_LARGEFILE
LogInit:      CURL_VERSION_IDN
LogInit:  CurlRequestOptions (configurable via config and command line):
LogInit:  - bVerifyPeer = true  - Libcurl will verify peer certificate
LogInit:  - bUseHttpProxy = false  - Libcurl will NOT use HTTP proxy
LogInit:  - bDontReuseConnections = false  - Libcurl will reuse connections
LogInit:  - MaxHostConnections = 16  - Libcurl will limit the number of connections to a host
LogInit:  - LocalHostAddr = Default
LogInit:  - BufferSize = 65536
LogOnline: OSS: Creating online subsystem instance for: NULL
LogInit: WinSock: version 1.1 (2.2), MaxSocks=32767, MaxUdp=65467
LogInit: Build: ++UE4+Release-4.23-CL-9631420
LogInit: Engine Version: 4.23.1-9631420+++UE4+Release-4.23
LogInit: Compatible Engine Version: 4.23.0-8386587+++UE4+Release-4.23
LogInit: Net CL: 8386587
LogInit: OS: Windows 10 (Release 1903) (), CPU: Intel(R) Core(TM) i7-4771 CPU @ 3.50GHz, GPU: NVIDIA GeForce GTX 1060 6GB
LogInit: Compiled (64-bit): Oct 18 2019 02:07:44
LogInit: Compiled with Visual C++: 19.16.27030.01
LogInit: Build Configuration: Development
LogInit: Branch Name: ++UE4+Release-4.23
LogInit: Command Line: 
LogInit: Base Directory: D:/UnrealEngine/UE_4.23/Engine/Binaries/Win64/
LogInit: Installed Engine Build: 1
LogDevObjectVersion: Number of dev versions registered: 23
LogDevObjectVersion:   Dev-Blueprints (B0D832E4-1F89-4F0D-ACCF-7EB736FD4AA2): 10
LogDevObjectVersion:   Dev-Build (E1C64328-A22C-4D53-A36C-8E866417BD8C): 0
LogDevObjectVersion:   Dev-Core (375EC13C-06E4-48FB-B500-84F0262A717E): 3
LogDevObjectVersion:   Dev-Editor (E4B068ED-F494-42E9-A231-DA0B2E46BB41): 34
LogDevObjectVersion:   Dev-Framework (CFFC743F-43B0-4480-9391-14DF171D2073): 35
LogDevObjectVersion:   Dev-Mobile (B02B49B5-BB20-44E9-A304-32B752E40360): 2
LogDevObjectVersion:   Dev-Networking (A4E4105C-59A1-49B5-A7C5-40C4547EDFEE): 0
LogDevObjectVersion:   Dev-Online (39C831C9-5AE6-47DC-9A44-9C173E1C8E7C): 0
LogDevObjectVersion:   Dev-Physics (78F01B33-EBEA-4F98-B9B4-84EACCB95AA2): 0
LogDevObjectVersion:   Dev-Platform (6631380F-2D4D-43E0-8009-CF276956A95A): 0
LogDevObjectVersion:   Dev-Rendering (12F88B9F-8875-4AFC-A67C-D90C383ABD29): 31
LogDevObjectVersion:   Dev-Sequencer (7B5AE74C-D270-4C10-A958-57980B212A5A): 11
LogDevObjectVersion:   Dev-VR (D7296918-1DD6-4BDD-9DE2-64A83CC13884): 2
LogDevObjectVersion:   Dev-LoadTimes (C2A15278-BFE7-4AFE-6C17-90FF531DF755): 1
LogDevObjectVersion:   Private-Geometry (6EACA3D4-40EC-4CC1-B786-8BED09428FC5): 3
LogDevObjectVersion:   Dev-AnimPhys (29E575DD-E0A3-4627-9D10-D276232CDCEA): 17
LogDevObjectVersion:   Dev-Anim (AF43A65D-7FD3-4947-9873-3E8ED9C1BB05): 2
LogDevObjectVersion:   Dev-ReflectionCapture (6B266CEC-1EC7-4B8F-A30B-E4D90942FC07): 1
LogDevObjectVersion:   Dev-Automation (0DF73D61-A23F-47EA-B727-89E90C41499A): 1
LogDevObjectVersion:   FortniteMain (601D1886-AC64-4F84-AA16-D3DE0DEAC7D6): 27
LogDevObjectVersion:   Dev-Enterprise (9DFFBCD6-494F-0158-E221-12823C92A888): 6
LogDevObjectVersion:   Dev-Niagara (F2AED0AC-9AFE-416F-8664-AA7FFA26D6FC): 1
LogDevObjectVersion:   Dev-Destruction (174F1F0B-B4C6-45A5-B13F-2EE8D0FB917D): 9
LogInit: Presizing for max 16777216 objects, including 0 objects not considered by GC, pre-allocating 0 bytes for permanent pool.
LogInit: Object subsystem initialized
LogConfig: Setting CVar [[con.DebugEarlyDefault:1]]
LogConfig: Setting CVar [[r.setres:1280x720]]
[2020.01.10-12.10.56:191][  0]LogConfig: Setting CVar [[r.VSync:0]]
[2020.01.10-12.10.56:191][  0]LogConfig: Setting CVar [[r.RHICmdBypass:0]]
[2020.01.10-12.10.56:191][  0]LogConfig: Applying CVar settings from Section [/Script/Engine.RendererSettings] File [D:/Pentum/MyProject - Copy/Saved/Config/Windows/Engine.ini]
[2020.01.10-12.10.56:191][  0]LogConfig: Setting CVar [[r.GPUCrashDebugging:0]]
[2020.01.10-12.10.56:191][  0]LogConfig: Applying CVar settings from Section [/Script/Engine.RendererOverrideSettings] File [D:/Pentum/MyProject - Copy/Saved/Config/Windows/Engine.ini]
[2020.01.10-12.10.56:191][  0]LogConfig: Applying CVar settings from Section [/Script/Engine.StreamingSettings] File [D:/Pentum/MyProject - Copy/Saved/Config/Windows/Engine.ini]
[2020.01.10-12.10.56:191][  0]LogConfig: Setting CVar [[s.MinBulkDataSizeForAsyncLoading:131072]]
[2020.01.10-12.10.56:191][  0]LogConfig: Setting CVar [[s.AsyncLoadingThreadEnabled:0]]
[2020.01.10-12.10.56:191][  0]LogConfig: Setting CVar [[s.EventDrivenLoaderEnabled:1]]
[2020.01.10-12.10.56:191][  0]LogConfig: Setting CVar [[s.WarnIfTimeLimitExceeded:0]]
[2020.01.10-12.10.56:191][  0]LogConfig: Setting CVar [[s.TimeLimitExceededMultiplier:1.5]]
[2020.01.10-12.10.56:191][  0]LogConfig: Setting CVar [[s.TimeLimitExceededMinTime:0.005]]
[2020.01.10-12.10.56:191][  0]LogConfig: Setting CVar [[s.UseBackgroundLevelStreaming:1]]
[2020.01.10-12.10.56:191][  0]LogConfig: Setting CVar [[s.PriorityAsyncLoadingExtraTime:15.0]]
[2020.01.10-12.10.56:191][  0]LogConfig: Setting CVar [[s.LevelStreamingActorsUpdateTimeLimit:5.0]]
[2020.01.10-12.10.56:191][  0]LogConfig: Setting CVar [[s.PriorityLevelStreamingActorsUpdateExtraTime:5.0]]
[2020.01.10-12.10.56:191][  0]LogConfig: Setting CVar [[s.LevelStreamingComponentsRegistrationGranularity:10]]
[2020.01.10-12.10.56:191][  0]LogConfig: Setting CVar [[s.UnregisterComponentsTimeLimit:1.0]]
[2020.01.10-12.10.56:191][  0]LogConfig: Setting CVar [[s.LevelStreamingComponentsUnregistrationGranularity:5]]
[2020.01.10-12.10.56:191][  0]LogConfig: Applying CVar settings from Section [/Script/Engine.GarbageCollectionSettings] File [D:/Pentum/MyProject - Copy/Saved/Config/Windows/Engine.ini]
[2020.01.10-12.10.56:191][  0]LogConfig: Setting CVar [[gc.MaxObjectsNotConsideredByGC:1]]
[2020.01.10-12.10.56:191][  0]LogConfig: Setting CVar [[gc.SizeOfPermanentObjectPool:0]]
[2020.01.10-12.10.56:191][  0]LogConfig: Setting CVar [[gc.FlushStreamingOnGC:0]]
[2020.01.10-12.10.56:191][  0]LogConfig: Setting CVar [[gc.NumRetriesBeforeForcingGC:10]]
[2020.01.10-12.10.56:191][  0]LogConfig: Setting CVar [[gc.AllowParallelGC:1]]
[2020.01.10-12.10.56:191][  0]LogConfig: Setting CVar [[gc.TimeBetweenPurgingPendingKillObjects:61.1]]
[2020.01.10-12.10.56:191][  0]LogConfig: Setting CVar [[gc.MaxObjectsInEditor:16777216]]
[2020.01.10-12.10.56:191][  0]LogConfig: Setting CVar [[gc.IncrementalBeginDestroyEnabled:1]]
[2020.01.10-12.10.56:191][  0]LogConfig: Setting CVar [[gc.CreateGCClusters:1]]
[2020.01.10-12.10.56:191][  0]LogConfig: Setting CVar [[gc.MinGCClusterSize:5]]
[2020.01.10-12.10.56:191][  0]LogConfig: Setting CVar [[gc.ActorClusteringEnabled:0]]
[2020.01.10-12.10.56:191][  0]LogConfig: Setting CVar [[gc.BlueprintClusteringEnabled:0]]
[2020.01.10-12.10.56:191][  0]LogConfig: Setting CVar [[gc.UseDisregardForGCOnDedicatedServers:0]]
[2020.01.10-12.10.56:191][  0]LogConfig: Applying CVar settings from Section [/Script/Engine.NetworkSettings] File [D:/Pentum/MyProject - Copy/Saved/Config/Windows/Engine.ini]
[2020.01.10-12.10.56:191][  0]LogConfig: Applying CVar settings from Section [/Script/UnrealEd.CookerSettings] File [D:/Pentum/MyProject - Copy/Saved/Config/Windows/Engine.ini]
[2020.01.10-12.10.56:197][  0]LogConfig: Applying CVar settings from Section [ViewDistanceQuality@3] File [D:/Pentum/MyProject - Copy/Saved/Config/Windows/Scalability.ini]
[2020.01.10-12.10.56:197][  0]LogConfig: Setting CVar [[r.SkeletalMeshLODBias:0]]
[2020.01.10-12.10.56:197][  0]LogConfig: Setting CVar [[r.ViewDistanceScale:1.0]]
[2020.01.10-12.10.56:197][  0]LogConfig: Applying CVar settings from Section [AntiAliasingQuality@3] File [D:/Pentum/MyProject - Copy/Saved/Config/Windows/Scalability.ini]
[2020.01.10-12.10.56:197][  0]LogConfig: Setting CVar [[r.PostProcessAAQuality:4]]
[2020.01.10-12.10.56:197][  0]LogConfig: Applying CVar settings from Section [ShadowQuality@3] File [D:/Pentum/MyProject - Copy/Saved/Config/Windows/Scalability.ini]
[2020.01.10-12.10.56:197][  0]LogConfig: Setting CVar [[r.LightFunctionQuality:1]]
[2020.01.10-12.10.56:197][  0]LogConfig: Setting CVar [[r.ShadowQuality:5]]
[2020.01.10-12.10.56:197][  0]LogConfig: Setting CVar [[r.Shadow.CSM.MaxCascades:10]]
[2020.01.10-12.10.56:197][  0]LogConfig: Setting CVar [[r.Shadow.MaxResolution:2048]]
[2020.01.10-12.10.56:197][  0]LogConfig: Setting CVar [[r.Shadow.MaxCSMResolution:2048]]
[2020.01.10-12.10.56:197][  0]LogConfig: Setting CVar [[r.Shadow.RadiusThreshold:0.01]]
[2020.01.10-12.10.56:197][  0]LogConfig: Setting CVar [[r.Shadow.DistanceScale:1.0]]
[2020.01.10-12.10.56:197][  0]LogConfig: Setting CVar [[r.Shadow.CSM.TransitionScale:1.0]]
[2020.01.10-12.10.56:197][  0]LogConfig: Setting CVar [[r.Shadow.PreShadowResolutionFactor:1.0]]
[2020.01.10-12.10.56:197][  0]LogConfig: Setting CVar [[r.DistanceFieldShadowing:1]]
[2020.01.10-12.10.56:197][  0]LogConfig: Setting CVar [[r.DistanceFieldAO:1]]
[2020.01.10-12.10.56:197][  0]LogConfig: Setting CVar [[r.AOQuality:2]]
[2020.01.10-12.10.56:197][  0]LogConfig: Setting CVar [[r.VolumetricFog:1]]
[2020.01.10-12.10.56:197][  0]LogConfig: Setting CVar [[r.VolumetricFog.GridPixelSize:8]]
[2020.01.10-12.10.56:197][  0]LogConfig: Setting CVar [[r.VolumetricFog.GridSizeZ:128]]
[2020.01.10-12.10.56:197][  0]LogConfig: Setting CVar [[r.VolumetricFog.HistoryMissSupersampleCount:4]]
[2020.01.10-12.10.56:197][  0]LogConfig: Setting CVar [[r.LightMaxDrawDistanceScale:1]]
[2020.01.10-12.10.56:197][  0]LogConfig: Setting CVar [[r.CapsuleShadows:1]]
[2020.01.10-12.10.56:197][  0]LogConfig: Applying CVar settings from Section [PostProcessQuality@3] File [D:/Pentum/MyProject - Copy/Saved/Config/Windows/Scalability.ini]
[2020.01.10-12.10.56:197][  0]LogConfig: Setting CVar [[r.MotionBlurQuality:4]]
[2020.01.10-12.10.56:197][  0]LogConfig: Setting CVar [[r.AmbientOcclusionMipLevelFactor:0.4]]
[2020.01.10-12.10.56:197][  0]LogConfig: Setting CVar [[r.AmbientOcclusionMaxQuality:100]]
[2020.01.10-12.10.56:197][  0]LogConfig: Setting CVar [[r.AmbientOcclusionLevels:-1]]
[2020.01.10-12.10.56:197][  0]LogConfig: Setting CVar [[r.AmbientOcclusionRadiusScale:1.0]]
[2020.01.10-12.10.56:197][  0]LogConfig: Setting CVar [[r.DepthOfFieldQuality:2]]
[2020.01.10-12.10.56:197][  0]LogConfig: Setting CVar [[r.RenderTargetPoolMin:400]]
[2020.01.10-12.10.56:197][  0]LogConfig: Setting CVar [[r.LensFlareQuality:2]]
[2020.01.10-12.10.56:197][  0]LogConfig: Setting CVar [[r.SceneColorFringeQuality:1]]
[2020.01.10-12.10.56:197][  0]LogConfig: Setting CVar [[r.EyeAdaptationQuality:2]]
[2020.01.10-12.10.56:197][  0]LogConfig: Setting CVar [[r.BloomQuality:5]]
[2020.01.10-12.10.56:197][  0]LogConfig: Setting CVar [[r.FastBlurThreshold:100]]
[2020.01.10-12.10.56:197][  0]LogConfig: Setting CVar [[r.Upscale.Quality:3]]
[2020.01.10-12.10.56:197][  0]LogConfig: Setting CVar [[r.Tonemapper.GrainQuantization:1]]
[2020.01.10-12.10.56:197][  0]LogConfig: Setting CVar [[r.LightShaftQuality:1]]
[2020.01.10-12.10.56:197][  0]LogConfig: Setting CVar [[r.Filter.SizeScale:1]]
[2020.01.10-12.10.56:197][  0]LogConfig: Setting CVar [[r.Tonemapper.Quality:5]]
[2020.01.10-12.10.56:197][  0]LogConfig: Setting CVar [[r.DOF.Gather.AccumulatorQuality:1        ; higher gathering accumulator quality]]
[2020.01.10-12.10.56:197][  0]LogConfig: Setting CVar [[r.DOF.Gather.PostfilterMethod:1          ; Median3x3 postfilering method]]
[2020.01.10-12.10.56:197][  0]LogConfig: Setting CVar [[r.DOF.Gather.EnableBokehSettings:0       ; no bokeh simulation when gathering]]
[2020.01.10-12.10.56:197][  0]LogConfig: Setting CVar [[r.DOF.Gather.RingCount:4                 ; medium number of samples when gathering]]
[2020.01.10-12.10.56:197][  0]LogConfig: Setting CVar [[r.DOF.Scatter.ForegroundCompositing:1    ; additive foreground scattering]]
[2020.01.10-12.10.56:197][  0]LogConfig: Setting CVar [[r.DOF.Scatter.BackgroundCompositing:2    ; additive background scattering]]
[2020.01.10-12.10.56:197][  0]LogConfig: Setting CVar [[r.DOF.Scatter.EnableBokehSettings:1      ; bokeh simulation when scattering]]
[2020.01.10-12.10.56:197][  0]LogConfig: Setting CVar [[r.DOF.Scatter.MaxSpriteRatio:0.1         ; only a maximum of 10% of scattered bokeh]]
[2020.01.10-12.10.56:197][  0]LogConfig: Setting CVar [[r.DOF.Recombine.Quality:1                ; cheap slight out of focus]]
[2020.01.10-12.10.56:197][  0]LogConfig: Setting CVar [[r.DOF.Recombine.EnableBokehSettings:0    ; no bokeh simulation on slight out of focus]]
[2020.01.10-12.10.56:197][  0]LogConfig: Setting CVar [[r.DOF.TemporalAAQuality:1                ; more stable temporal accumulation]]
[2020.01.10-12.10.56:197][  0]LogConfig: Setting CVar [[r.DOF.Kernel.MaxForegroundRadius:0.025]]
[2020.01.10-12.10.56:197][  0]LogConfig: Setting CVar [[r.DOF.Kernel.MaxBackgroundRadius:0.025]]
[2020.01.10-12.10.56:197][  0]LogConfig: Applying CVar settings from Section [TextureQuality@3] File [D:/Pentum/MyProject - Copy/Saved/Config/Windows/Scalability.ini]
[2020.01.10-12.10.56:197][  0]LogConfig: Setting CVar [[r.Streaming.MipBias:0]]
[2020.01.10-12.10.56:197][  0]LogConfig: Setting CVar [[r.Streaming.AmortizeCPUToGPUCopy:0]]
[2020.01.10-12.10.56:197][  0]LogConfig: Setting CVar [[r.Streaming.MaxNumTexturesToStreamPerFrame:0]]
[2020.01.10-12.10.56:197][  0]LogConfig: Setting CVar [[r.Streaming.Boost:1]]
[2020.01.10-12.10.56:197][  0]LogConfig: Setting CVar [[r.MaxAnisotropy:8]]
[2020.01.10-12.10.56:197][  0]LogConfig: Setting CVar [[r.Streaming.LimitPoolSizeToVRAM:0]]
[2020.01.10-12.10.56:197][  0]LogConfig: Setting CVar [[r.Streaming.PoolSize:1000]]
[2020.01.10-12.10.56:197][  0]LogConfig: Setting CVar [[r.Streaming.MaxEffectiveScreenSize:0]]
[2020.01.10-12.10.56:197][  0]LogConfig: Applying CVar settings from Section [EffectsQuality@3] File [D:/Pentum/MyProject - Copy/Saved/Config/Windows/Scalability.ini]
[2020.01.10-12.10.56:197][  0]LogConfig: Setting CVar [[r.TranslucencyLightingVolumeDim:64]]
[2020.01.10-12.10.56:197][  0]LogConfig: Setting CVar [[r.RefractionQuality:2]]
[2020.01.10-12.10.56:197][  0]LogConfig: Setting CVar [[r.SSR.Quality:3]]
[2020.01.10-12.10.56:197][  0]LogConfig: Setting CVar [[r.SceneColorFormat:4]]
[2020.01.10-12.10.56:197][  0]LogConfig: Setting CVar [[r.DetailMode:2]]
[2020.01.10-12.10.56:197][  0]LogConfig: Setting CVar [[r.TranslucencyVolumeBlur:1]]
[2020.01.10-12.10.56:197][  0]LogConfig: Setting CVar [[r.MaterialQualityLevel:1 ; High quality]]
[2020.01.10-12.10.56:197][  0]LogConfig: Setting CVar [[r.SSS.Scale:1]]
[2020.01.10-12.10.56:197][  0]LogConfig: Setting CVar [[r.SSS.SampleSet:2]]
[2020.01.10-12.10.56:197][  0]LogConfig: Setting CVar [[r.SSS.Quality:1]]
[2020.01.10-12.10.56:197][  0]LogConfig: Setting CVar [[r.SSS.HalfRes:1]]
[2020.01.10-12.10.56:198][  0]LogConfig: Setting CVar [[r.EmitterSpawnRateScale:1.0]]
[2020.01.10-12.10.56:198][  0]LogConfig: Setting CVar [[r.ParticleLightQuality:2]]
[2020.01.10-12.10.56:198][  0]LogConfig: Applying CVar settings from Section [FoliageQuality@3] File [D:/Pentum/MyProject - Copy/Saved/Config/Windows/Scalability.ini]
[2020.01.10-12.10.56:198][  0]LogConfig: Setting CVar [[foliage.DensityScale:1.0]]
[2020.01.10-12.10.56:198][  0]LogConfig: Setting CVar [[grass.DensityScale:1.0]]
[2020.01.10-12.10.56:198][  0]LogInit: Selected Device Profile: [Windows]
[2020.01.10-12.10.56:198][  0]LogInit: Applying CVar settings loaded from the selected device profile: [Windows]
[2020.01.10-12.10.56:200][  0]LogHAL: Display: Platform has ~ 32 GB [34294325248 / 34359738368 / 32], which maps to Largest [LargestMinGB=32, LargerMinGB=12, DefaultMinGB=8, SmallerMinGB=6, SmallestMinGB=0)
[2020.01.10-12.10.56:200][  0]LogInit: Going up to parent DeviceProfile []
[2020.01.10-12.10.56:200][  0]LogConfig: Applying CVar settings from Section [ViewDistanceQuality@3] File [D:/Pentum/MyProject - Copy/Saved/Config/Windows/Scalability.ini]
[2020.01.10-12.10.56:200][  0]LogConfig: Setting CVar [[r.SkeletalMeshLODBias:0]]
[2020.01.10-12.10.56:200][  0]LogConfig: Setting CVar [[r.ViewDistanceScale:1.0]]
[2020.01.10-12.10.56:200][  0]LogConfig: Applying CVar settings from Section [AntiAliasingQuality@3] File [D:/Pentum/MyProject - Copy/Saved/Config/Windows/Scalability.ini]
[2020.01.10-12.10.56:200][  0]LogConfig: Setting CVar [[r.PostProcessAAQuality:4]]
[2020.01.10-12.10.56:200][  0]LogConfig: Applying CVar settings from Section [ShadowQuality@3] File [D:/Pentum/MyProject - Copy/Saved/Config/Windows/Scalability.ini]
[2020.01.10-12.10.56:200][  0]LogConfig: Setting CVar [[r.LightFunctionQuality:1]]
[2020.01.10-12.10.56:200][  0]LogConfig: Setting CVar [[r.ShadowQuality:5]]
[2020.01.10-12.10.56:200][  0]LogConfig: Setting CVar [[r.Shadow.CSM.MaxCascades:10]]
[2020.01.10-12.10.56:200][  0]LogConfig: Setting CVar [[r.Shadow.MaxResolution:2048]]
[2020.01.10-12.10.56:200][  0]LogConfig: Setting CVar [[r.Shadow.MaxCSMResolution:2048]]
[2020.01.10-12.10.56:200][  0]LogConfig: Setting CVar [[r.Shadow.RadiusThreshold:0.01]]
[2020.01.10-12.10.56:200][  0]LogConfig: Setting CVar [[r.Shadow.DistanceScale:1.0]]
[2020.01.10-12.10.56:200][  0]LogConfig: Setting CVar [[r.Shadow.CSM.TransitionScale:1.0]]
[2020.01.10-12.10.56:200][  0]LogConfig: Setting CVar [[r.Shadow.PreShadowResolutionFactor:1.0]]
[2020.01.10-12.10.56:200][  0]LogConfig: Setting CVar [[r.DistanceFieldShadowing:1]]
[2020.01.10-12.10.56:200][  0]LogConfig: Setting CVar [[r.DistanceFieldAO:1]]
[2020.01.10-12.10.56:200][  0]LogConfig: Setting CVar [[r.AOQuality:2]]
[2020.01.10-12.10.56:200][  0]LogConfig: Setting CVar [[r.VolumetricFog:1]]
[2020.01.10-12.10.56:200][  0]LogConfig: Setting CVar [[r.VolumetricFog.GridPixelSize:8]]
[2020.01.10-12.10.56:200][  0]LogConfig: Setting CVar [[r.VolumetricFog.GridSizeZ:128]]
[2020.01.10-12.10.56:200][  0]LogConfig: Setting CVar [[r.VolumetricFog.HistoryMissSupersampleCount:4]]
[2020.01.10-12.10.56:200][  0]LogConfig: Setting CVar [[r.LightMaxDrawDistanceScale:1]]
[2020.01.10-12.10.56:200][  0]LogConfig: Setting CVar [[r.CapsuleShadows:1]]
[2020.01.10-12.10.56:200][  0]LogConfig: Applying CVar settings from Section [PostProcessQuality@3] File [D:/Pentum/MyProject - Copy/Saved/Config/Windows/Scalability.ini]
[2020.01.10-12.10.56:200][  0]LogConfig: Setting CVar [[r.MotionBlurQuality:4]]
[2020.01.10-12.10.56:200][  0]LogConfig: Setting CVar [[r.AmbientOcclusionMipLevelFactor:0.4]]
[2020.01.10-12.10.56:200][  0]LogConfig: Setting CVar [[r.AmbientOcclusionMaxQuality:100]]
[2020.01.10-12.10.56:200][  0]LogConfig: Setting CVar [[r.AmbientOcclusionLevels:-1]]
[2020.01.10-12.10.56:200][  0]LogConfig: Setting CVar [[r.AmbientOcclusionRadiusScale:1.0]]
[2020.01.10-12.10.56:200][  0]LogConfig: Setting CVar [[r.DepthOfFieldQuality:2]]
[2020.01.10-12.10.56:200][  0]LogConfig: Setting CVar [[r.RenderTargetPoolMin:400]]
[2020.01.10-12.10.56:200][  0]LogConfig: Setting CVar [[r.LensFlareQuality:2]]
[2020.01.10-12.10.56:200][  0]LogConfig: Setting CVar [[r.SceneColorFringeQuality:1]]
[2020.01.10-12.10.56:200][  0]LogConfig: Setting CVar [[r.EyeAdaptationQuality:2]]
[2020.01.10-12.10.56:200][  0]LogConfig: Setting CVar [[r.BloomQuality:5]]
[2020.01.10-12.10.56:200][  0]LogConfig: Setting CVar [[r.FastBlurThreshold:100]]
[2020.01.10-12.10.56:200][  0]LogConfig: Setting CVar [[r.Upscale.Quality:3]]
[2020.01.10-12.10.56:200][  0]LogConfig: Setting CVar [[r.Tonemapper.GrainQuantization:1]]
[2020.01.10-12.10.56:200][  0]LogConfig: Setting CVar [[r.LightShaftQuality:1]]
[2020.01.10-12.10.56:200][  0]LogConfig: Setting CVar [[r.Filter.SizeScale:1]]
[2020.01.10-12.10.56:200][  0]LogConfig: Setting CVar [[r.Tonemapper.Quality:5]]
[2020.01.10-12.10.56:200][  0]LogConfig: Setting CVar [[r.DOF.Gather.AccumulatorQuality:1        ; higher gathering accumulator quality]]
[2020.01.10-12.10.56:201][  0]LogConfig: Setting CVar [[r.DOF.Gather.PostfilterMethod:1          ; Median3x3 postfilering method]]
[2020.01.10-12.10.56:201][  0]LogConfig: Setting CVar [[r.DOF.Gather.EnableBokehSettings:0       ; no bokeh simulation when gathering]]
[2020.01.10-12.10.56:201][  0]LogConfig: Setting CVar [[r.DOF.Gather.RingCount:4                 ; medium number of samples when gathering]]
[2020.01.10-12.10.56:201][  0]LogConfig: Setting CVar [[r.DOF.Scatter.ForegroundCompositing:1    ; additive foreground scattering]]
[2020.01.10-12.10.56:201][  0]LogConfig: Setting CVar [[r.DOF.Scatter.BackgroundCompositing:2    ; additive background scattering]]
[2020.01.10-12.10.56:201][  0]LogConfig: Setting CVar [[r.DOF.Scatter.EnableBokehSettings:1      ; bokeh simulation when scattering]]
[2020.01.10-12.10.56:201][  0]LogConfig: Setting CVar [[r.DOF.Scatter.MaxSpriteRatio:0.1         ; only a maximum of 10% of scattered bokeh]]
[2020.01.10-12.10.56:201][  0]LogConfig: Setting CVar [[r.DOF.Recombine.Quality:1                ; cheap slight out of focus]]
[2020.01.10-12.10.56:201][  0]LogConfig: Setting CVar [[r.DOF.Recombine.EnableBokehSettings:0    ; no bokeh simulation on slight out of focus]]
[2020.01.10-12.10.56:201][  0]LogConfig: Setting CVar [[r.DOF.TemporalAAQuality:1                ; more stable temporal accumulation]]
[2020.01.10-12.10.56:201][  0]LogConfig: Setting CVar [[r.DOF.Kernel.MaxForegroundRadius:0.025]]
[2020.01.10-12.10.56:201][  0]LogConfig: Setting CVar [[r.DOF.Kernel.MaxBackgroundRadius:0.025]]
[2020.01.10-12.10.56:201][  0]LogConfig: Applying CVar settings from Section [TextureQuality@3] File [D:/Pentum/MyProject - Copy/Saved/Config/Windows/Scalability.ini]
[2020.01.10-12.10.56:201][  0]LogConfig: Setting CVar [[r.Streaming.MipBias:0]]
[2020.01.10-12.10.56:201][  0]LogConfig: Setting CVar [[r.Streaming.AmortizeCPUToGPUCopy:0]]
[2020.01.10-12.10.56:201][  0]LogConfig: Setting CVar [[r.Streaming.MaxNumTexturesToStreamPerFrame:0]]
[2020.01.10-12.10.56:201][  0]LogConfig: Setting CVar [[r.Streaming.Boost:1]]
[2020.01.10-12.10.56:201][  0]LogConfig: Setting CVar [[r.MaxAnisotropy:8]]
[2020.01.10-12.10.56:201][  0]LogConfig: Setting CVar [[r.Streaming.LimitPoolSizeToVRAM:0]]
[2020.01.10-12.10.56:201][  0]LogConfig: Setting CVar [[r.Streaming.PoolSize:1000]]
[2020.01.10-12.10.56:201][  0]LogConfig: Setting CVar [[r.Streaming.MaxEffectiveScreenSize:0]]
[2020.01.10-12.10.56:201][  0]LogConfig: Applying CVar settings from Section [EffectsQuality@3] File [D:/Pentum/MyProject - Copy/Saved/Config/Windows/Scalability.ini]
[2020.01.10-12.10.56:201][  0]LogConfig: Setting CVar [[r.TranslucencyLightingVolumeDim:64]]
[2020.01.10-12.10.56:201][  0]LogConfig: Setting CVar [[r.RefractionQuality:2]]
[2020.01.10-12.10.56:201][  0]LogConfig: Setting CVar [[r.SSR.Quality:3]]
[2020.01.10-12.10.56:201][  0]LogConfig: Setting CVar [[r.SceneColorFormat:4]]
[2020.01.10-12.10.56:201][  0]LogConfig: Setting CVar [[r.DetailMode:2]]
[2020.01.10-12.10.56:201][  0]LogConfig: Setting CVar [[r.TranslucencyVolumeBlur:1]]
[2020.01.10-12.10.56:201][  0]LogConfig: Setting CVar [[r.MaterialQualityLevel:1 ; High quality]]
[2020.01.10-12.10.56:201][  0]LogConfig: Setting CVar [[r.SSS.Scale:1]]
[2020.01.10-12.10.56:201][  0]LogConfig: Setting CVar [[r.SSS.SampleSet:2]]
[2020.01.10-12.10.56:201][  0]LogConfig: Setting CVar [[r.SSS.Quality:1]]
[2020.01.10-12.10.56:201][  0]LogConfig: Setting CVar [[r.SSS.HalfRes:1]]
[2020.01.10-12.10.56:201][  0]LogConfig: Setting CVar [[r.EmitterSpawnRateScale:1.0]]
[2020.01.10-12.10.56:201][  0]LogConfig: Setting CVar [[r.ParticleLightQuality:2]]
[2020.01.10-12.10.56:201][  0]LogConfig: Applying CVar settings from Section [FoliageQuality@3] File [D:/Pentum/MyProject - Copy/Saved/Config/Windows/Scalability.ini]
[2020.01.10-12.10.56:201][  0]LogConfig: Setting CVar [[foliage.DensityScale:1.0]]
[2020.01.10-12.10.56:201][  0]LogConfig: Setting CVar [[grass.DensityScale:1.0]]
[2020.01.10-12.10.56:201][  0]LogConfig: Applying CVar settings from Section [Startup] File [../../../Engine/Config/ConsoleVariables.ini]
[2020.01.10-12.10.56:201][  0]LogConfig: Setting CVar [[net.UseAdaptiveNetUpdateFrequency:0]]
[2020.01.10-12.10.56:201][  0]LogConfig: Setting CVar [[p.chaos.AllowCreatePhysxBodies:1]]
[2020.01.10-12.10.56:201][  0]LogConfig: Applying CVar settings from Section [ConsoleVariables] File [D:/Pentum/MyProject - Copy/Saved/Config/Windows/Engine.ini]
[2020.01.10-12.10.56:201][  0]LogInit: Computer: MUC-A-1482
[2020.01.10-12.10.56:201][  0]LogInit: User: chbrueckl
[2020.01.10-12.10.56:201][  0]LogInit: CPU Page size=4096, Cores=4
[2020.01.10-12.10.56:201][  0]LogInit: High frequency timer resolution =10.000000 MHz
[2020.01.10-12.10.56:201][  0]LogMemory: Memory total: Physical=31.9GB (32GB approx)
[2020.01.10-12.10.56:201][  0]LogMemory: Platform Memory Stats for Windows
[2020.01.10-12.10.56:201][  0]LogMemory: Process Physical Memory: 102.28 MB used, 102.29 MB peak
[2020.01.10-12.10.56:201][  0]LogMemory: Process Virtual Memory: 103.09 MB used, 103.09 MB peak
[2020.01.10-12.10.56:201][  0]LogMemory: Physical Memory: 7386.23 MB used,  25319.39 MB free, 32705.62 MB total
[2020.01.10-12.10.56:201][  0]LogMemory: Virtual Memory: 4670.87 MB used,  134213056.00 MB free, 134217728.00 MB total
[2020.01.10-12.10.56:204][  0]LogWindows: WindowsPlatformFeatures enabled
[2020.01.10-12.10.56:220][  0]LogInit: Using OS detected language (en-US).
[2020.01.10-12.10.56:220][  0]LogInit: Using OS detected locale (en-US).
[2020.01.10-12.10.56:221][  0]LogTextLocalizationManager: No specific localization for 'en-US' exists, so the 'en' localization will be used.
[2020.01.10-12.10.56:383][  0]LogInit: Setting process to per monitor DPI aware
[2020.01.10-12.10.56:410][  0]LogSlate: New Slate User Created.  User Index 0, Is Virtual User: 0
[2020.01.10-12.10.56:410][  0]LogSlate: Slate User Registered.  User Index 0, Is Virtual User: 0
[2020.01.10-12.10.56:598][  0]LogHMD: Failed to initialize OpenVR with code 110
[2020.01.10-12.10.56:598][  0]LogD3D11RHI: D3D11 adapters:
[2020.01.10-12.10.56:682][  0]LogD3D11RHI:    0. 'NVIDIA GeForce GTX 1060 6GB' (Feature Level 11_0)
[2020.01.10-12.10.56:682][  0]LogD3D11RHI:       6052/0/16352 MB DedicatedVideo/DedicatedSystem/SharedSystem, Outputs:2, VendorId:0x10de
[2020.01.10-12.10.56:685][  0]LogD3D11RHI:    1. 'Microsoft Basic Render Driver' (Feature Level 11_0)
[2020.01.10-12.10.56:685][  0]LogD3D11RHI:       0/0/16352 MB DedicatedVideo/DedicatedSystem/SharedSystem, Outputs:0, VendorId:0x1414
[2020.01.10-12.10.56:685][  0]LogD3D11RHI: Chosen D3D11 Adapter: 0
[2020.01.10-12.10.56:691][  0]LogD3D11RHI: Creating new Direct3DDevice
[2020.01.10-12.10.56:691][  0]LogD3D11RHI:     GPU DeviceId: 0x1c03 (for the marketing name, search the web for "GPU Device Id")
[2020.01.10-12.10.56:691][  0]LogWindows: EnumDisplayDevices:
[2020.01.10-12.10.56:691][  0]LogWindows:    0. 'NVIDIA GeForce GTX 1060 6GB' (P:1 D:1)
[2020.01.10-12.10.56:692][  0]LogWindows:    1. 'NVIDIA GeForce GTX 1060 6GB' (P:0 D:1)
[2020.01.10-12.10.56:692][  0]LogWindows:    2. 'NVIDIA GeForce GTX 1060 6GB' (P:0 D:0)
[2020.01.10-12.10.56:693][  0]LogWindows:    3. 'NVIDIA GeForce GTX 1060 6GB' (P:0 D:0)
[2020.01.10-12.10.56:693][  0]LogWindows: DebugString: FoundDriverCount:4 
[2020.01.10-12.10.56:693][  0]LogD3D11RHI:     Adapter Name: NVIDIA GeForce GTX 1060 6GB
[2020.01.10-12.10.56:693][  0]LogD3D11RHI:   Driver Version: 432.00 (internal:26.21.14.3200, unified:432.00)
[2020.01.10-12.10.56:693][  0]LogD3D11RHI:      Driver Date: 7-24-2019
[2020.01.10-12.10.56:693][  0]LogRHI: Texture pool is 4236 MB (70% of 6052 MB)
[2020.01.10-12.10.56:745][  0]LogD3D11RHI: Async texture creation enabled
[2020.01.10-12.10.56:758][  0]LogD3D11RHI: GPU Timing Frequency: 1000.000000 (Debug: 2 1)
[2020.01.10-12.10.57:087][  0]LogTemp: Display: Module 'AllDesktopTargetPlatform' loaded TargetPlatform 'AllDesktop'
[2020.01.10-12.10.57:095][  0]LogTemp: Display: Module 'MacClientTargetPlatform' loaded TargetPlatform 'MacClient'
[2020.01.10-12.10.57:103][  0]LogTemp: Display: Module 'MacNoEditorTargetPlatform' loaded TargetPlatform 'MacNoEditor'
[2020.01.10-12.10.57:110][  0]LogTemp: Display: Module 'MacServerTargetPlatform' loaded TargetPlatform 'MacServer'
[2020.01.10-12.10.57:118][  0]LogTemp: Display: Module 'MacTargetPlatform' loaded TargetPlatform 'Mac'
[2020.01.10-12.10.57:126][  0]LogTemp: Display: Module 'WindowsClientTargetPlatform' loaded TargetPlatform 'WindowsClient'
[2020.01.10-12.10.57:134][  0]LogTemp: Display: Module 'WindowsNoEditorTargetPlatform' loaded TargetPlatform 'WindowsNoEditor'
[2020.01.10-12.10.57:141][  0]LogTemp: Display: Module 'WindowsServerTargetPlatform' loaded TargetPlatform 'WindowsServer'
[2020.01.10-12.10.57:145][  0]LogTemp: Display: Module 'WindowsTargetPlatform' loaded TargetPlatform 'Windows'
[2020.01.10-12.10.57:175][  0]LogTemp: Display: Module 'AndroidTargetPlatform' loaded TargetPlatform 'Android'
[2020.01.10-12.10.57:175][  0]LogTemp: Display: Module 'AndroidTargetPlatform' loaded TargetPlatform 'Android_ASTC'
[2020.01.10-12.10.57:175][  0]LogTemp: Display: Module 'AndroidTargetPlatform' loaded TargetPlatform 'Android_ATC'
[2020.01.10-12.10.57:175][  0]LogTemp: Display: Module 'AndroidTargetPlatform' loaded TargetPlatform 'Android_DXT'
[2020.01.10-12.10.57:175][  0]LogTemp: Display: Module 'AndroidTargetPlatform' loaded TargetPlatform 'Android_ETC1'
[2020.01.10-12.10.57:175][  0]LogTemp: Display: Module 'AndroidTargetPlatform' loaded TargetPlatform 'Android_ETC1a'
[2020.01.10-12.10.57:175][  0]LogTemp: Display: Module 'AndroidTargetPlatform' loaded TargetPlatform 'Android_ETC2'
[2020.01.10-12.10.57:175][  0]LogTemp: Display: Module 'AndroidTargetPlatform' loaded TargetPlatform 'Android_PVRTC'
[2020.01.10-12.10.57:175][  0]LogTemp: Display: Module 'AndroidTargetPlatform' loaded TargetPlatform 'AndroidClient'
[2020.01.10-12.10.57:175][  0]LogTemp: Display: Module 'AndroidTargetPlatform' loaded TargetPlatform 'Android_ASTCClient'
[2020.01.10-12.10.57:175][  0]LogTemp: Display: Module 'AndroidTargetPlatform' loaded TargetPlatform 'Android_ATCClient'
[2020.01.10-12.10.57:175][  0]LogTemp: Display: Module 'AndroidTargetPlatform' loaded TargetPlatform 'Android_DXTClient'
[2020.01.10-12.10.57:175][  0]LogTemp: Display: Module 'AndroidTargetPlatform' loaded TargetPlatform 'Android_ETC1Client'
[2020.01.10-12.10.57:175][  0]LogTemp: Display: Module 'AndroidTargetPlatform' loaded TargetPlatform 'Android_ETC1aClient'
[2020.01.10-12.10.57:175][  0]LogTemp: Display: Module 'AndroidTargetPlatform' loaded TargetPlatform 'Android_ETC2Client'
[2020.01.10-12.10.57:175][  0]LogTemp: Display: Module 'AndroidTargetPlatform' loaded TargetPlatform 'Android_PVRTCClient'
[2020.01.10-12.10.57:175][  0]LogTemp: Display: Module 'AndroidTargetPlatform' loaded TargetPlatform 'Android_Multi'
[2020.01.10-12.10.57:175][  0]LogTemp: Display: Module 'AndroidTargetPlatform' loaded TargetPlatform 'Android_MultiClient'
[2020.01.10-12.10.57:177][  0]LogTemp: Display: Module 'HTML5TargetPlatform' loaded TargetPlatform 'HTML5'
[2020.01.10-12.10.57:202][  0]LogTemp: Display: Module 'IOSTargetPlatform' loaded TargetPlatform 'IOSClient'
[2020.01.10-12.10.57:202][  0]LogTemp: Display: Module 'IOSTargetPlatform' loaded TargetPlatform 'IOS'
[2020.01.10-12.10.57:221][  0]LogTemp: Display: Module 'TVOSTargetPlatform' loaded TargetPlatform 'TVOSClient'
[2020.01.10-12.10.57:221][  0]LogTemp: Display: Module 'TVOSTargetPlatform' loaded TargetPlatform 'TVOS'
[2020.01.10-12.10.57:228][  0]LogTemp: Display: Module 'LinuxClientTargetPlatform' loaded TargetPlatform 'LinuxClient'
[2020.01.10-12.10.57:235][  0]LogTemp: Display: Module 'LinuxNoEditorTargetPlatform' loaded TargetPlatform 'LinuxNoEditor'
[2020.01.10-12.10.57:242][  0]LogTemp: Display: Module 'LinuxServerTargetPlatform' loaded TargetPlatform 'LinuxServer'
[2020.01.10-12.10.57:249][  0]LogTemp: Display: Module 'LinuxTargetPlatform' loaded TargetPlatform 'Linux'
[2020.01.10-12.10.57:274][  0]LogTemp: Display: Module 'LuminTargetPlatform' loaded TargetPlatform 'Lumin'
[2020.01.10-12.10.57:274][  0]LogTemp: Display: Module 'LuminTargetPlatform' loaded TargetPlatform 'LuminClient'
[2020.01.10-12.10.57:274][  0]LogTargetPlatformManager: Display: Building Assets For Windows
[2020.01.10-12.10.57:290][  0]LogAudioDebug: Display: Lib vorbis DLL was dynamically loaded.
[2020.01.10-12.10.57:343][  0]LogShaderCompilers: Guid format shader working directory is 11 characters bigger than the processId version (../../../../../Pentum/MyProject - Copy/Intermediate/Shaders/WorkingDirectory/18676/).
[2020.01.10-12.10.57:343][  0]LogShaderCompilers: Cleaned the shader compiler working directory 'C:/Users/chbrueckl/AppData/Local/Temp/UnrealShaderWorkingDir/A59CC019480B19534B38329220ED5323/'.
[2020.01.10-12.10.57:345][  0]LogXGEController: Cannot use XGE Controller as Incredibuild is not installed on this machine.
[2020.01.10-12.10.57:345][  0]LogShaderCompilers: Cannot use XGE Shader Compiler as Incredibuild is not installed on this machine.
[2020.01.10-12.10.57:345][  0]LogShaderCompilers: Display: Using Local Shader Compiler.
[2020.01.10-12.10.57:944][  0]LogDerivedDataCache: Display: Max Cache Size: 512 MB
[2020.01.10-12.10.58:000][  0]LogDerivedDataCache: Loaded boot cache 0.06s 73MB C:/Users/chbrueckl/AppData/Local/UnrealEngine/4.23/DerivedDataCache/Boot.ddc.
[2020.01.10-12.10.58:000][  0]LogDerivedDataCache: Display: Loaded Boot cache: C:/Users/chbrueckl/AppData/Local/UnrealEngine/4.23/DerivedDataCache/Boot.ddc
[2020.01.10-12.10.58:000][  0]LogDerivedDataCache: FDerivedDataBackendGraph:  Pak pak cache file ../../../../../Pentum/MyProject - Copy/DerivedDataCache/DDC.ddp not found, will not use a pak cache.
[2020.01.10-12.10.58:000][  0]LogDerivedDataCache: Unable to find inner node Pak for hierarchical cache Hierarchy.
[2020.01.10-12.10.58:001][  0]LogDerivedDataCache: FDerivedDataBackendGraph:  CompressedPak pak cache file ../../../../../Pentum/MyProject - Copy/DerivedDataCache/Compressed.ddp not found, will not use a pak cache.
[2020.01.10-12.10.58:001][  0]LogDerivedDataCache: Unable to find inner node CompressedPak for hierarchical cache Hierarchy.
[2020.01.10-12.10.58:022][  0]LogDerivedDataCache: Display: Pak cache opened for reading ../../../Engine/DerivedDataCache/Compressed.ddp.
[2020.01.10-12.10.58:022][  0]LogDerivedDataCache: FDerivedDataBackendGraph:  EnterprisePak pak cache file ../../../Enterprise/DerivedDataCache/Compressed.ddp not found, will not use a pak cache.
[2020.01.10-12.10.58:022][  0]LogDerivedDataCache: Unable to find inner node EnterprisePak for hierarchical cache Hierarchy.
[2020.01.10-12.10.58:025][  0]LogDerivedDataCache: Using Local data cache path C:/Users/chbrueckl/AppData/Local/UnrealEngine/Common/DerivedDataCache: Writable
[2020.01.10-12.10.58:025][  0]LogDerivedDataCache: Shared data cache path not found in *engine.ini, will not use an Shared cache.
[2020.01.10-12.10.58:025][  0]LogDerivedDataCache: Unable to find inner node Shared for hierarchical cache Hierarchy.
[2020.01.10-12.10.58:058][  0]LogMaterial: Verifying Global Shaders for PCD3D_SM5
[2020.01.10-12.10.58:061][  0]LogSlate: Using FreeType 2.6.0
[2020.01.10-12.10.58:061][  0]LogSlate: SlateFontServices - WITH_FREETYPE: 1, WITH_HARFBUZZ: 1
[2020.01.10-12.10.58:117][  0]LogAssetRegistry: FAssetRegistry took 0.0022 seconds to start up
[2020.01.10-12.10.58:391][  0]LogInit: Selected Device Profile: [Windows]
[2020.01.10-12.10.58:530][  0]LogMeshReduction: Using QuadricMeshReduction for automatic static mesh reduction
[2020.01.10-12.10.58:530][  0]LogMeshReduction: Using SimplygonMeshReduction for automatic skeletal mesh reduction
[2020.01.10-12.10.58:530][  0]LogMeshReduction: Using ProxyLODMeshReduction for automatic mesh merging
[2020.01.10-12.10.58:530][  0]LogMeshReduction: No distributed automatic mesh merging module available
[2020.01.10-12.10.58:530][  0]LogMeshMerging: No distributed automatic mesh merging module available
[2020.01.10-12.10.58:538][  0]LogNetVersion: MyProject 1.0.0, NetCL: 8386587, EngineNetVer: 11, GameNetVer: 0 (Checksum: 2896792207)
[2020.01.10-12.10.58:900][  0]LogPackageLocalizationCache: Processed 12 localized package path(s) for 1 prioritized culture(s) in 0.032767 seconds
[2020.01.10-12.10.58:906][  0]LogUObjectArray: 43444 objects as part of root set at end of initial load.
[2020.01.10-12.10.58:906][  0]LogUObjectAllocator: 7548648 out of 0 bytes used by permanent object pool.
[2020.01.10-12.10.58:906][  0]LogUObjectArray: CloseDisregardForGC: 0/0 objects in disregard for GC pool
[2020.01.10-12.10.59:778][  0]LogTcpMessaging: Initializing TcpMessaging bridge
[2020.01.10-12.10.59:781][  0]LogUdpMessaging: Initializing bridge on interface 0.0.0.0:0 to multicast group 230.0.0.1:6666.
[2020.01.10-12.10.59:831][  0]SourceControl: Source control is disabled
[2020.01.10-12.10.59:831][  0]SourceControl: Source control is disabled
[2020.01.10-12.10.59:832][  0]SourceControl: Source control is disabled
[2020.01.10-12.10.59:833][  0]SourceControl: Source control is disabled
[2020.01.10-12.10.59:905][  0]LogAndroidPermission: UAndroidPermissionCallbackProxy::GetInstance
[2020.01.10-12.11.00:050][  0]LogOcInput: OculusInput pre-init called
[2020.01.10-12.11.00:061][  0]LogWindows: Failed to load 'OVRPlugin.dll' (GetLastError=126)
[2020.01.10-12.11.00:061][  0]LogWindows: File 'OVRPlugin.dll' does not exist
[2020.01.10-12.11.00:193][  0]LogEngine: Initializing Engine...
[2020.01.10-12.11.00:194][  0]LogHMD: Failed to initialize OpenVR with code 110
[2020.01.10-12.11.00:195][  0]LogStats: UGameplayTagsManager::InitializeManager -  0.000 s
[2020.01.10-12.11.00:401][  0]LogInit: Initializing FReadOnlyCVARCache
[2020.01.10-12.11.00:415][  0]LogAIModule: Creating AISystem for world Untitled
[2020.01.10-12.11.00:436][  0]LogInit: XAudio2 using 'Digital Audio (S/PDIF) (High Definition Audio Device)' : 2 channels at 48 kHz using 16 bits per sample (channel mask 0x3)
[2020.01.10-12.11.00:459][  0]LogInit: FAudioDevice initialized.
[2020.01.10-12.11.00:459][  0]LogNetVersion: Set ProjectVersion to 1.0.0.0. Version Checksum will be recalculated on next use.
[2020.01.10-12.11.00:539][  0]LogDerivedDataCache: Saved boot cache 0.08s 73MB C:/Users/chbrueckl/AppData/Local/UnrealEngine/4.23/DerivedDataCache/Boot.ddc.
[2020.01.10-12.11.00:543][  0]LogInit: Texture streaming: Enabled
[2020.01.10-12.11.00:560][  0]LogEngineSessionManager: EngineSessionManager initialized
[2020.01.10-12.11.00:560][  0]LogEditorSessionSummary: Verbose: Initializing EditorSessionSummaryWriter for editor session tracking
[2020.01.10-12.11.00:561][  0]LogEditorSessionSummary: EditorSessionSummaryWriter initialized
[2020.01.10-12.11.00:612][  0]LogInit: Transaction tracking system initialized
[2020.01.10-12.11.00:636][  0]BlueprintLog: New page: Editor Load
[2020.01.10-12.11.00:697][  0]LocalizationService: Localization service is disabled
[2020.01.10-12.11.00:901][  0]LogFileCache: Scanning file cache for directory 'D:/Pentum/MyProject - Copy/Content/' took 0.00s
[2020.01.10-12.11.00:901][  0]LogCook: Display: Max memory allowance for cook 16384mb min free memory 0mb
[2020.01.10-12.11.00:901][  0]LogCook: Display: Mobile HDR setting 1
[2020.01.10-12.11.01:069][  0]SourceControl: Source control is disabled
[2020.01.10-12.11.01:069][  0]Cmd: MAP LOAD FILE="../../../../../Pentum/MyProject - Copy/Content/FirstPersonBP/Maps/FirstPersonExampleMap.umap" TEMPLATE=0 SHOWPROGRESS=1 FEATURELEVEL=3
[2020.01.10-12.11.01:069][  0]LightingResults: New page: Lighting Build
[2020.01.10-12.11.01:071][  0]LogWorld: UWorld::CleanupWorld for Untitled, bSessionEnded=true, bCleanupResources=true
[2020.01.10-12.11.01:072][  0]MapCheck: New page: Map Check
[2020.01.10-12.11.01:072][  0]LightingResults: New page: Lighting Build
[2020.01.10-12.11.01:094][  0]LogUObjectHash: Compacting FUObjectHashTables data took   1.69ms
[2020.01.10-12.11.01:148][  0]LogBlueprint: Error: [Compiler FirstPerson_AnimBP] Play (None)  references an unknown sequence
[2020.01.10-12.11.01:150][  0]LogBlueprint: Error: [Compiler FirstPerson_AnimBP] Missing allocated node for AnimGraphNode_SequencePlayer_340 while searching for node links - likely due to the node having outstanding errors.
[2020.01.10-12.11.01:538][  0]LogAIModule: Creating AISystem for world FirstPersonExampleMap
[2020.01.10-12.11.01:560][  0]LogEditorServer: Finished looking for orphan Actors (0.000 secs)
[2020.01.10-12.11.01:594][  0]LogUObjectHash: Compacting FUObjectHashTables data took   2.45ms
[2020.01.10-12.11.01:594][  0]Cmd: MAP CHECKDEP NOCLEARLOG
[2020.01.10-12.11.01:594][  0]MapCheck: Map check complete: 0 Error(s), 0 Warning(s), took 0.133ms to complete.
[2020.01.10-12.11.01:594][  0]LogFileHelpers: Loading map 'FirstPersonExampleMap' took 0.525
[2020.01.10-12.11.01:823][  0]LogSlate: Updating window title bar state: overlay mode, drag disabled, window buttons hidden, title bar hidden
[2020.01.10-12.11.01:835][  0]LogSlate: Updating window title bar state: overlay mode, drag disabled, window buttons hidden, title bar hidden
[2020.01.10-12.11.01:843][  0]LogSlate: Updating window title bar state: overlay mode, drag disabled, window buttons hidden, title bar hidden
[2020.01.10-12.11.01:850][  0]LogSlate: Updating window title bar state: overlay mode, drag disabled, window buttons hidden, title bar hidden
[2020.01.10-12.11.01:857][  0]LogCollectionManager: Loaded 0 collections in 0.001783 seconds
[2020.01.10-12.11.01:863][  0]LogFileCache: Scanning file cache for directory 'D:/Pentum/MyProject - Copy/Saved/Collections/' took 0.00s
[2020.01.10-12.11.01:863][  0]LogFileCache: Scanning file cache for directory 'D:/Pentum/MyProject - Copy/Content/Developers/chbrueckl/Collections/' took 0.00s
[2020.01.10-12.11.01:863][  0]LogFileCache: Scanning file cache for directory 'D:/Pentum/MyProject - Copy/Content/Collections/' took 0.00s
[2020.01.10-12.11.01:863][  0]LogCollectionManager: Rebuilt the GUID cache for 0 collections in 0.000001 seconds
[2020.01.10-12.11.01:870][  0]LogContentBrowser: Native class hierarchy populated in 0.0076 seconds. Added 2864 classes and 681 folders.
[2020.01.10-12.11.01:876][  0]LogContentBrowser: Native class hierarchy updated for 'WidgetCarousel' in 0.0002 seconds. Added 0 classes and 0 folders.
[2020.01.10-12.11.01:922][  0]LogContentBrowser: Native class hierarchy updated for 'AddContentDialog' in 0.0002 seconds. Added 0 classes and 0 folders.
[2020.01.10-12.11.01:927][  0]LogContentBrowser: Native class hierarchy updated for 'SceneOutliner' in 0.0002 seconds. Added 1 classes and 2 folders.
[2020.01.10-12.11.02:001][  0]LogSlate: Took 0.000169 seconds to synchronously load lazily loaded font '../../../Engine/Content/Slate/Fonts/Roboto-Regular.ttf' (155K)
[2020.01.10-12.11.02:002][  0]LogSlate: Took 0.000132 seconds to synchronously load lazily loaded font '../../../Engine/Content/Slate/Fonts/Roboto-Bold.ttf' (160K)
[2020.01.10-12.11.02:006][  0]LogSlate: Took 0.000155 seconds to synchronously load lazily loaded font '../../../Engine/Content/Editor/Slate/Fonts/FontAwesome.ttf' (139K)
[2020.01.10-12.11.02:066][  0]LogRenderer: Reallocating scene render targets to support 500x300 Format 10 NumSamples 1 (Frame:1).
[2020.01.10-12.11.02:100][  0]LogRenderer: Reallocating scene render targets to support 1120x528 Format 10 NumSamples 1 (Frame:1).
[2020.01.10-12.11.02:148][  0]LogSlate: Took 0.000249 seconds to synchronously load lazily loaded font '../../../Engine/Content/Slate/Fonts/Roboto-Light.ttf' (167K)
[2020.01.10-12.11.02:190][  0]LogContentBrowser: Native class hierarchy updated for 'HierarchicalLODOutliner' in 0.0002 seconds. Added 0 classes and 0 folders.
[2020.01.10-12.11.02:190][  0]LogLoad: (Engine Initialization) Total time: 7.33 seconds
[2020.01.10-12.11.02:190][  0]LogLoad: (Engine Initialization) Total Blueprint compile time: 0.00 seconds
[2020.01.10-12.11.02:310][  0]LogAssetRegistry: Asset discovery search completed in 4.1944 seconds
[2020.01.10-12.11.02:314][  0]LogCollectionManager: Rebuilt the object cache for 0 collections in 0.000014 seconds (found 0 objects)
[2020.01.10-12.11.02:314][  0]LogCollectionManager: Fixed up redirectors for 0 collections in 0.000077 seconds (updated 0 objects)
[2020.01.10-12.11.02:315][  0]LogContentStreaming: Texture pool size now 1000 MB
[2020.01.10-12.11.02:546][  1]LogFileCache: Retrieving MD5 hashes for directory 'D:/Pentum/MyProject - Copy/Content/' took 0.34s
[2020.01.10-12.11.03:561][  4]LogSlate: Took 0.000648 seconds to synchronously load lazily loaded font '../../../Engine/Content/Slate/Fonts/Roboto-Light.ttf' (167K)
[2020.01.10-12.11.08:771][ 20]LogSlate: FSceneViewport::OnFocusLost() reason 0
[2020.01.10-12.11.18:562][ 85]LogAssetEditorManager: Opening Asset editor for Blueprint /Game/FirstPersonBP/Blueprints/FirstPersonCharacter.FirstPersonCharacter
[2020.01.10-12.11.18:773][ 85]LogContentBrowser: Native class hierarchy updated for 'BlueprintGraph' in 0.0005 seconds. Added 121 classes and 0 folders.
[2020.01.10-12.11.19:614][ 85]LogSlate: Took 0.000189 seconds to synchronously load lazily loaded font '../../../Engine/Content/Slate/Fonts/Roboto-BoldCondensed.ttf' (158K)
[2020.01.10-12.11.19:876][ 86]LogSlate: Took 0.000225 seconds to synchronously load lazily loaded font '../../../Engine/Content/Slate/Fonts/Roboto-Italic.ttf' (157K)
[2020.01.10-12.11.21:256][223]LogRenderer: Reallocating scene render targets to support 1256x716 Format 10 NumSamples 1 (Frame:1).
[2020.01.10-12.11.35:183][851]LogTemp: Repeating last play command: Selected Viewport
[2020.01.10-12.11.35:205][851]LogBlueprintUserMessages: Early PlayInEditor Detection: Level '/Game/FirstPersonBP/Maps/FirstPersonExampleMap.FirstPersonExampleMap:PersistentLevel' has LevelScriptBlueprint '/Game/FirstPersonBP/Maps/FirstPersonExampleMap.FirstPersonExampleMap:PersistentLevel.FirstPersonExampleMap' with GeneratedClass '/Game/FirstPersonBP/Maps/FirstPersonExampleMap.FirstPersonExampleMap_C' with ClassGeneratedBy '/Game/FirstPersonBP/Maps/FirstPersonExampleMap.FirstPersonExampleMap:PersistentLevel.FirstPersonExampleMap'
[2020.01.10-12.11.35:205][851]LogPlayLevel: PlayLevel: No blueprints needed recompiling
[2020.01.10-12.11.35:205][851]BlueprintLog: Warning: Blueprint failed to compile:  FirstPerson_AnimBP
[2020.01.10-12.11.35:205][851]LogCustomDialog: Dialog displayed:
[2020.01.10-12.11.36:602][851]LogSlate: Window 'Blueprint Compilation Errors' being destroyed
[2020.01.10-12.11.36:606][851]PIE: New page: PIE session: FirstPersonExampleMap (Jan 10, 2020, 2:11:36 PM)
[2020.01.10-12.11.36:607][851]LogOnline: OSS: Creating online subsystem instance for: NULL
[2020.01.10-12.11.36:608][851]LogPlayLevel: Creating play world package: /Game/FirstPersonBP/Maps/UEDPIE_0_FirstPersonExampleMap
[2020.01.10-12.11.36:638][851]LogPlayLevel: PIE: StaticDuplicateObject took: (0.029646s)
[2020.01.10-12.11.36:639][851]LogAIModule: Creating AISystem for world FirstPersonExampleMap
[2020.01.10-12.11.36:639][851]LogPlayLevel: PIE: World Init took: (0.001008s)
[2020.01.10-12.11.36:639][851]LogPlayLevel: PIE: Created PIE world by copying editor world from /Game/FirstPersonBP/Maps/FirstPersonExampleMap.FirstPersonExampleMap to /Game/FirstPersonBP/Maps/UEDPIE_0_FirstPersonExampleMap.FirstPersonExampleMap (0.030863s)
[2020.01.10-12.11.36:676][851]LogUObjectHash: Compacting FUObjectHashTables data took   3.78ms
[2020.01.10-12.11.36:694][851]LogInit: XAudio2 using 'Digital Audio (S/PDIF) (High Definition Audio Device)' : 2 channels at 48 kHz using 16 bits per sample (channel mask 0x3)
[2020.01.10-12.11.36:708][851]LogInit: FAudioDevice initialized.
[2020.01.10-12.11.36:714][851]LogLoad: Game class is 'FirstPersonGameMode_C'
[2020.01.10-12.11.36:722][851]LogWorld: Bringing World /Game/FirstPersonBP/Maps/UEDPIE_0_FirstPersonExampleMap.FirstPersonExampleMap up for play (max tick rate 0) at 2020.01.10-13.11.36
[2020.01.10-12.11.36:723][851]LogWorld: Bringing up level for play took: 0.007382
[2020.01.10-12.11.36:723][851]LogOnline: OSS: Creating online subsystem instance for: :Context_4
[2020.01.10-12.11.36:728][851]LogContentBrowser: Native class hierarchy updated for 'MovieSceneCapture' in 0.0003 seconds. Added 20 classes and 0 folders.
[2020.01.10-12.11.36:730][851]PIE: Play in editor start time for /Game/FirstPersonBP/Maps/UEDPIE_0_FirstPersonExampleMap 1.824
[2020.01.10-12.11.36:730][851]LogBlueprintUserMessages: Late PlayInEditor Detection: Level '/Game/FirstPersonBP/Maps/FirstPersonExampleMap.FirstPersonExampleMap:PersistentLevel' has LevelScriptBlueprint '/Game/FirstPersonBP/Maps/FirstPersonExampleMap.FirstPersonExampleMap:PersistentLevel.FirstPersonExampleMap' with GeneratedClass '/Game/FirstPersonBP/Maps/FirstPersonExampleMap.FirstPersonExampleMap_C' with ClassGeneratedBy '/Game/FirstPersonBP/Maps/FirstPersonExampleMap.FirstPersonExampleMap:PersistentLevel.FirstPersonExampleMap'
[2020.01.10-12.11.37:043][852]LogCharacterMovement: Warning: GetSimulationTimeStep() - Max iterations 8 hit while remaining time 0.061354 > MaxSimulationTimeStep (0.050) for 'FirstPersonCharacter_C_1', movement 'Walking'
[2020.01.10-12.11.37:215][863]LogBlueprintUserMessages: [ItemRegister_2] activated
[2020.01.10-12.11.52:352][674]LogBlueprintUserMessages: Early EndPlayMap Detection: Level '/Game/FirstPersonBP/Maps/FirstPersonExampleMap.FirstPersonExampleMap:PersistentLevel' has LevelScriptBlueprint '/Game/FirstPersonBP/Maps/FirstPersonExampleMap.FirstPersonExampleMap:PersistentLevel.FirstPersonExampleMap' with GeneratedClass '/Game/FirstPersonBP/Maps/FirstPersonExampleMap.FirstPersonExampleMap_C' with ClassGeneratedBy '/Game/FirstPersonBP/Maps/FirstPersonExampleMap.FirstPersonExampleMap:PersistentLevel.FirstPersonExampleMap'
[2020.01.10-12.11.52:352][674]LogSlate: Updating window title bar state: overlay mode, drag disabled, window buttons hidden, title bar hidden
[2020.01.10-12.11.52:352][674]LogWorld: BeginTearingDown for /Game/FirstPersonBP/Maps/UEDPIE_0_FirstPersonExampleMap
[2020.01.10-12.11.52:352][674]LogWorld: UWorld::CleanupWorld for FirstPersonExampleMap, bSessionEnded=true, bCleanupResources=true
[2020.01.10-12.11.52:354][674]LogBlueprintUserMessages: [ItemRegister_2] deactivated
[2020.01.10-12.11.52:392][674]LogPlayLevel: Display: Shutting down PIE online subsystems
[2020.01.10-12.11.52:392][674]LogBlueprintUserMessages: Late EndPlayMap Detection: Level '/Game/FirstPersonBP/Maps/FirstPersonExampleMap.FirstPersonExampleMap:PersistentLevel' has LevelScriptBlueprint '/Game/FirstPersonBP/Maps/FirstPersonExampleMap.FirstPersonExampleMap:PersistentLevel.FirstPersonExampleMap' with GeneratedClass '/Game/FirstPersonBP/Maps/FirstPersonExampleMap.FirstPersonExampleMap_C' with ClassGeneratedBy '/Game/FirstPersonBP/Maps/FirstPersonExampleMap.FirstPersonExampleMap:PersistentLevel.FirstPersonExampleMap'
[2020.01.10-12.11.52:432][674]LogSlate: Updating window title bar state: overlay mode, drag disabled, window buttons hidden, title bar hidden
[2020.01.10-12.11.52:462][674]LogUObjectHash: Compacting FUObjectHashTables data took   4.61ms
[2020.01.10-12.11.52:481][675]LogPlayLevel: Display: Destroying online subsystem :Context_4
[2020.01.10-12.11.53:704][821]LogSlate: FSceneViewport::OnFocusLost() reason 0
[2020.01.10-12.11.54:801][943]Cmd: OBJ SAVEPACKAGE PACKAGE="/Game/FirstPersonBP/Blueprints/FirstPersonCharacter" FILE="../../../../../Pentum/MyProject - Copy/Content/FirstPersonBP/Blueprints/FirstPersonCharacter.uasset" SILENT=true
[2020.01.10-12.11.54:975][943]LogSavePackage: Moving '../../../../../Pentum/MyProject - Copy/Saved/FirstPersonCharacter404FDB6744C02155BEC8CAADC1D3382F.tmp' to '../../../../../Pentum/MyProject - Copy/Content/FirstPersonBP/Blueprints/FirstPersonCharacter.uasset'
[2020.01.10-12.11.56:950][171]LogAssetEditorManager: Opening Asset editor for AnimBlueprint /Game/FirstPerson/Animations/BPNew.BPNew
[2020.01.10-12.11.56:963][171]LogContentBrowser: Native class hierarchy updated for 'SkeletonEditor' in 0.0003 seconds. Added 1 classes and 2 folders.
[2020.01.10-12.11.57:125][171]LogActorComponent: RegisterComponentWithWorld: (/Engine/Transient.World_4:PersistentLevel.AnimationEditorPreviewActor_0.DebugSkelMeshComponent_0) Already registered. Aborting.
[2020.01.10-12.11.57:128][171]LogContentBrowser: Native class hierarchy updated for 'PinnedCommandList' in 0.0002 seconds. Added 1 classes and 0 folders.
[2020.01.10-12.11.57:475][171]LogSkeletalMesh: USkeletalMeshComponent::InitArticulated : Bodies already created (/Engine/Transient.World_4:PersistentLevel.AnimationEditorPreviewActor_0.DebugSkelMeshComponent_0) - call TermArticulated first.
[2020.01.10-12.11.57:701][171]LogAssetEditorManager: Opening Asset editor for AnimSequence /Game/FirstPerson/Animations/FirstPerson_Run.FirstPerson_Run
[2020.01.10-12.11.57:723][171]LogActorComponent: RegisterComponentWithWorld: (/Engine/Transient.World_6:PersistentLevel.AnimationEditorPreviewActor_0.DebugSkelMeshComponent_0) Already registered. Aborting.
[2020.01.10-12.11.57:779][171]LogSkeletalMesh: USkeletalMeshComponent::InitArticulated : Bodies already created (/Engine/Transient.World_6:PersistentLevel.AnimationEditorPreviewActor_0.DebugSkelMeshComponent_0) - call TermArticulated first.
[2020.01.10-12.11.58:440][171]LogContentBrowser: Verbose: The majority of assets in the view are of type: AnimSequence
[2020.01.10-12.12.18:198][601]LogTemp: Repeating last play command: Selected Viewport
[2020.01.10-12.12.18:222][601]LogBlueprintUserMessages: Early PlayInEditor Detection: Level '/Game/FirstPersonBP/Maps/FirstPersonExampleMap.FirstPersonExampleMap:PersistentLevel' has LevelScriptBlueprint '/Game/FirstPersonBP/Maps/FirstPersonExampleMap.FirstPersonExampleMap:PersistentLevel.FirstPersonExampleMap' with GeneratedClass '/Game/FirstPersonBP/Maps/FirstPersonExampleMap.FirstPersonExampleMap_C' with ClassGeneratedBy '/Game/FirstPersonBP/Maps/FirstPersonExampleMap.FirstPersonExampleMap:PersistentLevel.FirstPersonExampleMap'
[2020.01.10-12.12.18:222][601]LogPlayLevel: PlayLevel: No blueprints needed recompiling
[2020.01.10-12.12.18:222][601]PIE: New page: PIE session: FirstPersonExampleMap (Jan 10, 2020, 2:12:18 PM)
[2020.01.10-12.12.18:222][601]LogPlayLevel: Creating play world package: /Game/FirstPersonBP/Maps/UEDPIE_0_FirstPersonExampleMap
[2020.01.10-12.12.18:249][601]LogPlayLevel: PIE: StaticDuplicateObject took: (0.026838s)
[2020.01.10-12.12.18:250][601]LogAIModule: Creating AISystem for world FirstPersonExampleMap
[2020.01.10-12.12.18:250][601]LogPlayLevel: PIE: World Init took: (0.001094s)
[2020.01.10-12.12.18:250][601]LogPlayLevel: PIE: Created PIE world by copying editor world from /Game/FirstPersonBP/Maps/FirstPersonExampleMap.FirstPersonExampleMap to /Game/FirstPersonBP/Maps/UEDPIE_0_FirstPersonExampleMap.FirstPersonExampleMap (0.028207s)
[2020.01.10-12.12.18:317][601]LogUObjectHash: Compacting FUObjectHashTables data took   5.56ms
[2020.01.10-12.12.18:336][601]LogInit: XAudio2 using 'Digital Audio (S/PDIF) (High Definition Audio Device)' : 2 channels at 48 kHz using 16 bits per sample (channel mask 0x3)
[2020.01.10-12.12.18:352][601]LogInit: FAudioDevice initialized.
[2020.01.10-12.12.18:358][601]LogSlate: Updating window title bar state: overlay mode, drag disabled, window buttons hidden, title bar hidden
[2020.01.10-12.12.18:358][601]LogLoad: Game class is 'FirstPersonGameMode_C'
[2020.01.10-12.12.18:367][601]LogWorld: Bringing World /Game/FirstPersonBP/Maps/UEDPIE_0_FirstPersonExampleMap.FirstPersonExampleMap up for play (max tick rate 0) at 2020.01.10-13.12.18
[2020.01.10-12.12.18:367][601]LogWorld: Bringing up level for play took: 0.008157
[2020.01.10-12.12.18:368][601]LogOnline: OSS: Creating online subsystem instance for: :Context_14
[2020.01.10-12.12.18:372][601]PIE: Play in editor start time for /Game/FirstPersonBP/Maps/UEDPIE_0_FirstPersonExampleMap -0.533
[2020.01.10-12.12.18:373][601]LogBlueprintUserMessages: Late PlayInEditor Detection: Level '/Game/FirstPersonBP/Maps/FirstPersonExampleMap.FirstPersonExampleMap:PersistentLevel' has LevelScriptBlueprint '/Game/FirstPersonBP/Maps/FirstPersonExampleMap.FirstPersonExampleMap:PersistentLevel.FirstPersonExampleMap' with GeneratedClass '/Game/FirstPersonBP/Maps/FirstPersonExampleMap.FirstPersonExampleMap_C' with ClassGeneratedBy '/Game/FirstPersonBP/Maps/FirstPersonExampleMap.FirstPersonExampleMap:PersistentLevel.FirstPersonExampleMap'
[2020.01.10-12.12.18:405][602]LogRenderer: Reallocating scene render targets to support 1280x720 Format 10 NumSamples 1 (Frame:1).
[2020.01.10-12.12.18:615][612]LogBlueprintUserMessages: [ItemRegister_2] activated
[2020.01.10-12.12.22:538][863]LogBlueprintUserMessages: [FirstPersonCharacter_C_1] pickupableitem is nullptr
[2020.01.10-12.12.31:015][425]LogBlueprintUserMessages: [ItemRegister_2] activated
[2020.01.10-12.12.32:756][539]LogBlueprintUserMessages: [ItemRegister_2] deactivated
[2020.01.10-12.12.32:786][541]LogBlueprintUserMessages: [ItemRegister_2] deactivated
[2020.01.10-12.12.32:793][541]PIE: Warning: Invalid Simulate Options: Body (Item_Statue_C_0.ItemMesh SM_Statue) is set to simulate physics but Collision Enabled is incompatible
[2020.01.10-12.12.32:793][541]PIE: Warning: Invalid Simulate Options: Body (Item_Statue_C_0.ItemMesh SM_Statue) is set to simulate physics but Collision Enabled is incompatible
[2020.01.10-12.12.58:805][279]LogBlueprintUserMessages: [FirstPersonCharacter_C_1] pickupableitem is nullptr
[2020.01.10-12.12.59:552][329]LogBlueprintUserMessages: [FirstPersonCharacter_C_1] pickupableitem is nullptr
[2020.01.10-12.13.00:143][368]PIE: Warning: Invalid Simulate Options: Body (Item_Statue_C_0.ItemMesh SM_Statue) is set to simulate physics but Collision Enabled is incompatible
[2020.01.10-12.13.00:143][368]PIE: Warning: Invalid Simulate Options: Body (Item_Statue_C_0.ItemMesh SM_Statue) is set to simulate physics but Collision Enabled is incompatible
[2020.01.10-12.13.02:219][501]LogEditorSessionSummary: EditorSessionSummary sent report. Type=Shutdown, SessionId={DC272FD8-41D6-B005-5D9C-A99256E0F56B}
[2020.01.10-12.13.10:785][ 73]LogBlueprintUserMessages: Early EndPlayMap Detection: Level '/Game/FirstPersonBP/Maps/FirstPersonExampleMap.FirstPersonExampleMap:PersistentLevel' has LevelScriptBlueprint '/Game/FirstPersonBP/Maps/FirstPersonExampleMap.FirstPersonExampleMap:PersistentLevel.FirstPersonExampleMap' with GeneratedClass '/Game/FirstPersonBP/Maps/FirstPersonExampleMap.FirstPersonExampleMap_C' with ClassGeneratedBy '/Game/FirstPersonBP/Maps/FirstPersonExampleMap.FirstPersonExampleMap:PersistentLevel.FirstPersonExampleMap'
[2020.01.10-12.13.10:785][ 73]LogSlate: Updating window title bar state: overlay mode, drag disabled, window buttons hidden, title bar hidden
[2020.01.10-12.13.10:785][ 73]LogWorld: BeginTearingDown for /Game/FirstPersonBP/Maps/UEDPIE_0_FirstPersonExampleMap
[2020.01.10-12.13.10:807][ 73]LogSlate: Window 'MyProject Game Preview Standalone (64-bit/PCD3D_SM5)' being destroyed
[2020.01.10-12.13.10:811][ 73]LogWorld: UWorld::CleanupWorld for FirstPersonExampleMap, bSessionEnded=true, bCleanupResources=true
[2020.01.10-12.13.10:827][ 73]LogPlayLevel: Display: Shutting down PIE online subsystems
[2020.01.10-12.13.10:827][ 73]LogBlueprintUserMessages: Late EndPlayMap Detection: Level '/Game/FirstPersonBP/Maps/FirstPersonExampleMap.FirstPersonExampleMap:PersistentLevel' has LevelScriptBlueprint '/Game/FirstPersonBP/Maps/FirstPersonExampleMap.FirstPersonExampleMap:PersistentLevel.FirstPersonExampleMap' with GeneratedClass '/Game/FirstPersonBP/Maps/FirstPersonExampleMap.FirstPersonExampleMap_C' with ClassGeneratedBy '/Game/FirstPersonBP/Maps/FirstPersonExampleMap.FirstPersonExampleMap:PersistentLevel.FirstPersonExampleMap'
[2020.01.10-12.13.10:882][ 73]LogUObjectHash: Compacting FUObjectHashTables data took   5.24ms
[2020.01.10-12.13.10:955][ 74]LogPlayLevel: Display: Destroying online subsystem :Context_14
[2020.01.10-12.13.15:996][438]LogSlate: Window 'Message Log' being destroyed
[2020.01.10-12.13.16:000][438]LogSlate: Window 'Message Log' being destroyed
[2020.01.10-12.15.02:723][697]LogSlate: FSceneViewport::OnFocusLost() reason 0
[2020.01.10-12.15.14:964][444]LogFactory: FactoryCreateFile: StaticMesh with FbxFactory (0 0 C:/Users/chbrueckl/Desktop/FirstPerson_Camera.FBX)
[2020.01.10-12.15.14:979][444]LogFbx: Loading FBX Scene from C:/Users/chbrueckl/Desktop/FirstPerson_Camera.FBX
[2020.01.10-12.15.15:012][444]LogFbx: FBX Scene Loaded Succesfully
[2020.01.10-12.15.16:480][444]LogWindows: Error: === Critical error: ===
[2020.01.10-12.15.16:481][444]LogWindows: Error: 
[2020.01.10-12.15.16:481][444]LogWindows: Error: Fatal error!
[2020.01.10-12.15.16:481][444]LogWindows: Error: 
[2020.01.10-12.15.16:481][444]LogWindows: Error: Unhandled Exception: EXCEPTION_INT_DIVIDE_BY_ZERO
[2020.01.10-12.15.16:481][444]LogWindows: Error: 
[2020.01.10-12.15.16:481][444]LogWindows: Error: [Callstack] 0x00007ffdf55e47d8 libfbxsdk.dll!UnknownFunction []
[2020.01.10-12.15.16:481][444]LogWindows: Error: [Callstack] 0x00007ffdfe7386f9 UE4Editor-UnrealEd.dll!UnknownFunction []
[2020.01.10-12.15.16:481][444]LogWindows: Error: [Callstack] 0x00007ffdfe6a86ad UE4Editor-UnrealEd.dll!UnknownFunction []
[2020.01.10-12.15.16:481][444]LogWindows: Error: [Callstack] 0x00007ffdfe649197 UE4Editor-UnrealEd.dll!UnknownFunction []
[2020.01.10-12.15.16:481][444]LogWindows: Error: [Callstack] 0x00007ffdcd6f4e79 UE4Editor-AssetTools.dll!UnknownFunction []
[2020.01.10-12.15.16:481][444]LogWindows: Error: [Callstack] 0x00007ffdcd6f2231 UE4Editor-AssetTools.dll!UnknownFunction []
[2020.01.10-12.15.16:481][444]LogWindows: Error: [Callstack] 0x00007ffdcd6f5be4 UE4Editor-AssetTools.dll!UnknownFunction []
[2020.01.10-12.15.16:481][444]LogWindows: Error: [Callstack] 0x00007ffdcc511014 UE4Editor-ContentBrowser.dll!UnknownFunction []
[2020.01.10-12.15.16:481][444]LogWindows: Error: [Callstack] 0x00007ffdcc509267 UE4Editor-ContentBrowser.dll!UnknownFunction []
[2020.01.10-12.15.16:481][444]LogWindows: Error: [Callstack] 0x00007ffdcc4da834 UE4Editor-ContentBrowser.dll!UnknownFunction []
[2020.01.10-12.15.16:481][444]LogWindows: Error: [Callstack] 0x00007ffe00ab58b8 UE4Editor-Slate.dll!UnknownFunction []
[2020.01.10-12.15.16:481][444]LogWindows: Error: [Callstack] 0x00007ffe00ad14b1 UE4Editor-Slate.dll!UnknownFunction []
[2020.01.10-12.15.16:481][444]LogWindows: Error: [Callstack] 0x00007ffe00915231 UE4Editor-Slate.dll!UnknownFunction []
[2020.01.10-12.15.16:481][444]LogWindows: Error: [Callstack] 0x00007ffe0099b4f1 UE4Editor-Slate.dll!UnknownFunction []
[2020.01.10-12.15.16:481][444]LogWindows: Error: [Callstack] 0x00007ffe009852e8 UE4Editor-Slate.dll!UnknownFunction []
[2020.01.10-12.15.16:481][444]LogWindows: Error: [Callstack] 0x00007ffe00979c91 UE4Editor-Slate.dll!UnknownFunction []
[2020.01.10-12.15.16:481][444]LogWindows: Error: [Callstack] 0x00007ffe18004e02 UE4Editor-ApplicationCore.dll!UnknownFunction []
[2020.01.10-12.15.16:481][444]LogWindows: Error: [Callstack] 0x00007ffe17ff26df UE4Editor-ApplicationCore.dll!UnknownFunction []
[2020.01.10-12.15.16:481][444]LogWindows: Error: [Callstack] 0x00007ffe18007340 UE4Editor-ApplicationCore.dll!UnknownFunction []
[2020.01.10-12.15.16:482][444]LogWindows: Error: [Callstack] 0x00007ffe17feedd0 UE4Editor-ApplicationCore.dll!UnknownFunction []
[2020.01.10-12.15.16:482][444]LogWindows: Error: [Callstack] 0x00007ffe2e6c63ed USER32.dll!UnknownFunction []
[2020.01.10-12.15.16:482][444]LogWindows: Error: [Callstack] 0x00007ffe2e6c5de2 USER32.dll!UnknownFunction []
[2020.01.10-12.15.16:482][444]LogWindows: Error: [Callstack] 0x00007ffe180088e9 UE4Editor-ApplicationCore.dll!UnknownFunction []
[2020.01.10-12.15.16:482][444]LogWindows: Error: [Callstack] 0x00007ff7becc6980 UE4Editor.exe!UnknownFunction []
[2020.01.10-12.15.16:482][444]LogWindows: Error: [Callstack] 0x00007ff7becda91c UE4Editor.exe!UnknownFunction []
[2020.01.10-12.15.16:482][444]LogWindows: Error: [Callstack] 0x00007ff7becda9fa UE4Editor.exe!UnknownFunction []
[2020.01.10-12.15.16:482][444]LogWindows: Error: [Callstack] 0x00007ff7beceb92c UE4Editor.exe!UnknownFunction []
[2020.01.10-12.15.16:482][444]LogWindows: Error: [Callstack] 0x00007ff7becee60e UE4Editor.exe!UnknownFunction []
[2020.01.10-12.15.16:482][444]LogWindows: Error: [Callstack] 0x00007ffe2da07bd4 KERNEL32.DLL!UnknownFunction []
[2020.01.10-12.15.16:482][444]LogWindows: Error: [Callstack] 0x00007ffe2f3cced1 ntdll.dll!UnknownFunction []
[2020.01.10-12.15.16:482][444]LogWindows: Error: 
[2020.01.10-12.15.16:517][444]LogExit: Executing StaticShutdownAfterError
[2020.01.10-12.15.16:522][444]LogWindows: FPlatformMisc::RequestExit(1)
[2020.01.10-12.15.16:550][444]Log file closed, 01/10/20 13:15:16
