Log file open, 01/21/20 10:41:59
LogWindows: Failed to load 'aqProf.dll' (GetLastError=126)
LogWindows: File 'aqProf.dll' does not exist
LogWindows: Failed to load 'VtuneApi.dll' (GetLastError=126)
LogWindows: File 'VtuneApi.dll' does not exist
LogWindows: Failed to load 'VtuneApi32e.dll' (GetLastError=126)
LogWindows: File 'VtuneApi32e.dll' does not exist
LogConsoleResponse: Display: Failed to find resolution value strings in scalability ini. Falling back to default.
LogInit: Display: Running engine for game: Pentum_Prototyp
LogPlatformFile: Not using cached read wrapper
LogTaskGraph: Started task graph with 5 named threads and 23 total threads with 3 sets of task threads.
LogStats: Stats thread started at 0.063315
LogD3D11RHI: Loaded GFSDK_Aftermath_Lib.x64.dll
LogICUInternationalization: ICU TimeZone Detection - Raw Offset: +1:00, Platform Override: ''
LogPluginManager: Mounting plugin Paper2D
LogPluginManager: Mounting plugin AISupport
LogPluginManager: Mounting plugin LightPropagationVolume
LogPluginManager: Mounting plugin ActorLayerUtilities
LogPluginManager: Mounting plugin AnimationSharing
LogPluginManager: Mounting plugin CLionSourceCodeAccess
LogPluginManager: Mounting plugin CodeLiteSourceCodeAccess
LogPluginManager: Mounting plugin GitSourceControl
LogPluginManager: Mounting plugin KDevelopSourceCodeAccess
LogPluginManager: Mounting plugin NullSourceCodeAccess
LogPluginManager: Mounting plugin PerforceSourceControl
LogPluginManager: Mounting plugin SubversionSourceControl
LogPluginManager: Mounting plugin UObjectPlugin
LogPluginManager: Mounting plugin VisualStudioCodeSourceCodeAccess
LogPluginManager: Mounting plugin VisualStudioSourceCodeAccess
LogPluginManager: Mounting plugin XCodeSourceCodeAccess
LogPluginManager: Mounting plugin AssetManagerEditor
LogPluginManager: Mounting plugin CryptoKeys
LogPluginManager: Mounting plugin CurveEditorTools
LogPluginManager: Mounting plugin DataValidation
LogPluginManager: Mounting plugin FacialAnimation
LogPluginManager: Mounting plugin GameplayTagsEditor
LogPluginManager: Mounting plugin MacGraphicsSwitching
LogPluginManager: Mounting plugin MaterialAnalyzer
LogPluginManager: Mounting plugin MobileLauncherProfileWizard
LogPluginManager: Mounting plugin PluginBrowser
LogPluginManager: Mounting plugin SpeedTreeImporter
LogPluginManager: Mounting plugin DatasmithContent
LogPluginManager: Mounting plugin VariantManagerContent
LogPluginManager: Mounting plugin AlembicImporter
LogPluginManager: Mounting plugin AutomationUtils
LogPluginManager: Mounting plugin BackChannel
LogPluginManager: Mounting plugin CharacterAI
LogPluginManager: Mounting plugin GeometryCache
LogPluginManager: Mounting plugin HTML5Networking
LogPluginManager: Mounting plugin PlatformCrypto
LogPluginManager: Mounting plugin ProxyLODPlugin
LogPluginManager: Mounting plugin SkeletalReduction
LogPluginManager: Mounting plugin MagicLeap
LogPluginManager: Mounting plugin MagicLeapMedia
LogPluginManager: Mounting plugin AndroidMedia
LogPluginManager: Mounting plugin AvfMedia
LogPluginManager: Mounting plugin ImgMedia
LogPluginManager: Mounting plugin MediaCompositing
LogPluginManager: Mounting plugin MediaPlayerEditor
LogPluginManager: Mounting plugin WebMMedia
LogPluginManager: Mounting plugin WmfMedia
LogPluginManager: Mounting plugin TcpMessaging
LogPluginManager: Mounting plugin UdpMessaging
LogPluginManager: Mounting plugin ActorSequence
LogPluginManager: Mounting plugin LevelSequenceEditor
LogPluginManager: Mounting plugin MatineeToLevelSequence
LogPluginManager: Mounting plugin NetcodeUnitTest
LogPluginManager: Mounting plugin NUTUnrealEngine4
LogPluginManager: Mounting plugin OnlineSubsystemGooglePlay
LogPluginManager: Mounting plugin OnlineSubsystemIOS
LogPluginManager: Mounting plugin OnlineSubsystem
LogPluginManager: Mounting plugin OnlineSubsystemNull
LogPluginManager: Mounting plugin OnlineSubsystemUtils
LogPluginManager: Mounting plugin LauncherChunkInstaller
LogPluginManager: Mounting plugin AndroidDeviceProfileSelector
LogPluginManager: Mounting plugin AndroidMoviePlayer
LogPluginManager: Mounting plugin AndroidPermission
LogPluginManager: Mounting plugin AppleImageUtils
LogPluginManager: Mounting plugin AppleMoviePlayer
LogPluginManager: Mounting plugin ArchVisCharacter
LogPluginManager: Mounting plugin AudioCapture
LogPluginManager: Mounting plugin CableComponent
LogPluginManager: Mounting plugin CustomMeshComponent
LogPluginManager: Mounting plugin EditableMesh
LogPluginManager: Mounting plugin ExampleDeviceProfileSelector
LogPluginManager: Mounting plugin GoogleCloudMessaging
LogPluginManager: Mounting plugin IOSDeviceProfileSelector
LogPluginManager: Mounting plugin LinuxDeviceProfileSelector
LogPluginManager: Mounting plugin LocationServicesBPLibrary
LogPluginManager: Mounting plugin MobilePatchingUtils
LogPluginManager: Mounting plugin OculusVR
LogPluginManager: Mounting plugin PhysXVehicles
LogPluginManager: Mounting plugin ProceduralMeshComponent
LogPluginManager: Mounting plugin RuntimePhysXCooking
LogPluginManager: Mounting plugin SignificanceManager
LogPluginManager: Mounting plugin SteamVR
LogPluginManager: Mounting plugin WebMMoviePlayer
LogPluginManager: Mounting plugin WindowsMoviePlayer
LogPluginManager: Mounting plugin ScreenshotTools
LogInit: Using libcurl 7.55.1-DEV
LogInit:  - built for x86_64-pc-win32
LogInit:  - supports SSL with OpenSSL/1.1.1
LogInit:  - supports HTTP deflate (compression) using libz 1.2.8
LogInit:  - other features:
LogInit:      CURL_VERSION_SSL
LogInit:      CURL_VERSION_LIBZ
LogInit:      CURL_VERSION_IPV6
LogInit:      CURL_VERSION_ASYNCHDNS
LogInit:      CURL_VERSION_LARGEFILE
LogInit:      CURL_VERSION_IDN
LogInit:  CurlRequestOptions (configurable via config and command line):
LogInit:  - bVerifyPeer = true  - Libcurl will verify peer certificate
LogInit:  - bUseHttpProxy = false  - Libcurl will NOT use HTTP proxy
LogInit:  - bDontReuseConnections = false  - Libcurl will reuse connections
LogInit:  - MaxHostConnections = 16  - Libcurl will limit the number of connections to a host
LogInit:  - LocalHostAddr = Default
LogInit:  - BufferSize = 65536
LogOnline: OSS: Creating online subsystem instance for: NULL
LogInit: WinSock: version 1.1 (2.2), MaxSocks=32767, MaxUdp=65467
LogInit: Build: ++UE4+Release-4.23-CL-8386587
LogInit: Engine Version: 4.23.0-8386587+++UE4+Release-4.23
LogInit: Compatible Engine Version: 4.23.0-8386587+++UE4+Release-4.23
LogInit: Net CL: 8386587
LogInit: OS: Windows 10 (Release 1903) (), CPU: Intel(R) Core(TM) i7-6700 CPU @ 3.40GHz, GPU: NVIDIA GeForce GTX 980
LogInit: Compiled (64-bit): Aug 31 2019 02:04:44
LogInit: Compiled with Visual C++: 19.16.27030.01
LogInit: Build Configuration: Development
LogInit: Branch Name: ++UE4+Release-4.23
LogInit: Command Line: 
LogInit: Base Directory: D:/Unreal/UE_4.23/Engine/Binaries/Win64/
LogInit: Installed Engine Build: 1
LogDevObjectVersion: Number of dev versions registered: 23
LogDevObjectVersion:   Dev-Blueprints (B0D832E4-1F89-4F0D-ACCF-7EB736FD4AA2): 10
LogDevObjectVersion:   Dev-Build (E1C64328-A22C-4D53-A36C-8E866417BD8C): 0
LogDevObjectVersion:   Dev-Core (375EC13C-06E4-48FB-B500-84F0262A717E): 3
LogDevObjectVersion:   Dev-Editor (E4B068ED-F494-42E9-A231-DA0B2E46BB41): 34
LogDevObjectVersion:   Dev-Framework (CFFC743F-43B0-4480-9391-14DF171D2073): 35
LogDevObjectVersion:   Dev-Mobile (B02B49B5-BB20-44E9-A304-32B752E40360): 2
LogDevObjectVersion:   Dev-Networking (A4E4105C-59A1-49B5-A7C5-40C4547EDFEE): 0
LogDevObjectVersion:   Dev-Online (39C831C9-5AE6-47DC-9A44-9C173E1C8E7C): 0
LogDevObjectVersion:   Dev-Physics (78F01B33-EBEA-4F98-B9B4-84EACCB95AA2): 0
LogDevObjectVersion:   Dev-Platform (6631380F-2D4D-43E0-8009-CF276956A95A): 0
LogDevObjectVersion:   Dev-Rendering (12F88B9F-8875-4AFC-A67C-D90C383ABD29): 31
LogDevObjectVersion:   Dev-Sequencer (7B5AE74C-D270-4C10-A958-57980B212A5A): 11
LogDevObjectVersion:   Dev-VR (D7296918-1DD6-4BDD-9DE2-64A83CC13884): 2
LogDevObjectVersion:   Dev-LoadTimes (C2A15278-BFE7-4AFE-6C17-90FF531DF755): 1
LogDevObjectVersion:   Private-Geometry (6EACA3D4-40EC-4CC1-B786-8BED09428FC5): 3
LogDevObjectVersion:   Dev-AnimPhys (29E575DD-E0A3-4627-9D10-D276232CDCEA): 17
LogDevObjectVersion:   Dev-Anim (AF43A65D-7FD3-4947-9873-3E8ED9C1BB05): 2
LogDevObjectVersion:   Dev-ReflectionCapture (6B266CEC-1EC7-4B8F-A30B-E4D90942FC07): 1
LogDevObjectVersion:   Dev-Automation (0DF73D61-A23F-47EA-B727-89E90C41499A): 1
LogDevObjectVersion:   FortniteMain (601D1886-AC64-4F84-AA16-D3DE0DEAC7D6): 27
LogDevObjectVersion:   Dev-Enterprise (9DFFBCD6-494F-0158-E221-12823C92A888): 6
LogDevObjectVersion:   Dev-Niagara (F2AED0AC-9AFE-416F-8664-AA7FFA26D6FC): 1
LogDevObjectVersion:   Dev-Destruction (174F1F0B-B4C6-45A5-B13F-2EE8D0FB917D): 9
LogInit: Presizing for max 16777216 objects, including 0 objects not considered by GC, pre-allocating 0 bytes for permanent pool.
LogInit: Object subsystem initialized
LogConfig: Setting CVar [[con.DebugEarlyDefault:1]]
LogConfig: Setting CVar [[r.setres:1280x720]]
[2020.01.21-09.41.59:438][  0]LogConfig: Setting CVar [[r.VSync:0]]
[2020.01.21-09.41.59:438][  0]LogConfig: Setting CVar [[r.RHICmdBypass:0]]
[2020.01.21-09.41.59:438][  0]LogConfig: Applying CVar settings from Section [/Script/Engine.RendererSettings] File [D:/Pentum/Pentum/Pentum_Prototyp/Saved/Config/Windows/Engine.ini]
[2020.01.21-09.41.59:438][  0]LogConfig: Setting CVar [[r.GPUCrashDebugging:0]]
[2020.01.21-09.41.59:438][  0]LogConfig: Applying CVar settings from Section [/Script/Engine.RendererOverrideSettings] File [D:/Pentum/Pentum/Pentum_Prototyp/Saved/Config/Windows/Engine.ini]
[2020.01.21-09.41.59:438][  0]LogConfig: Applying CVar settings from Section [/Script/Engine.StreamingSettings] File [D:/Pentum/Pentum/Pentum_Prototyp/Saved/Config/Windows/Engine.ini]
[2020.01.21-09.41.59:438][  0]LogConfig: Setting CVar [[s.MinBulkDataSizeForAsyncLoading:131072]]
[2020.01.21-09.41.59:438][  0]LogConfig: Setting CVar [[s.AsyncLoadingThreadEnabled:0]]
[2020.01.21-09.41.59:438][  0]LogConfig: Setting CVar [[s.EventDrivenLoaderEnabled:1]]
[2020.01.21-09.41.59:438][  0]LogConfig: Setting CVar [[s.WarnIfTimeLimitExceeded:0]]
[2020.01.21-09.41.59:438][  0]LogConfig: Setting CVar [[s.TimeLimitExceededMultiplier:1.5]]
[2020.01.21-09.41.59:438][  0]LogConfig: Setting CVar [[s.TimeLimitExceededMinTime:0.005]]
[2020.01.21-09.41.59:438][  0]LogConfig: Setting CVar [[s.UseBackgroundLevelStreaming:1]]
[2020.01.21-09.41.59:438][  0]LogConfig: Setting CVar [[s.PriorityAsyncLoadingExtraTime:15.0]]
[2020.01.21-09.41.59:438][  0]LogConfig: Setting CVar [[s.LevelStreamingActorsUpdateTimeLimit:5.0]]
[2020.01.21-09.41.59:438][  0]LogConfig: Setting CVar [[s.PriorityLevelStreamingActorsUpdateExtraTime:5.0]]
[2020.01.21-09.41.59:438][  0]LogConfig: Setting CVar [[s.LevelStreamingComponentsRegistrationGranularity:10]]
[2020.01.21-09.41.59:438][  0]LogConfig: Setting CVar [[s.UnregisterComponentsTimeLimit:1.0]]
[2020.01.21-09.41.59:438][  0]LogConfig: Setting CVar [[s.LevelStreamingComponentsUnregistrationGranularity:5]]
[2020.01.21-09.41.59:438][  0]LogConfig: Applying CVar settings from Section [/Script/Engine.GarbageCollectionSettings] File [D:/Pentum/Pentum/Pentum_Prototyp/Saved/Config/Windows/Engine.ini]
[2020.01.21-09.41.59:438][  0]LogConfig: Setting CVar [[gc.MaxObjectsNotConsideredByGC:1]]
[2020.01.21-09.41.59:438][  0]LogConfig: Setting CVar [[gc.SizeOfPermanentObjectPool:0]]
[2020.01.21-09.41.59:438][  0]LogConfig: Setting CVar [[gc.FlushStreamingOnGC:0]]
[2020.01.21-09.41.59:438][  0]LogConfig: Setting CVar [[gc.NumRetriesBeforeForcingGC:10]]
[2020.01.21-09.41.59:438][  0]LogConfig: Setting CVar [[gc.AllowParallelGC:1]]
[2020.01.21-09.41.59:438][  0]LogConfig: Setting CVar [[gc.TimeBetweenPurgingPendingKillObjects:61.1]]
[2020.01.21-09.41.59:438][  0]LogConfig: Setting CVar [[gc.MaxObjectsInEditor:16777216]]
[2020.01.21-09.41.59:438][  0]LogConfig: Setting CVar [[gc.IncrementalBeginDestroyEnabled:1]]
[2020.01.21-09.41.59:438][  0]LogConfig: Setting CVar [[gc.CreateGCClusters:1]]
[2020.01.21-09.41.59:438][  0]LogConfig: Setting CVar [[gc.MinGCClusterSize:5]]
[2020.01.21-09.41.59:438][  0]LogConfig: Setting CVar [[gc.ActorClusteringEnabled:0]]
[2020.01.21-09.41.59:438][  0]LogConfig: Setting CVar [[gc.BlueprintClusteringEnabled:0]]
[2020.01.21-09.41.59:438][  0]LogConfig: Setting CVar [[gc.UseDisregardForGCOnDedicatedServers:0]]
[2020.01.21-09.41.59:438][  0]LogConfig: Applying CVar settings from Section [/Script/Engine.NetworkSettings] File [D:/Pentum/Pentum/Pentum_Prototyp/Saved/Config/Windows/Engine.ini]
[2020.01.21-09.41.59:438][  0]LogConfig: Applying CVar settings from Section [/Script/UnrealEd.CookerSettings] File [D:/Pentum/Pentum/Pentum_Prototyp/Saved/Config/Windows/Engine.ini]
[2020.01.21-09.41.59:442][  0]LogConfig: Applying CVar settings from Section [ViewDistanceQuality@3] File [D:/Pentum/Pentum/Pentum_Prototyp/Saved/Config/Windows/Scalability.ini]
[2020.01.21-09.41.59:442][  0]LogConfig: Setting CVar [[r.SkeletalMeshLODBias:0]]
[2020.01.21-09.41.59:442][  0]LogConfig: Setting CVar [[r.ViewDistanceScale:1.0]]
[2020.01.21-09.41.59:442][  0]LogConfig: Applying CVar settings from Section [AntiAliasingQuality@3] File [D:/Pentum/Pentum/Pentum_Prototyp/Saved/Config/Windows/Scalability.ini]
[2020.01.21-09.41.59:442][  0]LogConfig: Setting CVar [[r.PostProcessAAQuality:4]]
[2020.01.21-09.41.59:442][  0]LogConfig: Applying CVar settings from Section [ShadowQuality@3] File [D:/Pentum/Pentum/Pentum_Prototyp/Saved/Config/Windows/Scalability.ini]
[2020.01.21-09.41.59:442][  0]LogConfig: Setting CVar [[r.LightFunctionQuality:1]]
[2020.01.21-09.41.59:442][  0]LogConfig: Setting CVar [[r.ShadowQuality:5]]
[2020.01.21-09.41.59:442][  0]LogConfig: Setting CVar [[r.Shadow.CSM.MaxCascades:10]]
[2020.01.21-09.41.59:442][  0]LogConfig: Setting CVar [[r.Shadow.MaxResolution:2048]]
[2020.01.21-09.41.59:442][  0]LogConfig: Setting CVar [[r.Shadow.MaxCSMResolution:2048]]
[2020.01.21-09.41.59:442][  0]LogConfig: Setting CVar [[r.Shadow.RadiusThreshold:0.01]]
[2020.01.21-09.41.59:442][  0]LogConfig: Setting CVar [[r.Shadow.DistanceScale:1.0]]
[2020.01.21-09.41.59:442][  0]LogConfig: Setting CVar [[r.Shadow.CSM.TransitionScale:1.0]]
[2020.01.21-09.41.59:442][  0]LogConfig: Setting CVar [[r.Shadow.PreShadowResolutionFactor:1.0]]
[2020.01.21-09.41.59:442][  0]LogConfig: Setting CVar [[r.DistanceFieldShadowing:1]]
[2020.01.21-09.41.59:442][  0]LogConfig: Setting CVar [[r.DistanceFieldAO:1]]
[2020.01.21-09.41.59:442][  0]LogConfig: Setting CVar [[r.AOQuality:2]]
[2020.01.21-09.41.59:443][  0]LogConfig: Setting CVar [[r.VolumetricFog:1]]
[2020.01.21-09.41.59:443][  0]LogConfig: Setting CVar [[r.VolumetricFog.GridPixelSize:8]]
[2020.01.21-09.41.59:443][  0]LogConfig: Setting CVar [[r.VolumetricFog.GridSizeZ:128]]
[2020.01.21-09.41.59:443][  0]LogConfig: Setting CVar [[r.VolumetricFog.HistoryMissSupersampleCount:4]]
[2020.01.21-09.41.59:443][  0]LogConfig: Setting CVar [[r.LightMaxDrawDistanceScale:1]]
[2020.01.21-09.41.59:443][  0]LogConfig: Setting CVar [[r.CapsuleShadows:1]]
[2020.01.21-09.41.59:443][  0]LogConfig: Applying CVar settings from Section [PostProcessQuality@3] File [D:/Pentum/Pentum/Pentum_Prototyp/Saved/Config/Windows/Scalability.ini]
[2020.01.21-09.41.59:443][  0]LogConfig: Setting CVar [[r.MotionBlurQuality:4]]
[2020.01.21-09.41.59:443][  0]LogConfig: Setting CVar [[r.AmbientOcclusionMipLevelFactor:0.4]]
[2020.01.21-09.41.59:443][  0]LogConfig: Setting CVar [[r.AmbientOcclusionMaxQuality:100]]
[2020.01.21-09.41.59:443][  0]LogConfig: Setting CVar [[r.AmbientOcclusionLevels:-1]]
[2020.01.21-09.41.59:443][  0]LogConfig: Setting CVar [[r.AmbientOcclusionRadiusScale:1.0]]
[2020.01.21-09.41.59:443][  0]LogConfig: Setting CVar [[r.DepthOfFieldQuality:2]]
[2020.01.21-09.41.59:443][  0]LogConfig: Setting CVar [[r.RenderTargetPoolMin:400]]
[2020.01.21-09.41.59:443][  0]LogConfig: Setting CVar [[r.LensFlareQuality:2]]
[2020.01.21-09.41.59:443][  0]LogConfig: Setting CVar [[r.SceneColorFringeQuality:1]]
[2020.01.21-09.41.59:443][  0]LogConfig: Setting CVar [[r.EyeAdaptationQuality:2]]
[2020.01.21-09.41.59:443][  0]LogConfig: Setting CVar [[r.BloomQuality:5]]
[2020.01.21-09.41.59:443][  0]LogConfig: Setting CVar [[r.FastBlurThreshold:100]]
[2020.01.21-09.41.59:443][  0]LogConfig: Setting CVar [[r.Upscale.Quality:3]]
[2020.01.21-09.41.59:443][  0]LogConfig: Setting CVar [[r.Tonemapper.GrainQuantization:1]]
[2020.01.21-09.41.59:443][  0]LogConfig: Setting CVar [[r.LightShaftQuality:1]]
[2020.01.21-09.41.59:443][  0]LogConfig: Setting CVar [[r.Filter.SizeScale:1]]
[2020.01.21-09.41.59:443][  0]LogConfig: Setting CVar [[r.Tonemapper.Quality:5]]
[2020.01.21-09.41.59:443][  0]LogConfig: Setting CVar [[r.DOF.Gather.AccumulatorQuality:1        ; higher gathering accumulator quality]]
[2020.01.21-09.41.59:443][  0]LogConfig: Setting CVar [[r.DOF.Gather.PostfilterMethod:1          ; Median3x3 postfilering method]]
[2020.01.21-09.41.59:443][  0]LogConfig: Setting CVar [[r.DOF.Gather.EnableBokehSettings:0       ; no bokeh simulation when gathering]]
[2020.01.21-09.41.59:443][  0]LogConfig: Setting CVar [[r.DOF.Gather.RingCount:4                 ; medium number of samples when gathering]]
[2020.01.21-09.41.59:443][  0]LogConfig: Setting CVar [[r.DOF.Scatter.ForegroundCompositing:1    ; additive foreground scattering]]
[2020.01.21-09.41.59:443][  0]LogConfig: Setting CVar [[r.DOF.Scatter.BackgroundCompositing:2    ; additive background scattering]]
[2020.01.21-09.41.59:443][  0]LogConfig: Setting CVar [[r.DOF.Scatter.EnableBokehSettings:1      ; bokeh simulation when scattering]]
[2020.01.21-09.41.59:443][  0]LogConfig: Setting CVar [[r.DOF.Scatter.MaxSpriteRatio:0.1         ; only a maximum of 10% of scattered bokeh]]
[2020.01.21-09.41.59:443][  0]LogConfig: Setting CVar [[r.DOF.Recombine.Quality:1                ; cheap slight out of focus]]
[2020.01.21-09.41.59:443][  0]LogConfig: Setting CVar [[r.DOF.Recombine.EnableBokehSettings:0    ; no bokeh simulation on slight out of focus]]
[2020.01.21-09.41.59:443][  0]LogConfig: Setting CVar [[r.DOF.TemporalAAQuality:1                ; more stable temporal accumulation]]
[2020.01.21-09.41.59:443][  0]LogConfig: Setting CVar [[r.DOF.Kernel.MaxForegroundRadius:0.025]]
[2020.01.21-09.41.59:443][  0]LogConfig: Setting CVar [[r.DOF.Kernel.MaxBackgroundRadius:0.025]]
[2020.01.21-09.41.59:443][  0]LogConfig: Applying CVar settings from Section [TextureQuality@3] File [D:/Pentum/Pentum/Pentum_Prototyp/Saved/Config/Windows/Scalability.ini]
[2020.01.21-09.41.59:443][  0]LogConfig: Setting CVar [[r.Streaming.MipBias:0]]
[2020.01.21-09.41.59:443][  0]LogConfig: Setting CVar [[r.Streaming.AmortizeCPUToGPUCopy:0]]
[2020.01.21-09.41.59:443][  0]LogConfig: Setting CVar [[r.Streaming.MaxNumTexturesToStreamPerFrame:0]]
[2020.01.21-09.41.59:443][  0]LogConfig: Setting CVar [[r.Streaming.Boost:1]]
[2020.01.21-09.41.59:443][  0]LogConfig: Setting CVar [[r.MaxAnisotropy:8]]
[2020.01.21-09.41.59:443][  0]LogConfig: Setting CVar [[r.Streaming.LimitPoolSizeToVRAM:0]]
[2020.01.21-09.41.59:443][  0]LogConfig: Setting CVar [[r.Streaming.PoolSize:1000]]
[2020.01.21-09.41.59:443][  0]LogConfig: Setting CVar [[r.Streaming.MaxEffectiveScreenSize:0]]
[2020.01.21-09.41.59:443][  0]LogConfig: Applying CVar settings from Section [EffectsQuality@3] File [D:/Pentum/Pentum/Pentum_Prototyp/Saved/Config/Windows/Scalability.ini]
[2020.01.21-09.41.59:443][  0]LogConfig: Setting CVar [[r.TranslucencyLightingVolumeDim:64]]
[2020.01.21-09.41.59:443][  0]LogConfig: Setting CVar [[r.RefractionQuality:2]]
[2020.01.21-09.41.59:443][  0]LogConfig: Setting CVar [[r.SSR.Quality:3]]
[2020.01.21-09.41.59:443][  0]LogConfig: Setting CVar [[r.SceneColorFormat:4]]
[2020.01.21-09.41.59:443][  0]LogConfig: Setting CVar [[r.DetailMode:2]]
[2020.01.21-09.41.59:443][  0]LogConfig: Setting CVar [[r.TranslucencyVolumeBlur:1]]
[2020.01.21-09.41.59:443][  0]LogConfig: Setting CVar [[r.MaterialQualityLevel:1 ; High quality]]
[2020.01.21-09.41.59:443][  0]LogConfig: Setting CVar [[r.SSS.Scale:1]]
[2020.01.21-09.41.59:443][  0]LogConfig: Setting CVar [[r.SSS.SampleSet:2]]
[2020.01.21-09.41.59:443][  0]LogConfig: Setting CVar [[r.SSS.Quality:1]]
[2020.01.21-09.41.59:443][  0]LogConfig: Setting CVar [[r.SSS.HalfRes:1]]
[2020.01.21-09.41.59:443][  0]LogConfig: Setting CVar [[r.EmitterSpawnRateScale:1.0]]
[2020.01.21-09.41.59:443][  0]LogConfig: Setting CVar [[r.ParticleLightQuality:2]]
[2020.01.21-09.41.59:443][  0]LogConfig: Applying CVar settings from Section [FoliageQuality@3] File [D:/Pentum/Pentum/Pentum_Prototyp/Saved/Config/Windows/Scalability.ini]
[2020.01.21-09.41.59:443][  0]LogConfig: Setting CVar [[foliage.DensityScale:1.0]]
[2020.01.21-09.41.59:443][  0]LogConfig: Setting CVar [[grass.DensityScale:1.0]]
[2020.01.21-09.41.59:443][  0]LogInit: Selected Device Profile: [Windows]
[2020.01.21-09.41.59:443][  0]LogInit: Applying CVar settings loaded from the selected device profile: [Windows]
[2020.01.21-09.41.59:446][  0]LogHAL: Display: Platform has ~ 16 GB [17127161856 / 17179869184 / 16], which maps to Larger [LargestMinGB=32, LargerMinGB=12, DefaultMinGB=8, SmallerMinGB=6, SmallestMinGB=0)
[2020.01.21-09.41.59:446][  0]LogInit: Going up to parent DeviceProfile []
[2020.01.21-09.41.59:446][  0]LogConfig: Applying CVar settings from Section [ViewDistanceQuality@3] File [D:/Pentum/Pentum/Pentum_Prototyp/Saved/Config/Windows/Scalability.ini]
[2020.01.21-09.41.59:446][  0]LogConfig: Setting CVar [[r.SkeletalMeshLODBias:0]]
[2020.01.21-09.41.59:446][  0]LogConfig: Setting CVar [[r.ViewDistanceScale:1.0]]
[2020.01.21-09.41.59:446][  0]LogConfig: Applying CVar settings from Section [AntiAliasingQuality@3] File [D:/Pentum/Pentum/Pentum_Prototyp/Saved/Config/Windows/Scalability.ini]
[2020.01.21-09.41.59:446][  0]LogConfig: Setting CVar [[r.PostProcessAAQuality:4]]
[2020.01.21-09.41.59:446][  0]LogConfig: Applying CVar settings from Section [ShadowQuality@3] File [D:/Pentum/Pentum/Pentum_Prototyp/Saved/Config/Windows/Scalability.ini]
[2020.01.21-09.41.59:446][  0]LogConfig: Setting CVar [[r.LightFunctionQuality:1]]
[2020.01.21-09.41.59:446][  0]LogConfig: Setting CVar [[r.ShadowQuality:5]]
[2020.01.21-09.41.59:446][  0]LogConfig: Setting CVar [[r.Shadow.CSM.MaxCascades:10]]
[2020.01.21-09.41.59:446][  0]LogConfig: Setting CVar [[r.Shadow.MaxResolution:2048]]
[2020.01.21-09.41.59:446][  0]LogConfig: Setting CVar [[r.Shadow.MaxCSMResolution:2048]]
[2020.01.21-09.41.59:446][  0]LogConfig: Setting CVar [[r.Shadow.RadiusThreshold:0.01]]
[2020.01.21-09.41.59:446][  0]LogConfig: Setting CVar [[r.Shadow.DistanceScale:1.0]]
[2020.01.21-09.41.59:446][  0]LogConfig: Setting CVar [[r.Shadow.CSM.TransitionScale:1.0]]
[2020.01.21-09.41.59:446][  0]LogConfig: Setting CVar [[r.Shadow.PreShadowResolutionFactor:1.0]]
[2020.01.21-09.41.59:446][  0]LogConfig: Setting CVar [[r.DistanceFieldShadowing:1]]
[2020.01.21-09.41.59:446][  0]LogConfig: Setting CVar [[r.DistanceFieldAO:1]]
[2020.01.21-09.41.59:446][  0]LogConfig: Setting CVar [[r.AOQuality:2]]
[2020.01.21-09.41.59:446][  0]LogConfig: Setting CVar [[r.VolumetricFog:1]]
[2020.01.21-09.41.59:446][  0]LogConfig: Setting CVar [[r.VolumetricFog.GridPixelSize:8]]
[2020.01.21-09.41.59:446][  0]LogConfig: Setting CVar [[r.VolumetricFog.GridSizeZ:128]]
[2020.01.21-09.41.59:446][  0]LogConfig: Setting CVar [[r.VolumetricFog.HistoryMissSupersampleCount:4]]
[2020.01.21-09.41.59:446][  0]LogConfig: Setting CVar [[r.LightMaxDrawDistanceScale:1]]
[2020.01.21-09.41.59:446][  0]LogConfig: Setting CVar [[r.CapsuleShadows:1]]
[2020.01.21-09.41.59:446][  0]LogConfig: Applying CVar settings from Section [PostProcessQuality@3] File [D:/Pentum/Pentum/Pentum_Prototyp/Saved/Config/Windows/Scalability.ini]
[2020.01.21-09.41.59:446][  0]LogConfig: Setting CVar [[r.MotionBlurQuality:4]]
[2020.01.21-09.41.59:447][  0]LogConfig: Setting CVar [[r.AmbientOcclusionMipLevelFactor:0.4]]
[2020.01.21-09.41.59:447][  0]LogConfig: Setting CVar [[r.AmbientOcclusionMaxQuality:100]]
[2020.01.21-09.41.59:447][  0]LogConfig: Setting CVar [[r.AmbientOcclusionLevels:-1]]
[2020.01.21-09.41.59:447][  0]LogConfig: Setting CVar [[r.AmbientOcclusionRadiusScale:1.0]]
[2020.01.21-09.41.59:447][  0]LogConfig: Setting CVar [[r.DepthOfFieldQuality:2]]
[2020.01.21-09.41.59:447][  0]LogConfig: Setting CVar [[r.RenderTargetPoolMin:400]]
[2020.01.21-09.41.59:447][  0]LogConfig: Setting CVar [[r.LensFlareQuality:2]]
[2020.01.21-09.41.59:447][  0]LogConfig: Setting CVar [[r.SceneColorFringeQuality:1]]
[2020.01.21-09.41.59:447][  0]LogConfig: Setting CVar [[r.EyeAdaptationQuality:2]]
[2020.01.21-09.41.59:447][  0]LogConfig: Setting CVar [[r.BloomQuality:5]]
[2020.01.21-09.41.59:447][  0]LogConfig: Setting CVar [[r.FastBlurThreshold:100]]
[2020.01.21-09.41.59:447][  0]LogConfig: Setting CVar [[r.Upscale.Quality:3]]
[2020.01.21-09.41.59:447][  0]LogConfig: Setting CVar [[r.Tonemapper.GrainQuantization:1]]
[2020.01.21-09.41.59:447][  0]LogConfig: Setting CVar [[r.LightShaftQuality:1]]
[2020.01.21-09.41.59:447][  0]LogConfig: Setting CVar [[r.Filter.SizeScale:1]]
[2020.01.21-09.41.59:447][  0]LogConfig: Setting CVar [[r.Tonemapper.Quality:5]]
[2020.01.21-09.41.59:447][  0]LogConfig: Setting CVar [[r.DOF.Gather.AccumulatorQuality:1        ; higher gathering accumulator quality]]
[2020.01.21-09.41.59:447][  0]LogConfig: Setting CVar [[r.DOF.Gather.PostfilterMethod:1          ; Median3x3 postfilering method]]
[2020.01.21-09.41.59:447][  0]LogConfig: Setting CVar [[r.DOF.Gather.EnableBokehSettings:0       ; no bokeh simulation when gathering]]
[2020.01.21-09.41.59:447][  0]LogConfig: Setting CVar [[r.DOF.Gather.RingCount:4                 ; medium number of samples when gathering]]
[2020.01.21-09.41.59:447][  0]LogConfig: Setting CVar [[r.DOF.Scatter.ForegroundCompositing:1    ; additive foreground scattering]]
[2020.01.21-09.41.59:447][  0]LogConfig: Setting CVar [[r.DOF.Scatter.BackgroundCompositing:2    ; additive background scattering]]
[2020.01.21-09.41.59:447][  0]LogConfig: Setting CVar [[r.DOF.Scatter.EnableBokehSettings:1      ; bokeh simulation when scattering]]
[2020.01.21-09.41.59:447][  0]LogConfig: Setting CVar [[r.DOF.Scatter.MaxSpriteRatio:0.1         ; only a maximum of 10% of scattered bokeh]]
[2020.01.21-09.41.59:447][  0]LogConfig: Setting CVar [[r.DOF.Recombine.Quality:1                ; cheap slight out of focus]]
[2020.01.21-09.41.59:447][  0]LogConfig: Setting CVar [[r.DOF.Recombine.EnableBokehSettings:0    ; no bokeh simulation on slight out of focus]]
[2020.01.21-09.41.59:447][  0]LogConfig: Setting CVar [[r.DOF.TemporalAAQuality:1                ; more stable temporal accumulation]]
[2020.01.21-09.41.59:447][  0]LogConfig: Setting CVar [[r.DOF.Kernel.MaxForegroundRadius:0.025]]
[2020.01.21-09.41.59:447][  0]LogConfig: Setting CVar [[r.DOF.Kernel.MaxBackgroundRadius:0.025]]
[2020.01.21-09.41.59:447][  0]LogConfig: Applying CVar settings from Section [TextureQuality@3] File [D:/Pentum/Pentum/Pentum_Prototyp/Saved/Config/Windows/Scalability.ini]
[2020.01.21-09.41.59:447][  0]LogConfig: Setting CVar [[r.Streaming.MipBias:0]]
[2020.01.21-09.41.59:447][  0]LogConfig: Setting CVar [[r.Streaming.AmortizeCPUToGPUCopy:0]]
[2020.01.21-09.41.59:447][  0]LogConfig: Setting CVar [[r.Streaming.MaxNumTexturesToStreamPerFrame:0]]
[2020.01.21-09.41.59:447][  0]LogConfig: Setting CVar [[r.Streaming.Boost:1]]
[2020.01.21-09.41.59:447][  0]LogConfig: Setting CVar [[r.MaxAnisotropy:8]]
[2020.01.21-09.41.59:447][  0]LogConfig: Setting CVar [[r.Streaming.LimitPoolSizeToVRAM:0]]
[2020.01.21-09.41.59:447][  0]LogConfig: Setting CVar [[r.Streaming.PoolSize:1000]]
[2020.01.21-09.41.59:447][  0]LogConfig: Setting CVar [[r.Streaming.MaxEffectiveScreenSize:0]]
[2020.01.21-09.41.59:447][  0]LogConfig: Applying CVar settings from Section [EffectsQuality@3] File [D:/Pentum/Pentum/Pentum_Prototyp/Saved/Config/Windows/Scalability.ini]
[2020.01.21-09.41.59:447][  0]LogConfig: Setting CVar [[r.TranslucencyLightingVolumeDim:64]]
[2020.01.21-09.41.59:447][  0]LogConfig: Setting CVar [[r.RefractionQuality:2]]
[2020.01.21-09.41.59:447][  0]LogConfig: Setting CVar [[r.SSR.Quality:3]]
[2020.01.21-09.41.59:447][  0]LogConfig: Setting CVar [[r.SceneColorFormat:4]]
[2020.01.21-09.41.59:447][  0]LogConfig: Setting CVar [[r.DetailMode:2]]
[2020.01.21-09.41.59:447][  0]LogConfig: Setting CVar [[r.TranslucencyVolumeBlur:1]]
[2020.01.21-09.41.59:447][  0]LogConfig: Setting CVar [[r.MaterialQualityLevel:1 ; High quality]]
[2020.01.21-09.41.59:447][  0]LogConfig: Setting CVar [[r.SSS.Scale:1]]
[2020.01.21-09.41.59:447][  0]LogConfig: Setting CVar [[r.SSS.SampleSet:2]]
[2020.01.21-09.41.59:447][  0]LogConfig: Setting CVar [[r.SSS.Quality:1]]
[2020.01.21-09.41.59:447][  0]LogConfig: Setting CVar [[r.SSS.HalfRes:1]]
[2020.01.21-09.41.59:447][  0]LogConfig: Setting CVar [[r.EmitterSpawnRateScale:1.0]]
[2020.01.21-09.41.59:447][  0]LogConfig: Setting CVar [[r.ParticleLightQuality:2]]
[2020.01.21-09.41.59:447][  0]LogConfig: Applying CVar settings from Section [FoliageQuality@3] File [D:/Pentum/Pentum/Pentum_Prototyp/Saved/Config/Windows/Scalability.ini]
[2020.01.21-09.41.59:447][  0]LogConfig: Setting CVar [[foliage.DensityScale:1.0]]
[2020.01.21-09.41.59:447][  0]LogConfig: Setting CVar [[grass.DensityScale:1.0]]
[2020.01.21-09.41.59:447][  0]LogConfig: Applying CVar settings from Section [Startup] File [../../../Engine/Config/ConsoleVariables.ini]
[2020.01.21-09.41.59:447][  0]LogConfig: Setting CVar [[net.UseAdaptiveNetUpdateFrequency:0]]
[2020.01.21-09.41.59:447][  0]LogConfig: Setting CVar [[p.chaos.AllowCreatePhysxBodies:1]]
[2020.01.21-09.41.59:447][  0]LogConfig: Applying CVar settings from Section [ConsoleVariables] File [D:/Pentum/Pentum/Pentum_Prototyp/Saved/Config/Windows/Engine.ini]
[2020.01.21-09.41.59:448][  0]LogInit: Computer: MUC-A-1677
[2020.01.21-09.41.59:448][  0]LogInit: User: seiselt
[2020.01.21-09.41.59:448][  0]LogInit: CPU Page size=4096, Cores=4
[2020.01.21-09.41.59:448][  0]LogInit: High frequency timer resolution =10.000000 MHz
[2020.01.21-09.41.59:448][  0]LogMemory: Memory total: Physical=16.0GB (16GB approx)
[2020.01.21-09.41.59:448][  0]LogMemory: Platform Memory Stats for Windows
[2020.01.21-09.41.59:448][  0]LogMemory: Process Physical Memory: 101.72 MB used, 101.72 MB peak
[2020.01.21-09.41.59:448][  0]LogMemory: Process Virtual Memory: 104.59 MB used, 104.59 MB peak
[2020.01.21-09.41.59:448][  0]LogMemory: Physical Memory: 6669.19 MB used,  9664.55 MB free, 16333.73 MB total
[2020.01.21-09.41.59:448][  0]LogMemory: Virtual Memory: 4672.31 MB used,  134213056.00 MB free, 134217728.00 MB total
[2020.01.21-09.41.59:451][  0]LogWindows: WindowsPlatformFeatures enabled
[2020.01.21-09.41.59:467][  0]LogInit: Using OS detected language (en-US).
[2020.01.21-09.41.59:467][  0]LogInit: Using OS detected locale (en-US).
[2020.01.21-09.41.59:468][  0]LogTextLocalizationManager: No specific localization for 'en-US' exists, so the 'en' localization will be used.
[2020.01.21-09.41.59:622][  0]LogInit: Setting process to per monitor DPI aware
[2020.01.21-09.41.59:656][  0]LogSlate: New Slate User Created.  User Index 0, Is Virtual User: 0
[2020.01.21-09.41.59:656][  0]LogSlate: Slate User Registered.  User Index 0, Is Virtual User: 0
[2020.01.21-09.41.59:800][  0]LogHMD: Failed to initialize OpenVR with code 110
[2020.01.21-09.41.59:800][  0]LogD3D11RHI: D3D11 adapters:
[2020.01.21-09.41.59:861][  0]LogD3D11RHI:    0. 'NVIDIA GeForce GTX 980' (Feature Level 11_0)
[2020.01.21-09.41.59:861][  0]LogD3D11RHI:       4053/0/8166 MB DedicatedVideo/DedicatedSystem/SharedSystem, Outputs:2, VendorId:0x10de
[2020.01.21-09.41.59:863][  0]LogD3D11RHI:    1. 'Microsoft Basic Render Driver' (Feature Level 11_0)
[2020.01.21-09.41.59:863][  0]LogD3D11RHI:       0/0/8166 MB DedicatedVideo/DedicatedSystem/SharedSystem, Outputs:0, VendorId:0x1414
[2020.01.21-09.41.59:863][  0]LogD3D11RHI: Chosen D3D11 Adapter: 0
[2020.01.21-09.41.59:869][  0]LogD3D11RHI: Creating new Direct3DDevice
[2020.01.21-09.41.59:869][  0]LogD3D11RHI:     GPU DeviceId: 0x13c0 (for the marketing name, search the web for "GPU Device Id")
[2020.01.21-09.41.59:869][  0]LogWindows: EnumDisplayDevices:
[2020.01.21-09.41.59:869][  0]LogWindows:    0. 'NVIDIA GeForce GTX 980' (P:1 D:1)
[2020.01.21-09.41.59:869][  0]LogWindows:    1. 'NVIDIA GeForce GTX 980' (P:0 D:1)
[2020.01.21-09.41.59:870][  0]LogWindows:    2. 'NVIDIA GeForce GTX 980' (P:0 D:0)
[2020.01.21-09.41.59:870][  0]LogWindows:    3. 'NVIDIA GeForce GTX 980' (P:0 D:0)
[2020.01.21-09.41.59:870][  0]LogWindows: DebugString: FoundDriverCount:4 
[2020.01.21-09.41.59:870][  0]LogD3D11RHI:     Adapter Name: NVIDIA GeForce GTX 980
[2020.01.21-09.41.59:870][  0]LogD3D11RHI:   Driver Version: 432.00 (internal:26.21.14.3200, unified:432.00)
[2020.01.21-09.41.59:870][  0]LogD3D11RHI:      Driver Date: 7-24-2019
[2020.01.21-09.41.59:870][  0]LogRHI: Texture pool is 2837 MB (70% of 4053 MB)
[2020.01.21-09.41.59:908][  0]LogD3D11RHI: Async texture creation enabled
[2020.01.21-09.41.59:919][  0]LogD3D11RHI: GPU Timing Frequency: 1000.000000 (Debug: 2 1)
[2020.01.21-09.42.00:220][  0]LogTemp: Display: Module 'AllDesktopTargetPlatform' loaded TargetPlatform 'AllDesktop'
[2020.01.21-09.42.00:227][  0]LogTemp: Display: Module 'MacClientTargetPlatform' loaded TargetPlatform 'MacClient'
[2020.01.21-09.42.00:234][  0]LogTemp: Display: Module 'MacNoEditorTargetPlatform' loaded TargetPlatform 'MacNoEditor'
[2020.01.21-09.42.00:241][  0]LogTemp: Display: Module 'MacServerTargetPlatform' loaded TargetPlatform 'MacServer'
[2020.01.21-09.42.00:250][  0]LogTemp: Display: Module 'MacTargetPlatform' loaded TargetPlatform 'Mac'
[2020.01.21-09.42.00:257][  0]LogTemp: Display: Module 'WindowsClientTargetPlatform' loaded TargetPlatform 'WindowsClient'
[2020.01.21-09.42.00:264][  0]LogTemp: Display: Module 'WindowsNoEditorTargetPlatform' loaded TargetPlatform 'WindowsNoEditor'
[2020.01.21-09.42.00:271][  0]LogTemp: Display: Module 'WindowsServerTargetPlatform' loaded TargetPlatform 'WindowsServer'
[2020.01.21-09.42.00:275][  0]LogTemp: Display: Module 'WindowsTargetPlatform' loaded TargetPlatform 'Windows'
[2020.01.21-09.42.00:305][  0]LogTemp: Display: Module 'AndroidTargetPlatform' loaded TargetPlatform 'Android'
[2020.01.21-09.42.00:305][  0]LogTemp: Display: Module 'AndroidTargetPlatform' loaded TargetPlatform 'Android_ASTC'
[2020.01.21-09.42.00:305][  0]LogTemp: Display: Module 'AndroidTargetPlatform' loaded TargetPlatform 'Android_ATC'
[2020.01.21-09.42.00:305][  0]LogTemp: Display: Module 'AndroidTargetPlatform' loaded TargetPlatform 'Android_DXT'
[2020.01.21-09.42.00:305][  0]LogTemp: Display: Module 'AndroidTargetPlatform' loaded TargetPlatform 'Android_ETC1'
[2020.01.21-09.42.00:305][  0]LogTemp: Display: Module 'AndroidTargetPlatform' loaded TargetPlatform 'Android_ETC1a'
[2020.01.21-09.42.00:305][  0]LogTemp: Display: Module 'AndroidTargetPlatform' loaded TargetPlatform 'Android_ETC2'
[2020.01.21-09.42.00:305][  0]LogTemp: Display: Module 'AndroidTargetPlatform' loaded TargetPlatform 'Android_PVRTC'
[2020.01.21-09.42.00:305][  0]LogTemp: Display: Module 'AndroidTargetPlatform' loaded TargetPlatform 'AndroidClient'
[2020.01.21-09.42.00:305][  0]LogTemp: Display: Module 'AndroidTargetPlatform' loaded TargetPlatform 'Android_ASTCClient'
[2020.01.21-09.42.00:305][  0]LogTemp: Display: Module 'AndroidTargetPlatform' loaded TargetPlatform 'Android_ATCClient'
[2020.01.21-09.42.00:305][  0]LogTemp: Display: Module 'AndroidTargetPlatform' loaded TargetPlatform 'Android_DXTClient'
[2020.01.21-09.42.00:305][  0]LogTemp: Display: Module 'AndroidTargetPlatform' loaded TargetPlatform 'Android_ETC1Client'
[2020.01.21-09.42.00:305][  0]LogTemp: Display: Module 'AndroidTargetPlatform' loaded TargetPlatform 'Android_ETC1aClient'
[2020.01.21-09.42.00:305][  0]LogTemp: Display: Module 'AndroidTargetPlatform' loaded TargetPlatform 'Android_ETC2Client'
[2020.01.21-09.42.00:305][  0]LogTemp: Display: Module 'AndroidTargetPlatform' loaded TargetPlatform 'Android_PVRTCClient'
[2020.01.21-09.42.00:305][  0]LogTemp: Display: Module 'AndroidTargetPlatform' loaded TargetPlatform 'Android_Multi'
[2020.01.21-09.42.00:305][  0]LogTemp: Display: Module 'AndroidTargetPlatform' loaded TargetPlatform 'Android_MultiClient'
[2020.01.21-09.42.00:307][  0]LogTemp: Display: Module 'HTML5TargetPlatform' loaded TargetPlatform 'HTML5'
[2020.01.21-09.42.00:321][  0]LogTemp: Display: Module 'IOSTargetPlatform' loaded TargetPlatform 'IOSClient'
[2020.01.21-09.42.00:321][  0]LogTemp: Display: Module 'IOSTargetPlatform' loaded TargetPlatform 'IOS'
[2020.01.21-09.42.00:333][  0]LogTemp: Display: Module 'TVOSTargetPlatform' loaded TargetPlatform 'TVOSClient'
[2020.01.21-09.42.00:333][  0]LogTemp: Display: Module 'TVOSTargetPlatform' loaded TargetPlatform 'TVOS'
[2020.01.21-09.42.00:340][  0]LogTemp: Display: Module 'LinuxClientTargetPlatform' loaded TargetPlatform 'LinuxClient'
[2020.01.21-09.42.00:346][  0]LogTemp: Display: Module 'LinuxNoEditorTargetPlatform' loaded TargetPlatform 'LinuxNoEditor'
[2020.01.21-09.42.00:352][  0]LogTemp: Display: Module 'LinuxServerTargetPlatform' loaded TargetPlatform 'LinuxServer'
[2020.01.21-09.42.00:358][  0]LogTemp: Display: Module 'LinuxTargetPlatform' loaded TargetPlatform 'Linux'
[2020.01.21-09.42.00:378][  0]LogTemp: Display: Module 'LuminTargetPlatform' loaded TargetPlatform 'Lumin'
[2020.01.21-09.42.00:378][  0]LogTemp: Display: Module 'LuminTargetPlatform' loaded TargetPlatform 'LuminClient'
[2020.01.21-09.42.00:378][  0]LogTargetPlatformManager: Display: Building Assets For Windows
[2020.01.21-09.42.00:384][  0]LogAudioDebug: Display: Lib vorbis DLL was dynamically loaded.
[2020.01.21-09.42.00:420][  0]LogShaderCompilers: Guid format shader working directory is 3 characters bigger than the processId version (../../../../../Pentum/Pentum/Pentum_Prototyp/Intermediate/Shaders/WorkingDirectory/53580/).
[2020.01.21-09.42.00:421][  0]LogShaderCompilers: Cleaned the shader compiler working directory 'C:/Users/seiselt/AppData/Local/Temp/UnrealShaderWorkingDir/81847A5E41868562ECBD659EDC6D983F/'.
[2020.01.21-09.42.00:422][  0]LogXGEController: Cannot use XGE Controller as Incredibuild is not installed on this machine.
[2020.01.21-09.42.00:422][  0]LogShaderCompilers: Cannot use XGE Shader Compiler as Incredibuild is not installed on this machine.
[2020.01.21-09.42.00:422][  0]LogShaderCompilers: Display: Using Local Shader Compiler.
[2020.01.21-09.42.00:992][  0]LogDerivedDataCache: Display: Max Cache Size: 512 MB
[2020.01.21-09.42.01:040][  0]LogDerivedDataCache: Loaded boot cache 0.05s 73MB C:/Users/seiselt/AppData/Local/UnrealEngine/4.23/DerivedDataCache/Boot.ddc.
[2020.01.21-09.42.01:040][  0]LogDerivedDataCache: Display: Loaded Boot cache: C:/Users/seiselt/AppData/Local/UnrealEngine/4.23/DerivedDataCache/Boot.ddc
[2020.01.21-09.42.01:040][  0]LogDerivedDataCache: FDerivedDataBackendGraph:  Pak pak cache file ../../../../../Pentum/Pentum/Pentum_Prototyp/DerivedDataCache/DDC.ddp not found, will not use a pak cache.
[2020.01.21-09.42.01:040][  0]LogDerivedDataCache: Unable to find inner node Pak for hierarchical cache Hierarchy.
[2020.01.21-09.42.01:040][  0]LogDerivedDataCache: FDerivedDataBackendGraph:  CompressedPak pak cache file ../../../../../Pentum/Pentum/Pentum_Prototyp/DerivedDataCache/Compressed.ddp not found, will not use a pak cache.
[2020.01.21-09.42.01:040][  0]LogDerivedDataCache: Unable to find inner node CompressedPak for hierarchical cache Hierarchy.
[2020.01.21-09.42.01:050][  0]LogDerivedDataCache: Display: Pak cache opened for reading ../../../Engine/DerivedDataCache/Compressed.ddp.
[2020.01.21-09.42.01:050][  0]LogDerivedDataCache: FDerivedDataBackendGraph:  EnterprisePak pak cache file ../../../Enterprise/DerivedDataCache/Compressed.ddp not found, will not use a pak cache.
[2020.01.21-09.42.01:050][  0]LogDerivedDataCache: Unable to find inner node EnterprisePak for hierarchical cache Hierarchy.
[2020.01.21-09.42.01:052][  0]LogDerivedDataCache: Using Local data cache path C:/Users/seiselt/AppData/Local/UnrealEngine/Common/DerivedDataCache: Writable
[2020.01.21-09.42.01:052][  0]LogDerivedDataCache: Shared data cache path not found in *engine.ini, will not use an Shared cache.
[2020.01.21-09.42.01:052][  0]LogDerivedDataCache: Unable to find inner node Shared for hierarchical cache Hierarchy.
[2020.01.21-09.42.01:073][  0]LogMaterial: Verifying Global Shaders for PCD3D_SM5
[2020.01.21-09.42.01:075][  0]LogSlate: Using FreeType 2.6.0
[2020.01.21-09.42.01:076][  0]LogSlate: SlateFontServices - WITH_FREETYPE: 1, WITH_HARFBUZZ: 1
[2020.01.21-09.42.01:124][  0]LogAssetRegistry: FAssetRegistry took 0.0020 seconds to start up
[2020.01.21-09.42.01:365][  0]LogInit: Selected Device Profile: [Windows]
[2020.01.21-09.42.01:493][  0]LogMeshReduction: Using QuadricMeshReduction for automatic static mesh reduction
[2020.01.21-09.42.01:493][  0]LogMeshReduction: Using SimplygonMeshReduction for automatic skeletal mesh reduction
[2020.01.21-09.42.01:493][  0]LogMeshReduction: Using ProxyLODMeshReduction for automatic mesh merging
[2020.01.21-09.42.01:493][  0]LogMeshReduction: No distributed automatic mesh merging module available
[2020.01.21-09.42.01:493][  0]LogMeshMerging: No distributed automatic mesh merging module available
[2020.01.21-09.42.01:501][  0]LogNetVersion: Pentum_Prototyp 1.0.0, NetCL: 8386587, EngineNetVer: 11, GameNetVer: 0 (Checksum: 2544344654)
[2020.01.21-09.42.01:868][  0]LogPackageLocalizationCache: Processed 12 localized package path(s) for 1 prioritized culture(s) in 0.029247 seconds
[2020.01.21-09.42.01:875][  0]LogUObjectArray: 43444 objects as part of root set at end of initial load.
[2020.01.21-09.42.01:875][  0]LogUObjectAllocator: 7548648 out of 0 bytes used by permanent object pool.
[2020.01.21-09.42.01:875][  0]LogUObjectArray: CloseDisregardForGC: 0/0 objects in disregard for GC pool
[2020.01.21-09.42.02:624][  0]LogTcpMessaging: Initializing TcpMessaging bridge
[2020.01.21-09.42.02:628][  0]LogUdpMessaging: Initializing bridge on interface 0.0.0.0:0 to multicast group 230.0.0.1:6666.
[2020.01.21-09.42.02:683][  0]SourceControl: Source control is disabled
[2020.01.21-09.42.02:683][  0]SourceControl: Source control is disabled
[2020.01.21-09.42.02:684][  0]SourceControl: Source control is disabled
[2020.01.21-09.42.02:685][  0]SourceControl: Source control is disabled
[2020.01.21-09.42.02:756][  0]LogAndroidPermission: UAndroidPermissionCallbackProxy::GetInstance
[2020.01.21-09.42.02:928][  0]LogOcInput: OculusInput pre-init called
[2020.01.21-09.42.02:935][  0]LogWindows: Failed to load 'OVRPlugin.dll' (GetLastError=126)
[2020.01.21-09.42.02:935][  0]LogWindows: File 'OVRPlugin.dll' does not exist
[2020.01.21-09.42.02:994][  0]LogEngine: Initializing Engine...
[2020.01.21-09.42.02:995][  0]LogHMD: Failed to initialize OpenVR with code 110
[2020.01.21-09.42.02:995][  0]LogStats: UGameplayTagsManager::InitializeManager -  0.000 s
[2020.01.21-09.42.03:192][  0]LogInit: Initializing FReadOnlyCVARCache
[2020.01.21-09.42.03:201][  0]LogAIModule: Creating AISystem for world Untitled
[2020.01.21-09.42.03:247][  0]LogInit: XAudio2 using 'Speakers (Realtek High Definition Audio)' : 2 channels at 48 kHz using 32 bits per sample (channel mask 0x3)
[2020.01.21-09.42.03:279][  0]LogInit: FAudioDevice initialized.
[2020.01.21-09.42.03:279][  0]LogNetVersion: Set ProjectVersion to 1.0.0.0. Version Checksum will be recalculated on next use.
[2020.01.21-09.42.03:355][  0]LogDerivedDataCache: Saved boot cache 0.08s 73MB C:/Users/seiselt/AppData/Local/UnrealEngine/4.23/DerivedDataCache/Boot.ddc.
[2020.01.21-09.42.03:358][  0]LogInit: Texture streaming: Enabled
[2020.01.21-09.42.03:373][  0]LogEngineSessionManager: EngineSessionManager initialized
[2020.01.21-09.42.03:423][  0]LogInit: Transaction tracking system initialized
[2020.01.21-09.42.03:445][  0]BlueprintLog: New page: Editor Load
[2020.01.21-09.42.03:497][  0]LocalizationService: Localization service is disabled
[2020.01.21-09.42.03:712][  0]LogCook: Display: Max memory allowance for cook 16384mb min free memory 0mb
[2020.01.21-09.42.03:712][  0]LogCook: Display: Mobile HDR setting 1
[2020.01.21-09.42.03:861][  0]LogFileCache: Scanning file cache for directory 'D:/Pentum/Pentum/Pentum_Prototyp/Content/' took 0.01s
[2020.01.21-09.42.03:862][  0]SourceControl: Source control is disabled
[2020.01.21-09.42.03:862][  0]Cmd: MAP LOAD FILE="../../../../../Pentum/Pentum/Pentum_Prototyp/Content/FirstPersonBP/Maps/FirstPersonExampleMap.umap" TEMPLATE=0 SHOWPROGRESS=1 FEATURELEVEL=3
[2020.01.21-09.42.03:862][  0]LightingResults: New page: Lighting Build
[2020.01.21-09.42.03:863][  0]LogWorld: UWorld::CleanupWorld for Untitled, bSessionEnded=true, bCleanupResources=true
[2020.01.21-09.42.03:864][  0]MapCheck: New page: Map Check
[2020.01.21-09.42.03:864][  0]LightingResults: New page: Lighting Build
[2020.01.21-09.42.03:887][  0]LogUObjectHash: Compacting FUObjectHashTables data took   1.68ms
[2020.01.21-09.42.05:003][  0]LogAIModule: Creating AISystem for world FirstPersonExampleMap
[2020.01.21-09.42.05:032][  0]LogEditorServer: Finished looking for orphan Actors (0.000 secs)
[2020.01.21-09.42.05:064][  0]LogUObjectHash: Compacting FUObjectHashTables data took   2.27ms
[2020.01.21-09.42.05:065][  0]Cmd: MAP CHECKDEP NOCLEARLOG
[2020.01.21-09.42.05:065][  0]MapCheck: Map check complete: 0 Error(s), 0 Warning(s), took 0.12ms to complete.
[2020.01.21-09.42.05:065][  0]LogFileHelpers: Loading map 'FirstPersonExampleMap' took 1.203
[2020.01.21-09.42.05:182][  0]LogSlate: Updating window title bar state: overlay mode, drag disabled, window buttons hidden, title bar hidden
[2020.01.21-09.42.05:206][  0]LogSlate: Updating window title bar state: overlay mode, drag disabled, window buttons hidden, title bar hidden
[2020.01.21-09.42.05:228][  0]LogSlate: Updating window title bar state: overlay mode, drag disabled, window buttons hidden, title bar hidden
[2020.01.21-09.42.05:236][  0]LogSlate: Updating window title bar state: overlay mode, drag disabled, window buttons hidden, title bar hidden
[2020.01.21-09.42.05:240][  0]LogCollectionManager: Loaded 0 collections in 0.000952 seconds
[2020.01.21-09.42.05:245][  0]LogFileCache: Scanning file cache for directory 'D:/Pentum/Pentum/Pentum_Prototyp/Saved/Collections/' took 0.00s
[2020.01.21-09.42.05:245][  0]LogFileCache: Scanning file cache for directory 'D:/Pentum/Pentum/Pentum_Prototyp/Content/Developers/seiselt/Collections/' took 0.00s
[2020.01.21-09.42.05:245][  0]LogFileCache: Scanning file cache for directory 'D:/Pentum/Pentum/Pentum_Prototyp/Content/Collections/' took 0.00s
[2020.01.21-09.42.05:245][  0]LogCollectionManager: Rebuilt the GUID cache for 0 collections in 0.000002 seconds
[2020.01.21-09.42.05:254][  0]LogContentBrowser: Native class hierarchy populated in 0.0084 seconds. Added 2864 classes and 681 folders.
[2020.01.21-09.42.05:258][  0]LogContentBrowser: Native class hierarchy updated for 'WidgetCarousel' in 0.0002 seconds. Added 0 classes and 0 folders.
[2020.01.21-09.42.05:291][  0]LogContentBrowser: Native class hierarchy updated for 'AddContentDialog' in 0.0002 seconds. Added 0 classes and 0 folders.
[2020.01.21-09.42.05:295][  0]LogContentBrowser: Native class hierarchy updated for 'SceneOutliner' in 0.0002 seconds. Added 1 classes and 2 folders.
[2020.01.21-09.42.05:308][  0]LogSlate: Took 0.000140 seconds to synchronously load lazily loaded font '../../../Engine/Content/Slate/Fonts/Roboto-Regular.ttf' (155K)
[2020.01.21-09.42.05:311][  0]LogSlate: Took 0.000145 seconds to synchronously load lazily loaded font '../../../Engine/Content/Slate/Fonts/Roboto-Bold.ttf' (160K)
[2020.01.21-09.42.05:316][  0]LogSlate: Took 0.000164 seconds to synchronously load lazily loaded font '../../../Engine/Content/Editor/Slate/Fonts/FontAwesome.ttf' (139K)
[2020.01.21-09.42.05:378][  0]LogRenderer: Reallocating scene render targets to support 500x300 Format 10 NumSamples 1 (Frame:1).
[2020.01.21-09.42.05:413][  0]LogRenderer: Reallocating scene render targets to support 1208x572 Format 10 NumSamples 1 (Frame:1).
[2020.01.21-09.42.05:473][  0]LogSlate: Took 0.000126 seconds to synchronously load lazily loaded font '../../../Engine/Content/Slate/Fonts/Roboto-Light.ttf' (167K)
[2020.01.21-09.42.05:518][  0]LogContentBrowser: Native class hierarchy updated for 'HierarchicalLODOutliner' in 0.0002 seconds. Added 0 classes and 0 folders.
[2020.01.21-09.42.05:518][  0]LogLoad: (Engine Initialization) Total time: 7.73 seconds
[2020.01.21-09.42.05:518][  0]LogLoad: (Engine Initialization) Total Blueprint compile time: 0.00 seconds
[2020.01.21-09.42.05:644][  0]LogAssetRegistry: Asset discovery search completed in 4.5210 seconds
[2020.01.21-09.42.05:648][  0]LogCollectionManager: Rebuilt the object cache for 0 collections in 0.000004 seconds (found 0 objects)
[2020.01.21-09.42.05:648][  0]LogCollectionManager: Fixed up redirectors for 0 collections in 0.000068 seconds (updated 0 objects)
[2020.01.21-09.42.05:649][  0]LogContentStreaming: Texture pool size now 1000 MB
[2020.01.21-09.42.06:555][ 83]LogSlate: Took 0.000107 seconds to synchronously load lazily loaded font '../../../Engine/Content/Slate/Fonts/Roboto-Light.ttf' (167K)
[2020.01.21-09.42.06:557][ 83]LogSlate: FSceneViewport::OnFocusLost() reason 5
[2020.01.21-09.42.06:561][ 83]LogAssetEditorManager: Opening Asset editor for Blueprint /Game/FirstPersonBP/Blueprints/FirstPersonCharacter.FirstPersonCharacter
[2020.01.21-09.42.06:798][ 83]LogContentBrowser: Native class hierarchy updated for 'BlueprintGraph' in 0.0005 seconds. Added 121 classes and 0 folders.
[2020.01.21-09.42.07:679][ 83]LogAssetEditorManager: Opening Asset editor for AnimBlueprint /Game/FirstPerson/Animations/BPNew.BPNew
[2020.01.21-09.42.07:691][ 83]LogContentBrowser: Native class hierarchy updated for 'SkeletonEditor' in 0.0002 seconds. Added 1 classes and 2 folders.
[2020.01.21-09.42.07:868][ 83]LogActorComponent: RegisterComponentWithWorld: (/Engine/Transient.World_3:PersistentLevel.AnimationEditorPreviewActor_0.DebugSkelMeshComponent_0) Already registered. Aborting.
[2020.01.21-09.42.07:870][ 83]LogContentBrowser: Native class hierarchy updated for 'PinnedCommandList' in 0.0002 seconds. Added 1 classes and 0 folders.
[2020.01.21-09.42.08:201][ 83]LogSkeletalMesh: USkeletalMeshComponent::InitArticulated : Bodies already created (/Engine/Transient.World_3:PersistentLevel.AnimationEditorPreviewActor_0.DebugSkelMeshComponent_0) - call TermArticulated first.
[2020.01.21-09.42.08:781][ 83]LogSlate: Took 0.000265 seconds to synchronously load lazily loaded font '../../../Engine/Content/Slate/Fonts/Roboto-BoldCondensed.ttf' (158K)
[2020.01.21-09.42.09:164][ 83]LogContentBrowser: Verbose: The majority of assets in the view are of type: AnimSequence
[2020.01.21-09.42.09:199][ 84]LogSlate: Took 0.000241 seconds to synchronously load lazily loaded font '../../../Engine/Content/Slate/Fonts/Roboto-Italic.ttf' (157K)
[2020.01.21-09.42.10:696][187]LogFileCache: Retrieving MD5 hashes for directory 'D:/Pentum/Pentum/Pentum_Prototyp/Content/' took 5.09s
[2020.01.21-09.44.53:622][383]BlueprintLog: New page: Compile BPNew
[2020.01.21-09.44.53:931][383]LogUObjectHash: Compacting FUObjectHashTables data took   4.76ms
[2020.01.21-09.44.54:760][417]Cmd: OBJ SAVEPACKAGE PACKAGE="/Game/FirstPerson/Animations/BPNew" FILE="../../../../../Pentum/Pentum/Pentum_Prototyp/Content/FirstPerson/Animations/BPNew.uasset" SILENT=true
[2020.01.21-09.44.54:842][417]LogSavePackage: Moving '../../../../../Pentum/Pentum/Pentum_Prototyp/Saved/BPNew64AE5A094D570C684D3F988AD0CF5549.tmp' to '../../../../../Pentum/Pentum/Pentum_Prototyp/Content/FirstPerson/Animations/BPNew.uasset'
[2020.01.21-09.45.48:165][388]BlueprintLog: New page: Compile FirstPersonCharacter
[2020.01.21-09.45.48:441][388]LogUObjectHash: Compacting FUObjectHashTables data took   4.43ms
[2020.01.21-09.45.49:658][461]LogSavePackage: Moving '../../../../../Pentum/Pentum/Pentum_Prototyp/Saved/FirstPersonCharacter28BD95C84592831FF65E24920FE5ED01.tmp' to '../../../../../Pentum/Pentum/Pentum_Prototyp/Content/FirstPersonBP/Blueprints/FirstPersonCharacter.uasset'
[2020.01.21-09.45.56:806][217]LogTemp: Repeating last play command: Selected Viewport
[2020.01.21-09.45.56:831][217]LogBlueprintUserMessages: Early PlayInEditor Detection: Level '/Game/FirstPersonBP/Maps/FirstPersonExampleMap.FirstPersonExampleMap:PersistentLevel' has LevelScriptBlueprint '/Game/FirstPersonBP/Maps/FirstPersonExampleMap.FirstPersonExampleMap:PersistentLevel.FirstPersonExampleMap' with GeneratedClass '/Game/FirstPersonBP/Maps/FirstPersonExampleMap.FirstPersonExampleMap_C' with ClassGeneratedBy '/Game/FirstPersonBP/Maps/FirstPersonExampleMap.FirstPersonExampleMap:PersistentLevel.FirstPersonExampleMap'
[2020.01.21-09.45.56:831][217]LogPlayLevel: PlayLevel: No blueprints needed recompiling
[2020.01.21-09.45.56:831][217]PIE: New page: PIE session: FirstPersonExampleMap (Jan 21, 2020, 11:45:56 AM)
[2020.01.21-09.45.56:832][217]LogOnline: OSS: Creating online subsystem instance for: NULL
[2020.01.21-09.45.56:832][217]LogPlayLevel: Creating play world package: /Game/FirstPersonBP/Maps/UEDPIE_0_FirstPersonExampleMap
[2020.01.21-09.45.56:863][217]LogPlayLevel: PIE: StaticDuplicateObject took: (0.030978s)
[2020.01.21-09.45.56:864][217]LogAIModule: Creating AISystem for world FirstPersonExampleMap
[2020.01.21-09.45.56:864][217]LogPlayLevel: PIE: World Init took: (0.001072s)
[2020.01.21-09.45.56:865][217]LogPlayLevel: PIE: Created PIE world by copying editor world from /Game/FirstPersonBP/Maps/FirstPersonExampleMap.FirstPersonExampleMap to /Game/FirstPersonBP/Maps/UEDPIE_0_FirstPersonExampleMap.FirstPersonExampleMap (0.032311s)
[2020.01.21-09.45.56:901][217]LogUObjectHash: Compacting FUObjectHashTables data took   4.65ms
[2020.01.21-09.45.56:935][217]LogInit: XAudio2 using 'Speakers (Realtek High Definition Audio)' : 2 channels at 48 kHz using 32 bits per sample (channel mask 0x3)
[2020.01.21-09.45.56:960][217]LogInit: FAudioDevice initialized.
[2020.01.21-09.45.56:972][217]LogLoad: Game class is 'FirstPersonGameMode_C'
[2020.01.21-09.45.56:982][217]LogWorld: Bringing World /Game/FirstPersonBP/Maps/UEDPIE_0_FirstPersonExampleMap.FirstPersonExampleMap up for play (max tick rate 0) at 2020.01.21-10.45.56
[2020.01.21-09.45.56:983][217]LogWorld: Bringing up level for play took: 0.010128
[2020.01.21-09.45.56:984][217]LogOnline: OSS: Creating online subsystem instance for: :Context_11
[2020.01.21-09.45.56:992][217]LogContentBrowser: Native class hierarchy updated for 'MovieSceneCapture' in 0.0002 seconds. Added 20 classes and 0 folders.
[2020.01.21-09.45.56:994][217]PIE: Play in editor start time for /Game/FirstPersonBP/Maps/UEDPIE_0_FirstPersonExampleMap -0.061
[2020.01.21-09.45.56:995][217]LogBlueprintUserMessages: Late PlayInEditor Detection: Level '/Game/FirstPersonBP/Maps/FirstPersonExampleMap.FirstPersonExampleMap:PersistentLevel' has LevelScriptBlueprint '/Game/FirstPersonBP/Maps/FirstPersonExampleMap.FirstPersonExampleMap:PersistentLevel.FirstPersonExampleMap' with GeneratedClass '/Game/FirstPersonBP/Maps/FirstPersonExampleMap.FirstPersonExampleMap_C' with ClassGeneratedBy '/Game/FirstPersonBP/Maps/FirstPersonExampleMap.FirstPersonExampleMap:PersistentLevel.FirstPersonExampleMap'
[2020.01.21-09.46.07:833][458]LogBlueprintUserMessages: Early EndPlayMap Detection: Level '/Game/FirstPersonBP/Maps/FirstPersonExampleMap.FirstPersonExampleMap:PersistentLevel' has LevelScriptBlueprint '/Game/FirstPersonBP/Maps/FirstPersonExampleMap.FirstPersonExampleMap:PersistentLevel.FirstPersonExampleMap' with GeneratedClass '/Game/FirstPersonBP/Maps/FirstPersonExampleMap.FirstPersonExampleMap_C' with ClassGeneratedBy '/Game/FirstPersonBP/Maps/FirstPersonExampleMap.FirstPersonExampleMap:PersistentLevel.FirstPersonExampleMap'
[2020.01.21-09.46.07:833][458]LogSlate: Updating window title bar state: overlay mode, drag disabled, window buttons hidden, title bar hidden
[2020.01.21-09.46.07:833][458]LogWorld: BeginTearingDown for /Game/FirstPersonBP/Maps/UEDPIE_0_FirstPersonExampleMap
[2020.01.21-09.46.07:834][458]LogWorld: UWorld::CleanupWorld for FirstPersonExampleMap, bSessionEnded=true, bCleanupResources=true
[2020.01.21-09.46.07:877][458]LogPlayLevel: Display: Shutting down PIE online subsystems
[2020.01.21-09.46.07:877][458]LogBlueprintUserMessages: Late EndPlayMap Detection: Level '/Game/FirstPersonBP/Maps/FirstPersonExampleMap.FirstPersonExampleMap:PersistentLevel' has LevelScriptBlueprint '/Game/FirstPersonBP/Maps/FirstPersonExampleMap.FirstPersonExampleMap:PersistentLevel.FirstPersonExampleMap' with GeneratedClass '/Game/FirstPersonBP/Maps/FirstPersonExampleMap.FirstPersonExampleMap_C' with ClassGeneratedBy '/Game/FirstPersonBP/Maps/FirstPersonExampleMap.FirstPersonExampleMap:PersistentLevel.FirstPersonExampleMap'
[2020.01.21-09.46.07:920][458]LogSlate: Updating window title bar state: overlay mode, drag disabled, window buttons hidden, title bar hidden
[2020.01.21-09.46.07:960][458]LogUObjectHash: Compacting FUObjectHashTables data took   4.49ms
[2020.01.21-09.46.07:977][459]LogPlayLevel: Display: Destroying online subsystem :Context_11
[2020.01.21-09.46.09:679][662]LogSlate: FSceneViewport::OnFocusLost() reason 0
[2020.01.21-09.46.45:536][295]BlueprintLog: New page: Compile FirstPersonCharacter
[2020.01.21-09.46.45:855][295]LogUObjectHash: Compacting FUObjectHashTables data took   4.80ms
[2020.01.21-09.46.47:743][438]LogTemp: Repeating last play command: Selected Viewport
[2020.01.21-09.46.47:766][438]LogBlueprintUserMessages: Early PlayInEditor Detection: Level '/Game/FirstPersonBP/Maps/FirstPersonExampleMap.FirstPersonExampleMap:PersistentLevel' has LevelScriptBlueprint '/Game/FirstPersonBP/Maps/FirstPersonExampleMap.FirstPersonExampleMap:PersistentLevel.FirstPersonExampleMap' with GeneratedClass '/Game/FirstPersonBP/Maps/FirstPersonExampleMap.FirstPersonExampleMap_C' with ClassGeneratedBy '/Game/FirstPersonBP/Maps/FirstPersonExampleMap.FirstPersonExampleMap:PersistentLevel.FirstPersonExampleMap'
[2020.01.21-09.46.47:766][438]LogPlayLevel: PlayLevel: No blueprints needed recompiling
[2020.01.21-09.46.47:766][438]PIE: New page: PIE session: FirstPersonExampleMap (Jan 21, 2020, 11:46:47 AM)
[2020.01.21-09.46.47:766][438]LogPlayLevel: Creating play world package: /Game/FirstPersonBP/Maps/UEDPIE_0_FirstPersonExampleMap
[2020.01.21-09.46.47:796][438]LogPlayLevel: PIE: StaticDuplicateObject took: (0.028952s)
[2020.01.21-09.46.47:796][438]LogAIModule: Creating AISystem for world FirstPersonExampleMap
[2020.01.21-09.46.47:797][438]LogPlayLevel: PIE: World Init took: (0.001076s)
[2020.01.21-09.46.47:797][438]LogPlayLevel: PIE: Created PIE world by copying editor world from /Game/FirstPersonBP/Maps/FirstPersonExampleMap.FirstPersonExampleMap to /Game/FirstPersonBP/Maps/UEDPIE_0_FirstPersonExampleMap.FirstPersonExampleMap (0.030221s)
[2020.01.21-09.46.47:834][438]LogUObjectHash: Compacting FUObjectHashTables data took   4.02ms
[2020.01.21-09.46.47:864][438]LogInit: XAudio2 using 'Speakers (Realtek High Definition Audio)' : 2 channels at 48 kHz using 32 bits per sample (channel mask 0x3)
[2020.01.21-09.46.47:887][438]LogInit: FAudioDevice initialized.
[2020.01.21-09.46.47:897][438]LogLoad: Game class is 'FirstPersonGameMode_C'
[2020.01.21-09.46.47:906][438]LogWorld: Bringing World /Game/FirstPersonBP/Maps/UEDPIE_0_FirstPersonExampleMap.FirstPersonExampleMap up for play (max tick rate 0) at 2020.01.21-10.46.47
[2020.01.21-09.46.47:907][438]LogWorld: Bringing up level for play took: 0.009385
[2020.01.21-09.46.47:908][438]LogOnline: OSS: Creating online subsystem instance for: :Context_12
[2020.01.21-09.46.47:910][438]PIE: Play in editor start time for /Game/FirstPersonBP/Maps/UEDPIE_0_FirstPersonExampleMap 0.856
[2020.01.21-09.46.47:910][438]LogBlueprintUserMessages: Late PlayInEditor Detection: Level '/Game/FirstPersonBP/Maps/FirstPersonExampleMap.FirstPersonExampleMap:PersistentLevel' has LevelScriptBlueprint '/Game/FirstPersonBP/Maps/FirstPersonExampleMap.FirstPersonExampleMap:PersistentLevel.FirstPersonExampleMap' with GeneratedClass '/Game/FirstPersonBP/Maps/FirstPersonExampleMap.FirstPersonExampleMap_C' with ClassGeneratedBy '/Game/FirstPersonBP/Maps/FirstPersonExampleMap.FirstPersonExampleMap:PersistentLevel.FirstPersonExampleMap'
[2020.01.21-09.47.05:402][535]PIE: Warning: Invalid Simulate Options: Body (Item_Note_2.ItemMesh Note_Mesh) is set to simulate physics but Collision Enabled is incompatible
[2020.01.21-09.47.05:402][535]PIE: Warning: Invalid Simulate Options: Body (Item_Note_2.ItemMesh Note_Mesh) is set to simulate physics but Collision Enabled is incompatible
[2020.01.21-09.47.05:402][535]LogBlueprintUserMessages: [FirstPersonCharacter_C_1] you picked up a note
[2020.01.21-09.47.07:728][814]LogBlueprintUserMessages: Early EndPlayMap Detection: Level '/Game/FirstPersonBP/Maps/FirstPersonExampleMap.FirstPersonExampleMap:PersistentLevel' has LevelScriptBlueprint '/Game/FirstPersonBP/Maps/FirstPersonExampleMap.FirstPersonExampleMap:PersistentLevel.FirstPersonExampleMap' with GeneratedClass '/Game/FirstPersonBP/Maps/FirstPersonExampleMap.FirstPersonExampleMap_C' with ClassGeneratedBy '/Game/FirstPersonBP/Maps/FirstPersonExampleMap.FirstPersonExampleMap:PersistentLevel.FirstPersonExampleMap'
[2020.01.21-09.47.07:729][814]LogSlate: Updating window title bar state: overlay mode, drag disabled, window buttons hidden, title bar hidden
[2020.01.21-09.47.07:729][814]LogWorld: BeginTearingDown for /Game/FirstPersonBP/Maps/UEDPIE_0_FirstPersonExampleMap
[2020.01.21-09.47.07:729][814]LogWorld: UWorld::CleanupWorld for FirstPersonExampleMap, bSessionEnded=true, bCleanupResources=true
[2020.01.21-09.47.07:776][814]LogPlayLevel: Display: Shutting down PIE online subsystems
[2020.01.21-09.47.07:777][814]LogBlueprintUserMessages: Late EndPlayMap Detection: Level '/Game/FirstPersonBP/Maps/FirstPersonExampleMap.FirstPersonExampleMap:PersistentLevel' has LevelScriptBlueprint '/Game/FirstPersonBP/Maps/FirstPersonExampleMap.FirstPersonExampleMap:PersistentLevel.FirstPersonExampleMap' with GeneratedClass '/Game/FirstPersonBP/Maps/FirstPersonExampleMap.FirstPersonExampleMap_C' with ClassGeneratedBy '/Game/FirstPersonBP/Maps/FirstPersonExampleMap.FirstPersonExampleMap:PersistentLevel.FirstPersonExampleMap'
[2020.01.21-09.47.07:816][814]LogSlate: Updating window title bar state: overlay mode, drag disabled, window buttons hidden, title bar hidden
[2020.01.21-09.47.07:822][814]LogUObjectHash: Compacting FUObjectHashTables data took   3.03ms
[2020.01.21-09.47.07:831][814]LogSlate: FSceneViewport::OnFocusLost() reason 5
[2020.01.21-09.47.07:863][815]LogPlayLevel: Display: Destroying online subsystem :Context_12
[2020.01.21-09.47.09:261][976]LogSlate: Window 'Message Log' being destroyed
[2020.01.21-09.47.09:266][976]LogSlate: Window 'Message Log' being destroyed
[2020.01.21-09.47.10:720][145]LogUObjectHash: Compacting FUObjectHashTables data took   0.82ms
[2020.01.21-09.47.11:059][145]LogSavePackage: Moving '../../../../../Pentum/Pentum/Pentum_Prototyp/Saved/FirstPersonExampleMap85A4E7DA4CB6963BA287E2BC9E2A930F.tmp' to '../../../../../Pentum/Pentum/Pentum_Prototyp/Content/FirstPersonBP/Maps/FirstPersonExampleMap.umap'
[2020.01.21-09.47.11:275][145]LogSavePackage: Moving '../../../../../Pentum/Pentum/Pentum_Prototyp/Saved/FirstPersonExampleMap-MUC-A-16779F5365364A3C44E63751F6802ABD3DF4.tmp' to '../../../../../Pentum/Pentum/Pentum_Prototyp/Content/FirstPersonBP/Maps/FirstPersonExampleMap-MUC-A-1677_BuiltData.uasset'
[2020.01.21-09.47.12:859][300]LogUObjectHash: Compacting FUObjectHashTables data took   3.52ms
[2020.01.21-09.47.13:056][300]LogSavePackage: Moving '../../../../../Pentum/Pentum/Pentum_Prototyp/Saved/FirstPersonCharacterBB045BF54B08DCE8EAB6EAB1ABCBB4DF.tmp' to '../../../../../Pentum/Pentum/Pentum_Prototyp/Content/FirstPersonBP/Blueprints/FirstPersonCharacter.uasset'
