Log file open, 01/10/20 16:58:49
LogWindows: Failed to load 'aqProf.dll' (GetLastError=126)
LogWindows: File 'aqProf.dll' does not exist
LogWindows: Failed to load 'VtuneApi.dll' (GetLastError=126)
LogWindows: File 'VtuneApi.dll' does not exist
LogWindows: Failed to load 'VtuneApi32e.dll' (GetLastError=126)
LogWindows: File 'VtuneApi32e.dll' does not exist
LogConsoleResponse: Display: Failed to find resolution value strings in scalability ini. Falling back to default.
LogInit: Display: Running engine for game: Pentum_Prototyp
LogPlatformFile: Not using cached read wrapper
LogTaskGraph: Started task graph with 5 named threads and 23 total threads with 3 sets of task threads.
LogStats: Stats thread started at 0.080339
LogD3D11RHI: Loaded GFSDK_Aftermath_Lib.x64.dll
LogICUInternationalization: ICU TimeZone Detection - Raw Offset: +1:00, Platform Override: ''
LogPluginManager: Mounting plugin Paper2D
LogPluginManager: Mounting plugin AISupport
LogPluginManager: Mounting plugin LightPropagationVolume
LogPluginManager: Mounting plugin ActorLayerUtilities
LogPluginManager: Mounting plugin AnimationSharing
LogPluginManager: Mounting plugin CLionSourceCodeAccess
LogPluginManager: Mounting plugin CodeLiteSourceCodeAccess
LogPluginManager: Mounting plugin GitSourceControl
LogPluginManager: Mounting plugin KDevelopSourceCodeAccess
LogPluginManager: Mounting plugin NullSourceCodeAccess
LogPluginManager: Mounting plugin PerforceSourceControl
LogPluginManager: Mounting plugin SubversionSourceControl
LogPluginManager: Mounting plugin UObjectPlugin
LogPluginManager: Mounting plugin VisualStudioCodeSourceCodeAccess
LogPluginManager: Mounting plugin VisualStudioSourceCodeAccess
LogPluginManager: Mounting plugin XCodeSourceCodeAccess
LogPluginManager: Mounting plugin AssetManagerEditor
LogPluginManager: Mounting plugin CryptoKeys
LogPluginManager: Mounting plugin CurveEditorTools
LogPluginManager: Mounting plugin DataValidation
LogPluginManager: Mounting plugin FacialAnimation
LogPluginManager: Mounting plugin GameplayTagsEditor
LogPluginManager: Mounting plugin MacGraphicsSwitching
LogPluginManager: Mounting plugin MaterialAnalyzer
LogPluginManager: Mounting plugin MobileLauncherProfileWizard
LogPluginManager: Mounting plugin PluginBrowser
LogPluginManager: Mounting plugin SpeedTreeImporter
LogPluginManager: Mounting plugin DatasmithContent
LogPluginManager: Mounting plugin VariantManagerContent
LogPluginManager: Mounting plugin AlembicImporter
LogPluginManager: Mounting plugin AutomationUtils
LogPluginManager: Mounting plugin BackChannel
LogPluginManager: Mounting plugin CharacterAI
LogPluginManager: Mounting plugin GeometryCache
LogPluginManager: Mounting plugin HTML5Networking
LogPluginManager: Mounting plugin PlatformCrypto
LogPluginManager: Mounting plugin ProxyLODPlugin
LogPluginManager: Mounting plugin SkeletalReduction
LogPluginManager: Mounting plugin MagicLeap
LogPluginManager: Mounting plugin MagicLeapMedia
LogPluginManager: Mounting plugin AndroidMedia
LogPluginManager: Mounting plugin AvfMedia
LogPluginManager: Mounting plugin ImgMedia
LogPluginManager: Mounting plugin MediaCompositing
LogPluginManager: Mounting plugin MediaPlayerEditor
LogPluginManager: Mounting plugin WebMMedia
LogPluginManager: Mounting plugin WmfMedia
LogPluginManager: Mounting plugin TcpMessaging
LogPluginManager: Mounting plugin UdpMessaging
LogPluginManager: Mounting plugin ActorSequence
LogPluginManager: Mounting plugin LevelSequenceEditor
LogPluginManager: Mounting plugin MatineeToLevelSequence
LogPluginManager: Mounting plugin NetcodeUnitTest
LogPluginManager: Mounting plugin NUTUnrealEngine4
LogPluginManager: Mounting plugin OnlineSubsystemGooglePlay
LogPluginManager: Mounting plugin OnlineSubsystemIOS
LogPluginManager: Mounting plugin OnlineSubsystem
LogPluginManager: Mounting plugin OnlineSubsystemNull
LogPluginManager: Mounting plugin OnlineSubsystemUtils
LogPluginManager: Mounting plugin LauncherChunkInstaller
LogPluginManager: Mounting plugin AndroidDeviceProfileSelector
LogPluginManager: Mounting plugin AndroidMoviePlayer
LogPluginManager: Mounting plugin AndroidPermission
LogPluginManager: Mounting plugin AppleImageUtils
LogPluginManager: Mounting plugin AppleMoviePlayer
LogPluginManager: Mounting plugin ArchVisCharacter
LogPluginManager: Mounting plugin AudioCapture
LogPluginManager: Mounting plugin CableComponent
LogPluginManager: Mounting plugin CustomMeshComponent
LogPluginManager: Mounting plugin EditableMesh
LogPluginManager: Mounting plugin ExampleDeviceProfileSelector
LogPluginManager: Mounting plugin GoogleCloudMessaging
LogPluginManager: Mounting plugin IOSDeviceProfileSelector
LogPluginManager: Mounting plugin LinuxDeviceProfileSelector
LogPluginManager: Mounting plugin LocationServicesBPLibrary
LogPluginManager: Mounting plugin MobilePatchingUtils
LogPluginManager: Mounting plugin OculusVR
LogPluginManager: Mounting plugin PhysXVehicles
LogPluginManager: Mounting plugin ProceduralMeshComponent
LogPluginManager: Mounting plugin RuntimePhysXCooking
LogPluginManager: Mounting plugin SignificanceManager
LogPluginManager: Mounting plugin SteamVR
LogPluginManager: Mounting plugin WebMMoviePlayer
LogPluginManager: Mounting plugin WindowsMoviePlayer
LogPluginManager: Mounting plugin ScreenshotTools
LogInit: Using libcurl 7.55.1-DEV
LogInit:  - built for x86_64-pc-win32
LogInit:  - supports SSL with OpenSSL/1.1.1
LogInit:  - supports HTTP deflate (compression) using libz 1.2.8
LogInit:  - other features:
LogInit:      CURL_VERSION_SSL
LogInit:      CURL_VERSION_LIBZ
LogInit:      CURL_VERSION_IPV6
LogInit:      CURL_VERSION_ASYNCHDNS
LogInit:      CURL_VERSION_LARGEFILE
LogInit:      CURL_VERSION_IDN
LogInit:  CurlRequestOptions (configurable via config and command line):
LogInit:  - bVerifyPeer = true  - Libcurl will verify peer certificate
LogInit:  - bUseHttpProxy = false  - Libcurl will NOT use HTTP proxy
LogInit:  - bDontReuseConnections = false  - Libcurl will reuse connections
LogInit:  - MaxHostConnections = 16  - Libcurl will limit the number of connections to a host
LogInit:  - LocalHostAddr = Default
LogInit:  - BufferSize = 65536
LogOnline: OSS: Creating online subsystem instance for: NULL
LogInit: WinSock: version 1.1 (2.2), MaxSocks=32767, MaxUdp=65467
LogInit: Build: ++UE4+Release-4.23-CL-9631420
LogInit: Engine Version: 4.23.1-9631420+++UE4+Release-4.23
LogInit: Compatible Engine Version: 4.23.0-8386587+++UE4+Release-4.23
LogInit: Net CL: 8386587
LogInit: OS: Windows 10 (Release 1903) (), CPU: Intel(R) Core(TM) i7-4771 CPU @ 3.50GHz, GPU: NVIDIA GeForce GTX 1060 6GB
LogInit: Compiled (64-bit): Oct 18 2019 02:07:44
LogInit: Compiled with Visual C++: 19.16.27030.01
LogInit: Build Configuration: Development
LogInit: Branch Name: ++UE4+Release-4.23
LogInit: Command Line: 
LogInit: Base Directory: D:/UnrealEngine/UE_4.23/Engine/Binaries/Win64/
LogInit: Installed Engine Build: 1
LogDevObjectVersion: Number of dev versions registered: 23
LogDevObjectVersion:   Dev-Blueprints (B0D832E4-1F89-4F0D-ACCF-7EB736FD4AA2): 10
LogDevObjectVersion:   Dev-Build (E1C64328-A22C-4D53-A36C-8E866417BD8C): 0
LogDevObjectVersion:   Dev-Core (375EC13C-06E4-48FB-B500-84F0262A717E): 3
LogDevObjectVersion:   Dev-Editor (E4B068ED-F494-42E9-A231-DA0B2E46BB41): 34
LogDevObjectVersion:   Dev-Framework (CFFC743F-43B0-4480-9391-14DF171D2073): 35
LogDevObjectVersion:   Dev-Mobile (B02B49B5-BB20-44E9-A304-32B752E40360): 2
LogDevObjectVersion:   Dev-Networking (A4E4105C-59A1-49B5-A7C5-40C4547EDFEE): 0
LogDevObjectVersion:   Dev-Online (39C831C9-5AE6-47DC-9A44-9C173E1C8E7C): 0
LogDevObjectVersion:   Dev-Physics (78F01B33-EBEA-4F98-B9B4-84EACCB95AA2): 0
LogDevObjectVersion:   Dev-Platform (6631380F-2D4D-43E0-8009-CF276956A95A): 0
LogDevObjectVersion:   Dev-Rendering (12F88B9F-8875-4AFC-A67C-D90C383ABD29): 31
LogDevObjectVersion:   Dev-Sequencer (7B5AE74C-D270-4C10-A958-57980B212A5A): 11
LogDevObjectVersion:   Dev-VR (D7296918-1DD6-4BDD-9DE2-64A83CC13884): 2
LogDevObjectVersion:   Dev-LoadTimes (C2A15278-BFE7-4AFE-6C17-90FF531DF755): 1
LogDevObjectVersion:   Private-Geometry (6EACA3D4-40EC-4CC1-B786-8BED09428FC5): 3
LogDevObjectVersion:   Dev-AnimPhys (29E575DD-E0A3-4627-9D10-D276232CDCEA): 17
LogDevObjectVersion:   Dev-Anim (AF43A65D-7FD3-4947-9873-3E8ED9C1BB05): 2
LogDevObjectVersion:   Dev-ReflectionCapture (6B266CEC-1EC7-4B8F-A30B-E4D90942FC07): 1
LogDevObjectVersion:   Dev-Automation (0DF73D61-A23F-47EA-B727-89E90C41499A): 1
LogDevObjectVersion:   FortniteMain (601D1886-AC64-4F84-AA16-D3DE0DEAC7D6): 27
LogDevObjectVersion:   Dev-Enterprise (9DFFBCD6-494F-0158-E221-12823C92A888): 6
LogDevObjectVersion:   Dev-Niagara (F2AED0AC-9AFE-416F-8664-AA7FFA26D6FC): 1
LogDevObjectVersion:   Dev-Destruction (174F1F0B-B4C6-45A5-B13F-2EE8D0FB917D): 9
LogInit: Presizing for max 16777216 objects, including 0 objects not considered by GC, pre-allocating 0 bytes for permanent pool.
LogInit: Object subsystem initialized
LogConfig: Setting CVar [[con.DebugEarlyDefault:1]]
LogConfig: Setting CVar [[r.setres:1280x720]]
[2020.01.10-15.58.51:481][  0]LogConfig: Setting CVar [[r.VSync:0]]
[2020.01.10-15.58.51:482][  0]LogConfig: Setting CVar [[r.RHICmdBypass:0]]
[2020.01.10-15.58.51:486][  0]LogConfig: Applying CVar settings from Section [/Script/Engine.RendererSettings] File [D:/Pentum/Pentum_Prototyp/Saved/Config/Windows/Engine.ini]
[2020.01.10-15.58.51:486][  0]LogConfig: Setting CVar [[r.GPUCrashDebugging:0]]
[2020.01.10-15.58.51:486][  0]LogConfig: Applying CVar settings from Section [/Script/Engine.RendererOverrideSettings] File [D:/Pentum/Pentum_Prototyp/Saved/Config/Windows/Engine.ini]
[2020.01.10-15.58.51:486][  0]LogConfig: Applying CVar settings from Section [/Script/Engine.StreamingSettings] File [D:/Pentum/Pentum_Prototyp/Saved/Config/Windows/Engine.ini]
[2020.01.10-15.58.51:486][  0]LogConfig: Setting CVar [[s.MinBulkDataSizeForAsyncLoading:131072]]
[2020.01.10-15.58.51:486][  0]LogConfig: Setting CVar [[s.AsyncLoadingThreadEnabled:0]]
[2020.01.10-15.58.51:486][  0]LogConfig: Setting CVar [[s.EventDrivenLoaderEnabled:1]]
[2020.01.10-15.58.51:486][  0]LogConfig: Setting CVar [[s.WarnIfTimeLimitExceeded:0]]
[2020.01.10-15.58.51:486][  0]LogConfig: Setting CVar [[s.TimeLimitExceededMultiplier:1.5]]
[2020.01.10-15.58.51:486][  0]LogConfig: Setting CVar [[s.TimeLimitExceededMinTime:0.005]]
[2020.01.10-15.58.51:486][  0]LogConfig: Setting CVar [[s.UseBackgroundLevelStreaming:1]]
[2020.01.10-15.58.51:486][  0]LogConfig: Setting CVar [[s.PriorityAsyncLoadingExtraTime:15.0]]
[2020.01.10-15.58.51:486][  0]LogConfig: Setting CVar [[s.LevelStreamingActorsUpdateTimeLimit:5.0]]
[2020.01.10-15.58.51:486][  0]LogConfig: Setting CVar [[s.PriorityLevelStreamingActorsUpdateExtraTime:5.0]]
[2020.01.10-15.58.51:486][  0]LogConfig: Setting CVar [[s.LevelStreamingComponentsRegistrationGranularity:10]]
[2020.01.10-15.58.51:487][  0]LogConfig: Setting CVar [[s.UnregisterComponentsTimeLimit:1.0]]
[2020.01.10-15.58.51:487][  0]LogConfig: Setting CVar [[s.LevelStreamingComponentsUnregistrationGranularity:5]]
[2020.01.10-15.58.51:487][  0]LogConfig: Applying CVar settings from Section [/Script/Engine.GarbageCollectionSettings] File [D:/Pentum/Pentum_Prototyp/Saved/Config/Windows/Engine.ini]
[2020.01.10-15.58.51:487][  0]LogConfig: Setting CVar [[gc.MaxObjectsNotConsideredByGC:1]]
[2020.01.10-15.58.51:487][  0]LogConfig: Setting CVar [[gc.SizeOfPermanentObjectPool:0]]
[2020.01.10-15.58.51:487][  0]LogConfig: Setting CVar [[gc.FlushStreamingOnGC:0]]
[2020.01.10-15.58.51:487][  0]LogConfig: Setting CVar [[gc.NumRetriesBeforeForcingGC:10]]
[2020.01.10-15.58.51:487][  0]LogConfig: Setting CVar [[gc.AllowParallelGC:1]]
[2020.01.10-15.58.51:487][  0]LogConfig: Setting CVar [[gc.TimeBetweenPurgingPendingKillObjects:61.1]]
[2020.01.10-15.58.51:487][  0]LogConfig: Setting CVar [[gc.MaxObjectsInEditor:16777216]]
[2020.01.10-15.58.51:487][  0]LogConfig: Setting CVar [[gc.IncrementalBeginDestroyEnabled:1]]
[2020.01.10-15.58.51:487][  0]LogConfig: Setting CVar [[gc.CreateGCClusters:1]]
[2020.01.10-15.58.51:487][  0]LogConfig: Setting CVar [[gc.MinGCClusterSize:5]]
[2020.01.10-15.58.51:487][  0]LogConfig: Setting CVar [[gc.ActorClusteringEnabled:0]]
[2020.01.10-15.58.51:487][  0]LogConfig: Setting CVar [[gc.BlueprintClusteringEnabled:0]]
[2020.01.10-15.58.51:487][  0]LogConfig: Setting CVar [[gc.UseDisregardForGCOnDedicatedServers:0]]
[2020.01.10-15.58.51:487][  0]LogConfig: Applying CVar settings from Section [/Script/Engine.NetworkSettings] File [D:/Pentum/Pentum_Prototyp/Saved/Config/Windows/Engine.ini]
[2020.01.10-15.58.51:487][  0]LogConfig: Applying CVar settings from Section [/Script/UnrealEd.CookerSettings] File [D:/Pentum/Pentum_Prototyp/Saved/Config/Windows/Engine.ini]
[2020.01.10-15.58.51:553][  0]LogConfig: Applying CVar settings from Section [ViewDistanceQuality@3] File [D:/Pentum/Pentum_Prototyp/Saved/Config/Windows/Scalability.ini]
[2020.01.10-15.58.51:553][  0]LogConfig: Setting CVar [[r.SkeletalMeshLODBias:0]]
[2020.01.10-15.58.51:553][  0]LogConfig: Setting CVar [[r.ViewDistanceScale:1.0]]
[2020.01.10-15.58.51:553][  0]LogConfig: Applying CVar settings from Section [AntiAliasingQuality@3] File [D:/Pentum/Pentum_Prototyp/Saved/Config/Windows/Scalability.ini]
[2020.01.10-15.58.51:553][  0]LogConfig: Setting CVar [[r.PostProcessAAQuality:4]]
[2020.01.10-15.58.51:553][  0]LogConfig: Applying CVar settings from Section [ShadowQuality@3] File [D:/Pentum/Pentum_Prototyp/Saved/Config/Windows/Scalability.ini]
[2020.01.10-15.58.51:553][  0]LogConfig: Setting CVar [[r.LightFunctionQuality:1]]
[2020.01.10-15.58.51:553][  0]LogConfig: Setting CVar [[r.ShadowQuality:5]]
[2020.01.10-15.58.51:553][  0]LogConfig: Setting CVar [[r.Shadow.CSM.MaxCascades:10]]
[2020.01.10-15.58.51:553][  0]LogConfig: Setting CVar [[r.Shadow.MaxResolution:2048]]
[2020.01.10-15.58.51:553][  0]LogConfig: Setting CVar [[r.Shadow.MaxCSMResolution:2048]]
[2020.01.10-15.58.51:553][  0]LogConfig: Setting CVar [[r.Shadow.RadiusThreshold:0.01]]
[2020.01.10-15.58.51:553][  0]LogConfig: Setting CVar [[r.Shadow.DistanceScale:1.0]]
[2020.01.10-15.58.51:553][  0]LogConfig: Setting CVar [[r.Shadow.CSM.TransitionScale:1.0]]
[2020.01.10-15.58.51:553][  0]LogConfig: Setting CVar [[r.Shadow.PreShadowResolutionFactor:1.0]]
[2020.01.10-15.58.51:553][  0]LogConfig: Setting CVar [[r.DistanceFieldShadowing:1]]
[2020.01.10-15.58.51:553][  0]LogConfig: Setting CVar [[r.DistanceFieldAO:1]]
[2020.01.10-15.58.51:553][  0]LogConfig: Setting CVar [[r.AOQuality:2]]
[2020.01.10-15.58.51:553][  0]LogConfig: Setting CVar [[r.VolumetricFog:1]]
[2020.01.10-15.58.51:553][  0]LogConfig: Setting CVar [[r.VolumetricFog.GridPixelSize:8]]
[2020.01.10-15.58.51:553][  0]LogConfig: Setting CVar [[r.VolumetricFog.GridSizeZ:128]]
[2020.01.10-15.58.51:553][  0]LogConfig: Setting CVar [[r.VolumetricFog.HistoryMissSupersampleCount:4]]
[2020.01.10-15.58.51:553][  0]LogConfig: Setting CVar [[r.LightMaxDrawDistanceScale:1]]
[2020.01.10-15.58.51:553][  0]LogConfig: Setting CVar [[r.CapsuleShadows:1]]
[2020.01.10-15.58.51:553][  0]LogConfig: Applying CVar settings from Section [PostProcessQuality@3] File [D:/Pentum/Pentum_Prototyp/Saved/Config/Windows/Scalability.ini]
[2020.01.10-15.58.51:554][  0]LogConfig: Setting CVar [[r.MotionBlurQuality:4]]
[2020.01.10-15.58.51:554][  0]LogConfig: Setting CVar [[r.AmbientOcclusionMipLevelFactor:0.4]]
[2020.01.10-15.58.51:554][  0]LogConfig: Setting CVar [[r.AmbientOcclusionMaxQuality:100]]
[2020.01.10-15.58.51:554][  0]LogConfig: Setting CVar [[r.AmbientOcclusionLevels:-1]]
[2020.01.10-15.58.51:554][  0]LogConfig: Setting CVar [[r.AmbientOcclusionRadiusScale:1.0]]
[2020.01.10-15.58.51:554][  0]LogConfig: Setting CVar [[r.DepthOfFieldQuality:2]]
[2020.01.10-15.58.51:554][  0]LogConfig: Setting CVar [[r.RenderTargetPoolMin:400]]
[2020.01.10-15.58.51:554][  0]LogConfig: Setting CVar [[r.LensFlareQuality:2]]
[2020.01.10-15.58.51:554][  0]LogConfig: Setting CVar [[r.SceneColorFringeQuality:1]]
[2020.01.10-15.58.51:554][  0]LogConfig: Setting CVar [[r.EyeAdaptationQuality:2]]
[2020.01.10-15.58.51:554][  0]LogConfig: Setting CVar [[r.BloomQuality:5]]
[2020.01.10-15.58.51:554][  0]LogConfig: Setting CVar [[r.FastBlurThreshold:100]]
[2020.01.10-15.58.51:554][  0]LogConfig: Setting CVar [[r.Upscale.Quality:3]]
[2020.01.10-15.58.51:554][  0]LogConfig: Setting CVar [[r.Tonemapper.GrainQuantization:1]]
[2020.01.10-15.58.51:554][  0]LogConfig: Setting CVar [[r.LightShaftQuality:1]]
[2020.01.10-15.58.51:554][  0]LogConfig: Setting CVar [[r.Filter.SizeScale:1]]
[2020.01.10-15.58.51:554][  0]LogConfig: Setting CVar [[r.Tonemapper.Quality:5]]
[2020.01.10-15.58.51:554][  0]LogConfig: Setting CVar [[r.DOF.Gather.AccumulatorQuality:1        ; higher gathering accumulator quality]]
[2020.01.10-15.58.51:554][  0]LogConfig: Setting CVar [[r.DOF.Gather.PostfilterMethod:1          ; Median3x3 postfilering method]]
[2020.01.10-15.58.51:554][  0]LogConfig: Setting CVar [[r.DOF.Gather.EnableBokehSettings:0       ; no bokeh simulation when gathering]]
[2020.01.10-15.58.51:554][  0]LogConfig: Setting CVar [[r.DOF.Gather.RingCount:4                 ; medium number of samples when gathering]]
[2020.01.10-15.58.51:554][  0]LogConfig: Setting CVar [[r.DOF.Scatter.ForegroundCompositing:1    ; additive foreground scattering]]
[2020.01.10-15.58.51:554][  0]LogConfig: Setting CVar [[r.DOF.Scatter.BackgroundCompositing:2    ; additive background scattering]]
[2020.01.10-15.58.51:554][  0]LogConfig: Setting CVar [[r.DOF.Scatter.EnableBokehSettings:1      ; bokeh simulation when scattering]]
[2020.01.10-15.58.51:554][  0]LogConfig: Setting CVar [[r.DOF.Scatter.MaxSpriteRatio:0.1         ; only a maximum of 10% of scattered bokeh]]
[2020.01.10-15.58.51:554][  0]LogConfig: Setting CVar [[r.DOF.Recombine.Quality:1                ; cheap slight out of focus]]
[2020.01.10-15.58.51:554][  0]LogConfig: Setting CVar [[r.DOF.Recombine.EnableBokehSettings:0    ; no bokeh simulation on slight out of focus]]
[2020.01.10-15.58.51:554][  0]LogConfig: Setting CVar [[r.DOF.TemporalAAQuality:1                ; more stable temporal accumulation]]
[2020.01.10-15.58.51:554][  0]LogConfig: Setting CVar [[r.DOF.Kernel.MaxForegroundRadius:0.025]]
[2020.01.10-15.58.51:554][  0]LogConfig: Setting CVar [[r.DOF.Kernel.MaxBackgroundRadius:0.025]]
[2020.01.10-15.58.51:554][  0]LogConfig: Applying CVar settings from Section [TextureQuality@3] File [D:/Pentum/Pentum_Prototyp/Saved/Config/Windows/Scalability.ini]
[2020.01.10-15.58.51:554][  0]LogConfig: Setting CVar [[r.Streaming.MipBias:0]]
[2020.01.10-15.58.51:554][  0]LogConfig: Setting CVar [[r.Streaming.AmortizeCPUToGPUCopy:0]]
[2020.01.10-15.58.51:554][  0]LogConfig: Setting CVar [[r.Streaming.MaxNumTexturesToStreamPerFrame:0]]
[2020.01.10-15.58.51:554][  0]LogConfig: Setting CVar [[r.Streaming.Boost:1]]
[2020.01.10-15.58.51:554][  0]LogConfig: Setting CVar [[r.MaxAnisotropy:8]]
[2020.01.10-15.58.51:554][  0]LogConfig: Setting CVar [[r.Streaming.LimitPoolSizeToVRAM:0]]
[2020.01.10-15.58.51:554][  0]LogConfig: Setting CVar [[r.Streaming.PoolSize:1000]]
[2020.01.10-15.58.51:554][  0]LogConfig: Setting CVar [[r.Streaming.MaxEffectiveScreenSize:0]]
[2020.01.10-15.58.51:554][  0]LogConfig: Applying CVar settings from Section [EffectsQuality@3] File [D:/Pentum/Pentum_Prototyp/Saved/Config/Windows/Scalability.ini]
[2020.01.10-15.58.51:554][  0]LogConfig: Setting CVar [[r.TranslucencyLightingVolumeDim:64]]
[2020.01.10-15.58.51:554][  0]LogConfig: Setting CVar [[r.RefractionQuality:2]]
[2020.01.10-15.58.51:554][  0]LogConfig: Setting CVar [[r.SSR.Quality:3]]
[2020.01.10-15.58.51:554][  0]LogConfig: Setting CVar [[r.SceneColorFormat:4]]
[2020.01.10-15.58.51:554][  0]LogConfig: Setting CVar [[r.DetailMode:2]]
[2020.01.10-15.58.51:554][  0]LogConfig: Setting CVar [[r.TranslucencyVolumeBlur:1]]
[2020.01.10-15.58.51:554][  0]LogConfig: Setting CVar [[r.MaterialQualityLevel:1 ; High quality]]
[2020.01.10-15.58.51:554][  0]LogConfig: Setting CVar [[r.SSS.Scale:1]]
[2020.01.10-15.58.51:555][  0]LogConfig: Setting CVar [[r.SSS.SampleSet:2]]
[2020.01.10-15.58.51:555][  0]LogConfig: Setting CVar [[r.SSS.Quality:1]]
[2020.01.10-15.58.51:555][  0]LogConfig: Setting CVar [[r.SSS.HalfRes:1]]
[2020.01.10-15.58.51:555][  0]LogConfig: Setting CVar [[r.EmitterSpawnRateScale:1.0]]
[2020.01.10-15.58.51:555][  0]LogConfig: Setting CVar [[r.ParticleLightQuality:2]]
[2020.01.10-15.58.51:555][  0]LogConfig: Applying CVar settings from Section [FoliageQuality@3] File [D:/Pentum/Pentum_Prototyp/Saved/Config/Windows/Scalability.ini]
[2020.01.10-15.58.51:555][  0]LogConfig: Setting CVar [[foliage.DensityScale:1.0]]
[2020.01.10-15.58.51:555][  0]LogConfig: Setting CVar [[grass.DensityScale:1.0]]
[2020.01.10-15.58.51:581][  0]LogInit: Selected Device Profile: [Windows]
[2020.01.10-15.58.51:590][  0]LogInit: Applying CVar settings loaded from the selected device profile: [Windows]
[2020.01.10-15.58.51:611][  0]LogHAL: Display: Platform has ~ 32 GB [34294325248 / 34359738368 / 32], which maps to Largest [LargestMinGB=32, LargerMinGB=12, DefaultMinGB=8, SmallerMinGB=6, SmallestMinGB=0)
[2020.01.10-15.58.51:612][  0]LogInit: Going up to parent DeviceProfile []
[2020.01.10-15.58.51:620][  0]LogConfig: Applying CVar settings from Section [ViewDistanceQuality@3] File [D:/Pentum/Pentum_Prototyp/Saved/Config/Windows/Scalability.ini]
[2020.01.10-15.58.51:620][  0]LogConfig: Setting CVar [[r.SkeletalMeshLODBias:0]]
[2020.01.10-15.58.51:620][  0]LogConfig: Setting CVar [[r.ViewDistanceScale:1.0]]
[2020.01.10-15.58.51:620][  0]LogConfig: Applying CVar settings from Section [AntiAliasingQuality@3] File [D:/Pentum/Pentum_Prototyp/Saved/Config/Windows/Scalability.ini]
[2020.01.10-15.58.51:620][  0]LogConfig: Setting CVar [[r.PostProcessAAQuality:4]]
[2020.01.10-15.58.51:620][  0]LogConfig: Applying CVar settings from Section [ShadowQuality@3] File [D:/Pentum/Pentum_Prototyp/Saved/Config/Windows/Scalability.ini]
[2020.01.10-15.58.51:620][  0]LogConfig: Setting CVar [[r.LightFunctionQuality:1]]
[2020.01.10-15.58.51:620][  0]LogConfig: Setting CVar [[r.ShadowQuality:5]]
[2020.01.10-15.58.51:620][  0]LogConfig: Setting CVar [[r.Shadow.CSM.MaxCascades:10]]
[2020.01.10-15.58.51:620][  0]LogConfig: Setting CVar [[r.Shadow.MaxResolution:2048]]
[2020.01.10-15.58.51:620][  0]LogConfig: Setting CVar [[r.Shadow.MaxCSMResolution:2048]]
[2020.01.10-15.58.51:620][  0]LogConfig: Setting CVar [[r.Shadow.RadiusThreshold:0.01]]
[2020.01.10-15.58.51:620][  0]LogConfig: Setting CVar [[r.Shadow.DistanceScale:1.0]]
[2020.01.10-15.58.51:620][  0]LogConfig: Setting CVar [[r.Shadow.CSM.TransitionScale:1.0]]
[2020.01.10-15.58.51:620][  0]LogConfig: Setting CVar [[r.Shadow.PreShadowResolutionFactor:1.0]]
[2020.01.10-15.58.51:620][  0]LogConfig: Setting CVar [[r.DistanceFieldShadowing:1]]
[2020.01.10-15.58.51:620][  0]LogConfig: Setting CVar [[r.DistanceFieldAO:1]]
[2020.01.10-15.58.51:620][  0]LogConfig: Setting CVar [[r.AOQuality:2]]
[2020.01.10-15.58.51:620][  0]LogConfig: Setting CVar [[r.VolumetricFog:1]]
[2020.01.10-15.58.51:620][  0]LogConfig: Setting CVar [[r.VolumetricFog.GridPixelSize:8]]
[2020.01.10-15.58.51:620][  0]LogConfig: Setting CVar [[r.VolumetricFog.GridSizeZ:128]]
[2020.01.10-15.58.51:620][  0]LogConfig: Setting CVar [[r.VolumetricFog.HistoryMissSupersampleCount:4]]
[2020.01.10-15.58.51:620][  0]LogConfig: Setting CVar [[r.LightMaxDrawDistanceScale:1]]
[2020.01.10-15.58.51:620][  0]LogConfig: Setting CVar [[r.CapsuleShadows:1]]
[2020.01.10-15.58.51:620][  0]LogConfig: Applying CVar settings from Section [PostProcessQuality@3] File [D:/Pentum/Pentum_Prototyp/Saved/Config/Windows/Scalability.ini]
[2020.01.10-15.58.51:621][  0]LogConfig: Setting CVar [[r.MotionBlurQuality:4]]
[2020.01.10-15.58.51:621][  0]LogConfig: Setting CVar [[r.AmbientOcclusionMipLevelFactor:0.4]]
[2020.01.10-15.58.51:621][  0]LogConfig: Setting CVar [[r.AmbientOcclusionMaxQuality:100]]
[2020.01.10-15.58.51:621][  0]LogConfig: Setting CVar [[r.AmbientOcclusionLevels:-1]]
[2020.01.10-15.58.51:621][  0]LogConfig: Setting CVar [[r.AmbientOcclusionRadiusScale:1.0]]
[2020.01.10-15.58.51:621][  0]LogConfig: Setting CVar [[r.DepthOfFieldQuality:2]]
[2020.01.10-15.58.51:621][  0]LogConfig: Setting CVar [[r.RenderTargetPoolMin:400]]
[2020.01.10-15.58.51:621][  0]LogConfig: Setting CVar [[r.LensFlareQuality:2]]
[2020.01.10-15.58.51:621][  0]LogConfig: Setting CVar [[r.SceneColorFringeQuality:1]]
[2020.01.10-15.58.51:621][  0]LogConfig: Setting CVar [[r.EyeAdaptationQuality:2]]
[2020.01.10-15.58.51:621][  0]LogConfig: Setting CVar [[r.BloomQuality:5]]
[2020.01.10-15.58.51:621][  0]LogConfig: Setting CVar [[r.FastBlurThreshold:100]]
[2020.01.10-15.58.51:621][  0]LogConfig: Setting CVar [[r.Upscale.Quality:3]]
[2020.01.10-15.58.51:621][  0]LogConfig: Setting CVar [[r.Tonemapper.GrainQuantization:1]]
[2020.01.10-15.58.51:621][  0]LogConfig: Setting CVar [[r.LightShaftQuality:1]]
[2020.01.10-15.58.51:621][  0]LogConfig: Setting CVar [[r.Filter.SizeScale:1]]
[2020.01.10-15.58.51:621][  0]LogConfig: Setting CVar [[r.Tonemapper.Quality:5]]
[2020.01.10-15.58.51:621][  0]LogConfig: Setting CVar [[r.DOF.Gather.AccumulatorQuality:1        ; higher gathering accumulator quality]]
[2020.01.10-15.58.51:621][  0]LogConfig: Setting CVar [[r.DOF.Gather.PostfilterMethod:1          ; Median3x3 postfilering method]]
[2020.01.10-15.58.51:621][  0]LogConfig: Setting CVar [[r.DOF.Gather.EnableBokehSettings:0       ; no bokeh simulation when gathering]]
[2020.01.10-15.58.51:621][  0]LogConfig: Setting CVar [[r.DOF.Gather.RingCount:4                 ; medium number of samples when gathering]]
[2020.01.10-15.58.51:621][  0]LogConfig: Setting CVar [[r.DOF.Scatter.ForegroundCompositing:1    ; additive foreground scattering]]
[2020.01.10-15.58.51:621][  0]LogConfig: Setting CVar [[r.DOF.Scatter.BackgroundCompositing:2    ; additive background scattering]]
[2020.01.10-15.58.51:621][  0]LogConfig: Setting CVar [[r.DOF.Scatter.EnableBokehSettings:1      ; bokeh simulation when scattering]]
[2020.01.10-15.58.51:621][  0]LogConfig: Setting CVar [[r.DOF.Scatter.MaxSpriteRatio:0.1         ; only a maximum of 10% of scattered bokeh]]
[2020.01.10-15.58.51:621][  0]LogConfig: Setting CVar [[r.DOF.Recombine.Quality:1                ; cheap slight out of focus]]
[2020.01.10-15.58.51:621][  0]LogConfig: Setting CVar [[r.DOF.Recombine.EnableBokehSettings:0    ; no bokeh simulation on slight out of focus]]
[2020.01.10-15.58.51:621][  0]LogConfig: Setting CVar [[r.DOF.TemporalAAQuality:1                ; more stable temporal accumulation]]
[2020.01.10-15.58.51:621][  0]LogConfig: Setting CVar [[r.DOF.Kernel.MaxForegroundRadius:0.025]]
[2020.01.10-15.58.51:621][  0]LogConfig: Setting CVar [[r.DOF.Kernel.MaxBackgroundRadius:0.025]]
[2020.01.10-15.58.51:621][  0]LogConfig: Applying CVar settings from Section [TextureQuality@3] File [D:/Pentum/Pentum_Prototyp/Saved/Config/Windows/Scalability.ini]
[2020.01.10-15.58.51:621][  0]LogConfig: Setting CVar [[r.Streaming.MipBias:0]]
[2020.01.10-15.58.51:621][  0]LogConfig: Setting CVar [[r.Streaming.AmortizeCPUToGPUCopy:0]]
[2020.01.10-15.58.51:621][  0]LogConfig: Setting CVar [[r.Streaming.MaxNumTexturesToStreamPerFrame:0]]
[2020.01.10-15.58.51:621][  0]LogConfig: Setting CVar [[r.Streaming.Boost:1]]
[2020.01.10-15.58.51:621][  0]LogConfig: Setting CVar [[r.MaxAnisotropy:8]]
[2020.01.10-15.58.51:621][  0]LogConfig: Setting CVar [[r.Streaming.LimitPoolSizeToVRAM:0]]
[2020.01.10-15.58.51:621][  0]LogConfig: Setting CVar [[r.Streaming.PoolSize:1000]]
[2020.01.10-15.58.51:621][  0]LogConfig: Setting CVar [[r.Streaming.MaxEffectiveScreenSize:0]]
[2020.01.10-15.58.51:621][  0]LogConfig: Applying CVar settings from Section [EffectsQuality@3] File [D:/Pentum/Pentum_Prototyp/Saved/Config/Windows/Scalability.ini]
[2020.01.10-15.58.51:621][  0]LogConfig: Setting CVar [[r.TranslucencyLightingVolumeDim:64]]
[2020.01.10-15.58.51:621][  0]LogConfig: Setting CVar [[r.RefractionQuality:2]]
[2020.01.10-15.58.51:621][  0]LogConfig: Setting CVar [[r.SSR.Quality:3]]
[2020.01.10-15.58.51:621][  0]LogConfig: Setting CVar [[r.SceneColorFormat:4]]
[2020.01.10-15.58.51:621][  0]LogConfig: Setting CVar [[r.DetailMode:2]]
[2020.01.10-15.58.51:621][  0]LogConfig: Setting CVar [[r.TranslucencyVolumeBlur:1]]
[2020.01.10-15.58.51:621][  0]LogConfig: Setting CVar [[r.MaterialQualityLevel:1 ; High quality]]
[2020.01.10-15.58.51:621][  0]LogConfig: Setting CVar [[r.SSS.Scale:1]]
[2020.01.10-15.58.51:621][  0]LogConfig: Setting CVar [[r.SSS.SampleSet:2]]
[2020.01.10-15.58.51:621][  0]LogConfig: Setting CVar [[r.SSS.Quality:1]]
[2020.01.10-15.58.51:621][  0]LogConfig: Setting CVar [[r.SSS.HalfRes:1]]
[2020.01.10-15.58.51:621][  0]LogConfig: Setting CVar [[r.EmitterSpawnRateScale:1.0]]
[2020.01.10-15.58.51:621][  0]LogConfig: Setting CVar [[r.ParticleLightQuality:2]]
[2020.01.10-15.58.51:621][  0]LogConfig: Applying CVar settings from Section [FoliageQuality@3] File [D:/Pentum/Pentum_Prototyp/Saved/Config/Windows/Scalability.ini]
[2020.01.10-15.58.51:621][  0]LogConfig: Setting CVar [[foliage.DensityScale:1.0]]
[2020.01.10-15.58.51:621][  0]LogConfig: Setting CVar [[grass.DensityScale:1.0]]
[2020.01.10-15.58.51:621][  0]LogConfig: Applying CVar settings from Section [Startup] File [../../../Engine/Config/ConsoleVariables.ini]
[2020.01.10-15.58.51:627][  0]LogConfig: Setting CVar [[net.UseAdaptiveNetUpdateFrequency:0]]
[2020.01.10-15.58.51:627][  0]LogConfig: Setting CVar [[p.chaos.AllowCreatePhysxBodies:1]]
[2020.01.10-15.58.51:627][  0]LogConfig: Applying CVar settings from Section [ConsoleVariables] File [D:/Pentum/Pentum_Prototyp/Saved/Config/Windows/Engine.ini]
[2020.01.10-15.58.51:627][  0]LogInit: Computer: MUC-A-1482
[2020.01.10-15.58.51:627][  0]LogInit: User: chbrueckl
[2020.01.10-15.58.51:627][  0]LogInit: CPU Page size=4096, Cores=4
[2020.01.10-15.58.51:627][  0]LogInit: High frequency timer resolution =10.000000 MHz
[2020.01.10-15.58.51:650][  0]LogMemory: Memory total: Physical=31.9GB (32GB approx)
[2020.01.10-15.58.51:651][  0]LogMemory: Platform Memory Stats for Windows
[2020.01.10-15.58.51:651][  0]LogMemory: Process Physical Memory: 102.11 MB used, 102.11 MB peak
[2020.01.10-15.58.51:651][  0]LogMemory: Process Virtual Memory: 103.22 MB used, 103.22 MB peak
[2020.01.10-15.58.51:651][  0]LogMemory: Physical Memory: 5752.01 MB used,  26953.61 MB free, 32705.62 MB total
[2020.01.10-15.58.51:651][  0]LogMemory: Virtual Memory: 4670.87 MB used,  134213056.00 MB free, 134217728.00 MB total
[2020.01.10-15.58.51:668][  0]LogWindows: WindowsPlatformFeatures enabled
[2020.01.10-15.58.52:058][  0]LogInit: Using OS detected language (en-US).
[2020.01.10-15.58.52:058][  0]LogInit: Using OS detected locale (en-US).
[2020.01.10-15.58.52:122][  0]LogTextLocalizationManager: No specific localization for 'en-US' exists, so the 'en' localization will be used.
[2020.01.10-15.58.52:548][  0]LogInit: Setting process to per monitor DPI aware
[2020.01.10-15.58.53:034][  0]LogSlate: New Slate User Created.  User Index 0, Is Virtual User: 0
[2020.01.10-15.58.53:035][  0]LogSlate: Slate User Registered.  User Index 0, Is Virtual User: 0
[2020.01.10-15.58.53:528][  0]LogHMD: Failed to initialize OpenVR with code 110
[2020.01.10-15.58.53:528][  0]LogD3D11RHI: D3D11 adapters:
[2020.01.10-15.58.53:617][  0]LogD3D11RHI:    0. 'NVIDIA GeForce GTX 1060 6GB' (Feature Level 11_0)
[2020.01.10-15.58.53:617][  0]LogD3D11RHI:       6052/0/16352 MB DedicatedVideo/DedicatedSystem/SharedSystem, Outputs:2, VendorId:0x10de
[2020.01.10-15.58.53:619][  0]LogD3D11RHI:    1. 'Microsoft Basic Render Driver' (Feature Level 11_0)
[2020.01.10-15.58.53:619][  0]LogD3D11RHI:       0/0/16352 MB DedicatedVideo/DedicatedSystem/SharedSystem, Outputs:0, VendorId:0x1414
[2020.01.10-15.58.53:619][  0]LogD3D11RHI: Chosen D3D11 Adapter: 0
[2020.01.10-15.58.53:632][  0]LogD3D11RHI: Creating new Direct3DDevice
[2020.01.10-15.58.53:632][  0]LogD3D11RHI:     GPU DeviceId: 0x1c03 (for the marketing name, search the web for "GPU Device Id")
[2020.01.10-15.58.53:632][  0]LogWindows: EnumDisplayDevices:
[2020.01.10-15.58.53:632][  0]LogWindows:    0. 'NVIDIA GeForce GTX 1060 6GB' (P:1 D:1)
[2020.01.10-15.58.53:633][  0]LogWindows:    1. 'NVIDIA GeForce GTX 1060 6GB' (P:0 D:1)
[2020.01.10-15.58.53:633][  0]LogWindows:    2. 'NVIDIA GeForce GTX 1060 6GB' (P:0 D:0)
[2020.01.10-15.58.53:633][  0]LogWindows:    3. 'NVIDIA GeForce GTX 1060 6GB' (P:0 D:0)
[2020.01.10-15.58.53:634][  0]LogWindows: DebugString: FoundDriverCount:4 
[2020.01.10-15.58.53:634][  0]LogD3D11RHI:     Adapter Name: NVIDIA GeForce GTX 1060 6GB
[2020.01.10-15.58.53:634][  0]LogD3D11RHI:   Driver Version: 432.00 (internal:26.21.14.3200, unified:432.00)
[2020.01.10-15.58.53:634][  0]LogD3D11RHI:      Driver Date: 7-24-2019
[2020.01.10-15.58.53:634][  0]LogRHI: Texture pool is 4236 MB (70% of 6052 MB)
[2020.01.10-15.58.53:708][  0]LogD3D11RHI: Async texture creation enabled
[2020.01.10-15.58.53:913][  0]LogD3D11RHI: GPU Timing Frequency: 1000.000000 (Debug: 2 1)
[2020.01.10-15.58.54:687][  0]LogTemp: Display: Module 'AllDesktopTargetPlatform' loaded TargetPlatform 'AllDesktop'
[2020.01.10-15.58.54:738][  0]LogTemp: Display: Module 'MacClientTargetPlatform' loaded TargetPlatform 'MacClient'
[2020.01.10-15.58.54:764][  0]LogTemp: Display: Module 'MacNoEditorTargetPlatform' loaded TargetPlatform 'MacNoEditor'
[2020.01.10-15.58.54:789][  0]LogTemp: Display: Module 'MacServerTargetPlatform' loaded TargetPlatform 'MacServer'
[2020.01.10-15.58.54:834][  0]LogTemp: Display: Module 'MacTargetPlatform' loaded TargetPlatform 'Mac'
[2020.01.10-15.58.54:876][  0]LogTemp: Display: Module 'WindowsClientTargetPlatform' loaded TargetPlatform 'WindowsClient'
[2020.01.10-15.58.54:892][  0]LogTemp: Display: Module 'WindowsNoEditorTargetPlatform' loaded TargetPlatform 'WindowsNoEditor'
[2020.01.10-15.58.54:903][  0]LogTemp: Display: Module 'WindowsServerTargetPlatform' loaded TargetPlatform 'WindowsServer'
[2020.01.10-15.58.54:919][  0]LogTemp: Display: Module 'WindowsTargetPlatform' loaded TargetPlatform 'Windows'
[2020.01.10-15.58.54:975][  0]LogTemp: Display: Module 'AndroidTargetPlatform' loaded TargetPlatform 'Android'
[2020.01.10-15.58.54:975][  0]LogTemp: Display: Module 'AndroidTargetPlatform' loaded TargetPlatform 'Android_ASTC'
[2020.01.10-15.58.54:975][  0]LogTemp: Display: Module 'AndroidTargetPlatform' loaded TargetPlatform 'Android_ATC'
[2020.01.10-15.58.54:975][  0]LogTemp: Display: Module 'AndroidTargetPlatform' loaded TargetPlatform 'Android_DXT'
[2020.01.10-15.58.54:975][  0]LogTemp: Display: Module 'AndroidTargetPlatform' loaded TargetPlatform 'Android_ETC1'
[2020.01.10-15.58.54:975][  0]LogTemp: Display: Module 'AndroidTargetPlatform' loaded TargetPlatform 'Android_ETC1a'
[2020.01.10-15.58.54:975][  0]LogTemp: Display: Module 'AndroidTargetPlatform' loaded TargetPlatform 'Android_ETC2'
[2020.01.10-15.58.54:975][  0]LogTemp: Display: Module 'AndroidTargetPlatform' loaded TargetPlatform 'Android_PVRTC'
[2020.01.10-15.58.54:975][  0]LogTemp: Display: Module 'AndroidTargetPlatform' loaded TargetPlatform 'AndroidClient'
[2020.01.10-15.58.54:975][  0]LogTemp: Display: Module 'AndroidTargetPlatform' loaded TargetPlatform 'Android_ASTCClient'
[2020.01.10-15.58.54:975][  0]LogTemp: Display: Module 'AndroidTargetPlatform' loaded TargetPlatform 'Android_ATCClient'
[2020.01.10-15.58.54:975][  0]LogTemp: Display: Module 'AndroidTargetPlatform' loaded TargetPlatform 'Android_DXTClient'
[2020.01.10-15.58.54:975][  0]LogTemp: Display: Module 'AndroidTargetPlatform' loaded TargetPlatform 'Android_ETC1Client'
[2020.01.10-15.58.54:975][  0]LogTemp: Display: Module 'AndroidTargetPlatform' loaded TargetPlatform 'Android_ETC1aClient'
[2020.01.10-15.58.54:975][  0]LogTemp: Display: Module 'AndroidTargetPlatform' loaded TargetPlatform 'Android_ETC2Client'
[2020.01.10-15.58.54:975][  0]LogTemp: Display: Module 'AndroidTargetPlatform' loaded TargetPlatform 'Android_PVRTCClient'
[2020.01.10-15.58.54:975][  0]LogTemp: Display: Module 'AndroidTargetPlatform' loaded TargetPlatform 'Android_Multi'
[2020.01.10-15.58.54:975][  0]LogTemp: Display: Module 'AndroidTargetPlatform' loaded TargetPlatform 'Android_MultiClient'
[2020.01.10-15.58.54:994][  0]LogTemp: Display: Module 'HTML5TargetPlatform' loaded TargetPlatform 'HTML5'
[2020.01.10-15.58.55:085][  0]LogTemp: Display: Module 'IOSTargetPlatform' loaded TargetPlatform 'IOSClient'
[2020.01.10-15.58.55:085][  0]LogTemp: Display: Module 'IOSTargetPlatform' loaded TargetPlatform 'IOS'
[2020.01.10-15.58.55:122][  0]LogTemp: Display: Module 'TVOSTargetPlatform' loaded TargetPlatform 'TVOSClient'
[2020.01.10-15.58.55:122][  0]LogTemp: Display: Module 'TVOSTargetPlatform' loaded TargetPlatform 'TVOS'
[2020.01.10-15.58.55:141][  0]LogTemp: Display: Module 'LinuxClientTargetPlatform' loaded TargetPlatform 'LinuxClient'
[2020.01.10-15.58.55:156][  0]LogTemp: Display: Module 'LinuxNoEditorTargetPlatform' loaded TargetPlatform 'LinuxNoEditor'
[2020.01.10-15.58.55:165][  0]LogTemp: Display: Module 'LinuxServerTargetPlatform' loaded TargetPlatform 'LinuxServer'
[2020.01.10-15.58.55:182][  0]LogTemp: Display: Module 'LinuxTargetPlatform' loaded TargetPlatform 'Linux'
[2020.01.10-15.58.55:205][  0]LogTemp: Display: Module 'LuminTargetPlatform' loaded TargetPlatform 'Lumin'
[2020.01.10-15.58.55:205][  0]LogTemp: Display: Module 'LuminTargetPlatform' loaded TargetPlatform 'LuminClient'
[2020.01.10-15.58.55:205][  0]LogTargetPlatformManager: Display: Building Assets For Windows
[2020.01.10-15.58.55:313][  0]LogAudioDebug: Display: Lib vorbis DLL was dynamically loaded.
[2020.01.10-15.58.55:685][  0]LogShaderCompilers: Guid format shader working directory is 13 characters bigger than the processId version (../../../../../Pentum/Pentum_Prototyp/Intermediate/Shaders/WorkingDirectory/7204/).
[2020.01.10-15.58.55:686][  0]LogShaderCompilers: Cleaned the shader compiler working directory 'C:/Users/chbrueckl/AppData/Local/Temp/UnrealShaderWorkingDir/FD4F8C9446AE5D91CEA700B9EDB6BB68/'.
[2020.01.10-15.58.55:692][  0]LogXGEController: Cleaning working directory: C:/Users/chbrueckl/AppData/Local/Temp/UnrealXGEWorkingDir/
[2020.01.10-15.58.55:692][  0]LogXGEController: Cannot use XGE Controller as Incredibuild is not installed on this machine.
[2020.01.10-15.58.55:692][  0]LogShaderCompilers: Cannot use XGE Shader Compiler as Incredibuild is not installed on this machine.
[2020.01.10-15.58.55:692][  0]LogShaderCompilers: Display: Using Local Shader Compiler.
[2020.01.10-15.58.57:689][  0]LogDerivedDataCache: Display: Max Cache Size: 512 MB
[2020.01.10-15.58.57:867][  0]LogDerivedDataCache: Loaded boot cache 0.18s 73MB C:/Users/chbrueckl/AppData/Local/UnrealEngine/4.23/DerivedDataCache/Boot.ddc.
[2020.01.10-15.58.57:867][  0]LogDerivedDataCache: Display: Loaded Boot cache: C:/Users/chbrueckl/AppData/Local/UnrealEngine/4.23/DerivedDataCache/Boot.ddc
[2020.01.10-15.58.57:867][  0]LogDerivedDataCache: FDerivedDataBackendGraph:  Pak pak cache file ../../../../../Pentum/Pentum_Prototyp/DerivedDataCache/DDC.ddp not found, will not use a pak cache.
[2020.01.10-15.58.57:867][  0]LogDerivedDataCache: Unable to find inner node Pak for hierarchical cache Hierarchy.
[2020.01.10-15.58.57:867][  0]LogDerivedDataCache: FDerivedDataBackendGraph:  CompressedPak pak cache file ../../../../../Pentum/Pentum_Prototyp/DerivedDataCache/Compressed.ddp not found, will not use a pak cache.
[2020.01.10-15.58.57:867][  0]LogDerivedDataCache: Unable to find inner node CompressedPak for hierarchical cache Hierarchy.
[2020.01.10-15.58.57:909][  0]LogDerivedDataCache: Display: Pak cache opened for reading ../../../Engine/DerivedDataCache/Compressed.ddp.
[2020.01.10-15.58.57:910][  0]LogDerivedDataCache: FDerivedDataBackendGraph:  EnterprisePak pak cache file ../../../Enterprise/DerivedDataCache/Compressed.ddp not found, will not use a pak cache.
[2020.01.10-15.58.57:910][  0]LogDerivedDataCache: Unable to find inner node EnterprisePak for hierarchical cache Hierarchy.
[2020.01.10-15.58.57:930][  0]LogDerivedDataCache: Using Local data cache path C:/Users/chbrueckl/AppData/Local/UnrealEngine/Common/DerivedDataCache: Writable
[2020.01.10-15.58.57:930][  0]LogDerivedDataCache: Shared data cache path not found in *engine.ini, will not use an Shared cache.
[2020.01.10-15.58.57:930][  0]LogDerivedDataCache: Unable to find inner node Shared for hierarchical cache Hierarchy.
[2020.01.10-15.58.57:968][  0]LogMaterial: Verifying Global Shaders for PCD3D_SM5
[2020.01.10-15.58.58:065][  0]LogSlate: Using FreeType 2.6.0
[2020.01.10-15.58.58:145][  0]LogSlate: SlateFontServices - WITH_FREETYPE: 1, WITH_HARFBUZZ: 1
[2020.01.10-15.58.58:565][  0]LogAssetRegistry: FAssetRegistry took 0.0046 seconds to start up
[2020.01.10-15.59.03:085][  0]LogInit: Selected Device Profile: [Windows]
[2020.01.10-15.59.03:961][  0]LogMeshReduction: Using QuadricMeshReduction for automatic static mesh reduction
[2020.01.10-15.59.03:961][  0]LogMeshReduction: Using SimplygonMeshReduction for automatic skeletal mesh reduction
[2020.01.10-15.59.03:961][  0]LogMeshReduction: Using ProxyLODMeshReduction for automatic mesh merging
[2020.01.10-15.59.03:961][  0]LogMeshReduction: No distributed automatic mesh merging module available
[2020.01.10-15.59.03:962][  0]LogMeshMerging: No distributed automatic mesh merging module available
[2020.01.10-15.59.04:228][  0]LogNetVersion: Pentum_Prototyp 1.0.0, NetCL: 8386587, EngineNetVer: 11, GameNetVer: 0 (Checksum: 2544344654)
[2020.01.10-15.59.07:033][  0]LogPackageLocalizationCache: Processed 12 localized package path(s) for 1 prioritized culture(s) in 0.159633 seconds
[2020.01.10-15.59.07:039][  0]LogUObjectArray: 43444 objects as part of root set at end of initial load.
[2020.01.10-15.59.07:039][  0]LogUObjectAllocator: 7548648 out of 0 bytes used by permanent object pool.
[2020.01.10-15.59.07:040][  0]LogUObjectArray: CloseDisregardForGC: 0/0 objects in disregard for GC pool
[2020.01.10-15.59.13:858][  0]LogTcpMessaging: Initializing TcpMessaging bridge
[2020.01.10-15.59.13:875][  0]LogUdpMessaging: Initializing bridge on interface 0.0.0.0:0 to multicast group 230.0.0.1:6666.
[2020.01.10-15.59.14:385][  0]SourceControl: Source control is disabled
[2020.01.10-15.59.14:391][  0]SourceControl: Source control is disabled
[2020.01.10-15.59.14:436][  0]SourceControl: Source control is disabled
[2020.01.10-15.59.14:449][  0]SourceControl: Source control is disabled
[2020.01.10-15.59.15:323][  0]LogAndroidPermission: UAndroidPermissionCallbackProxy::GetInstance
[2020.01.10-15.59.15:764][  0]LogOcInput: OculusInput pre-init called
[2020.01.10-15.59.15:787][  0]LogWindows: Failed to load 'OVRPlugin.dll' (GetLastError=126)
[2020.01.10-15.59.15:787][  0]LogWindows: File 'OVRPlugin.dll' does not exist
[2020.01.10-15.59.16:740][  0]LogEngine: Initializing Engine...
[2020.01.10-15.59.16:772][  0]LogHMD: Failed to initialize OpenVR with code 110
[2020.01.10-15.59.16:841][  0]LogStats: UGameplayTagsManager::InitializeManager -  0.040 s
[2020.01.10-15.59.17:328][  0]LogInit: Initializing FReadOnlyCVARCache
[2020.01.10-15.59.17:693][  0]LogAIModule: Creating AISystem for world Untitled
[2020.01.10-15.59.17:862][  0]LogInit: XAudio2 using 'Digital Audio (S/PDIF) (High Definition Audio Device)' : 2 channels at 48 kHz using 16 bits per sample (channel mask 0x3)
[2020.01.10-15.59.17:903][  0]LogInit: FAudioDevice initialized.
[2020.01.10-15.59.17:903][  0]LogNetVersion: Set ProjectVersion to 1.0.0.0. Version Checksum will be recalculated on next use.
[2020.01.10-15.59.18:020][  0]LogDerivedDataCache: Saved boot cache 0.12s 73MB C:/Users/chbrueckl/AppData/Local/UnrealEngine/4.23/DerivedDataCache/Boot.ddc.
[2020.01.10-15.59.18:023][  0]LogInit: Texture streaming: Enabled
[2020.01.10-15.59.18:100][  0]LogEngineSessionManager: EngineSessionManager initialized
[2020.01.10-15.59.18:100][  0]LogEditorSessionSummary: Verbose: Initializing EditorSessionSummaryWriter for editor session tracking
[2020.01.10-15.59.18:101][  0]LogEditorSessionSummary: EditorSessionSummaryWriter initialized
[2020.01.10-15.59.18:392][  0]LogInit: Transaction tracking system initialized
[2020.01.10-15.59.18:707][  0]BlueprintLog: New page: Editor Load
[2020.01.10-15.59.19:469][  0]LocalizationService: Localization service is disabled
[2020.01.10-15.59.21:263][  0]LogFileCache: Scanning file cache for directory 'D:/Pentum/Pentum_Prototyp/Content/' took 0.00s
[2020.01.10-15.59.21:263][  0]LogCook: Display: Max memory allowance for cook 16384mb min free memory 0mb
[2020.01.10-15.59.21:263][  0]LogCook: Display: Mobile HDR setting 1
[2020.01.10-15.59.24:596][  0]SourceControl: Source control is disabled
[2020.01.10-15.59.24:632][  0]Cmd: MAP LOAD FILE="../../../../../Pentum/Pentum_Prototyp/Content/FirstPersonBP/Maps/FirstPersonExampleMap.umap" TEMPLATE=0 SHOWPROGRESS=1 FEATURELEVEL=3
[2020.01.10-15.59.24:635][  0]LightingResults: New page: Lighting Build
[2020.01.10-15.59.24:710][  0]LogWorld: UWorld::CleanupWorld for Untitled, bSessionEnded=true, bCleanupResources=true
[2020.01.10-15.59.24:793][  0]MapCheck: New page: Map Check
[2020.01.10-15.59.24:793][  0]LightingResults: New page: Lighting Build
[2020.01.10-15.59.25:067][  0]LogUObjectHash: Compacting FUObjectHashTables data took   3.58ms
[2020.01.10-15.59.26:716][  0]LogAIModule: Creating AISystem for world FirstPersonExampleMap
[2020.01.10-15.59.27:108][  0]LogEditorServer: Finished looking for orphan Actors (0.000 secs)
[2020.01.10-15.59.27:167][  0]LogUObjectHash: Compacting FUObjectHashTables data took   3.36ms
[2020.01.10-15.59.27:167][  0]Cmd: MAP CHECKDEP NOCLEARLOG
[2020.01.10-15.59.27:167][  0]MapCheck: Map check complete: 0 Error(s), 0 Warning(s), took 0.264ms to complete.
[2020.01.10-15.59.27:167][  0]LogFileHelpers: Loading map 'FirstPersonExampleMap' took 2.561
[2020.01.10-15.59.28:425][  0]LogSlate: Updating window title bar state: overlay mode, drag disabled, window buttons hidden, title bar hidden
[2020.01.10-15.59.28:456][  0]LogSlate: Updating window title bar state: overlay mode, drag disabled, window buttons hidden, title bar hidden
[2020.01.10-15.59.28:472][  0]LogSlate: Updating window title bar state: overlay mode, drag disabled, window buttons hidden, title bar hidden
[2020.01.10-15.59.28:488][  0]LogSlate: Updating window title bar state: overlay mode, drag disabled, window buttons hidden, title bar hidden
[2020.01.10-15.59.28:540][  0]LogCollectionManager: Loaded 0 collections in 0.001859 seconds
[2020.01.10-15.59.28:634][  0]LogFileCache: Scanning file cache for directory 'D:/Pentum/Pentum_Prototyp/Saved/Collections/' took 0.00s
[2020.01.10-15.59.28:634][  0]LogFileCache: Scanning file cache for directory 'D:/Pentum/Pentum_Prototyp/Content/Developers/chbrueckl/Collections/' took 0.00s
[2020.01.10-15.59.28:634][  0]LogFileCache: Scanning file cache for directory 'D:/Pentum/Pentum_Prototyp/Content/Collections/' took 0.00s
[2020.01.10-15.59.28:634][  0]LogCollectionManager: Rebuilt the GUID cache for 0 collections in 0.000005 seconds
[2020.01.10-15.59.28:657][  0]LogContentBrowser: Native class hierarchy populated in 0.0205 seconds. Added 2864 classes and 681 folders.
[2020.01.10-15.59.28:713][  0]LogContentBrowser: Native class hierarchy updated for 'WidgetCarousel' in 0.0008 seconds. Added 0 classes and 0 folders.
[2020.01.10-15.59.29:618][  0]LogContentBrowser: Native class hierarchy updated for 'AddContentDialog' in 0.0002 seconds. Added 0 classes and 0 folders.
[2020.01.10-15.59.29:660][  0]LogContentBrowser: Native class hierarchy updated for 'SceneOutliner' in 0.0003 seconds. Added 1 classes and 2 folders.
[2020.01.10-15.59.30:243][  0]LogSlate: Took 0.012884 seconds to synchronously load lazily loaded font '../../../Engine/Content/Slate/Fonts/Roboto-Regular.ttf' (155K)
[2020.01.10-15.59.30:286][  0]LogSlate: Took 0.016479 seconds to synchronously load lazily loaded font '../../../Engine/Content/Slate/Fonts/Roboto-Bold.ttf' (160K)
[2020.01.10-15.59.30:309][  0]LogSlate: Took 0.011980 seconds to synchronously load lazily loaded font '../../../Engine/Content/Editor/Slate/Fonts/FontAwesome.ttf' (139K)
[2020.01.10-15.59.30:611][  0]LogRenderer: Reallocating scene render targets to support 500x300 Format 10 NumSamples 1 (Frame:1).
[2020.01.10-15.59.30:809][  0]LogRenderer: Reallocating scene render targets to support 1120x528 Format 10 NumSamples 1 (Frame:1).
[2020.01.10-15.59.30:907][  0]LogSlate: Took 0.016762 seconds to synchronously load lazily loaded font '../../../Engine/Content/Slate/Fonts/Roboto-Light.ttf' (167K)
[2020.01.10-15.59.31:057][  0]LogContentBrowser: Native class hierarchy updated for 'HierarchicalLODOutliner' in 0.0004 seconds. Added 0 classes and 0 folders.
[2020.01.10-15.59.31:057][  0]LogLoad: (Engine Initialization) Total time: 51.43 seconds
[2020.01.10-15.59.31:058][  0]LogLoad: (Engine Initialization) Total Blueprint compile time: 0.00 seconds
[2020.01.10-15.59.31:299][  0]LogContentStreaming: Texture pool size now 1000 MB
[2020.01.10-15.59.31:446][  1]LogFileCache: Retrieving MD5 hashes for directory 'D:/Pentum/Pentum_Prototyp/Content/' took 0.28s
[2020.01.10-15.59.31:579][  1]LogCollectionManager: Rebuilt the object cache for 0 collections in 0.000002 seconds (found 0 objects)
[2020.01.10-15.59.32:176][ 10]LogAssetRegistry: Asset discovery search completed in 33.6111 seconds
[2020.01.10-15.59.32:188][ 10]LogCollectionManager: Fixed up redirectors for 0 collections in 0.000012 seconds (updated 0 objects)
[2020.01.10-15.59.32:290][ 11]LogSlate: Took 0.000158 seconds to synchronously load lazily loaded font '../../../Engine/Content/Slate/Fonts/Roboto-Light.ttf' (167K)
[2020.01.10-15.59.32:293][ 11]LogSlate: FSceneViewport::OnFocusLost() reason 5
[2020.01.10-15.59.32:297][ 11]LogAssetEditorManager: Opening Asset editor for AnimSequence /Game/FirstPerson/Character/Mesh/SK_Mannequin_Arms_Skeleton_Sequence3.SK_Mannequin_Arms_Skeleton_Sequence3
[2020.01.10-15.59.32:387][ 11]LogContentBrowser: Native class hierarchy updated for 'SkeletonEditor' in 0.0007 seconds. Added 1 classes and 2 folders.
[2020.01.10-15.59.32:890][ 11]LogActorComponent: RegisterComponentWithWorld: (/Engine/Transient.World_2:PersistentLevel.AnimationEditorPreviewActor_0.DebugSkelMeshComponent_0) Already registered. Aborting.
[2020.01.10-15.59.32:916][ 11]LogContentBrowser: Native class hierarchy updated for 'PinnedCommandList' in 0.0005 seconds. Added 1 classes and 0 folders.
[2020.01.10-15.59.33:184][ 11]LogSkeletalMesh: USkeletalMeshComponent::InitArticulated : Bodies already created (/Engine/Transient.World_2:PersistentLevel.AnimationEditorPreviewActor_0.DebugSkelMeshComponent_0) - call TermArticulated first.
[2020.01.10-15.59.33:786][ 11]LogAssetEditorManager: Opening Asset editor for BlackboardData /Game/AIBehavior/NPC/NPCBlackboard.NPCBlackboard
[2020.01.10-15.59.33:999][ 11]LogAssetEditorManager: Opening Asset editor for Blueprint /Game/AIBehavior/NPC/NPC.NPC
[2020.01.10-15.59.34:418][ 11]LogContentBrowser: Native class hierarchy updated for 'BlueprintGraph' in 0.0006 seconds. Added 121 classes and 0 folders.
[2020.01.10-15.59.35:589][ 11]LogAssetEditorManager: Opening Asset editor for BehaviorTree /Game/AIBehavior/NPC/NPCBeahaviorTree.NPCBeahaviorTree
[2020.01.10-15.59.35:685][ 11]LogAssetEditorManager: Opening Asset editor for Blueprint /Game/AIBehavior/NPC/AIAttack.AIAttack
[2020.01.10-15.59.36:020][ 11]LogAssetEditorManager: Opening Asset editor for AnimBlueprint /Game/FirstPerson/Animations/BPNew.BPNew
[2020.01.10-15.59.36:061][ 11]LogActorComponent: RegisterComponentWithWorld: (/Engine/Transient.World_7:PersistentLevel.AnimationEditorPreviewActor_0.DebugSkelMeshComponent_0) Already registered. Aborting.
[2020.01.10-15.59.36:330][ 11]LogSkeletalMesh: USkeletalMeshComponent::InitArticulated : Bodies already created (/Engine/Transient.World_7:PersistentLevel.AnimationEditorPreviewActor_0.DebugSkelMeshComponent_0) - call TermArticulated first.
[2020.01.10-15.59.36:608][ 11]LogAssetEditorManager: Opening Asset editor for Blueprint /Game/FirstPersonBP/Blueprints/FirstPersonCharacter.FirstPersonCharacter
[2020.01.10-15.59.37:121][ 11]LogSlate: Took 0.007063 seconds to synchronously load lazily loaded font '../../../Engine/Content/Slate/Fonts/Roboto-BoldCondensed.ttf' (158K)
[2020.01.10-15.59.37:750][ 11]LogContentBrowser: Verbose: The majority of assets in the view are of type: AnimSequence
[2020.01.10-15.59.37:889][ 12]LogSlate: Took 0.000814 seconds to synchronously load lazily loaded font '../../../Engine/Content/Slate/Fonts/Roboto-Italic.ttf' (157K)
[2020.01.10-15.59.39:348][ 92]LogTemp: Repeating last play command: Selected Viewport
[2020.01.10-15.59.39:424][ 92]LogBlueprintUserMessages: Early PlayInEditor Detection: Level '/Game/FirstPersonBP/Maps/FirstPersonExampleMap.FirstPersonExampleMap:PersistentLevel' has LevelScriptBlueprint '/Game/FirstPersonBP/Maps/FirstPersonExampleMap.FirstPersonExampleMap:PersistentLevel.FirstPersonExampleMap' with GeneratedClass '/Game/FirstPersonBP/Maps/FirstPersonExampleMap.FirstPersonExampleMap_C' with ClassGeneratedBy '/Game/FirstPersonBP/Maps/FirstPersonExampleMap.FirstPersonExampleMap:PersistentLevel.FirstPersonExampleMap'
[2020.01.10-15.59.39:439][ 92]LogPlayLevel: PlayLevel: No blueprints needed recompiling
[2020.01.10-15.59.39:454][ 92]PIE: New page: PIE session: FirstPersonExampleMap (Jan 10, 2020, 5:59:39 PM)
[2020.01.10-15.59.39:472][ 92]LogOnline: OSS: Creating online subsystem instance for: NULL
[2020.01.10-15.59.39:474][ 92]LogPlayLevel: Creating play world package: /Game/FirstPersonBP/Maps/UEDPIE_0_FirstPersonExampleMap
[2020.01.10-15.59.39:513][ 92]LogPlayLevel: PIE: StaticDuplicateObject took: (0.039301s)
[2020.01.10-15.59.39:514][ 92]LogAIModule: Creating AISystem for world FirstPersonExampleMap
[2020.01.10-15.59.39:514][ 92]LogPlayLevel: PIE: World Init took: (0.001058s)
[2020.01.10-15.59.39:514][ 92]LogPlayLevel: PIE: Created PIE world by copying editor world from /Game/FirstPersonBP/Maps/FirstPersonExampleMap.FirstPersonExampleMap to /Game/FirstPersonBP/Maps/UEDPIE_0_FirstPersonExampleMap.FirstPersonExampleMap (0.040611s)
[2020.01.10-15.59.39:560][ 92]LogUObjectHash: Compacting FUObjectHashTables data took   3.77ms
[2020.01.10-15.59.39:589][ 92]LogInit: XAudio2 using 'Digital Audio (S/PDIF) (High Definition Audio Device)' : 2 channels at 48 kHz using 16 bits per sample (channel mask 0x3)
[2020.01.10-15.59.39:599][ 92]LogInit: FAudioDevice initialized.
[2020.01.10-15.59.39:607][ 92]LogSlate: Updating window title bar state: overlay mode, drag disabled, window buttons hidden, title bar hidden
[2020.01.10-15.59.39:608][ 92]LogLoad: Game class is 'FirstPersonGameMode_C'
[2020.01.10-15.59.39:618][ 92]LogWorld: Bringing World /Game/FirstPersonBP/Maps/UEDPIE_0_FirstPersonExampleMap.FirstPersonExampleMap up for play (max tick rate 0) at 2020.01.10-16.59.39
[2020.01.10-15.59.39:686][ 92]LogWorld: Bringing up level for play took: 0.076978
[2020.01.10-15.59.39:686][ 92]LogOnline: OSS: Creating online subsystem instance for: :Context_15
[2020.01.10-15.59.39:711][ 92]LogContentBrowser: Native class hierarchy updated for 'MovieSceneCapture' in 0.0006 seconds. Added 20 classes and 0 folders.
[2020.01.10-15.59.39:743][ 92]PIE: Play in editor start time for /Game/FirstPersonBP/Maps/UEDPIE_0_FirstPersonExampleMap 1.248
[2020.01.10-15.59.39:743][ 92]LogBlueprintUserMessages: Late PlayInEditor Detection: Level '/Game/FirstPersonBP/Maps/FirstPersonExampleMap.FirstPersonExampleMap:PersistentLevel' has LevelScriptBlueprint '/Game/FirstPersonBP/Maps/FirstPersonExampleMap.FirstPersonExampleMap:PersistentLevel.FirstPersonExampleMap' with GeneratedClass '/Game/FirstPersonBP/Maps/FirstPersonExampleMap.FirstPersonExampleMap_C' with ClassGeneratedBy '/Game/FirstPersonBP/Maps/FirstPersonExampleMap.FirstPersonExampleMap:PersistentLevel.FirstPersonExampleMap'
[2020.01.10-15.59.40:130][ 93]LogRenderer: Reallocating scene render targets to support 1280x720 Format 10 NumSamples 1 (Frame:1).
[2020.01.10-15.59.40:130][ 93]LogCharacterMovement: Warning: GetSimulationTimeStep() - Max iterations 8 hit while remaining time 0.070302 > MaxSimulationTimeStep (0.050) for 'FirstPersonCharacter_C_1', movement 'Walking'
[2020.01.10-15.59.40:341][ 99]LogBlueprintUserMessages: [ItemRegister_2] activated
[2020.01.10-15.59.45:549][343]LogBlueprintUserMessages: Early EndPlayMap Detection: Level '/Game/FirstPersonBP/Maps/FirstPersonExampleMap.FirstPersonExampleMap:PersistentLevel' has LevelScriptBlueprint '/Game/FirstPersonBP/Maps/FirstPersonExampleMap.FirstPersonExampleMap:PersistentLevel.FirstPersonExampleMap' with GeneratedClass '/Game/FirstPersonBP/Maps/FirstPersonExampleMap.FirstPersonExampleMap_C' with ClassGeneratedBy '/Game/FirstPersonBP/Maps/FirstPersonExampleMap.FirstPersonExampleMap:PersistentLevel.FirstPersonExampleMap'
[2020.01.10-15.59.45:572][343]LogSlate: Updating window title bar state: overlay mode, drag disabled, window buttons hidden, title bar hidden
[2020.01.10-15.59.45:572][343]LogWorld: BeginTearingDown for /Game/FirstPersonBP/Maps/UEDPIE_0_FirstPersonExampleMap
[2020.01.10-15.59.45:611][343]LogSlate: Window 'Pentum_Prototyp Game Preview Standalone (64-bit/PCD3D_SM5)' being destroyed
[2020.01.10-15.59.45:617][343]LogWorld: UWorld::CleanupWorld for FirstPersonExampleMap, bSessionEnded=true, bCleanupResources=true
[2020.01.10-15.59.45:618][343]LogBlueprintUserMessages: [ItemRegister_2] deactivated
[2020.01.10-15.59.45:685][343]LogPlayLevel: Display: Shutting down PIE online subsystems
[2020.01.10-15.59.45:685][343]LogBlueprintUserMessages: Late EndPlayMap Detection: Level '/Game/FirstPersonBP/Maps/FirstPersonExampleMap.FirstPersonExampleMap:PersistentLevel' has LevelScriptBlueprint '/Game/FirstPersonBP/Maps/FirstPersonExampleMap.FirstPersonExampleMap:PersistentLevel.FirstPersonExampleMap' with GeneratedClass '/Game/FirstPersonBP/Maps/FirstPersonExampleMap.FirstPersonExampleMap_C' with ClassGeneratedBy '/Game/FirstPersonBP/Maps/FirstPersonExampleMap.FirstPersonExampleMap:PersistentLevel.FirstPersonExampleMap'
[2020.01.10-15.59.45:812][343]LogUObjectHash: Compacting FUObjectHashTables data took   4.94ms
[2020.01.10-15.59.46:121][344]LogPlayLevel: Display: Destroying online subsystem :Context_15
[2020.01.10-15.59.47:403][414]LogUObjectHash: Compacting FUObjectHashTables data took   2.87ms
[2020.01.10-15.59.47:643][414]LogWorld: UWorld::CleanupWorld for World_3, bSessionEnded=true, bCleanupResources=true
[2020.01.10-15.59.47:712][414]LogWorld: UWorld::CleanupWorld for World_2, bSessionEnded=true, bCleanupResources=true
[2020.01.10-15.59.47:801][414]LogWorld: UWorld::CleanupWorld for World_4, bSessionEnded=true, bCleanupResources=true
[2020.01.10-15.59.47:851][414]LogWorld: UWorld::CleanupWorld for World_5, bSessionEnded=true, bCleanupResources=true
[2020.01.10-15.59.47:875][414]LogSlate: Window 'BPNew' being destroyed
[2020.01.10-15.59.47:952][414]LogWorld: UWorld::CleanupWorld for World_8, bSessionEnded=true, bCleanupResources=true
[2020.01.10-15.59.48:029][414]LogWorld: UWorld::CleanupWorld for World_7, bSessionEnded=true, bCleanupResources=true
[2020.01.10-15.59.48:034][414]LogWorld: UWorld::CleanupWorld for World_6, bSessionEnded=true, bCleanupResources=true
[2020.01.10-15.59.48:148][414]LogActorComponent: UnregisterComponent: (/Engine/Transient.EditorFloorComp) Not registered. Aborting.
[2020.01.10-15.59.48:148][414]LogWorld: UWorld::CleanupWorld for World_9, bSessionEnded=true, bCleanupResources=true
[2020.01.10-15.59.48:184][414]LogSlate: Window 'Pentum_Prototyp - Unreal Editor' being destroyed
[2020.01.10-15.59.48:185][414]LogWindowsTextInputMethodSystem: Display: IME system now deactivated.
[2020.01.10-15.59.48:317][415]Cmd: QUIT_EDITOR
[2020.01.10-15.59.48:497][415]LogExit: Preparing to exit.
[2020.01.10-15.59.49:090][415]LogWorld: UWorld::CleanupWorld for World_1, bSessionEnded=true, bCleanupResources=true
[2020.01.10-15.59.49:094][415]LogWorld: UWorld::CleanupWorld for World_0, bSessionEnded=true, bCleanupResources=true
[2020.01.10-15.59.49:097][415]LogWorld: UWorld::CleanupWorld for World_10, bSessionEnded=true, bCleanupResources=true
[2020.01.10-15.59.49:100][415]LogWorld: UWorld::CleanupWorld for World_13, bSessionEnded=true, bCleanupResources=true
[2020.01.10-15.59.49:103][415]LogWorld: UWorld::CleanupWorld for World_12, bSessionEnded=true, bCleanupResources=true
[2020.01.10-15.59.49:106][415]LogWorld: UWorld::CleanupWorld for World_11, bSessionEnded=true, bCleanupResources=true
[2020.01.10-15.59.49:281][415]LogDemo: Cleaned up 0 splitscreen connections with owner deletion
[2020.01.10-15.59.49:304][415]LogWorld: UWorld::CleanupWorld for None, bSessionEnded=true, bCleanupResources=true
[2020.01.10-15.59.49:304][415]LogExit: Editor shut down
[2020.01.10-15.59.49:305][415]LogExit: Transaction tracking system shut down
[2020.01.10-15.59.50:131][415]LogExit: Object subsystem successfully closed.
[2020.01.10-15.59.50:186][415]LogShaderCompilers: Display: Shaders left to compile 0
[2020.01.10-15.59.50:464][415]LogModuleManager: Shutting down and abandoning module MovieSceneCapture (682)
[2020.01.10-15.59.50:464][415]LogModuleManager: Shutting down and abandoning module Voice (680)
[2020.01.10-15.59.50:464][415]LogModuleManager: Shutting down and abandoning module BlueprintGraph (678)
[2020.01.10-15.59.50:464][415]LogModuleManager: Shutting down and abandoning module PinnedCommandList (676)
[2020.01.10-15.59.50:464][415]LogModuleManager: Shutting down and abandoning module SkeletonEditor (674)
[2020.01.10-15.59.50:464][415]LogModuleManager: Shutting down and abandoning module AnimationEditor (672)
[2020.01.10-15.59.50:464][415]LogModuleManager: Shutting down and abandoning module HierarchicalLODOutliner (670)
[2020.01.10-15.59.50:464][415]LogModuleManager: Shutting down and abandoning module SceneOutliner (668)
[2020.01.10-15.59.50:464][415]LogModuleManager: Shutting down and abandoning module AddContentDialog (666)
[2020.01.10-15.59.50:473][415]LogModuleManager: Shutting down and abandoning module WidgetCarousel (665)
[2020.01.10-15.59.50:473][415]LogModuleManager: Shutting down and abandoning module EditorWidgets (662)
[2020.01.10-15.59.50:473][415]LogModuleManager: Shutting down and abandoning module CollectionManager (660)
[2020.01.10-15.59.50:473][415]LogModuleManager: Shutting down and abandoning module StatsViewer (658)
[2020.01.10-15.59.50:473][415]LogModuleManager: Shutting down and abandoning module VirtualTexturingEditor (656)
[2020.01.10-15.59.50:473][415]LogModuleManager: Shutting down and abandoning module FoliageEdit (654)
[2020.01.10-15.59.50:473][415]LogModuleManager: Shutting down and abandoning module LandscapeEditor (652)
[2020.01.10-15.59.50:483][415]LogModuleManager: Shutting down and abandoning module MeshPaintMode (650)
[2020.01.10-15.59.50:483][415]LogModuleManager: Shutting down and abandoning module SceneDepthPickerMode (648)
[2020.01.10-15.59.50:483][415]LogModuleManager: Shutting down and abandoning module ActorPickerMode (646)
[2020.01.10-15.59.50:483][415]LogModuleManager: Shutting down and abandoning module GeometryMode (644)
[2020.01.10-15.59.50:483][415]LogModuleManager: Shutting down and abandoning module TextureAlignMode (642)
[2020.01.10-15.59.50:483][415]LogModuleManager: Shutting down and abandoning module BspMode (640)
[2020.01.10-15.59.50:483][415]LogModuleManager: Shutting down and abandoning module PIEPreviewDeviceProfileSelector (638)
[2020.01.10-15.59.50:483][415]LogModuleManager: Shutting down and abandoning module SequenceRecorderSections (636)
[2020.01.10-15.59.50:484][415]LogModuleManager: Shutting down and abandoning module AutomationWorker (634)
[2020.01.10-15.59.50:484][415]LogModuleManager: Shutting down and abandoning module OculusMR (632)
[2020.01.10-15.59.50:484][415]LogModuleManager: Shutting down and abandoning module AudioCaptureEditor (630)
[2020.01.10-15.59.50:484][415]LogModuleManager: Shutting down and abandoning module MatineeToLevelSequence (628)
[2020.01.10-15.59.50:484][415]LogModuleManager: Shutting down and abandoning module LevelSequenceEditor (626)
[2020.01.10-15.59.50:500][415]LogModuleManager: Shutting down and abandoning module PlacementMode (625)
[2020.01.10-15.59.50:500][415]LogModuleManager: Shutting down and abandoning module MaterialEditor (624)
[2020.01.10-15.59.50:501][415]LogModuleManager: Shutting down and abandoning module ActorSequenceEditor (620)
[2020.01.10-15.59.50:510][415]LogModuleManager: Shutting down and abandoning module WmfMediaFactory (618)
[2020.01.10-15.59.50:510][415]LogModuleManager: Shutting down and abandoning module WmfMediaEditor (616)
[2020.01.10-15.59.50:510][415]LogModuleManager: Shutting down and abandoning module WebMMediaFactory (614)
[2020.01.10-15.59.50:510][415]LogModuleManager: Shutting down and abandoning module WebMMediaEditor (612)
[2020.01.10-15.59.50:510][415]LogModuleManager: Shutting down and abandoning module WebMMedia (610)
[2020.01.10-15.59.50:510][415]LogModuleManager: Shutting down and abandoning module MediaPlayerEditor (608)
[2020.01.10-15.59.50:530][415]LogModuleManager: Shutting down and abandoning module MediaCompositingEditor (606)
[2020.01.10-15.59.50:531][415]LogModuleManager: Shutting down and abandoning module SequenceRecorder (605)
[2020.01.10-15.59.50:531][415]LogModuleManager: Shutting down and abandoning module OpenExrWrapper (602)
[2020.01.10-15.59.50:531][415]LogModuleManager: Shutting down and abandoning module ImgMediaFactory (600)
[2020.01.10-15.59.50:531][415]LogModuleManager: Shutting down and abandoning module ImgMediaEditor (598)
[2020.01.10-15.59.50:531][415]LogModuleManager: Shutting down and abandoning module AvfMediaFactory (596)
[2020.01.10-15.59.50:531][415]LogModuleManager: Shutting down and abandoning module AvfMediaEditor (594)
[2020.01.10-15.59.50:531][415]LogModuleManager: Shutting down and abandoning module AndroidMediaFactory (592)
[2020.01.10-15.59.50:531][415]LogModuleManager: Shutting down and abandoning module AndroidMediaEditor (590)
[2020.01.10-15.59.50:531][415]LogModuleManager: Shutting down and abandoning module MagicLeapCameraPreviewFactory (588)
[2020.01.10-15.59.50:531][415]LogModuleManager: Shutting down and abandoning module MagicLeapMediaCodecFactory (586)
[2020.01.10-15.59.50:532][415]LogModuleManager: Shutting down and abandoning module MagicLeapMediaFactory (584)
[2020.01.10-15.59.50:532][415]LogModuleManager: Shutting down and abandoning module MagicLeapMediaEditor (582)
[2020.01.10-15.59.50:532][415]LogModuleManager: Shutting down and abandoning module CharacterAI (580)
[2020.01.10-15.59.50:532][415]LogModuleManager: Shutting down and abandoning module SmartSnapping (578)
[2020.01.10-15.59.50:532][415]LogModuleManager: Shutting down and abandoning module SessionServices (576)
[2020.01.10-15.59.50:532][415]LogModuleManager: Shutting down and abandoning module MeshPaint (574)
[2020.01.10-15.59.50:532][415]LogModuleManager: Shutting down and abandoning module ViewportSnapping (572)
[2020.01.10-15.59.50:532][415]LogModuleManager: Shutting down and abandoning module ViewportInteraction (570)
[2020.01.10-15.59.50:532][415]LogModuleManager: Shutting down and abandoning module ClothPainter (568)
[2020.01.10-15.59.50:537][415]LogModuleManager: Shutting down and abandoning module SkeletalMeshEditor (567)
[2020.01.10-15.59.50:547][415]LogModuleManager: Shutting down and abandoning module LogVisualizer (564)
[2020.01.10-15.59.50:547][415]LogModuleManager: Shutting down and abandoning module IntroTutorials (562)
[2020.01.10-15.59.50:547][415]LogModuleManager: Shutting down and abandoning module GameProjectGeneration (561)
[2020.01.10-15.59.50:553][415]LogModuleManager: Shutting down and abandoning module LuminPlatformEditor (558)
[2020.01.10-15.59.50:553][415]LogModuleManager: Shutting down and abandoning module IOSPlatformEditor (556)
[2020.01.10-15.59.50:553][415]LogModuleManager: Shutting down and abandoning module HTML5PlatformEditor (554)
[2020.01.10-15.59.50:553][415]LogModuleManager: Shutting down and abandoning module AndroidPlatformEditor (552)
[2020.01.10-15.59.50:553][415]LogModuleManager: Shutting down and abandoning module AndroidDeviceDetection (551)
[2020.01.10-15.59.50:685][415]LogModuleManager: Shutting down and abandoning module WindowsPlatformEditor (548)
[2020.01.10-15.59.50:685][415]LogModuleManager: Shutting down and abandoning module LuminRuntimeSettings (546)
[2020.01.10-15.59.50:685][415]LogModuleManager: Shutting down and abandoning module IOSRuntimeSettings (544)
[2020.01.10-15.59.50:685][415]LogModuleManager: Shutting down and abandoning module AndroidRuntimeSettings (542)
[2020.01.10-15.59.50:685][415]LogModuleManager: Shutting down and abandoning module TimeManagementEditor (540)
[2020.01.10-15.59.50:685][415]LogModuleManager: Shutting down and abandoning module InputBindingEditor (538)
[2020.01.10-15.59.50:685][415]LogModuleManager: Shutting down and abandoning module MergeActors (536)
[2020.01.10-15.59.50:698][415]LogModuleManager: Shutting down and abandoning module LocalizationDashboard (534)
[2020.01.10-15.59.50:698][415]LogModuleManager: Shutting down and abandoning module LocalizationService (533)
[2020.01.10-15.59.50:698][415]LogModuleManager: Shutting down and abandoning module HardwareTargeting (530)
[2020.01.10-15.59.50:698][415]LogModuleManager: Shutting down and abandoning module DeviceProfileEditor (528)
[2020.01.10-15.59.50:699][415]LogModuleManager: Shutting down and abandoning module UndoHistory (526)
[2020.01.10-15.59.50:699][415]LogModuleManager: Shutting down and abandoning module XmlParser (524)
[2020.01.10-15.59.50:707][415]LogModuleManager: Shutting down and abandoning module Blutility (522)
[2020.01.10-15.59.50:707][415]LogModuleManager: Shutting down and abandoning module ProjectSettingsViewer (520)
[2020.01.10-15.59.50:708][415]LogModuleManager: Shutting down and abandoning module ProjectTargetPlatformEditor (519)
[2020.01.10-15.59.50:708][415]LogModuleManager: Shutting down and abandoning module EditorSettingsViewer (516)
[2020.01.10-15.59.50:708][415]LogModuleManager: Shutting down and abandoning module SettingsEditor (514)
[2020.01.10-15.59.50:708][415]LogModuleManager: Shutting down and abandoning module ProjectLauncher (512)
[2020.01.10-15.59.50:718][415]LogModuleManager: Shutting down and abandoning module SessionFrontend (510)
[2020.01.10-15.59.50:718][415]LogModuleManager: Shutting down and abandoning module ProfilerClient (508)
[2020.01.10-15.59.50:731][415]LogModuleManager: Shutting down and abandoning module DeviceManager (506)
[2020.01.10-15.59.50:732][415]LogModuleManager: Shutting down and abandoning module TargetDeviceServices (505)
[2020.01.10-15.59.50:789][415]LogModuleManager: Shutting down and abandoning module AutomationController (502)
[2020.01.10-15.59.50:789][415]LogModuleManager: Shutting down and abandoning module AutomationWindow (500)
[2020.01.10-15.59.50:811][415]LogModuleManager: Shutting down and abandoning module Layers (498)
[2020.01.10-15.59.50:836][415]LogModuleManager: Shutting down and abandoning module ComponentVisualizers (496)
[2020.01.10-15.59.50:836][415]LogModuleManager: Shutting down and abandoning module DetailCustomizations (494)
[2020.01.10-15.59.50:836][415]LogModuleManager: Shutting down and abandoning module PackagesDialog (492)
[2020.01.10-15.59.50:837][415]LogModuleManager: Shutting down and abandoning module AnimationBlueprintEditor (490)
[2020.01.10-15.59.50:837][415]LogModuleManager: Shutting down and abandoning module Persona (488)
[2020.01.10-15.59.50:837][415]LogModuleManager: Shutting down and abandoning module AdvancedPreviewScene (487)
[2020.01.10-15.59.50:837][415]LogModuleManager: Shutting down and abandoning module AnimGraph (485)
[2020.01.10-15.59.50:838][415]LogModuleManager: Shutting down and abandoning module Kismet (482)
[2020.01.10-15.59.50:846][415]LogModuleManager: Shutting down and abandoning module KismetWidgets (481)
[2020.01.10-15.59.50:846][415]LogModuleManager: Shutting down and abandoning module GraphEditor (478)
[2020.01.10-15.59.50:847][415]LogModuleManager: Shutting down and abandoning module StructViewer (476)
[2020.01.10-15.59.50:847][415]LogModuleManager: Shutting down and abandoning module ClassViewer (474)
[2020.01.10-15.59.50:847][415]LogModuleManager: Shutting down and abandoning module Toolbox (472)
[2020.01.10-15.59.50:847][415]LogModuleManager: Shutting down and abandoning module ModuleUI (470)
[2020.01.10-15.59.50:856][415]LogModuleManager: Shutting down and abandoning module MovieSceneTools (468)
[2020.01.10-15.59.50:867][415]LogModuleManager: Shutting down and abandoning module OutputLog (466)
[2020.01.10-15.59.50:879][415]LogModuleManager: Shutting down and abandoning module GammaUI (464)
[2020.01.10-15.59.50:879][415]LogModuleManager: Shutting down and abandoning module Documentation (462)
[2020.01.10-15.59.50:881][415]LogModuleManager: Shutting down and abandoning module LiveCoding (460)
[2020.01.10-15.59.50:881][415]LogModuleManager: Shutting down and abandoning module LevelSequence (458)
[2020.01.10-15.59.50:881][415]LogModuleManager: Shutting down and abandoning module MovieSceneTracks (456)
[2020.01.10-15.59.50:881][415]LogModuleManager: Shutting down and abandoning module MovieScene (454)
[2020.01.10-15.59.50:881][415]LogModuleManager: Shutting down and abandoning module StreamingPauseRendering (452)
[2020.01.10-15.59.50:881][415]LogModuleManager: Shutting down and abandoning module LauncherPlatform (450)
[2020.01.10-15.59.50:881][415]LogModuleManager: Shutting down and abandoning module AnalyticsET (448)
[2020.01.10-15.59.50:882][415]LogModuleManager: Shutting down and abandoning module PortalServices (446)
[2020.01.10-15.59.50:882][415]LogModuleManager: Shutting down and abandoning module PortalRpc (444)
[2020.01.10-15.59.50:882][415]LogModuleManager: Shutting down and abandoning module MessagingRpc (442)
[2020.01.10-15.59.50:882][415]LogModuleManager: Shutting down and abandoning module AIModule (440)
[2020.01.10-15.59.50:882][415]LogModuleManager: Shutting down and abandoning module GameplayDebugger (439)
[2020.01.10-15.59.50:882][415]LogModuleManager: Shutting down and abandoning module AITestSuite (437)
[2020.01.10-15.59.50:882][415]LogModuleManager: Shutting down and abandoning module NavigationSystem (435)
[2020.01.10-15.59.50:882][415]LogModuleManager: Shutting down and abandoning module DesktopPlatform (432)
[2020.01.10-15.59.50:882][415]LogModuleManager: Shutting down and abandoning module ImageWriteQueue (430)
[2020.01.10-15.59.50:892][415]LogModuleManager: Shutting down and abandoning module ProfilerService (428)
[2020.01.10-15.59.51:066][415]LogModuleManager: Shutting down and abandoning module TaskGraph (426)
[2020.01.10-15.59.51:066][415]LogModuleManager: Shutting down and abandoning module ScreenshotTools (424)
[2020.01.10-15.59.51:066][415]LogModuleManager: Shutting down and abandoning module SteamVRController (422)
[2020.01.10-15.59.51:066][415]LogModuleManager: Shutting down and abandoning module ProceduralMeshComponentEditor (420)
[2020.01.10-15.59.51:066][415]LogModuleManager: Shutting down and abandoning module ProceduralMeshComponent (418)
[2020.01.10-15.59.51:066][415]LogModuleManager: Shutting down and abandoning module OculusEditor (416)
[2020.01.10-15.59.51:067][415]LogModuleManager: Shutting down and abandoning module OculusInput (414)
[2020.01.10-15.59.51:067][415]LogModuleManager: Shutting down and abandoning module MobilePatchingUtils (412)
[2020.01.10-15.59.51:067][415]LogModuleManager: Shutting down and abandoning module EditableMesh (410)
[2020.01.10-15.59.51:067][415]LogModuleManager: Shutting down and abandoning module CustomMeshComponent (408)
[2020.01.10-15.59.51:067][415]LogModuleManager: Shutting down and abandoning module CableComponent (406)
[2020.01.10-15.59.51:067][415]LogModuleManager: Shutting down and abandoning module AudioCapture (404)
[2020.01.10-15.59.51:067][415]LogModuleManager: Shutting down and abandoning module ArchVisCharacter (402)
[2020.01.10-15.59.51:067][415]LogModuleManager: Shutting down and abandoning module AppleImageUtilsBlueprintSupport (400)
[2020.01.10-15.59.51:067][415]LogModuleManager: Shutting down and abandoning module AppleImageUtils (398)
[2020.01.10-15.59.51:067][415]LogModuleManager: Shutting down and abandoning module AndroidPermission (396)
[2020.01.10-15.59.51:067][415]LogModuleManager: Shutting down and abandoning module NUTUnrealEngine4 (394)
[2020.01.10-15.59.51:067][415]LogModuleManager: Shutting down and abandoning module NetcodeUnitTest (392)
[2020.01.10-15.59.51:067][415]LogModuleManager: Shutting down and abandoning module MediaCompositing (390)
[2020.01.10-15.59.51:067][415]LogModuleManager: Shutting down and abandoning module ImgMedia (388)
[2020.01.10-15.59.51:067][415]LogModuleManager: Shutting down and abandoning module MagicLeapHelperVulkan (386)
[2020.01.10-15.59.51:067][415]LogModuleManager: Shutting down and abandoning module MagicLeapHelperOpenGL (384)
[2020.01.10-15.59.51:067][415]LogModuleManager: Shutting down and abandoning module MagicLeapAudio (382)
[2020.01.10-15.59.51:068][415]LogModuleManager: Shutting down and abandoning module HTML5Networking (380)
[2020.01.10-15.59.51:068][415]LogModuleManager: Shutting down and abandoning module GeometryCacheTracks (378)
[2020.01.10-15.59.51:068][415]LogModuleManager: Shutting down and abandoning module GeometryCacheSequencer (376)
[2020.01.10-15.59.51:068][415]LogModuleManager: Shutting down and abandoning module BackChannel (374)
[2020.01.10-15.59.51:068][415]LogModuleManager: Shutting down and abandoning module AutomationUtilsEditor (372)
[2020.01.10-15.59.51:068][415]LogModuleManager: Shutting down and abandoning module AutomationUtils (370)
[2020.01.10-15.59.51:072][415]LogModuleManager: Shutting down and abandoning module AlembicImporter (368)
[2020.01.10-15.59.51:072][415]LogModuleManager: Shutting down and abandoning module AlembicLibrary (367)
[2020.01.10-15.59.51:073][415]LogModuleManager: Shutting down and abandoning module GeometryCache (366)
[2020.01.10-15.59.51:073][415]LogModuleManager: Shutting down and abandoning module GeometryCacheEd (365)
[2020.01.10-15.59.51:073][415]LogModuleManager: Shutting down and abandoning module VariantManagerContent (360)
[2020.01.10-15.59.51:073][415]LogModuleManager: Shutting down and abandoning module DatasmithContentEditor (358)
[2020.01.10-15.59.51:073][415]LogModuleManager: Shutting down and abandoning module SpeedTreeImporter (356)
[2020.01.10-15.59.51:073][415]LogModuleManager: Shutting down and abandoning module PluginBrowser (354)
[2020.01.10-15.59.51:073][415]LogModuleManager: Shutting down and abandoning module MobileLauncherProfileWizard (352)
[2020.01.10-15.59.51:080][415]LogModuleManager: Shutting down and abandoning module MaterialAnalyzer (350)
[2020.01.10-15.59.51:080][415]LogModuleManager: Shutting down and abandoning module CurveEditorTools (348)
[2020.01.10-15.59.51:081][415]LogModuleManager: Shutting down and abandoning module CurveEditor (347)
[2020.01.10-15.59.51:098][415]LogModuleManager: Shutting down and abandoning module CryptoKeysOpenSSL (344)
[2020.01.10-15.59.51:098][415]LogModuleManager: Shutting down and abandoning module CryptoKeys (342)
[2020.01.10-15.59.51:098][415]LogModuleManager: Shutting down and abandoning module VisualStudioSourceCodeAccess (340)
[2020.01.10-15.59.51:098][415]LogModuleManager: Shutting down and abandoning module VisualStudioCodeSourceCodeAccess (338)
[2020.01.10-15.59.51:099][415]LogModuleManager: Shutting down and abandoning module UObjectPlugin (336)
[2020.01.10-15.59.51:099][415]LogModuleManager: Shutting down and abandoning module SubversionSourceControl (334)
[2020.01.10-15.59.51:099][415]LogModuleManager: Shutting down and abandoning module PerforceSourceControl (332)
[2020.01.10-15.59.51:109][415]LogModuleManager: Shutting down and abandoning module GitSourceControl (330)
[2020.01.10-15.59.51:110][415]LogModuleManager: Shutting down and abandoning module SourceControl (329)
[2020.01.10-15.59.51:110][415]LogModuleManager: Shutting down and abandoning module CLionSourceCodeAccess (326)
[2020.01.10-15.59.51:110][415]LogModuleManager: Shutting down and abandoning module AnimationSharingEd (324)
[2020.01.10-15.59.51:110][415]LogModuleManager: Shutting down and abandoning module ActorLayerUtilitiesEditor (322)
[2020.01.10-15.59.51:110][415]LogModuleManager: Shutting down and abandoning module ActorLayerUtilities (320)
[2020.01.10-15.59.51:110][415]LogModuleManager: Shutting down and abandoning module LightPropagationVolumeEditor (318)
[2020.01.10-15.59.51:110][415]LogModuleManager: Shutting down and abandoning module PaperTiledImporter (316)
[2020.01.10-15.59.51:110][415]LogModuleManager: Shutting down and abandoning module PaperSpriteSheetImporter (314)
[2020.01.10-15.59.51:110][415]LogModuleManager: Shutting down and abandoning module Paper2DEditor (312)
[2020.01.10-15.59.51:116][415]LogModuleManager: Shutting down and abandoning module MyProject (310)
[2020.01.10-15.59.51:116][415]LogModuleManager: Shutting down and abandoning module SignificanceManager (308)
[2020.01.10-15.59.51:116][415]LogModuleManager: Shutting down and abandoning module RuntimePhysXCooking (306)
[2020.01.10-15.59.51:116][415]LogModuleManager: Shutting down and abandoning module PhysXVehiclesEditor (304)
[2020.01.10-15.59.51:116][415]LogModuleManager: Shutting down and abandoning module LocationServicesBPLibrary (300)
[2020.01.10-15.59.51:116][415]LogModuleManager: Shutting down and abandoning module ActorSequence (298)
[2020.01.10-15.59.51:116][415]LogModuleManager: Shutting down and abandoning module UdpMessaging (296)
[2020.01.10-15.59.51:217][415]LogModuleManager: Shutting down and abandoning module TcpMessaging (294)
[2020.01.10-15.59.51:318][415]LogModuleManager: Shutting down and abandoning module MagicLeapIdentity (292)
[2020.01.10-15.59.51:318][415]LogModuleManager: Shutting down and abandoning module MagicLeapSecureStorage (290)
[2020.01.10-15.59.51:318][415]LogModuleManager: Shutting down and abandoning module MagicLeapHandTracking (288)
[2020.01.10-15.59.51:318][415]LogModuleManager: Shutting down and abandoning module MagicLeapEyeTracker (286)
[2020.01.10-15.59.51:318][415]LogModuleManager: Shutting down and abandoning module MagicLeapController (284)
[2020.01.10-15.59.51:318][415]LogSlate: Slate User Destroyed.  User Index 0, Is Virtual User: 0
[2020.01.10-15.59.51:318][415]LogModuleManager: Shutting down and abandoning module MagicLeapAR (282)
[2020.01.10-15.59.51:318][415]LogModuleManager: Shutting down and abandoning module AugmentedReality (281)
[2020.01.10-15.59.51:318][415]LogModuleManager: Shutting down and abandoning module GameplayTagsEditor (278)
[2020.01.10-15.59.51:318][415]LogModuleManager: Shutting down and abandoning module FacialAnimationEditor (276)
[2020.01.10-15.59.51:318][415]LogModuleManager: Shutting down and abandoning module FacialAnimation (274)
[2020.01.10-15.59.51:318][415]LogModuleManager: Shutting down and abandoning module DataValidation (272)
[2020.01.10-15.59.51:318][415]LogModuleManager: Shutting down and abandoning module AssetManagerEditor (270)
[2020.01.10-15.59.51:327][415]LogModuleManager: Shutting down and abandoning module LevelEditor (269)
[2020.01.10-15.59.51:336][415]LogModuleManager: Shutting down and abandoning module PixelInspectorModule (268)
[2020.01.10-15.59.51:336][415]LogModuleManager: Shutting down and abandoning module CommonMenuExtensions (266)
[2020.01.10-15.59.51:337][415]LogModuleManager: Shutting down and abandoning module MainFrame (264)
[2020.01.10-15.59.51:337][415]LogModuleManager: Shutting down and abandoning module HotReload (263)
[2020.01.10-15.59.51:337][415]LogModuleManager: Shutting down and abandoning module ContentBrowser (259)
[2020.01.10-15.59.51:338][415]LogModuleManager: Shutting down and abandoning module TreeMap (257)
[2020.01.10-15.59.51:338][415]LogModuleManager: Shutting down and abandoning module AnimationSharing (254)
[2020.01.10-15.59.51:338][415]LogModuleManager: Shutting down and abandoning module LightPropagationVolumeRuntime (252)
[2020.01.10-15.59.51:338][415]LogModuleManager: Shutting down and abandoning module Paper2D (250)
[2020.01.10-15.59.51:338][415]LogModuleManager: Shutting down and abandoning module WindowsMoviePlayer (248)
[2020.01.10-15.59.51:340][415]LogModuleManager: Shutting down and abandoning module WebMMoviePlayer (246)
[2020.01.10-15.59.51:340][415]LogModuleManager: Shutting down and abandoning module NetworkReplayStreaming (244)
[2020.01.10-15.59.51:340][415]LogModuleManager: Shutting down and abandoning module PacketHandler (242)
[2020.01.10-15.59.51:340][415]LogModuleManager: Shutting down and abandoning module ClothingSystemEditor (240)
[2020.01.10-15.59.51:340][415]LogModuleManager: Shutting down and abandoning module ClothingSystemRuntime (238)
[2020.01.10-15.59.51:348][415]LogModuleManager: Shutting down and abandoning module MediaAssets (236)
[2020.01.10-15.59.51:348][415]LogModuleManager: Shutting down and abandoning module Overlay (234)
[2020.01.10-15.59.51:348][415]LogModuleManager: Shutting down and abandoning module OverlayEditor (233)
[2020.01.10-15.59.51:348][415]LogModuleManager: Shutting down and abandoning module VREditor (230)
[2020.01.10-15.59.51:348][415]LogModuleManager: Shutting down and abandoning module StringTableEditor (228)
[2020.01.10-15.59.51:360][415]LogModuleManager: Shutting down and abandoning module GameplayTasksEditor (226)
[2020.01.10-15.59.51:360][415]LogModuleManager: Shutting down and abandoning module BehaviorTreeEditor (224)
[2020.01.10-15.59.51:360][415]LogModuleManager: Shutting down and abandoning module FunctionalTesting (222)
[2020.01.10-15.59.51:360][415]LogModuleManager: Shutting down and abandoning module CollisionAnalyzer (220)
[2020.01.10-15.59.51:360][415]LogModuleManager: Shutting down and abandoning module WorkspaceMenuStructure (219)
[2020.01.10-15.59.51:360][415]LogModuleManager: Shutting down and abandoning module UMG (216)
[2020.01.10-15.59.51:360][415]LogModuleManager: Shutting down and abandoning module UMGEditor (215)
[2020.01.10-15.59.51:360][415]LogModuleManager: Shutting down and abandoning module Sequencer (214)
[2020.01.10-15.59.51:375][415]LogModuleManager: Shutting down and abandoning module MessageLog (211)
[2020.01.10-15.59.51:375][415]LogModuleManager: Shutting down and abandoning module SlateReflector (206)
[2020.01.10-15.59.51:382][415]LogModuleManager: Shutting down and abandoning module Slate (204)
[2020.01.10-15.59.51:382][415]LogModuleManager: Shutting down and abandoning module LandscapeEditorUtilities (202)
[2020.01.10-15.59.51:382][415]LogModuleManager: Shutting down and abandoning module EditorStyle (200)
[2020.01.10-15.59.51:384][415]LogModuleManager: Shutting down and abandoning module UnrealEd (198)
[2020.01.10-15.59.51:384][415]LogModuleManager: Shutting down and abandoning module MRMesh (196)
[2020.01.10-15.59.51:384][415]LogModuleManager: Shutting down and abandoning module SourceCodeAccess (194)
[2020.01.10-15.59.51:384][415]LogModuleManager: Shutting down and abandoning module HeadMountedDisplay (192)
[2020.01.10-15.59.51:384][415]LogModuleManager: Shutting down and abandoning module XAudio2 (190)
[2020.01.10-15.59.51:384][415]LogModuleManager: Shutting down and abandoning module Networking (188)
[2020.01.10-15.59.51:384][415]LogModuleManager: Shutting down and abandoning module Core (186)
[2020.01.10-15.59.51:384][415]LogModuleManager: Shutting down and abandoning module KismetCompiler (184)
[2020.01.10-15.59.51:384][415]LogModuleManager: Shutting down and abandoning module MeshUtilities (182)
[2020.01.10-15.59.51:384][415]LogModuleManager: Shutting down and abandoning module MeshMergeUtilities (181)
[2020.01.10-15.59.51:384][415]LogModuleManager: Shutting down and abandoning module MeshReductionInterface (180)
[2020.01.10-15.59.51:384][415]LogModuleManager: Shutting down and abandoning module SkeletalMeshReduction (179)
[2020.01.10-15.59.51:390][415]LogModuleManager: Shutting down and abandoning module ProxyLODMeshReduction (177)
[2020.01.10-15.59.51:413][415]LogModuleManager: Shutting down and abandoning module QuadricMeshReduction (175)
[2020.01.10-15.59.51:413][415]LogModuleManager: Shutting down and abandoning module MaterialBaking (171)
[2020.01.10-15.59.51:418][415]LogModuleManager: Shutting down and abandoning module NullInstallBundleManager (166)
[2020.01.10-15.59.51:418][415]LogModuleManager: Shutting down and abandoning module DerivedDataCache (164)
[2020.01.10-15.59.51:534][415]LogDerivedDataCache: Shutdown
[2020.01.10-15.59.51:534][415]LogModuleManager: Shutting down and abandoning module XGEController (162)
[2020.01.10-15.59.51:534][415]LogXGEController: Cleaning working directory: C:/Users/chbrueckl/AppData/Local/Temp/UnrealXGEWorkingDir/
[2020.01.10-15.59.51:535][415]LogModuleManager: Shutting down and abandoning module TargetPlatform (160)
[2020.01.10-15.59.51:535][415]LogModuleManager: Shutting down and abandoning module VulkanShaderFormat (159)
[2020.01.10-15.59.51:535][415]LogModuleManager: Shutting down and abandoning module ShaderFormatVectorVM (157)
[2020.01.10-15.59.51:535][415]LogModuleManager: Shutting down and abandoning module ShaderFormatOpenGL (155)
[2020.01.10-15.59.51:539][415]LogModuleManager: Shutting down and abandoning module ShaderFormatD3D (153)
[2020.01.10-15.59.51:539][415]LogModuleManager: Shutting down and abandoning module MetalShaderFormat (151)
[2020.01.10-15.59.51:542][415]LogModuleManager: Shutting down and abandoning module TextureFormatUncompressed (149)
[2020.01.10-15.59.51:542][415]LogModuleManager: Shutting down and abandoning module TextureFormatPVR (147)
[2020.01.10-15.59.51:542][415]LogModuleManager: Shutting down and abandoning module TextureFormatDXT (145)
[2020.01.10-15.59.51:542][415]LogModuleManager: Shutting down and abandoning module TextureFormatIntelISPCTexComp (143)
[2020.01.10-15.59.51:542][415]LogModuleManager: Shutting down and abandoning module TextureFormatASTC (141)
[2020.01.10-15.59.51:543][415]LogModuleManager: Shutting down and abandoning module ImageWrapper (140)
[2020.01.10-15.59.51:543][415]LogModuleManager: Shutting down and abandoning module TextureFormatAndroid (137)
[2020.01.10-15.59.51:543][415]LogModuleManager: Shutting down and abandoning module AudioFormatOpus (135)
[2020.01.10-15.59.51:543][415]LogModuleManager: Shutting down and abandoning module AudioFormatOgg (133)
[2020.01.10-15.59.51:543][415]LogModuleManager: Shutting down and abandoning module AudioFormatADPCM (131)
[2020.01.10-15.59.51:543][415]LogModuleManager: Shutting down and abandoning module LuminTargetPlatform (129)
[2020.01.10-15.59.51:543][415]LogModuleManager: Shutting down and abandoning module LinuxTargetPlatform (127)
[2020.01.10-15.59.51:543][415]LogModuleManager: Shutting down and abandoning module LinuxServerTargetPlatform (125)
[2020.01.10-15.59.51:543][415]LogModuleManager: Shutting down and abandoning module LinuxNoEditorTargetPlatform (123)
[2020.01.10-15.59.51:543][415]LogModuleManager: Shutting down and abandoning module LinuxClientTargetPlatform (121)
[2020.01.10-15.59.51:543][415]LogModuleManager: Shutting down and abandoning module TVOSTargetPlatform (119)
[2020.01.10-15.59.51:544][415]LogModuleManager: Shutting down and abandoning module Messaging (117)
[2020.01.10-15.59.51:544][415]LogModuleManager: Shutting down and abandoning module IOSTargetPlatform (115)
[2020.01.10-15.59.51:545][415]LogModuleManager: Shutting down and abandoning module HTML5TargetPlatform (113)
[2020.01.10-15.59.51:545][415]LogModuleManager: Shutting down and abandoning module AndroidTargetPlatform (111)
[2020.01.10-15.59.51:551][415]LogModuleManager: Shutting down and abandoning module WindowsTargetPlatform (109)
[2020.01.10-15.59.51:551][415]LogModuleManager: Shutting down and abandoning module WindowsServerTargetPlatform (107)
[2020.01.10-15.59.51:551][415]LogModuleManager: Shutting down and abandoning module WindowsNoEditorTargetPlatform (105)
[2020.01.10-15.59.51:551][415]LogModuleManager: Shutting down and abandoning module WindowsClientTargetPlatform (103)
[2020.01.10-15.59.51:551][415]LogModuleManager: Shutting down and abandoning module MacTargetPlatform (101)
[2020.01.10-15.59.51:551][415]LogModuleManager: Shutting down and abandoning module MacServerTargetPlatform (99)
[2020.01.10-15.59.51:551][415]LogModuleManager: Shutting down and abandoning module MacNoEditorTargetPlatform (97)
[2020.01.10-15.59.51:551][415]LogModuleManager: Shutting down and abandoning module MacClientTargetPlatform (95)
[2020.01.10-15.59.51:551][415]LogModuleManager: Shutting down and abandoning module AllDesktopTargetPlatform (93)
[2020.01.10-15.59.51:551][415]LogModuleManager: Shutting down and abandoning module InputCore (90)
[2020.01.10-15.59.51:551][415]LogModuleManager: Shutting down and abandoning module Settings (88)
[2020.01.10-15.59.51:551][415]LogModuleManager: Shutting down and abandoning module DirectoryWatcher (86)
[2020.01.10-15.59.51:551][415]LogModuleManager: Shutting down and abandoning module PhysXCooking (84)
[2020.01.10-15.59.51:551][415]LogModuleManager: Shutting down and abandoning module WindowsPlatformFeatures (82)
[2020.01.10-15.59.51:551][415]LogModuleManager: Shutting down and abandoning module GameplayMediaEncoder (81)
[2020.01.10-15.59.51:551][415]LogModuleManager: Shutting down and abandoning module SteamVR (78)
[2020.01.10-15.59.51:551][415]LogHMD: Freeing OpenVRDLLHandle.
[2020.01.10-15.59.51:551][415]LogModuleManager: Shutting down and abandoning module OculusHMD (76)
[2020.01.10-15.59.51:552][415]LogModuleManager: Shutting down and abandoning module ExampleDeviceProfileSelector (74)
[2020.01.10-15.59.51:552][415]LogModuleManager: Shutting down and abandoning module LauncherChunkInstaller (72)
[2020.01.10-15.59.51:552][415]LogModuleManager: Shutting down and abandoning module OnlineBlueprintSupport (70)
[2020.01.10-15.59.51:552][415]LogModuleManager: Shutting down and abandoning module OnlineSubsystem (66)
[2020.01.10-15.59.51:552][415]LogModuleManager: Shutting down and abandoning module XMPP (61)
[2020.01.10-15.59.51:562][415]LogModuleManager: Shutting down and abandoning module WebSockets (60)
[2020.01.10-15.59.51:593][415]LogModuleManager: Shutting down and abandoning module HTTP (57)
[2020.01.10-15.59.51:593][415]LogHttp: Display: Http module shutting down, but needs to wait on 2 outstanding Http requests:
[2020.01.10-15.59.51:593][415]LogHttp: Display: 	verb=[POST] url=[https://datarouter.ol.epicgames.com/datarouter/api/v1/public/data?SessionID=%7B70A8CAAB-4472-CF17-E966-FBA834B48BCC%7D&AppID=UEEditor.Rocket.Release&AppVersion=4.23.1-9631420%2B%2B%2BUE4%2BRelease-4.23&UserID=007a7e6543b443a68dc9d5800551f15e%7C79d6223a181b4006b1e43c5fe4b45347%7C87576df4-8dc8-41f4-b4b5-0dce2539cf4d&AppEnvironment=datacollector-binary&UploadType=eteventstream] status=Processing
[2020.01.10-15.59.51:593][415]LogHttp: Display: 	verb=[POST] url=[https://datarouter.ol.epicgames.com/datarouter/api/v1/public/data?SessionID=%7B70A8CAAB-4472-CF17-E966-FBA834B48BCC%7D&AppID=UEEditor.Rocket.Release&AppVersion=4.23.1-9631420%2B%2B%2BUE4%2BRelease-4.23&UserID=007a7e6543b443a68dc9d5800551f15e%7C79d6223a181b4006b1e43c5fe4b45347%7C87576df4-8dc8-41f4-b4b5-0dce2539cf4d&AppEnvironment=datacollector-binary&UploadType=eteventstream] status=Processing
[2020.01.10-15.59.51:608][415]LogModuleManager: Shutting down and abandoning module SSL (56)
[2020.01.10-15.59.51:609][415]LogModuleManager: Shutting down and abandoning module WmfMedia (52)
[2020.01.10-15.59.51:620][415]LogModuleManager: Shutting down and abandoning module Media (51)
[2020.01.10-15.59.51:620][415]LogModuleManager: Shutting down and abandoning module MagicLeap (48)
[2020.01.10-15.59.51:620][415]LogModuleManager: Shutting down and abandoning module DatasmithContent (46)
[2020.01.10-15.59.51:621][415]LogModuleManager: Shutting down and abandoning module AISupportModule (44)
[2020.01.10-15.59.51:621][415]LogModuleManager: Shutting down and abandoning module PlatformCryptoOpenSSL (42)
[2020.01.10-15.59.51:621][415]LogModuleManager: Shutting down and abandoning module PlatformCrypto (40)
[2020.01.10-15.59.51:621][415]LogModuleManager: Shutting down and abandoning module AnimationModifiers (38)
[2020.01.10-15.59.51:639][415]LogModuleManager: Shutting down and abandoning module PropertyEditor (37)
[2020.01.10-15.59.51:639][415]LogModuleManager: Shutting down and abandoning module AudioEditor (34)
[2020.01.10-15.59.51:650][415]LogModuleManager: Shutting down and abandoning module TextureCompressor (32)
[2020.01.10-15.59.51:650][415]LogModuleManager: Shutting down and abandoning module RenderCore (30)
[2020.01.10-15.59.51:650][415]LogModuleManager: Shutting down and abandoning module Landscape (28)
[2020.01.10-15.59.51:650][415]LogModuleManager: Shutting down and abandoning module SlateRHIRenderer (26)
[2020.01.10-15.59.51:656][415]LogModuleManager: Shutting down and abandoning module OpenGLDrv (24)
[2020.01.10-15.59.51:658][415]LogModuleManager: Shutting down and abandoning module D3D11RHI (22)
[2020.01.10-15.59.51:658][415]LogModuleManager: Shutting down and abandoning module AnimGraphRuntime (20)
[2020.01.10-15.59.51:658][415]LogModuleManager: Shutting down and abandoning module Renderer (18)
[2020.01.10-15.59.51:658][415]LogModuleManager: Shutting down and abandoning module Engine (16)
[2020.01.10-15.59.51:658][415]LogModuleManager: Shutting down and abandoning module CoreUObject (14)
[2020.01.10-15.59.51:658][415]LogModuleManager: Shutting down and abandoning module NetworkFile (12)
[2020.01.10-15.59.51:669][415]LogModuleManager: Shutting down and abandoning module CookedIterativeFile (10)
[2020.01.10-15.59.51:669][415]LogModuleManager: Shutting down and abandoning module StreamingFile (8)
[2020.01.10-15.59.51:672][415]LogModuleManager: Shutting down and abandoning module SandboxFile (6)
[2020.01.10-15.59.51:672][415]LogModuleManager: Shutting down and abandoning module PakFile (4)
[2020.01.10-15.59.51:684][415]LogModuleManager: Shutting down and abandoning module RSA (3)
[2020.01.10-15.59.51:685][415]LogD3D11RHI: Shutdown
[2020.01.10-15.59.51:685][415]LogD3D11RHI: CleanupD3DDevice
[2020.01.10-15.59.51:691][415]LogRendererCore: FGlobalDynamicReadBuffer::Cleanup()
[2020.01.10-15.59.51:691][415]LogRendererCore: FGlobalDynamicReadBuffer::Cleanup()
[2020.01.10-15.59.51:692][415]LogRendererCore: FGlobalDynamicReadBuffer::Cleanup()
[2020.01.10-15.59.51:911][415]LogD3D11RHI: ~FD3D11DynamicRHI
[2020.01.10-15.59.51:948][415]LogExit: Exiting.
[2020.01.10-15.59.51:981][415]Log file closed, 01/10/20 16:59:51
