Log file open, 02/13/20 16:24:19
LogWindows: Failed to load 'aqProf.dll' (GetLastError=126)
LogWindows: File 'aqProf.dll' does not exist
LogWindows: Failed to load 'VtuneApi.dll' (GetLastError=126)
LogWindows: File 'VtuneApi.dll' does not exist
LogWindows: Failed to load 'VtuneApi32e.dll' (GetLastError=126)
LogWindows: File 'VtuneApi32e.dll' does not exist
LogConsoleResponse: Display: Failed to find resolution value strings in scalability ini. Falling back to default.
LogInit: Display: Running engine for game: Pentum
LogPlatformFile: Not using cached read wrapper
LogTaskGraph: Started task graph with 5 named threads and 23 total threads with 3 sets of task threads.
LogStats: Stats thread started at 0.072379
LogD3D11RHI: Loaded GFSDK_Aftermath_Lib.x64.dll
LogICUInternationalization: ICU TimeZone Detection - Raw Offset: +1:00, Platform Override: ''
LogPluginManager: Mounting plugin Paper2D
LogPluginManager: Mounting plugin AISupport
LogPluginManager: Mounting plugin LightPropagationVolume
LogPluginManager: Mounting plugin ActorLayerUtilities
LogPluginManager: Mounting plugin AnimationSharing
LogPluginManager: Mounting plugin CLionSourceCodeAccess
LogPluginManager: Mounting plugin CodeLiteSourceCodeAccess
LogPluginManager: Mounting plugin GitSourceControl
LogPluginManager: Mounting plugin KDevelopSourceCodeAccess
LogPluginManager: Mounting plugin NullSourceCodeAccess
LogPluginManager: Mounting plugin PerforceSourceControl
LogPluginManager: Mounting plugin SubversionSourceControl
LogPluginManager: Mounting plugin UObjectPlugin
LogPluginManager: Mounting plugin VisualStudioCodeSourceCodeAccess
LogPluginManager: Mounting plugin VisualStudioSourceCodeAccess
LogPluginManager: Mounting plugin XCodeSourceCodeAccess
LogPluginManager: Mounting plugin AssetManagerEditor
LogPluginManager: Mounting plugin CryptoKeys
LogPluginManager: Mounting plugin CurveEditorTools
LogPluginManager: Mounting plugin DataValidation
LogPluginManager: Mounting plugin FacialAnimation
LogPluginManager: Mounting plugin GameplayTagsEditor
LogPluginManager: Mounting plugin MacGraphicsSwitching
LogPluginManager: Mounting plugin MaterialAnalyzer
LogPluginManager: Mounting plugin MobileLauncherProfileWizard
LogPluginManager: Mounting plugin PluginBrowser
LogPluginManager: Mounting plugin SpeedTreeImporter
LogPluginManager: Mounting plugin DatasmithContent
LogPluginManager: Mounting plugin VariantManagerContent
LogPluginManager: Mounting plugin AlembicImporter
LogPluginManager: Mounting plugin AutomationUtils
LogPluginManager: Mounting plugin BackChannel
LogPluginManager: Mounting plugin CharacterAI
LogPluginManager: Mounting plugin GeometryCache
LogPluginManager: Mounting plugin HTML5Networking
LogPluginManager: Mounting plugin PlatformCrypto
LogPluginManager: Mounting plugin ProxyLODPlugin
LogPluginManager: Mounting plugin SkeletalReduction
LogPluginManager: Mounting plugin MagicLeap
LogPluginManager: Mounting plugin MagicLeapMedia
LogPluginManager: Mounting plugin AndroidMedia
LogPluginManager: Mounting plugin AvfMedia
LogPluginManager: Mounting plugin ImgMedia
LogPluginManager: Mounting plugin MediaCompositing
LogPluginManager: Mounting plugin MediaPlayerEditor
LogPluginManager: Mounting plugin WebMMedia
LogPluginManager: Mounting plugin WmfMedia
LogPluginManager: Mounting plugin TcpMessaging
LogPluginManager: Mounting plugin UdpMessaging
LogPluginManager: Mounting plugin ActorSequence
LogPluginManager: Mounting plugin LevelSequenceEditor
LogPluginManager: Mounting plugin MatineeToLevelSequence
LogPluginManager: Mounting plugin NetcodeUnitTest
LogPluginManager: Mounting plugin NUTUnrealEngine4
LogPluginManager: Mounting plugin OnlineSubsystemGooglePlay
LogPluginManager: Mounting plugin OnlineSubsystemIOS
LogPluginManager: Mounting plugin OnlineSubsystem
LogPluginManager: Mounting plugin OnlineSubsystemNull
LogPluginManager: Mounting plugin OnlineSubsystemUtils
LogPluginManager: Mounting plugin LauncherChunkInstaller
LogPluginManager: Mounting plugin AndroidDeviceProfileSelector
LogPluginManager: Mounting plugin AndroidMoviePlayer
LogPluginManager: Mounting plugin AndroidPermission
LogPluginManager: Mounting plugin AppleImageUtils
LogPluginManager: Mounting plugin AppleMoviePlayer
LogPluginManager: Mounting plugin ArchVisCharacter
LogPluginManager: Mounting plugin AudioCapture
LogPluginManager: Mounting plugin CableComponent
LogPluginManager: Mounting plugin CustomMeshComponent
LogPluginManager: Mounting plugin EditableMesh
LogPluginManager: Mounting plugin ExampleDeviceProfileSelector
LogPluginManager: Mounting plugin GoogleCloudMessaging
LogPluginManager: Mounting plugin IOSDeviceProfileSelector
LogPluginManager: Mounting plugin LinuxDeviceProfileSelector
LogPluginManager: Mounting plugin LocationServicesBPLibrary
LogPluginManager: Mounting plugin MobilePatchingUtils
LogPluginManager: Mounting plugin OculusVR
LogPluginManager: Mounting plugin PhysXVehicles
LogPluginManager: Mounting plugin ProceduralMeshComponent
LogPluginManager: Mounting plugin RuntimePhysXCooking
LogPluginManager: Mounting plugin SignificanceManager
LogPluginManager: Mounting plugin SteamVR
LogPluginManager: Mounting plugin WebMMoviePlayer
LogPluginManager: Mounting plugin WindowsMoviePlayer
LogPluginManager: Mounting plugin ScreenshotTools
LogInit: Using libcurl 7.55.1-DEV
LogInit:  - built for x86_64-pc-win32
LogInit:  - supports SSL with OpenSSL/1.1.1
LogInit:  - supports HTTP deflate (compression) using libz 1.2.8
LogInit:  - other features:
LogInit:      CURL_VERSION_SSL
LogInit:      CURL_VERSION_LIBZ
LogInit:      CURL_VERSION_IPV6
LogInit:      CURL_VERSION_ASYNCHDNS
LogInit:      CURL_VERSION_LARGEFILE
LogInit:      CURL_VERSION_IDN
LogInit:  CurlRequestOptions (configurable via config and command line):
LogInit:  - bVerifyPeer = true  - Libcurl will verify peer certificate
LogInit:  - bUseHttpProxy = false  - Libcurl will NOT use HTTP proxy
LogInit:  - bDontReuseConnections = false  - Libcurl will reuse connections
LogInit:  - MaxHostConnections = 16  - Libcurl will limit the number of connections to a host
LogInit:  - LocalHostAddr = Default
LogInit:  - BufferSize = 65536
LogOnline: OSS: Creating online subsystem instance for: NULL
LogInit: WinSock: version 1.1 (2.2), MaxSocks=32767, MaxUdp=65467
LogInit: Build: ++UE4+Release-4.23-CL-9631420
LogInit: Engine Version: 4.23.1-9631420+++UE4+Release-4.23
LogInit: Compatible Engine Version: 4.23.0-8386587+++UE4+Release-4.23
LogInit: Net CL: 8386587
LogInit: OS: Windows 10 (Release 1903) (), CPU:         Intel(R) Core(TM) i7-2600 CPU @ 3.40GHz, GPU: NVIDIA GeForce GTX 970
LogInit: Compiled (64-bit): Oct 18 2019 02:07:44
LogInit: Compiled with Visual C++: 19.16.27030.01
LogInit: Build Configuration: Development
LogInit: Branch Name: ++UE4+Release-4.23
LogInit: Command Line: 
LogInit: Base Directory: D:/EpicGames/UE_4.23/Engine/Binaries/Win64/
LogInit: Installed Engine Build: 1
LogDevObjectVersion: Number of dev versions registered: 23
LogDevObjectVersion:   Dev-Blueprints (B0D832E4-1F89-4F0D-ACCF-7EB736FD4AA2): 10
LogDevObjectVersion:   Dev-Build (E1C64328-A22C-4D53-A36C-8E866417BD8C): 0
LogDevObjectVersion:   Dev-Core (375EC13C-06E4-48FB-B500-84F0262A717E): 3
LogDevObjectVersion:   Dev-Editor (E4B068ED-F494-42E9-A231-DA0B2E46BB41): 34
LogDevObjectVersion:   Dev-Framework (CFFC743F-43B0-4480-9391-14DF171D2073): 35
LogDevObjectVersion:   Dev-Mobile (B02B49B5-BB20-44E9-A304-32B752E40360): 2
LogDevObjectVersion:   Dev-Networking (A4E4105C-59A1-49B5-A7C5-40C4547EDFEE): 0
LogDevObjectVersion:   Dev-Online (39C831C9-5AE6-47DC-9A44-9C173E1C8E7C): 0
LogDevObjectVersion:   Dev-Physics (78F01B33-EBEA-4F98-B9B4-84EACCB95AA2): 0
LogDevObjectVersion:   Dev-Platform (6631380F-2D4D-43E0-8009-CF276956A95A): 0
LogDevObjectVersion:   Dev-Rendering (12F88B9F-8875-4AFC-A67C-D90C383ABD29): 31
LogDevObjectVersion:   Dev-Sequencer (7B5AE74C-D270-4C10-A958-57980B212A5A): 11
LogDevObjectVersion:   Dev-VR (D7296918-1DD6-4BDD-9DE2-64A83CC13884): 2
LogDevObjectVersion:   Dev-LoadTimes (C2A15278-BFE7-4AFE-6C17-90FF531DF755): 1
LogDevObjectVersion:   Private-Geometry (6EACA3D4-40EC-4CC1-B786-8BED09428FC5): 3
LogDevObjectVersion:   Dev-AnimPhys (29E575DD-E0A3-4627-9D10-D276232CDCEA): 17
LogDevObjectVersion:   Dev-Anim (AF43A65D-7FD3-4947-9873-3E8ED9C1BB05): 2
LogDevObjectVersion:   Dev-ReflectionCapture (6B266CEC-1EC7-4B8F-A30B-E4D90942FC07): 1
LogDevObjectVersion:   Dev-Automation (0DF73D61-A23F-47EA-B727-89E90C41499A): 1
LogDevObjectVersion:   FortniteMain (601D1886-AC64-4F84-AA16-D3DE0DEAC7D6): 27
LogDevObjectVersion:   Dev-Enterprise (9DFFBCD6-494F-0158-E221-12823C92A888): 6
LogDevObjectVersion:   Dev-Niagara (F2AED0AC-9AFE-416F-8664-AA7FFA26D6FC): 1
LogDevObjectVersion:   Dev-Destruction (174F1F0B-B4C6-45A5-B13F-2EE8D0FB917D): 9
LogInit: Presizing for max 16777216 objects, including 0 objects not considered by GC, pre-allocating 0 bytes for permanent pool.
LogInit: Object subsystem initialized
LogConfig: Setting CVar [[con.DebugEarlyDefault:1]]
LogConfig: Setting CVar [[r.setres:1280x720]]
[2020.02.13-15.24.21:479][  0]LogConfig: Setting CVar [[r.VSync:0]]
[2020.02.13-15.24.21:479][  0]LogConfig: Setting CVar [[r.RHICmdBypass:0]]
[2020.02.13-15.24.21:480][  0]LogConfig: Applying CVar settings from Section [/Script/Engine.RendererSettings] File [D:/Pentum/Pentum/Pentum/Saved/Config/Windows/Engine.ini]
[2020.02.13-15.24.21:480][  0]LogConfig: Setting CVar [[r.GPUCrashDebugging:0]]
[2020.02.13-15.24.21:480][  0]LogConfig: Setting CVar [[r.DefaultFeature.AutoExposure.ExtendDefaultLuminanceRange:1]]
[2020.02.13-15.24.21:480][  0]LogConfig: Setting CVar [[r.DefaultFeature.AutoExposure:0]]
[2020.02.13-15.24.21:480][  0]LogConfig: Applying CVar settings from Section [/Script/Engine.RendererOverrideSettings] File [D:/Pentum/Pentum/Pentum/Saved/Config/Windows/Engine.ini]
[2020.02.13-15.24.21:480][  0]LogConfig: Applying CVar settings from Section [/Script/Engine.StreamingSettings] File [D:/Pentum/Pentum/Pentum/Saved/Config/Windows/Engine.ini]
[2020.02.13-15.24.21:480][  0]LogConfig: Setting CVar [[s.MinBulkDataSizeForAsyncLoading:131072]]
[2020.02.13-15.24.21:480][  0]LogConfig: Setting CVar [[s.AsyncLoadingThreadEnabled:0]]
[2020.02.13-15.24.21:480][  0]LogConfig: Setting CVar [[s.EventDrivenLoaderEnabled:1]]
[2020.02.13-15.24.21:480][  0]LogConfig: Setting CVar [[s.WarnIfTimeLimitExceeded:0]]
[2020.02.13-15.24.21:480][  0]LogConfig: Setting CVar [[s.TimeLimitExceededMultiplier:1.5]]
[2020.02.13-15.24.21:480][  0]LogConfig: Setting CVar [[s.TimeLimitExceededMinTime:0.005]]
[2020.02.13-15.24.21:480][  0]LogConfig: Setting CVar [[s.UseBackgroundLevelStreaming:1]]
[2020.02.13-15.24.21:480][  0]LogConfig: Setting CVar [[s.PriorityAsyncLoadingExtraTime:15.0]]
[2020.02.13-15.24.21:480][  0]LogConfig: Setting CVar [[s.LevelStreamingActorsUpdateTimeLimit:5.0]]
[2020.02.13-15.24.21:480][  0]LogConfig: Setting CVar [[s.PriorityLevelStreamingActorsUpdateExtraTime:5.0]]
[2020.02.13-15.24.21:480][  0]LogConfig: Setting CVar [[s.LevelStreamingComponentsRegistrationGranularity:10]]
[2020.02.13-15.24.21:480][  0]LogConfig: Setting CVar [[s.UnregisterComponentsTimeLimit:1.0]]
[2020.02.13-15.24.21:480][  0]LogConfig: Setting CVar [[s.LevelStreamingComponentsUnregistrationGranularity:5]]
[2020.02.13-15.24.21:480][  0]LogConfig: Applying CVar settings from Section [/Script/Engine.GarbageCollectionSettings] File [D:/Pentum/Pentum/Pentum/Saved/Config/Windows/Engine.ini]
[2020.02.13-15.24.21:480][  0]LogConfig: Setting CVar [[gc.MaxObjectsNotConsideredByGC:1]]
[2020.02.13-15.24.21:480][  0]LogConfig: Setting CVar [[gc.SizeOfPermanentObjectPool:0]]
[2020.02.13-15.24.21:480][  0]LogConfig: Setting CVar [[gc.FlushStreamingOnGC:0]]
[2020.02.13-15.24.21:480][  0]LogConfig: Setting CVar [[gc.NumRetriesBeforeForcingGC:10]]
[2020.02.13-15.24.21:480][  0]LogConfig: Setting CVar [[gc.AllowParallelGC:1]]
[2020.02.13-15.24.21:480][  0]LogConfig: Setting CVar [[gc.TimeBetweenPurgingPendingKillObjects:61.1]]
[2020.02.13-15.24.21:480][  0]LogConfig: Setting CVar [[gc.MaxObjectsInEditor:16777216]]
[2020.02.13-15.24.21:480][  0]LogConfig: Setting CVar [[gc.IncrementalBeginDestroyEnabled:1]]
[2020.02.13-15.24.21:480][  0]LogConfig: Setting CVar [[gc.CreateGCClusters:1]]
[2020.02.13-15.24.21:480][  0]LogConfig: Setting CVar [[gc.MinGCClusterSize:5]]
[2020.02.13-15.24.21:480][  0]LogConfig: Setting CVar [[gc.ActorClusteringEnabled:0]]
[2020.02.13-15.24.21:480][  0]LogConfig: Setting CVar [[gc.BlueprintClusteringEnabled:0]]
[2020.02.13-15.24.21:480][  0]LogConfig: Setting CVar [[gc.UseDisregardForGCOnDedicatedServers:0]]
[2020.02.13-15.24.21:480][  0]LogConfig: Applying CVar settings from Section [/Script/Engine.NetworkSettings] File [D:/Pentum/Pentum/Pentum/Saved/Config/Windows/Engine.ini]
[2020.02.13-15.24.21:480][  0]LogConfig: Applying CVar settings from Section [/Script/UnrealEd.CookerSettings] File [D:/Pentum/Pentum/Pentum/Saved/Config/Windows/Engine.ini]
[2020.02.13-15.24.21:509][  0]LogConfig: Applying CVar settings from Section [ViewDistanceQuality@3] File [D:/Pentum/Pentum/Pentum/Saved/Config/Windows/Scalability.ini]
[2020.02.13-15.24.21:509][  0]LogConfig: Setting CVar [[r.SkeletalMeshLODBias:0]]
[2020.02.13-15.24.21:509][  0]LogConfig: Setting CVar [[r.ViewDistanceScale:1.0]]
[2020.02.13-15.24.21:509][  0]LogConfig: Applying CVar settings from Section [AntiAliasingQuality@3] File [D:/Pentum/Pentum/Pentum/Saved/Config/Windows/Scalability.ini]
[2020.02.13-15.24.21:509][  0]LogConfig: Setting CVar [[r.PostProcessAAQuality:4]]
[2020.02.13-15.24.21:509][  0]LogConfig: Applying CVar settings from Section [ShadowQuality@3] File [D:/Pentum/Pentum/Pentum/Saved/Config/Windows/Scalability.ini]
[2020.02.13-15.24.21:509][  0]LogConfig: Setting CVar [[r.LightFunctionQuality:1]]
[2020.02.13-15.24.21:509][  0]LogConfig: Setting CVar [[r.ShadowQuality:5]]
[2020.02.13-15.24.21:509][  0]LogConfig: Setting CVar [[r.Shadow.CSM.MaxCascades:10]]
[2020.02.13-15.24.21:509][  0]LogConfig: Setting CVar [[r.Shadow.MaxResolution:2048]]
[2020.02.13-15.24.21:509][  0]LogConfig: Setting CVar [[r.Shadow.MaxCSMResolution:2048]]
[2020.02.13-15.24.21:509][  0]LogConfig: Setting CVar [[r.Shadow.RadiusThreshold:0.01]]
[2020.02.13-15.24.21:509][  0]LogConfig: Setting CVar [[r.Shadow.DistanceScale:1.0]]
[2020.02.13-15.24.21:509][  0]LogConfig: Setting CVar [[r.Shadow.CSM.TransitionScale:1.0]]
[2020.02.13-15.24.21:509][  0]LogConfig: Setting CVar [[r.Shadow.PreShadowResolutionFactor:1.0]]
[2020.02.13-15.24.21:509][  0]LogConfig: Setting CVar [[r.DistanceFieldShadowing:1]]
[2020.02.13-15.24.21:509][  0]LogConfig: Setting CVar [[r.DistanceFieldAO:1]]
[2020.02.13-15.24.21:509][  0]LogConfig: Setting CVar [[r.AOQuality:2]]
[2020.02.13-15.24.21:509][  0]LogConfig: Setting CVar [[r.VolumetricFog:1]]
[2020.02.13-15.24.21:509][  0]LogConfig: Setting CVar [[r.VolumetricFog.GridPixelSize:8]]
[2020.02.13-15.24.21:509][  0]LogConfig: Setting CVar [[r.VolumetricFog.GridSizeZ:128]]
[2020.02.13-15.24.21:509][  0]LogConfig: Setting CVar [[r.VolumetricFog.HistoryMissSupersampleCount:4]]
[2020.02.13-15.24.21:509][  0]LogConfig: Setting CVar [[r.LightMaxDrawDistanceScale:1]]
[2020.02.13-15.24.21:509][  0]LogConfig: Setting CVar [[r.CapsuleShadows:1]]
[2020.02.13-15.24.21:509][  0]LogConfig: Applying CVar settings from Section [PostProcessQuality@3] File [D:/Pentum/Pentum/Pentum/Saved/Config/Windows/Scalability.ini]
[2020.02.13-15.24.21:509][  0]LogConfig: Setting CVar [[r.MotionBlurQuality:4]]
[2020.02.13-15.24.21:509][  0]LogConfig: Setting CVar [[r.AmbientOcclusionMipLevelFactor:0.4]]
[2020.02.13-15.24.21:509][  0]LogConfig: Setting CVar [[r.AmbientOcclusionMaxQuality:100]]
[2020.02.13-15.24.21:509][  0]LogConfig: Setting CVar [[r.AmbientOcclusionLevels:-1]]
[2020.02.13-15.24.21:509][  0]LogConfig: Setting CVar [[r.AmbientOcclusionRadiusScale:1.0]]
[2020.02.13-15.24.21:509][  0]LogConfig: Setting CVar [[r.DepthOfFieldQuality:2]]
[2020.02.13-15.24.21:509][  0]LogConfig: Setting CVar [[r.RenderTargetPoolMin:400]]
[2020.02.13-15.24.21:509][  0]LogConfig: Setting CVar [[r.LensFlareQuality:2]]
[2020.02.13-15.24.21:509][  0]LogConfig: Setting CVar [[r.SceneColorFringeQuality:1]]
[2020.02.13-15.24.21:509][  0]LogConfig: Setting CVar [[r.EyeAdaptationQuality:2]]
[2020.02.13-15.24.21:509][  0]LogConfig: Setting CVar [[r.BloomQuality:5]]
[2020.02.13-15.24.21:509][  0]LogConfig: Setting CVar [[r.FastBlurThreshold:100]]
[2020.02.13-15.24.21:509][  0]LogConfig: Setting CVar [[r.Upscale.Quality:3]]
[2020.02.13-15.24.21:509][  0]LogConfig: Setting CVar [[r.Tonemapper.GrainQuantization:1]]
[2020.02.13-15.24.21:509][  0]LogConfig: Setting CVar [[r.LightShaftQuality:1]]
[2020.02.13-15.24.21:509][  0]LogConfig: Setting CVar [[r.Filter.SizeScale:1]]
[2020.02.13-15.24.21:509][  0]LogConfig: Setting CVar [[r.Tonemapper.Quality:5]]
[2020.02.13-15.24.21:509][  0]LogConfig: Setting CVar [[r.DOF.Gather.AccumulatorQuality:1        ; higher gathering accumulator quality]]
[2020.02.13-15.24.21:509][  0]LogConfig: Setting CVar [[r.DOF.Gather.PostfilterMethod:1          ; Median3x3 postfilering method]]
[2020.02.13-15.24.21:509][  0]LogConfig: Setting CVar [[r.DOF.Gather.EnableBokehSettings:0       ; no bokeh simulation when gathering]]
[2020.02.13-15.24.21:509][  0]LogConfig: Setting CVar [[r.DOF.Gather.RingCount:4                 ; medium number of samples when gathering]]
[2020.02.13-15.24.21:509][  0]LogConfig: Setting CVar [[r.DOF.Scatter.ForegroundCompositing:1    ; additive foreground scattering]]
[2020.02.13-15.24.21:510][  0]LogConfig: Setting CVar [[r.DOF.Scatter.BackgroundCompositing:2    ; additive background scattering]]
[2020.02.13-15.24.21:510][  0]LogConfig: Setting CVar [[r.DOF.Scatter.EnableBokehSettings:1      ; bokeh simulation when scattering]]
[2020.02.13-15.24.21:510][  0]LogConfig: Setting CVar [[r.DOF.Scatter.MaxSpriteRatio:0.1         ; only a maximum of 10% of scattered bokeh]]
[2020.02.13-15.24.21:510][  0]LogConfig: Setting CVar [[r.DOF.Recombine.Quality:1                ; cheap slight out of focus]]
[2020.02.13-15.24.21:510][  0]LogConfig: Setting CVar [[r.DOF.Recombine.EnableBokehSettings:0    ; no bokeh simulation on slight out of focus]]
[2020.02.13-15.24.21:510][  0]LogConfig: Setting CVar [[r.DOF.TemporalAAQuality:1                ; more stable temporal accumulation]]
[2020.02.13-15.24.21:510][  0]LogConfig: Setting CVar [[r.DOF.Kernel.MaxForegroundRadius:0.025]]
[2020.02.13-15.24.21:510][  0]LogConfig: Setting CVar [[r.DOF.Kernel.MaxBackgroundRadius:0.025]]
[2020.02.13-15.24.21:510][  0]LogConfig: Applying CVar settings from Section [TextureQuality@3] File [D:/Pentum/Pentum/Pentum/Saved/Config/Windows/Scalability.ini]
[2020.02.13-15.24.21:510][  0]LogConfig: Setting CVar [[r.Streaming.MipBias:0]]
[2020.02.13-15.24.21:510][  0]LogConfig: Setting CVar [[r.Streaming.AmortizeCPUToGPUCopy:0]]
[2020.02.13-15.24.21:510][  0]LogConfig: Setting CVar [[r.Streaming.MaxNumTexturesToStreamPerFrame:0]]
[2020.02.13-15.24.21:510][  0]LogConfig: Setting CVar [[r.Streaming.Boost:1]]
[2020.02.13-15.24.21:510][  0]LogConfig: Setting CVar [[r.MaxAnisotropy:8]]
[2020.02.13-15.24.21:510][  0]LogConfig: Setting CVar [[r.Streaming.LimitPoolSizeToVRAM:0]]
[2020.02.13-15.24.21:510][  0]LogConfig: Setting CVar [[r.Streaming.PoolSize:1000]]
[2020.02.13-15.24.21:510][  0]LogConfig: Setting CVar [[r.Streaming.MaxEffectiveScreenSize:0]]
[2020.02.13-15.24.21:510][  0]LogConfig: Applying CVar settings from Section [EffectsQuality@3] File [D:/Pentum/Pentum/Pentum/Saved/Config/Windows/Scalability.ini]
[2020.02.13-15.24.21:510][  0]LogConfig: Setting CVar [[r.TranslucencyLightingVolumeDim:64]]
[2020.02.13-15.24.21:510][  0]LogConfig: Setting CVar [[r.RefractionQuality:2]]
[2020.02.13-15.24.21:510][  0]LogConfig: Setting CVar [[r.SSR.Quality:3]]
[2020.02.13-15.24.21:510][  0]LogConfig: Setting CVar [[r.SceneColorFormat:4]]
[2020.02.13-15.24.21:510][  0]LogConfig: Setting CVar [[r.DetailMode:2]]
[2020.02.13-15.24.21:510][  0]LogConfig: Setting CVar [[r.TranslucencyVolumeBlur:1]]
[2020.02.13-15.24.21:510][  0]LogConfig: Setting CVar [[r.MaterialQualityLevel:1 ; High quality]]
[2020.02.13-15.24.21:510][  0]LogConfig: Setting CVar [[r.SSS.Scale:1]]
[2020.02.13-15.24.21:510][  0]LogConfig: Setting CVar [[r.SSS.SampleSet:2]]
[2020.02.13-15.24.21:510][  0]LogConfig: Setting CVar [[r.SSS.Quality:1]]
[2020.02.13-15.24.21:510][  0]LogConfig: Setting CVar [[r.SSS.HalfRes:1]]
[2020.02.13-15.24.21:510][  0]LogConfig: Setting CVar [[r.EmitterSpawnRateScale:1.0]]
[2020.02.13-15.24.21:510][  0]LogConfig: Setting CVar [[r.ParticleLightQuality:2]]
[2020.02.13-15.24.21:510][  0]LogConfig: Applying CVar settings from Section [FoliageQuality@3] File [D:/Pentum/Pentum/Pentum/Saved/Config/Windows/Scalability.ini]
[2020.02.13-15.24.21:510][  0]LogConfig: Setting CVar [[foliage.DensityScale:1.0]]
[2020.02.13-15.24.21:510][  0]LogConfig: Setting CVar [[grass.DensityScale:1.0]]
[2020.02.13-15.24.21:539][  0]LogInit: Selected Device Profile: [Windows]
[2020.02.13-15.24.21:539][  0]LogInit: Applying CVar settings loaded from the selected device profile: [Windows]
[2020.02.13-15.24.21:565][  0]LogHAL: Display: Platform has ~ 16 GB [17142984704 / 17179869184 / 16], which maps to Larger [LargestMinGB=32, LargerMinGB=12, DefaultMinGB=8, SmallerMinGB=6, SmallestMinGB=0)
[2020.02.13-15.24.21:565][  0]LogInit: Going up to parent DeviceProfile []
[2020.02.13-15.24.21:565][  0]LogConfig: Applying CVar settings from Section [ViewDistanceQuality@3] File [D:/Pentum/Pentum/Pentum/Saved/Config/Windows/Scalability.ini]
[2020.02.13-15.24.21:565][  0]LogConfig: Setting CVar [[r.SkeletalMeshLODBias:0]]
[2020.02.13-15.24.21:565][  0]LogConfig: Setting CVar [[r.ViewDistanceScale:1.0]]
[2020.02.13-15.24.21:565][  0]LogConfig: Applying CVar settings from Section [AntiAliasingQuality@3] File [D:/Pentum/Pentum/Pentum/Saved/Config/Windows/Scalability.ini]
[2020.02.13-15.24.21:565][  0]LogConfig: Setting CVar [[r.PostProcessAAQuality:4]]
[2020.02.13-15.24.21:565][  0]LogConfig: Applying CVar settings from Section [ShadowQuality@3] File [D:/Pentum/Pentum/Pentum/Saved/Config/Windows/Scalability.ini]
[2020.02.13-15.24.21:565][  0]LogConfig: Setting CVar [[r.LightFunctionQuality:1]]
[2020.02.13-15.24.21:565][  0]LogConfig: Setting CVar [[r.ShadowQuality:5]]
[2020.02.13-15.24.21:565][  0]LogConfig: Setting CVar [[r.Shadow.CSM.MaxCascades:10]]
[2020.02.13-15.24.21:565][  0]LogConfig: Setting CVar [[r.Shadow.MaxResolution:2048]]
[2020.02.13-15.24.21:565][  0]LogConfig: Setting CVar [[r.Shadow.MaxCSMResolution:2048]]
[2020.02.13-15.24.21:565][  0]LogConfig: Setting CVar [[r.Shadow.RadiusThreshold:0.01]]
[2020.02.13-15.24.21:565][  0]LogConfig: Setting CVar [[r.Shadow.DistanceScale:1.0]]
[2020.02.13-15.24.21:565][  0]LogConfig: Setting CVar [[r.Shadow.CSM.TransitionScale:1.0]]
[2020.02.13-15.24.21:565][  0]LogConfig: Setting CVar [[r.Shadow.PreShadowResolutionFactor:1.0]]
[2020.02.13-15.24.21:565][  0]LogConfig: Setting CVar [[r.DistanceFieldShadowing:1]]
[2020.02.13-15.24.21:565][  0]LogConfig: Setting CVar [[r.DistanceFieldAO:1]]
[2020.02.13-15.24.21:565][  0]LogConfig: Setting CVar [[r.AOQuality:2]]
[2020.02.13-15.24.21:565][  0]LogConfig: Setting CVar [[r.VolumetricFog:1]]
[2020.02.13-15.24.21:565][  0]LogConfig: Setting CVar [[r.VolumetricFog.GridPixelSize:8]]
[2020.02.13-15.24.21:565][  0]LogConfig: Setting CVar [[r.VolumetricFog.GridSizeZ:128]]
[2020.02.13-15.24.21:565][  0]LogConfig: Setting CVar [[r.VolumetricFog.HistoryMissSupersampleCount:4]]
[2020.02.13-15.24.21:565][  0]LogConfig: Setting CVar [[r.LightMaxDrawDistanceScale:1]]
[2020.02.13-15.24.21:565][  0]LogConfig: Setting CVar [[r.CapsuleShadows:1]]
[2020.02.13-15.24.21:565][  0]LogConfig: Applying CVar settings from Section [PostProcessQuality@3] File [D:/Pentum/Pentum/Pentum/Saved/Config/Windows/Scalability.ini]
[2020.02.13-15.24.21:565][  0]LogConfig: Setting CVar [[r.MotionBlurQuality:4]]
[2020.02.13-15.24.21:565][  0]LogConfig: Setting CVar [[r.AmbientOcclusionMipLevelFactor:0.4]]
[2020.02.13-15.24.21:565][  0]LogConfig: Setting CVar [[r.AmbientOcclusionMaxQuality:100]]
[2020.02.13-15.24.21:565][  0]LogConfig: Setting CVar [[r.AmbientOcclusionLevels:-1]]
[2020.02.13-15.24.21:565][  0]LogConfig: Setting CVar [[r.AmbientOcclusionRadiusScale:1.0]]
[2020.02.13-15.24.21:565][  0]LogConfig: Setting CVar [[r.DepthOfFieldQuality:2]]
[2020.02.13-15.24.21:565][  0]LogConfig: Setting CVar [[r.RenderTargetPoolMin:400]]
[2020.02.13-15.24.21:565][  0]LogConfig: Setting CVar [[r.LensFlareQuality:2]]
[2020.02.13-15.24.21:565][  0]LogConfig: Setting CVar [[r.SceneColorFringeQuality:1]]
[2020.02.13-15.24.21:565][  0]LogConfig: Setting CVar [[r.EyeAdaptationQuality:2]]
[2020.02.13-15.24.21:565][  0]LogConfig: Setting CVar [[r.BloomQuality:5]]
[2020.02.13-15.24.21:565][  0]LogConfig: Setting CVar [[r.FastBlurThreshold:100]]
[2020.02.13-15.24.21:565][  0]LogConfig: Setting CVar [[r.Upscale.Quality:3]]
[2020.02.13-15.24.21:565][  0]LogConfig: Setting CVar [[r.Tonemapper.GrainQuantization:1]]
[2020.02.13-15.24.21:565][  0]LogConfig: Setting CVar [[r.LightShaftQuality:1]]
[2020.02.13-15.24.21:565][  0]LogConfig: Setting CVar [[r.Filter.SizeScale:1]]
[2020.02.13-15.24.21:565][  0]LogConfig: Setting CVar [[r.Tonemapper.Quality:5]]
[2020.02.13-15.24.21:565][  0]LogConfig: Setting CVar [[r.DOF.Gather.AccumulatorQuality:1        ; higher gathering accumulator quality]]
[2020.02.13-15.24.21:565][  0]LogConfig: Setting CVar [[r.DOF.Gather.PostfilterMethod:1          ; Median3x3 postfilering method]]
[2020.02.13-15.24.21:565][  0]LogConfig: Setting CVar [[r.DOF.Gather.EnableBokehSettings:0       ; no bokeh simulation when gathering]]
[2020.02.13-15.24.21:565][  0]LogConfig: Setting CVar [[r.DOF.Gather.RingCount:4                 ; medium number of samples when gathering]]
[2020.02.13-15.24.21:565][  0]LogConfig: Setting CVar [[r.DOF.Scatter.ForegroundCompositing:1    ; additive foreground scattering]]
[2020.02.13-15.24.21:565][  0]LogConfig: Setting CVar [[r.DOF.Scatter.BackgroundCompositing:2    ; additive background scattering]]
[2020.02.13-15.24.21:565][  0]LogConfig: Setting CVar [[r.DOF.Scatter.EnableBokehSettings:1      ; bokeh simulation when scattering]]
[2020.02.13-15.24.21:566][  0]LogConfig: Setting CVar [[r.DOF.Scatter.MaxSpriteRatio:0.1         ; only a maximum of 10% of scattered bokeh]]
[2020.02.13-15.24.21:566][  0]LogConfig: Setting CVar [[r.DOF.Recombine.Quality:1                ; cheap slight out of focus]]
[2020.02.13-15.24.21:566][  0]LogConfig: Setting CVar [[r.DOF.Recombine.EnableBokehSettings:0    ; no bokeh simulation on slight out of focus]]
[2020.02.13-15.24.21:566][  0]LogConfig: Setting CVar [[r.DOF.TemporalAAQuality:1                ; more stable temporal accumulation]]
[2020.02.13-15.24.21:566][  0]LogConfig: Setting CVar [[r.DOF.Kernel.MaxForegroundRadius:0.025]]
[2020.02.13-15.24.21:566][  0]LogConfig: Setting CVar [[r.DOF.Kernel.MaxBackgroundRadius:0.025]]
[2020.02.13-15.24.21:566][  0]LogConfig: Applying CVar settings from Section [TextureQuality@3] File [D:/Pentum/Pentum/Pentum/Saved/Config/Windows/Scalability.ini]
[2020.02.13-15.24.21:566][  0]LogConfig: Setting CVar [[r.Streaming.MipBias:0]]
[2020.02.13-15.24.21:566][  0]LogConfig: Setting CVar [[r.Streaming.AmortizeCPUToGPUCopy:0]]
[2020.02.13-15.24.21:566][  0]LogConfig: Setting CVar [[r.Streaming.MaxNumTexturesToStreamPerFrame:0]]
[2020.02.13-15.24.21:566][  0]LogConfig: Setting CVar [[r.Streaming.Boost:1]]
[2020.02.13-15.24.21:566][  0]LogConfig: Setting CVar [[r.MaxAnisotropy:8]]
[2020.02.13-15.24.21:566][  0]LogConfig: Setting CVar [[r.Streaming.LimitPoolSizeToVRAM:0]]
[2020.02.13-15.24.21:566][  0]LogConfig: Setting CVar [[r.Streaming.PoolSize:1000]]
[2020.02.13-15.24.21:566][  0]LogConfig: Setting CVar [[r.Streaming.MaxEffectiveScreenSize:0]]
[2020.02.13-15.24.21:566][  0]LogConfig: Applying CVar settings from Section [EffectsQuality@3] File [D:/Pentum/Pentum/Pentum/Saved/Config/Windows/Scalability.ini]
[2020.02.13-15.24.21:566][  0]LogConfig: Setting CVar [[r.TranslucencyLightingVolumeDim:64]]
[2020.02.13-15.24.21:566][  0]LogConfig: Setting CVar [[r.RefractionQuality:2]]
[2020.02.13-15.24.21:566][  0]LogConfig: Setting CVar [[r.SSR.Quality:3]]
[2020.02.13-15.24.21:566][  0]LogConfig: Setting CVar [[r.SceneColorFormat:4]]
[2020.02.13-15.24.21:566][  0]LogConfig: Setting CVar [[r.DetailMode:2]]
[2020.02.13-15.24.21:566][  0]LogConfig: Setting CVar [[r.TranslucencyVolumeBlur:1]]
[2020.02.13-15.24.21:566][  0]LogConfig: Setting CVar [[r.MaterialQualityLevel:1 ; High quality]]
[2020.02.13-15.24.21:566][  0]LogConfig: Setting CVar [[r.SSS.Scale:1]]
[2020.02.13-15.24.21:566][  0]LogConfig: Setting CVar [[r.SSS.SampleSet:2]]
[2020.02.13-15.24.21:566][  0]LogConfig: Setting CVar [[r.SSS.Quality:1]]
[2020.02.13-15.24.21:566][  0]LogConfig: Setting CVar [[r.SSS.HalfRes:1]]
[2020.02.13-15.24.21:566][  0]LogConfig: Setting CVar [[r.EmitterSpawnRateScale:1.0]]
[2020.02.13-15.24.21:566][  0]LogConfig: Setting CVar [[r.ParticleLightQuality:2]]
[2020.02.13-15.24.21:566][  0]LogConfig: Applying CVar settings from Section [FoliageQuality@3] File [D:/Pentum/Pentum/Pentum/Saved/Config/Windows/Scalability.ini]
[2020.02.13-15.24.21:566][  0]LogConfig: Setting CVar [[foliage.DensityScale:1.0]]
[2020.02.13-15.24.21:566][  0]LogConfig: Setting CVar [[grass.DensityScale:1.0]]
[2020.02.13-15.24.21:566][  0]LogConfig: Applying CVar settings from Section [Startup] File [../../../Engine/Config/ConsoleVariables.ini]
[2020.02.13-15.24.21:572][  0]LogConfig: Setting CVar [[net.UseAdaptiveNetUpdateFrequency:0]]
[2020.02.13-15.24.21:572][  0]LogConfig: Setting CVar [[p.chaos.AllowCreatePhysxBodies:1]]
[2020.02.13-15.24.21:572][  0]LogConfig: Applying CVar settings from Section [ConsoleVariables] File [D:/Pentum/Pentum/Pentum/Saved/Config/Windows/Engine.ini]
[2020.02.13-15.24.21:572][  0]LogInit: Computer: MUC-A-1040
[2020.02.13-15.24.21:572][  0]LogInit: User: reluthe
[2020.02.13-15.24.21:572][  0]LogInit: CPU Page size=4096, Cores=4
[2020.02.13-15.24.21:572][  0]LogInit: High frequency timer resolution =10.000000 MHz
[2020.02.13-15.24.21:572][  0]LogMemory: Memory total: Physical=16.0GB (16GB approx)
[2020.02.13-15.24.21:572][  0]LogMemory: Platform Memory Stats for Windows
[2020.02.13-15.24.21:572][  0]LogMemory: Process Physical Memory: 100.07 MB used, 100.08 MB peak
[2020.02.13-15.24.21:572][  0]LogMemory: Process Virtual Memory: 99.10 MB used, 99.10 MB peak
[2020.02.13-15.24.21:572][  0]LogMemory: Physical Memory: 2701.99 MB used,  13646.83 MB free, 16348.82 MB total
[2020.02.13-15.24.21:572][  0]LogMemory: Virtual Memory: 4666.88 MB used,  134213064.00 MB free, 134217728.00 MB total
[2020.02.13-15.24.21:576][  0]LogWindows: WindowsPlatformFeatures enabled
[2020.02.13-15.24.21:921][  0]LogInit: Using OS detected language (en-US).
[2020.02.13-15.24.21:921][  0]LogInit: Using OS detected locale (en-US).
[2020.02.13-15.24.21:955][  0]LogTextLocalizationManager: No specific localization for 'en-US' exists, so the 'en' localization will be used.
[2020.02.13-15.24.22:428][  0]LogInit: Setting process to per monitor DPI aware
[2020.02.13-15.24.22:657][  0]LogSlate: New Slate User Created.  User Index 0, Is Virtual User: 0
[2020.02.13-15.24.22:657][  0]LogSlate: Slate User Registered.  User Index 0, Is Virtual User: 0
[2020.02.13-15.24.23:177][  0]LogHMD: Failed to initialize OpenVR with code 110
[2020.02.13-15.24.23:177][  0]LogD3D11RHI: D3D11 adapters:
[2020.02.13-15.24.23:260][  0]LogD3D11RHI:    0. 'NVIDIA GeForce GTX 970' (Feature Level 11_0)
[2020.02.13-15.24.23:260][  0]LogD3D11RHI:       4043/0/8174 MB DedicatedVideo/DedicatedSystem/SharedSystem, Outputs:2, VendorId:0x10de
[2020.02.13-15.24.23:273][  0]LogD3D11RHI:    1. 'Microsoft Basic Render Driver' (Feature Level 11_0)
[2020.02.13-15.24.23:273][  0]LogD3D11RHI:       0/0/8174 MB DedicatedVideo/DedicatedSystem/SharedSystem, Outputs:0, VendorId:0x1414
[2020.02.13-15.24.23:273][  0]LogD3D11RHI: Chosen D3D11 Adapter: 0
[2020.02.13-15.24.23:288][  0]LogD3D11RHI: Creating new Direct3DDevice
[2020.02.13-15.24.23:288][  0]LogD3D11RHI:     GPU DeviceId: 0x13c2 (for the marketing name, search the web for "GPU Device Id")
[2020.02.13-15.24.23:288][  0]LogWindows: EnumDisplayDevices:
[2020.02.13-15.24.23:289][  0]LogWindows:    0. 'NVIDIA GeForce GTX 970' (P:1 D:1)
[2020.02.13-15.24.23:289][  0]LogWindows:    1. 'NVIDIA GeForce GTX 970' (P:0 D:1)
[2020.02.13-15.24.23:289][  0]LogWindows:    2. 'NVIDIA GeForce GTX 970' (P:0 D:0)
[2020.02.13-15.24.23:290][  0]LogWindows:    3. 'NVIDIA GeForce GTX 970' (P:0 D:0)
[2020.02.13-15.24.23:290][  0]LogWindows: DebugString: FoundDriverCount:4 
[2020.02.13-15.24.23:290][  0]LogD3D11RHI:     Adapter Name: NVIDIA GeForce GTX 970
[2020.02.13-15.24.23:290][  0]LogD3D11RHI:   Driver Version: 441.12 (internal:26.21.14.4112, unified:441.12)
[2020.02.13-15.24.23:290][  0]LogD3D11RHI:      Driver Date: 10-24-2019
[2020.02.13-15.24.23:290][  0]LogRHI: Texture pool is 2830 MB (70% of 4043 MB)
[2020.02.13-15.24.23:363][  0]LogD3D11RHI: Async texture creation enabled
[2020.02.13-15.24.23:512][  0]LogD3D11RHI: GPU Timing Frequency: 1000.000000 (Debug: 2 1)
[2020.02.13-15.24.24:247][  0]LogTemp: Display: Module 'AllDesktopTargetPlatform' loaded TargetPlatform 'AllDesktop'
[2020.02.13-15.24.24:255][  0]LogTemp: Display: Module 'MacClientTargetPlatform' loaded TargetPlatform 'MacClient'
[2020.02.13-15.24.24:264][  0]LogTemp: Display: Module 'MacNoEditorTargetPlatform' loaded TargetPlatform 'MacNoEditor'
[2020.02.13-15.24.24:272][  0]LogTemp: Display: Module 'MacServerTargetPlatform' loaded TargetPlatform 'MacServer'
[2020.02.13-15.24.24:299][  0]LogTemp: Display: Module 'MacTargetPlatform' loaded TargetPlatform 'Mac'
[2020.02.13-15.24.24:322][  0]LogTemp: Display: Module 'WindowsClientTargetPlatform' loaded TargetPlatform 'WindowsClient'
[2020.02.13-15.24.24:340][  0]LogTemp: Display: Module 'WindowsNoEditorTargetPlatform' loaded TargetPlatform 'WindowsNoEditor'
[2020.02.13-15.24.24:348][  0]LogTemp: Display: Module 'WindowsServerTargetPlatform' loaded TargetPlatform 'WindowsServer'
[2020.02.13-15.24.24:352][  0]LogTemp: Display: Module 'WindowsTargetPlatform' loaded TargetPlatform 'Windows'
[2020.02.13-15.24.24:404][  0]LogTemp: Display: Module 'AndroidTargetPlatform' loaded TargetPlatform 'Android'
[2020.02.13-15.24.24:405][  0]LogTemp: Display: Module 'AndroidTargetPlatform' loaded TargetPlatform 'Android_ASTC'
[2020.02.13-15.24.24:405][  0]LogTemp: Display: Module 'AndroidTargetPlatform' loaded TargetPlatform 'Android_ATC'
[2020.02.13-15.24.24:405][  0]LogTemp: Display: Module 'AndroidTargetPlatform' loaded TargetPlatform 'Android_DXT'
[2020.02.13-15.24.24:405][  0]LogTemp: Display: Module 'AndroidTargetPlatform' loaded TargetPlatform 'Android_ETC1'
[2020.02.13-15.24.24:405][  0]LogTemp: Display: Module 'AndroidTargetPlatform' loaded TargetPlatform 'Android_ETC1a'
[2020.02.13-15.24.24:405][  0]LogTemp: Display: Module 'AndroidTargetPlatform' loaded TargetPlatform 'Android_ETC2'
[2020.02.13-15.24.24:405][  0]LogTemp: Display: Module 'AndroidTargetPlatform' loaded TargetPlatform 'Android_PVRTC'
[2020.02.13-15.24.24:405][  0]LogTemp: Display: Module 'AndroidTargetPlatform' loaded TargetPlatform 'AndroidClient'
[2020.02.13-15.24.24:405][  0]LogTemp: Display: Module 'AndroidTargetPlatform' loaded TargetPlatform 'Android_ASTCClient'
[2020.02.13-15.24.24:405][  0]LogTemp: Display: Module 'AndroidTargetPlatform' loaded TargetPlatform 'Android_ATCClient'
[2020.02.13-15.24.24:405][  0]LogTemp: Display: Module 'AndroidTargetPlatform' loaded TargetPlatform 'Android_DXTClient'
[2020.02.13-15.24.24:405][  0]LogTemp: Display: Module 'AndroidTargetPlatform' loaded TargetPlatform 'Android_ETC1Client'
[2020.02.13-15.24.24:405][  0]LogTemp: Display: Module 'AndroidTargetPlatform' loaded TargetPlatform 'Android_ETC1aClient'
[2020.02.13-15.24.24:405][  0]LogTemp: Display: Module 'AndroidTargetPlatform' loaded TargetPlatform 'Android_ETC2Client'
[2020.02.13-15.24.24:405][  0]LogTemp: Display: Module 'AndroidTargetPlatform' loaded TargetPlatform 'Android_PVRTCClient'
[2020.02.13-15.24.24:405][  0]LogTemp: Display: Module 'AndroidTargetPlatform' loaded TargetPlatform 'Android_Multi'
[2020.02.13-15.24.24:405][  0]LogTemp: Display: Module 'AndroidTargetPlatform' loaded TargetPlatform 'Android_MultiClient'
[2020.02.13-15.24.24:415][  0]LogTemp: Display: Module 'HTML5TargetPlatform' loaded TargetPlatform 'HTML5'
[2020.02.13-15.24.24:461][  0]LogTemp: Display: Module 'IOSTargetPlatform' loaded TargetPlatform 'IOSClient'
[2020.02.13-15.24.24:461][  0]LogTemp: Display: Module 'IOSTargetPlatform' loaded TargetPlatform 'IOS'
[2020.02.13-15.24.24:476][  0]LogTemp: Display: Module 'TVOSTargetPlatform' loaded TargetPlatform 'TVOSClient'
[2020.02.13-15.24.24:476][  0]LogTemp: Display: Module 'TVOSTargetPlatform' loaded TargetPlatform 'TVOS'
[2020.02.13-15.24.24:492][  0]LogTemp: Display: Module 'LinuxClientTargetPlatform' loaded TargetPlatform 'LinuxClient'
[2020.02.13-15.24.24:503][  0]LogTemp: Display: Module 'LinuxNoEditorTargetPlatform' loaded TargetPlatform 'LinuxNoEditor'
[2020.02.13-15.24.24:512][  0]LogTemp: Display: Module 'LinuxServerTargetPlatform' loaded TargetPlatform 'LinuxServer'
[2020.02.13-15.24.24:537][  0]LogTemp: Display: Module 'LinuxTargetPlatform' loaded TargetPlatform 'Linux'
[2020.02.13-15.24.24:573][  0]LogTemp: Display: Module 'LuminTargetPlatform' loaded TargetPlatform 'Lumin'
[2020.02.13-15.24.24:573][  0]LogTemp: Display: Module 'LuminTargetPlatform' loaded TargetPlatform 'LuminClient'
[2020.02.13-15.24.24:573][  0]LogTargetPlatformManager: Display: Building Assets For Windows
[2020.02.13-15.24.24:605][  0]LogAudioDebug: Display: Lib vorbis DLL was dynamically loaded.
[2020.02.13-15.24.24:925][  0]LogShaderCompilers: Guid format shader working directory is 13 characters bigger than the processId version (../../../../../Pentum/Pentum/Pentum/Intermediate/Shaders/WorkingDirectory/5088/).
[2020.02.13-15.24.24:926][  0]LogShaderCompilers: Cleaned the shader compiler working directory 'C:/Users/reluthe/AppData/Local/Temp/UnrealShaderWorkingDir/865D710C4E8FD46ADC2F118EE3FB4E8C/'.
[2020.02.13-15.24.24:946][  0]LogXGEController: Cleaning working directory: C:/Users/reluthe/AppData/Local/Temp/UnrealXGEWorkingDir/
[2020.02.13-15.24.24:948][  0]LogXGEController: Cannot use XGE Controller as Incredibuild is not installed on this machine.
[2020.02.13-15.24.24:948][  0]LogShaderCompilers: Cannot use XGE Shader Compiler as Incredibuild is not installed on this machine.
[2020.02.13-15.24.24:948][  0]LogShaderCompilers: Display: Using Local Shader Compiler.
[2020.02.13-15.24.26:633][  0]LogDerivedDataCache: Display: Max Cache Size: 512 MB
[2020.02.13-15.24.26:955][  0]LogDerivedDataCache: Loaded boot cache 0.32s 73MB C:/Users/reluthe/AppData/Local/UnrealEngine/4.23/DerivedDataCache/Boot.ddc.
[2020.02.13-15.24.26:955][  0]LogDerivedDataCache: Display: Loaded Boot cache: C:/Users/reluthe/AppData/Local/UnrealEngine/4.23/DerivedDataCache/Boot.ddc
[2020.02.13-15.24.26:955][  0]LogDerivedDataCache: FDerivedDataBackendGraph:  Pak pak cache file ../../../../../Pentum/Pentum/Pentum/DerivedDataCache/DDC.ddp not found, will not use a pak cache.
[2020.02.13-15.24.26:955][  0]LogDerivedDataCache: Unable to find inner node Pak for hierarchical cache Hierarchy.
[2020.02.13-15.24.26:955][  0]LogDerivedDataCache: FDerivedDataBackendGraph:  CompressedPak pak cache file ../../../../../Pentum/Pentum/Pentum/DerivedDataCache/Compressed.ddp not found, will not use a pak cache.
[2020.02.13-15.24.26:956][  0]LogDerivedDataCache: Unable to find inner node CompressedPak for hierarchical cache Hierarchy.
[2020.02.13-15.24.27:014][  0]LogDerivedDataCache: Display: Pak cache opened for reading ../../../Engine/DerivedDataCache/Compressed.ddp.
[2020.02.13-15.24.27:014][  0]LogDerivedDataCache: FDerivedDataBackendGraph:  EnterprisePak pak cache file ../../../Enterprise/DerivedDataCache/Compressed.ddp not found, will not use a pak cache.
[2020.02.13-15.24.27:014][  0]LogDerivedDataCache: Unable to find inner node EnterprisePak for hierarchical cache Hierarchy.
[2020.02.13-15.24.27:016][  0]LogDerivedDataCache: Using Local data cache path C:/Users/reluthe/AppData/Local/UnrealEngine/Common/DerivedDataCache: Writable
[2020.02.13-15.24.27:016][  0]LogDerivedDataCache: Shared data cache path not found in *engine.ini, will not use an Shared cache.
[2020.02.13-15.24.27:016][  0]LogDerivedDataCache: Unable to find inner node Shared for hierarchical cache Hierarchy.
[2020.02.13-15.24.27:073][  0]LogMaterial: Verifying Global Shaders for PCD3D_SM5
[2020.02.13-15.24.27:125][  0]LogSlate: Using FreeType 2.6.0
[2020.02.13-15.24.27:139][  0]LogSlate: SlateFontServices - WITH_FREETYPE: 1, WITH_HARFBUZZ: 1
[2020.02.13-15.24.27:368][  0]LogAssetRegistry: FAssetRegistry took 0.0052 seconds to start up
[2020.02.13-15.24.30:704][  0]LogLinker: Warning: Failed to read package file summary, the file "../../../../../Pentum/Pentum/Pentum/Content/Assets/Logs_normal/Logs_animated_Ganzobenrlinks_Height.uasset" is too small (0 bytes, expected at least 32 bytes)
[2020.02.13-15.24.30:704][  0]LogLinker: Warning: Failed to read package file summary, the file "../../../../../Pentum/Pentum/Pentum/Content/Assets/Logs_normal/Logs_animated_Ganzobenrlinks_Metallic.uasset" is too small (0 bytes, expected at least 32 bytes)
[2020.02.13-15.24.30:704][  0]LogLinker: Warning: Failed to read package file summary, the file "../../../../../Pentum/Pentum/Pentum/Content/Assets/Logs_normal/Logs_animated_Ganzobenrlinks_Normal.uasset" is too small (0 bytes, expected at least 32 bytes)
[2020.02.13-15.24.30:704][  0]LogLinker: Warning: Failed to read package file summary, the file "../../../../../Pentum/Pentum/Pentum/Content/Assets/Logs_normal/Logs_animated_Ganzobenrlinks_Roughness.uasset" is too small (0 bytes, expected at least 32 bytes)
[2020.02.13-15.24.30:704][  0]LogLinker: Warning: Failed to read package file summary, the file "../../../../../Pentum/Pentum/Pentum/Content/Assets/Logs_normal/Logs_animated_mittelinks_AO.uasset" is too small (0 bytes, expected at least 32 bytes)
[2020.02.13-15.24.30:704][  0]LogLinker: Warning: Failed to read package file summary, the file "../../../../../Pentum/Pentum/Pentum/Content/Assets/Logs_normal/Logs_animated_mittelinks_BaseColor.uasset" is too small (0 bytes, expected at least 32 bytes)
[2020.02.13-15.24.30:704][  0]LogLinker: Warning: Failed to read package file summary, the file "../../../../../Pentum/Pentum/Pentum/Content/Assets/Logs_normal/Logs_animated_mittelinks_Height.uasset" is too small (0 bytes, expected at least 32 bytes)
[2020.02.13-15.24.30:704][  0]LogLinker: Warning: Failed to read package file summary, the file "../../../../../Pentum/Pentum/Pentum/Content/Assets/Logs_normal/Logs_animated_mittelinks_Metallic.uasset" is too small (0 bytes, expected at least 32 bytes)
[2020.02.13-15.24.30:704][  0]LogInit: Selected Device Profile: [Windows]
[2020.02.13-15.24.31:433][  0]LogMeshReduction: Using QuadricMeshReduction for automatic static mesh reduction
[2020.02.13-15.24.31:433][  0]LogMeshReduction: Using SimplygonMeshReduction for automatic skeletal mesh reduction
[2020.02.13-15.24.31:433][  0]LogMeshReduction: Using ProxyLODMeshReduction for automatic mesh merging
[2020.02.13-15.24.31:433][  0]LogMeshReduction: No distributed automatic mesh merging module available
[2020.02.13-15.24.31:433][  0]LogMeshMerging: No distributed automatic mesh merging module available
[2020.02.13-15.24.31:591][  0]LogNetVersion: Pentum 1.0.0, NetCL: 8386587, EngineNetVer: 11, GameNetVer: 0 (Checksum: 2920029503)
[2020.02.13-15.24.34:056][  0]LogPackageLocalizationCache: Processed 12 localized package path(s) for 1 prioritized culture(s) in 0.114387 seconds
[2020.02.13-15.24.34:064][  0]LogUObjectArray: 43444 objects as part of root set at end of initial load.
[2020.02.13-15.24.34:064][  0]LogUObjectAllocator: 7548648 out of 0 bytes used by permanent object pool.
[2020.02.13-15.24.34:064][  0]LogUObjectArray: CloseDisregardForGC: 0/0 objects in disregard for GC pool
[2020.02.13-15.24.39:736][  0]LogTcpMessaging: Initializing TcpMessaging bridge
[2020.02.13-15.24.39:752][  0]LogUdpMessaging: Initializing bridge on interface 0.0.0.0:0 to multicast group 230.0.0.1:6666.
[2020.02.13-15.24.40:232][  0]SourceControl: Source control is disabled
[2020.02.13-15.24.40:251][  0]SourceControl: Source control is disabled
[2020.02.13-15.24.40:351][  0]SourceControl: Source control is disabled
[2020.02.13-15.24.40:365][  0]SourceControl: Source control is disabled
[2020.02.13-15.24.40:401][  0]LogVSAccessor: Display: Unable to create Visual Studio setup instance: 80040154
[2020.02.13-15.24.40:401][  0]LogVSAccessor: Display: Unable to create Visual Studio setup instance: 80040154
[2020.02.13-15.24.41:147][  0]LogAndroidPermission: UAndroidPermissionCallbackProxy::GetInstance
[2020.02.13-15.24.41:757][  0]LogOcInput: OculusInput pre-init called
[2020.02.13-15.24.41:793][  0]LogWindows: Failed to load 'OVRPlugin.dll' (GetLastError=126)
[2020.02.13-15.24.41:793][  0]LogWindows: File 'OVRPlugin.dll' does not exist
[2020.02.13-15.24.42:542][  0]LogEngine: Initializing Engine...
[2020.02.13-15.24.42:558][  0]LogHMD: Failed to initialize OpenVR with code 110
[2020.02.13-15.24.42:575][  0]LogStats: UGameplayTagsManager::InitializeManager -  0.010 s
[2020.02.13-15.24.43:221][  0]LogInit: Initializing FReadOnlyCVARCache
[2020.02.13-15.24.43:496][  0]LogAIModule: Creating AISystem for world Untitled
[2020.02.13-15.24.43:623][  0]LogInit: XAudio2 using 'PL2875UH (NVIDIA High Definition Audio)' : 2 channels at 48 kHz using 16 bits per sample (channel mask 0x3)
[2020.02.13-15.24.43:656][  0]LogInit: FAudioDevice initialized.
[2020.02.13-15.24.43:657][  0]LogNetVersion: Set ProjectVersion to 1.0.0.0. Version Checksum will be recalculated on next use.
[2020.02.13-15.24.43:790][  0]LogDerivedDataCache: Saved boot cache 0.13s 73MB C:/Users/reluthe/AppData/Local/UnrealEngine/4.23/DerivedDataCache/Boot.ddc.
[2020.02.13-15.24.43:793][  0]LogInit: Texture streaming: Enabled
[2020.02.13-15.24.43:840][  0]LogEngineSessionManager: EngineSessionManager initialized
[2020.02.13-15.24.43:840][  0]LogEngineSessionManager: EngineSessionManager sent abnormal shutdown report. Type=Crashed, SessionId={D867C9F5-41BB-4180-92B9-108064BA64B2}
[2020.02.13-15.24.43:840][  0]LogEditorSessionSummary: Verbose: Initializing EditorSessionSummaryWriter for editor session tracking
[2020.02.13-15.24.43:842][  0]LogEditorSessionSummary: EditorSessionSummaryWriter initialized
[2020.02.13-15.24.44:073][  0]LogInit: Transaction tracking system initialized
[2020.02.13-15.24.44:426][  0]BlueprintLog: New page: Editor Load
[2020.02.13-15.24.45:210][  0]LocalizationService: Localization service is disabled
[2020.02.13-15.24.45:757][  0]LogVSAccessor: Display: Unable to create Visual Studio setup instance: 80040154
[2020.02.13-15.24.45:758][  0]LogVSAccessor: Display: Unable to create Visual Studio setup instance: 80040154
[2020.02.13-15.24.46:572][  0]LogCook: Display: Max memory allowance for cook 16384mb min free memory 0mb
[2020.02.13-15.24.46:572][  0]LogCook: Display: Mobile HDR setting 1
[2020.02.13-15.24.46:873][  0]LogFileCache: Scanning file cache for directory 'D:/Pentum/Pentum/Pentum/Content/' took 0.03s
[2020.02.13-15.24.48:345][  0]SourceControl: Source control is disabled
[2020.02.13-15.24.48:379][  0]Cmd: MAP LOAD FILE="../../../../../Pentum/Pentum/Pentum/Content/Map/Pentum.umap" TEMPLATE=0 SHOWPROGRESS=1 FEATURELEVEL=3
[2020.02.13-15.24.48:403][  0]LightingResults: New page: Lighting Build
[2020.02.13-15.24.48:487][  0]LogWorld: UWorld::CleanupWorld for Untitled, bSessionEnded=true, bCleanupResources=true
[2020.02.13-15.24.48:539][  0]MapCheck: New page: Map Check
[2020.02.13-15.24.48:539][  0]LightingResults: New page: Lighting Build
[2020.02.13-15.24.48:705][  0]LogUObjectHash: Compacting FUObjectHashTables data took   2.01ms
[2020.02.13-15.24.52:879][  0]LogBlueprint: Warning: [Compiler FirstPersonCharacter] Could not find a variable named "m_snapTargets" in 'ItemRegister_C'.
Make sure 'ItemRegister_C' has been compiled for  Get m_snapTargets
[2020.02.13-15.24.52:933][  0]LogBlueprint: Error: [Compiler FirstPersonCharacter] The property associated with  M Snap Targets  could not be found in '/Game/FirstPerson/Blueprints/FirstPersonCharacter.FirstPersonCharacter_C'
[2020.02.13-15.24.53:199][  0]LogLinker: Warning: While loading '../../../../../Pentum/Pentum/Pentum/Content/Map/Pentum.umap' failed to load '/Game/Map/Pentum_BuiltData': Can't find file.
[2020.02.13-15.24.53:199][  0]LogLinker: Warning: While loading '../../../../../Pentum/Pentum/Pentum/Content/Map/Pentum.umap' failed to load '/Game/Map/Pentum_BuiltData': Can't find file.
[2020.02.13-15.25.03:695][  0]LogLinker: Warning: While loading '../../../../../Pentum/Pentum/Pentum/Content/Map/Pentum.umap' failed to load '/Game/Map/Pentum_BuiltData': Can't find file.
[2020.02.13-15.25.03:695][  0]LogLinker: Warning: While loading '../../../../../Pentum/Pentum/Pentum/Content/Map/Pentum.umap' failed to load '/Game/Map/Pentum_BuiltData': Can't find file.
[2020.02.13-15.25.03:726][  0]LogLinker: Warning: Failed to load '/Game/Map/Pentum_BuiltData': Can't find file.
[2020.02.13-15.25.03:727][  0]LogLinker: Warning: Failed to load '/Game/Map/Pentum_BuiltData': Can't find file.
[2020.02.13-15.25.03:727][  0]LogLinker: Warning: Failed to load '/Game/Map/Pentum_BuiltData': Can't find file.
[2020.02.13-15.25.03:727][  0]LogLinker: Warning: Failed to load '/Game/Map/Pentum_BuiltData': Can't find file.
[2020.02.13-15.25.03:744][  0]LogBlueprint: Warning: [Compiler PersistentLevel.Pentum] Could not find a variable named "SnapTarget" in 'ItemRegister_C'.
Make sure 'ItemRegister_C' has been compiled for  Get SnapTarget
[2020.02.13-15.25.03:746][  0]LogBlueprint: Error: [Compiler PersistentLevel.Pentum] The property associated with  Snap Target  could not be found in '/Game/Map/Pentum.Pentum_C'
[2020.02.13-15.25.04:200][  0]LogLinker: Warning: While loading '../../../../../Pentum/Pentum/Pentum/Content/Map/Pentum.umap' failed to load '/Game/Map/Pentum_BuiltData': Can't find file.
[2020.02.13-15.25.04:200][  0]LoadErrors: Failed to load /Game/Map/Pentum_BuiltData.Pentum_BuiltData Referenced by PersistentLevel
[2020.02.13-15.25.04:200][  0]LogLinker: Warning: While loading '../../../../../Pentum/Pentum/Pentum/Content/Map/Pentum.umap' failed to load '/Game/Map/Pentum_BuiltData': Can't find file.
[2020.02.13-15.25.04:200][  0]LoadErrors: Failed to load /Game/Map/Pentum_BuiltData.Pentum_BuiltData Referenced by PersistentLevel
[2020.02.13-15.25.05:608][  0]LogMaterial: Display: Missing cached shader map for material Bretter, compiling. 
[2020.02.13-15.25.05:714][  0]LogMaterial: Display: Missing cached shader map for material Latten, compiling. 
[2020.02.13-15.25.05:738][  0]LogShaderCompilers: Display: Worker (1/5): shaders left to compile 31
[2020.02.13-15.25.05:738][  0]LogShaderCompilers: Display: Worker (2/5): shaders left to compile 24
[2020.02.13-15.25.05:738][  0]LogShaderCompilers: Display: Worker (3/5): shaders left to compile 17
[2020.02.13-15.25.05:738][  0]LogShaderCompilers: Display: Worker (4/5): shaders left to compile 10
[2020.02.13-15.25.05:738][  0]LogShaderCompilers: Display: Worker (5/5): shaders left to compile 3
[2020.02.13-15.25.05:738][  0]LogMaterial: Display: Missing cached shader map for material SecretMaterial, compiling. 
[2020.02.13-15.25.05:882][  0]LogMaterial: Display: Missing cached shader map for material defaultMat1, compiling. 
[2020.02.13-15.25.05:924][  0]LogMaterial: Display: Missing cached shader map for material defaultMat, compiling. 
[2020.02.13-15.25.06:363][  0]LogMaterial: Display: Missing cached shader map for material Display, compiling. 
[2020.02.13-15.25.06:404][  0]LogMaterial: Warning: D:\Pentum\Pentum\Pentum\Content\Assets\Handy\Display.uasset: Failed to compile Material for platform PCD3D_SM5, Default Material will be used in game.
[2020.02.13-15.25.06:404][  0]LogMaterial: Display: 	(Node TextureSample) Texture Sample> Missing input texture
[2020.02.13-15.25.06:413][  0]LogMaterial: Display: Missing cached shader map for material FurMat, compiling. 
[2020.02.13-15.25.06:631][  0]LogTexture: Display: Building textures: tkerbglda_8K_Roughness (AutoDXT, 8192X8192)
[2020.02.13-15.25.06:631][  0]LogMaterial: Display: Missing cached shader map for material M_leaves, compiling. 
[2020.02.13-15.25.07:314][  0]LogTexture: Display: Building textures: tjjxbgoda_8K_Roughness (AutoDXT, 8192X8192)
[2020.02.13-15.25.07:314][  0]LogMaterial: Display: Missing cached shader map for material M_Sky_Panning_Clouds_moon_02, compiling. 
[2020.02.13-15.25.07:391][  0]LogMaterial: Display: Missing cached shader map for material Naegel, compiling. 
[2020.02.13-15.25.07:433][  0]LogMaterial: Display: Missing cached shader map for material Pfaehle, compiling. 
[2020.02.13-15.25.07:487][  0]LogMaterial: Display: Missing cached shader map for material ItemShineMaterial, compiling. 
[2020.02.13-15.25.07:509][  0]LogMaterial: Display: Missing cached shader map for material UntererBalkenVorne, compiling. 
[2020.02.13-15.25.07:547][  0]LogMaterial: Display: Missing cached shader map for material UntereBalkenRL, compiling. 
[2020.02.13-15.25.08:158][  0]LogMaterial: Display: Missing cached shader map for material MM_Landcape, compiling. 
[2020.02.13-15.25.08:446][  0]LogMaterial: Display: Missing cached shader map for material MM_Landcape, compiling. 
[2020.02.13-15.25.08:544][  0]LogMaterial: Display: Missing cached shader map for material MM_Landcape, compiling. 
[2020.02.13-15.25.08:744][  0]LogMaterial: Display: Missing cached shader map for material MM_Landcape, compiling. 
[2020.02.13-15.25.08:901][  0]LogMaterial: Display: Missing cached shader map for material MM_Landcape, compiling. 
[2020.02.13-15.25.09:141][  0]LogMaterial: Display: Missing cached shader map for material MM_Landcape, compiling. 
[2020.02.13-15.25.09:331][  0]LogMaterial: Display: Missing cached shader map for material MM_Landcape, compiling. 
[2020.02.13-15.25.09:564][  0]LogMaterial: Display: Missing cached shader map for material MM_Landcape, compiling. 
[2020.02.13-15.25.09:738][  0]LogMaterial: Display: Missing cached shader map for material MM_Landcape, compiling. 
[2020.02.13-15.25.09:923][  0]LogMaterial: Display: Missing cached shader map for material MM_Landcape, compiling. 
[2020.02.13-15.25.10:133][  0]LogMaterial: Display: Missing cached shader map for material MM_Landcape, compiling. 
[2020.02.13-15.25.10:343][  0]LogMaterial: Display: Missing cached shader map for material MM_Landcape, compiling. 
[2020.02.13-15.25.10:527][  0]LogMaterial: Display: Missing cached shader map for material MM_Landcape, compiling. 
[2020.02.13-15.25.10:701][  0]LogMaterial: Display: Missing cached shader map for material MM_Landcape, compiling. 
[2020.02.13-15.25.10:905][  0]LogMaterial: Display: Missing cached shader map for material MM_Landcape, compiling. 
[2020.02.13-15.25.11:027][  0]LogMaterial: Display: Missing cached shader map for material MM_Landcape, compiling. 
[2020.02.13-15.25.11:264][  0]LogMaterial: Display: Missing cached shader map for material MM_Landcape, compiling. 
[2020.02.13-15.25.11:559][  0]LogMaterial: Display: Missing cached shader map for material MM_Landcape, compiling. 
[2020.02.13-15.25.11:676][  0]LogMaterial: Display: Missing cached shader map for material MM_Landcape, compiling. 
[2020.02.13-15.25.11:894][  0]LogMaterial: Display: Missing cached shader map for material MM_Landcape, compiling. 
[2020.02.13-15.25.12:140][  0]LogTexture: Display: Building textures: tjjxbgoda_8K_Albedo (AutoDXT, 8192X8192)
[2020.02.13-15.25.12:140][  0]LogMaterial: Display: Missing cached shader map for material MM_Landcape, compiling. 
[2020.02.13-15.25.12:436][  0]LogTexture: Display: Building textures: Aset_wood_log_M_qdhxa_8K_Albedo (AutoDXT, 8192X8192)
[2020.02.13-15.25.12:436][  0]LogMaterial: Display: Missing cached shader map for material MM_Landcape, compiling. 
[2020.02.13-15.25.12:690][  0]LogMaterial: Display: Missing cached shader map for material MM_Landcape, compiling. 
[2020.02.13-15.25.12:953][  0]LogMaterial: Display: Missing cached shader map for material MM_Landcape, compiling. 
[2020.02.13-15.25.13:262][  0]LogTexture: Display: Building textures: tjjxbgoda_8K_Normal_LOD0 (BC5, 8192X8192)
[2020.02.13-15.25.13:262][  0]LogMaterial: Display: Missing cached shader map for material MM_Landcape, compiling. 
[2020.02.13-15.25.13:511][  0]LogMaterial: Display: Missing cached shader map for material MM_Landcape, compiling. 
[2020.02.13-15.25.13:801][  0]LogMaterial: Display: Missing cached shader map for material MM_Landcape, compiling. 
[2020.02.13-15.25.14:069][  0]LogTexture: Display: Building textures: tkerbglda_8K_Normal_LOD0 (BC5, 8192X8192)
[2020.02.13-15.25.14:069][  0]LogMaterial: Display: Missing cached shader map for material MM_Landcape, compiling. 
[2020.02.13-15.25.14:243][  0]LogMaterial: Display: Missing cached shader map for material MM_Landcape, compiling. 
[2020.02.13-15.25.14:502][  0]LogMaterial: Display: Missing cached shader map for material MM_Landcape, compiling. 
[2020.02.13-15.25.14:724][  0]LogMaterial: Display: Missing cached shader map for material MM_Landcape, compiling. 
[2020.02.13-15.25.14:924][  0]LogMaterial: Display: Missing cached shader map for material MM_Landcape, compiling. 
[2020.02.13-15.25.15:994][  0]LogMaterial: Display: Missing cached shader map for material MM_Landcape, compiling. 
[2020.02.13-15.25.16:251][  0]LogMaterial: Display: Missing cached shader map for material MM_Landcape, compiling. 
[2020.02.13-15.25.16:439][  0]LogMaterial: Display: Missing cached shader map for material MM_Landcape, compiling. 
[2020.02.13-15.25.16:704][  0]LogMaterial: Display: Missing cached shader map for material MM_Landcape, compiling. 
[2020.02.13-15.25.16:965][  0]LogMaterial: Display: Missing cached shader map for material MM_Landcape, compiling. 
[2020.02.13-15.25.17:172][  0]LogMaterial: Display: Missing cached shader map for material MM_Landcape, compiling. 
[2020.02.13-15.25.17:417][  0]LogMaterial: Display: Missing cached shader map for material MM_Landcape, compiling. 
[2020.02.13-15.25.17:639][  0]LogMaterial: Display: Missing cached shader map for material MM_Landcape, compiling. 
[2020.02.13-15.25.17:821][  0]LogMaterial: Display: Missing cached shader map for material MM_Landcape, compiling. 
[2020.02.13-15.25.18:015][  0]LogMaterial: Display: Missing cached shader map for material MM_Landcape, compiling. 
[2020.02.13-15.25.18:229][  0]LogMaterial: Display: Missing cached shader map for material MM_Landcape, compiling. 
[2020.02.13-15.25.18:451][  0]LogMaterial: Display: Missing cached shader map for material MM_Landcape, compiling. 
[2020.02.13-15.25.18:634][  0]LogMaterial: Display: Missing cached shader map for material MM_Landcape, compiling. 
[2020.02.13-15.25.19:060][  0]LogMaterial: Display: Missing cached shader map for material MM_Landcape, compiling. 
[2020.02.13-15.25.19:243][  0]LogMaterial: Display: Missing cached shader map for material MM_Landcape, compiling. 
[2020.02.13-15.25.19:378][  0]LogMaterial: Display: Missing cached shader map for material MM_Landcape, compiling. 
[2020.02.13-15.25.19:565][  0]LogMaterial: Display: Missing cached shader map for material MM_Landcape, compiling. 
[2020.02.13-15.25.19:711][  0]LogMaterial: Display: Missing cached shader map for material MM_Landcape, compiling. 
[2020.02.13-15.25.19:875][  0]LogMaterial: Display: Missing cached shader map for material MM_Landcape, compiling. 
[2020.02.13-15.25.20:048][  0]LogMaterial: Display: Missing cached shader map for material MM_Landcape, compiling. 
[2020.02.13-15.25.21:307][  0]LogMaterial: Display: Missing cached shader map for material Beine, compiling. 
[2020.02.13-15.25.21:549][  0]LogMaterial: Display: Missing cached shader map for material MM_MasterMaterial_01, compiling. 
[2020.02.13-15.25.21:632][  0]LogMaterial: Display: Missing cached shader map for material MM_MasterMaterial_01, compiling. 
[2020.02.13-15.25.21:712][  0]LogMaterial: Display: Missing cached shader map for material Armlehnen, compiling. 
[2020.02.13-15.25.21:742][  0]LogMaterial: Display: Missing cached shader map for material Sitzflaeche, compiling. 
[2020.02.13-15.25.21:773][  0]LogMaterial: Display: Missing cached shader map for material M_SUV_Interior, compiling. 
[2020.02.13-15.25.21:803][  0]LogMaterial: Display: Missing cached shader map for material M_SUV_Body, compiling. 
[2020.02.13-15.25.21:948][  0]LogMaterial: Display: Missing cached shader map for material Megascans_Billboard_Master_Material, compiling. 
[2020.02.13-15.25.22:164][  0]LogMaterial: Display: Missing cached shader map for material Rueckenbalken, compiling. 
[2020.02.13-15.25.22:193][  0]LogMaterial: Display: Missing cached shader map for material Rueckenlehne, compiling. 
[2020.02.13-15.25.22:227][  0]LogMaterial: Display: Missing cached shader map for material M_Imposters, compiling. 
[2020.02.13-15.25.22:332][  0]LogMaterial: Display: Missing cached shader map for material M_Bark, compiling. 
[2020.02.13-15.25.22:401][  0]LogMaterial: Display: Missing cached shader map for material pCylinder1_1, compiling. 
[2020.02.13-15.25.22:469][  0]LogMaterial: Display: Missing cached shader map for material M_Imposters, compiling. 
[2020.02.13-15.25.22:543][  0]LogMaterial: Display: Missing cached shader map for material M_Bark_Blended, compiling. 
[2020.02.13-15.25.22:639][  0]LogMaterial: Display: Missing cached shader map for material MM_Foliage, compiling. 
[2020.02.13-15.25.22:711][  0]LogMaterial: Display: Missing cached shader map for material MM_Foliage, compiling. 
[2020.02.13-15.25.22:807][  0]LogMaterial: Display: Missing cached shader map for material MM_Foliage, compiling. 
[2020.02.13-15.25.22:883][  0]LogMaterial: Display: Missing cached shader map for material MM_Foliage, compiling. 
[2020.02.13-15.25.22:962][  0]LogMaterial: Display: Missing cached shader map for material MM_Foliage, compiling. 
[2020.02.13-15.25.23:100][  0]LogMaterial: Display: Missing cached shader map for material Decal_MasterMaterial, compiling. 
[2020.02.13-15.25.23:288][  0]LogMaterial: Display: Missing cached shader map for material Latten, compiling. 
[2020.02.13-15.25.23:318][  0]LogMaterial: Display: Missing cached shader map for material Bretter, compiling. 
[2020.02.13-15.25.23:355][  0]LogMaterial: Display: Missing cached shader map for material M_Grass_Material, compiling. 
[2020.02.13-15.25.23:450][  0]LogMaterial: Display: Missing cached shader map for material M_Grass_Tick_Material, compiling. 
[2020.02.13-15.25.23:531][  0]LogMaterial: Display: Missing cached shader map for material M_Grass_Tick_Material, compiling. 
[2020.02.13-15.25.23:606][  0]LogMaterial: Display: Missing cached shader map for material M_Grass_Material, compiling. 
[2020.02.13-15.25.23:689][  0]LogMaterial: Display: Missing cached shader map for material UntererBalkenHinten, compiling. 
[2020.02.13-15.25.23:763][  0]LogMaterial: Display: Missing cached shader map for material Trashmaterial, compiling. 
[2020.02.13-15.25.23:793][  0]LogMaterial: Display: Missing cached shader map for material Naegel, compiling. 
[2020.02.13-15.25.23:823][  0]LogMaterial: Display: Missing cached shader map for material Pfaehle, compiling. 
[2020.02.13-15.25.23:855][  0]LogMaterial: Display: Missing cached shader map for material MM_Bark, compiling. 
[2020.02.13-15.25.23:928][  0]LogMaterial: Display: Missing cached shader map for material MM_Bark, compiling. 
[2020.02.13-15.25.24:002][  0]LogMaterial: Display: Missing cached shader map for material MM_Foliage, compiling. 
[2020.02.13-15.25.24:081][  0]LogMaterial: Display: Missing cached shader map for material Mi_SUV_Glass, compiling. 
[2020.02.13-15.25.24:126][  0]LogMaterial: Display: Missing cached shader map for material M_SUV_Under, compiling. 
[2020.02.13-15.25.24:158][  0]LogMaterial: Display: Missing cached shader map for material defaultMat, compiling. 
[2020.02.13-15.26.09:676][  0]LogShaderCompilers: Display: Worker (5/5): shaders left to compile 9368
[2020.02.13-15.26.09:740][  0]LogShaderCompilers: Display: Worker (1/5): shaders left to compile 9358
[2020.02.13-15.26.09:740][  0]LogShaderCompilers: Display: Worker (2/5): shaders left to compile 9348
[2020.02.13-15.26.09:740][  0]LogShaderCompilers: Display: Worker (3/5): shaders left to compile 9338
[2020.02.13-15.26.09:740][  0]LogShaderCompilers: Display: Worker (4/5): shaders left to compile 9328
[2020.02.13-15.26.09:740][  0]LogShaderCompilers: Display: Worker (3/5): shaders left to compile 9318
[2020.02.13-15.26.09:740][  0]LogShaderCompilers: Display: Worker (4/5): shaders left to compile 9308
[2020.02.13-15.26.09:740][  0]LogShaderCompilers: Display: Worker (5/5): shaders left to compile 9298
[2020.02.13-15.26.09:740][  0]LogShaderCompilers: Display: Worker (1/5): shaders left to compile 9288
[2020.02.13-15.26.09:740][  0]LogTexture: Display: Building textures: tkerbglda_8K_Displacement (AutoDXT, 8192X8192)
[2020.02.13-15.26.09:740][  0]LogShaderCompilers: Display: Worker (2/5): shaders left to compile 9278
[2020.02.13-15.26.09:740][  0]LogShaderCompilers: Display: Worker (4/5): shaders left to compile 9268
[2020.02.13-15.26.09:740][  0]LogShaderCompilers: Display: Worker (5/5): shaders left to compile 9258
[2020.02.13-15.26.09:740][  0]LogShaderCompilers: Display: Worker (1/5): shaders left to compile 9248
[2020.02.13-15.26.09:741][  0]LogShaderCompilers: Display: Worker (3/5): shaders left to compile 9238
[2020.02.13-15.26.09:741][  0]LogTexture: Display: Building textures: tkkodbhfa_8K_Roughness (AutoDXT, 8192X8192)
[2020.02.13-15.26.09:741][  0]LogTexture: Display: Building textures: tkerbglda_8K_Albedo (AutoDXT, 8192X8192)
[2020.02.13-15.26.09:741][  0]LogFileManager: Error: Error writing to file: C:/Users/reluthe/AppData/Local/UnrealEngine/Common/DerivedDataCache/3/1/4/temp.F01FC79F4D53EC92CB983FB246EF3BA4 (There is not enough space on the disk.)
[2020.02.13-15.26.09:741][  0]LogDerivedDataCache: Warning: FFileSystemDerivedDataBackend: Could not write temp file C:/Users/reluthe/AppData/Local/UnrealEngine/Common/DerivedDataCache/3/1/4/temp.F01FC79F4D53EC92CB983FB246EF3BA4!
[2020.02.13-15.26.09:741][  0]LogShaderCompilers: Display: Worker (4/5): shaders left to compile 9228
[2020.02.13-15.26.09:741][  0]LogFileManager: Error: Error writing to file: C:/Users/reluthe/AppData/Local/UnrealEngine/Common/DerivedDataCache/2/5/3/temp.0FB01451439D9B537B122A8A8583F7D5 (There is not enough space on the disk.)
[2020.02.13-15.26.09:741][  0]LogDerivedDataCache: Warning: FFileSystemDerivedDataBackend: Could not write temp file C:/Users/reluthe/AppData/Local/UnrealEngine/Common/DerivedDataCache/2/5/3/temp.0FB01451439D9B537B122A8A8583F7D5!
[2020.02.13-15.26.09:741][  0]LogShaderCompilers: Display: Worker (2/5): shaders left to compile 9218
[2020.02.13-15.26.09:741][  0]LogFileManager: Error: Error writing to file: C:/Users/reluthe/AppData/Local/UnrealEngine/Common/DerivedDataCache/2/5/3/temp.6D93099A4C56C93EB12DF99EC6F3F71D (There is not enough space on the disk.)
[2020.02.13-15.26.09:741][  0]LogDerivedDataCache: Warning: FFileSystemDerivedDataBackend: Could not write temp file C:/Users/reluthe/AppData/Local/UnrealEngine/Common/DerivedDataCache/2/5/3/temp.6D93099A4C56C93EB12DF99EC6F3F71D!
[2020.02.13-15.26.09:741][  0]LogDerivedDataCache: FDerivedDataBackendAsyncPutWrapper: Put failed, keeping in memory copy TEXTURE_68A083899C6F4316B8CE0E2958EDE2C2_AutoDXT_A2E595EE40458E5488D1CCB82A540__A1A91D6F880654AA64AE58BA3EB33E91FD4F54B8.
[2020.02.13-15.26.09:741][  0]LogFileManager: Error: Error writing to file: C:/Users/reluthe/AppData/Local/UnrealEngine/Common/DerivedDataCache/3/1/4/temp.6E01D91A4DAB843B41E2958E532F1708 (There is not enough space on the disk.)
[2020.02.13-15.26.09:741][  0]LogDerivedDataCache: Warning: FFileSystemDerivedDataBackend: Could not write temp file C:/Users/reluthe/AppData/Local/UnrealEngine/Common/DerivedDataCache/3/1/4/temp.6E01D91A4DAB843B41E2958E532F1708!
[2020.02.13-15.26.09:741][  0]LogDerivedDataCache: FDerivedDataBackendAsyncPutWrapper: Put failed, keeping in memory copy TEXTURE_68A083899C6F4316B8CE0E2958EDE2C2_AutoDXT_9DFC6EE842531A767914CF982539C__E90297A797CEE814975A5BB97072541894D942F9.
[2020.02.13-15.26.09:741][  0]LogShaderCompilers: Display: Worker (1/5): shaders left to compile 9208
[2020.02.13-15.26.09:741][  0]LogShaderCompilers: Display: Worker (5/5): shaders left to compile 9198
[2020.02.13-15.26.09:741][  0]LogShaderCompilers: Display: Worker (3/5): shaders left to compile 9188
[2020.02.13-15.26.09:741][  0]LogShaderCompilers: Display: Worker (4/5): shaders left to compile 9178
[2020.02.13-15.26.09:741][  0]LogShaderCompilers: Display: Worker (2/5): shaders left to compile 9168
[2020.02.13-15.26.09:741][  0]LogFileManager: Error: Error writing to file: C:/Users/reluthe/AppData/Local/UnrealEngine/Common/DerivedDataCache/3/2/2/temp.C90A9C144938EF3877B24C90ADEC95EE (There is not enough space on the disk.)
[2020.02.13-15.26.09:741][  0]LogDerivedDataCache: Warning: FFileSystemDerivedDataBackend: Could not write temp file C:/Users/reluthe/AppData/Local/UnrealEngine/Common/DerivedDataCache/3/2/2/temp.C90A9C144938EF3877B24C90ADEC95EE!
[2020.02.13-15.26.09:741][  0]LogTexture: Display: Building textures: tkkodbhfa_8K_Normal_LOD0 (BC5, 8192X8192)
[2020.02.13-15.26.09:741][  0]LogFileManager: Error: Error writing to file: C:/Users/reluthe/AppData/Local/UnrealEngine/Common/DerivedDataCache/3/2/2/temp.050AE104465E10128BD36CA2EEDAA7B5 (There is not enough space on the disk.)
[2020.02.13-15.26.09:741][  0]LogDerivedDataCache: Warning: FFileSystemDerivedDataBackend: Could not write temp file C:/Users/reluthe/AppData/Local/UnrealEngine/Common/DerivedDataCache/3/2/2/temp.050AE104465E10128BD36CA2EEDAA7B5!
[2020.02.13-15.26.09:741][  0]LogDerivedDataCache: FDerivedDataBackendAsyncPutWrapper: Put failed, keeping in memory copy TEXTURE_68A083899C6F4316B8CE0E2958EDE2C2_BC5_4F609CA944A3994DFD4CE4A1DFF40539___A9B9F9B5429E28793E5BCBD460DCBAC752101EB8.
[2020.02.13-15.26.09:741][  0]LogShaderCompilers: Display: Worker (1/5): shaders left to compile 9158
[2020.02.13-15.26.09:741][  0]LogShaderCompilers: Display: Worker (3/5): shaders left to compile 9148
[2020.02.13-15.26.09:741][  0]LogShaderCompilers: Display: Worker (5/5): shaders left to compile 9138
[2020.02.13-15.26.09:741][  0]LogFileManager: Error: Error writing to file: C:/Users/reluthe/AppData/Local/UnrealEngine/Common/DerivedDataCache/4/5/5/temp.1C324BB34A120508DDCD4F9F6C60A6BA (There is not enough space on the disk.)
[2020.02.13-15.26.09:741][  0]LogDerivedDataCache: Warning: FFileSystemDerivedDataBackend: Could not write temp file C:/Users/reluthe/AppData/Local/UnrealEngine/Common/DerivedDataCache/4/5/5/temp.1C324BB34A120508DDCD4F9F6C60A6BA!
[2020.02.13-15.26.09:741][  0]LogTexture: Display: Building textures: tkkodbhfa_8K_Displacement (AutoDXT, 8192X8192)
[2020.02.13-15.26.09:741][  0]LogMemory: Warning: Freeing 33554432 bytes from backup pool to handle out of memory.
[2020.02.13-15.26.09:741][  0]LogMemory: Warning: MemoryStats:
	AvailablePhysical 804339712
	 AvailableVirtual 140715327156224
	     UsedPhysical 9996890112
	 PeakUsedPhysical 13835472896
	      UsedVirtual 16522035200
	  PeakUsedVirtual 17986326528
[2020.02.13-15.26.09:741][  0]Allocator Stats for TBB: (not implemented)
[2020.02.13-15.26.09:741][  0]LogWindows: Windows GetLastError: The operation completed successfully. (0)
[2020.02.13-15.27.09:690][  0]LogFileManager: Error: Error writing to file: C:/Users/reluthe/AppData/Local/UnrealEngine/Common/DerivedDataCache/4/5/5/temp.FCBC4E6E4B191C281AA97ABDAC86E405 (There is not enough space on the disk.)
[2020.02.13-15.27.09:690][  0]LogDerivedDataCache: Warning: FFileSystemDerivedDataBackend: Could not write temp file C:/Users/reluthe/AppData/Local/UnrealEngine/Common/DerivedDataCache/4/5/5/temp.FCBC4E6E4B191C281AA97ABDAC86E405!
[2020.02.13-15.27.09:690][  0]LogDerivedDataCache: FDerivedDataBackendAsyncPutWrapper: Put failed, keeping in memory copy TEXTURE_68A083899C6F4316B8CE0E2958EDE2C2_AutoDXT_35DF5E4F447E6BE54ECF22A12E410__21C09F90E202ECE074C23DB661832C8ECF28D0DF.
[2020.02.13-15.27.09:690][  0]LogShaderCompilers: Display: Worker (2/5): shaders left to compile 9128
[2020.02.13-15.27.09:690][  0]LogShaderCompilers: Display: Worker (4/5): shaders left to compile 9118
[2020.02.13-15.27.09:690][  0]LogShaderCompilers: Display: Worker (3/5): shaders left to compile 9108
[2020.02.13-15.27.09:690][  0]LogShaderCompilers: Display: Worker (1/5): shaders left to compile 9098
[2020.02.13-15.27.09:690][  0]LogShaderCompilers: Display: Worker (5/5): shaders left to compile 9088
[2020.02.13-15.27.09:690][  0]LogFileManager: Error: Error writing to file: C:/Users/reluthe/AppData/Local/UnrealEngine/Common/DerivedDataCache/7/1/8/temp.D833510E472691DE08F37E929DC155F8 (There is not enough space on the disk.)
[2020.02.13-15.27.09:690][  0]LogDerivedDataCache: Warning: FFileSystemDerivedDataBackend: Could not write temp file C:/Users/reluthe/AppData/Local/UnrealEngine/Common/DerivedDataCache/7/1/8/temp.D833510E472691DE08F37E929DC155F8!
[2020.02.13-15.27.09:690][  0]LogFileManager: Error: Error writing to file: C:/Users/reluthe/AppData/Local/UnrealEngine/Common/DerivedDataCache/7/1/8/temp.76BE91034611B3C8145BF68982ADCF69 (There is not enough space on the disk.)
[2020.02.13-15.27.09:690][  0]LogDerivedDataCache: Warning: FFileSystemDerivedDataBackend: Could not write temp file C:/Users/reluthe/AppData/Local/UnrealEngine/Common/DerivedDataCache/7/1/8/temp.76BE91034611B3C8145BF68982ADCF69!
[2020.02.13-15.27.09:690][  0]LogDerivedDataCache: FDerivedDataBackendAsyncPutWrapper: Put failed, keeping in memory copy TEXTURE_68A083899C6F4316B8CE0E2958EDE2C2_AutoDXT_C573DDA44573EE44FDA0A49BDC86A__AB8DA4AD38AE8309D5368A5DEC2C391CCB40E288.
[2020.02.13-15.27.09:690][  0]LogFileManager: Error: Error writing to file: C:/Users/reluthe/AppData/Local/UnrealEngine/Common/DerivedDataCache/3/3/2/temp.F3C9D6EA4403C56E397307AD712EB7F8 (There is not enough space on the disk.)
[2020.02.13-15.27.09:690][  0]LogDerivedDataCache: Warning: FFileSystemDerivedDataBackend: Could not write temp file C:/Users/reluthe/AppData/Local/UnrealEngine/Common/DerivedDataCache/3/3/2/temp.F3C9D6EA4403C56E397307AD712EB7F8!
[2020.02.13-15.27.09:690][  0]LogShaderCompilers: Display: Worker (3/5): shaders left to compile 9078
[2020.02.13-15.27.09:690][  0]LogFileManager: Error: Error writing to file: C:/Users/reluthe/AppData/Local/UnrealEngine/Common/DerivedDataCache/3/3/2/temp.ECA1CACB41099C1C5CEF77B41AC26406 (There is not enough space on the disk.)
[2020.02.13-15.27.09:690][  0]LogDerivedDataCache: Warning: FFileSystemDerivedDataBackend: Could not write temp file C:/Users/reluthe/AppData/Local/UnrealEngine/Common/DerivedDataCache/3/3/2/temp.ECA1CACB41099C1C5CEF77B41AC26406!
[2020.02.13-15.27.09:690][  0]LogDerivedDataCache: FDerivedDataBackendAsyncPutWrapper: Put failed, keeping in memory copy TEXTURE_68A083899C6F4316B8CE0E2958EDE2C2_AutoDXT_C573DDA44573EE44FDA0A49BDC86A__2D13F3DFA34720DC6D0948529BC908A3DB6707C7.
[2020.02.13-15.27.09:691][  0]LogShaderCompilers: Display: Worker (1/5): shaders left to compile 9068
[2020.02.13-15.27.09:691][  0]LogTexture: Display: Building textures: tkkodbhfa_8K_Albedo (AutoDXT, 8192X8192)
[2020.02.13-15.27.09:691][  0]LogShaderCompilers: Display: Worker (2/5): shaders left to compile 9058
[2020.02.13-15.27.09:691][  0]LogShaderCompilers: Display: Worker (5/5): shaders left to compile 9048
[2020.02.13-15.27.09:691][  0]LogShaderCompilers: Display: Worker (4/5): shaders left to compile 9038
[2020.02.13-15.27.09:691][  0]LogFileManager: Error: Error writing to file: C:/Users/reluthe/AppData/Local/UnrealEngine/Common/DerivedDataCache/1/4/8/temp.C86BF6434E6E53A057E7B1A9CA4962B4 (There is not enough space on the disk.)
[2020.02.13-15.27.09:691][  0]LogDerivedDataCache: Warning: FFileSystemDerivedDataBackend: Could not write temp file C:/Users/reluthe/AppData/Local/UnrealEngine/Common/DerivedDataCache/1/4/8/temp.C86BF6434E6E53A057E7B1A9CA4962B4!
[2020.02.13-15.27.09:691][  0]LogFileManager: Error: Error writing to file: C:/Users/reluthe/AppData/Local/UnrealEngine/Common/DerivedDataCache/1/4/8/temp.2121ACD64AE73470BD23B69EB5B44785 (There is not enough space on the disk.)
[2020.02.13-15.27.09:691][  0]LogDerivedDataCache: Warning: FFileSystemDerivedDataBackend: Could not write temp file C:/Users/reluthe/AppData/Local/UnrealEngine/Common/DerivedDataCache/1/4/8/temp.2121ACD64AE73470BD23B69EB5B44785!
[2020.02.13-15.27.09:691][  0]LogDerivedDataCache: FDerivedDataBackendAsyncPutWrapper: Put failed, keeping in memory copy TEXTURE_68A083899C6F4316B8CE0E2958EDE2C2_BC5_A2555350463B0E69B41743AD54F87CD4___A7CB2ED5B5A16C50803872518E1FB62A78D970CF.
[2020.02.13-15.27.09:691][  0]LogFileManager: Error: Error writing to file: C:/Users/reluthe/AppData/Local/UnrealEngine/Common/DerivedDataCache/3/5/7/temp.114E7FD540B50D08B4849A90294B0DCD (There is not enough space on the disk.)
[2020.02.13-15.27.09:691][  0]LogDerivedDataCache: Warning: FFileSystemDerivedDataBackend: Could not write temp file C:/Users/reluthe/AppData/Local/UnrealEngine/Common/DerivedDataCache/3/5/7/temp.114E7FD540B50D08B4849A90294B0DCD!
[2020.02.13-15.27.09:691][  0]LogFileManager: Error: Error writing to file: C:/Users/reluthe/AppData/Local/UnrealEngine/Common/DerivedDataCache/3/5/7/temp.FDB2E14D43EEC7ECAC28F6BEC4B3EFCF (There is not enough space on the disk.)
[2020.02.13-15.27.09:691][  0]LogDerivedDataCache: Warning: FFileSystemDerivedDataBackend: Could not write temp file C:/Users/reluthe/AppData/Local/UnrealEngine/Common/DerivedDataCache/3/5/7/temp.FDB2E14D43EEC7ECAC28F6BEC4B3EFCF!
[2020.02.13-15.27.09:691][  0]LogDerivedDataCache: FDerivedDataBackendAsyncPutWrapper: Put failed, keeping in memory copy TEXTURE_68A083899C6F4316B8CE0E2958EDE2C2_BC5_A2555350463B0E69B41743AD54F87CD4___D3A03A55674459087A6B6D9821286D6575665CA1.
[2020.02.13-15.27.09:691][  0]LogFileManager: Error: Error writing to file: C:/Users/reluthe/AppData/Local/UnrealEngine/Common/DerivedDataCache/5/6/2/temp.4FFC6E7A4E00EC612BD8D1B8EB6AD29F (There is not enough space on the disk.)
[2020.02.13-15.27.09:691][  0]LogDerivedDataCache: Warning: FFileSystemDerivedDataBackend: Could not write temp file C:/Users/reluthe/AppData/Local/UnrealEngine/Common/DerivedDataCache/5/6/2/temp.4FFC6E7A4E00EC612BD8D1B8EB6AD29F!
[2020.02.13-15.27.09:691][  0]LogFileManager: Error: Error writing to file: C:/Users/reluthe/AppData/Local/UnrealEngine/Common/DerivedDataCache/5/6/2/temp.3E2168234FB3DD445E78AF94581BFAB8 (There is not enough space on the disk.)
[2020.02.13-15.27.09:691][  0]LogDerivedDataCache: Warning: FFileSystemDerivedDataBackend: Could not write temp file C:/Users/reluthe/AppData/Local/UnrealEngine/Common/DerivedDataCache/5/6/2/temp.3E2168234FB3DD445E78AF94581BFAB8!
[2020.02.13-15.27.09:691][  0]LogDerivedDataCache: FDerivedDataBackendAsyncPutWrapper: Put failed, keeping in memory copy TEXTURE_68A083899C6F4316B8CE0E2958EDE2C2_BC5_A2555350463B0E69B41743AD54F87CD4___40E0893D1A741772DD673ED08E27F971105C0C77.
[2020.02.13-15.27.09:691][  0]LogTexture: Display: Building textures: tkqudegfa_8K_Roughness (AutoDXT, 8192X8192)
[2020.02.13-15.27.09:691][  0]LogShaderCompilers: Display: Worker (3/5): shaders left to compile 9028
[2020.02.13-15.27.09:691][  0]LogShaderCompilers: Display: Worker (5/5): shaders left to compile 9018
[2020.02.13-15.27.09:691][  0]LogShaderCompilers: Display: Worker (1/5): shaders left to compile 9008
[2020.02.13-15.27.09:691][  0]LogShaderCompilers: Display: Worker (2/5): shaders left to compile 8998
[2020.02.13-15.27.09:692][  0]LogShaderCompilers: Display: Worker (4/5): shaders left to compile 8988
[2020.02.13-15.27.09:692][  0]LogShaderCompilers: Display: Worker (5/5): shaders left to compile 8978
[2020.02.13-15.27.09:692][  0]LogShaderCompilers: Display: Worker (3/5): shaders left to compile 8968
[2020.02.13-15.27.09:692][  0]LogShaderCompilers: Display: Worker (1/5): shaders left to compile 8958
[2020.02.13-15.27.09:692][  0]LogShaderCompilers: Display: Worker (2/5): shaders left to compile 8948
[2020.02.13-15.27.09:692][  0]LogShaderCompilers: Display: Worker (4/5): shaders left to compile 8938
[2020.02.13-15.27.09:692][  0]LogShaderCompilers: Display: Worker (5/5): shaders left to compile 8928
[2020.02.13-15.27.09:692][  0]LogShaderCompilers: Display: Worker (3/5): shaders left to compile 8918
[2020.02.13-15.27.09:692][  0]LogShaderCompilers: Display: Worker (1/5): shaders left to compile 8908
[2020.02.13-15.27.09:692][  0]LogShaderCompilers: Display: Worker (4/5): shaders left to compile 8898
[2020.02.13-15.27.09:692][  0]LogShaderCompilers: Display: Worker (2/5): shaders left to compile 8888
[2020.02.13-15.27.09:692][  0]LogShaderCompilers: Display: Worker (5/5): shaders left to compile 8878
[2020.02.13-15.27.09:692][  0]LogShaderCompilers: Display: Worker (1/5): shaders left to compile 8868
[2020.02.13-15.27.09:692][  0]LogShaderCompilers: Display: Worker (4/5): shaders left to compile 8858
[2020.02.13-15.27.09:692][  0]LogShaderCompilers: Display: Worker (2/5): shaders left to compile 8848
[2020.02.13-15.27.09:692][  0]LogShaderCompilers: Display: Worker (3/5): shaders left to compile 8838
[2020.02.13-15.27.09:692][  0]LogShaderCompilers: Display: Worker (5/5): shaders left to compile 8828
[2020.02.13-15.27.09:692][  0]LogShaderCompilers: Display: Worker (1/5): shaders left to compile 8818
[2020.02.13-15.27.09:692][  0]LogShaderCompilers: Display: Worker (4/5): shaders left to compile 8808
[2020.02.13-15.27.09:692][  0]LogShaderCompilers: Display: Worker (2/5): shaders left to compile 8798
[2020.02.13-15.27.09:692][  0]LogFileManager: Error: Error writing to file: C:/Users/reluthe/AppData/Local/UnrealEngine/Common/DerivedDataCache/5/7/0/temp.927FEC3B4E9A3094F1B9A5987246214A (There is not enough space on the disk.)
[2020.02.13-15.27.09:692][  0]LogDerivedDataCache: Warning: FFileSystemDerivedDataBackend: Could not write temp file C:/Users/reluthe/AppData/Local/UnrealEngine/Common/DerivedDataCache/5/7/0/temp.927FEC3B4E9A3094F1B9A5987246214A!
[2020.02.13-15.27.09:692][  0]LogFileManager: Error: Error writing to file: C:/Users/reluthe/AppData/Local/UnrealEngine/Common/DerivedDataCache/5/7/0/temp.6DC536B1440EE0B722DE6A8C99090ADB (There is not enough space on the disk.)
[2020.02.13-15.27.09:692][  0]LogDerivedDataCache: Warning: FFileSystemDerivedDataBackend: Could not write temp file C:/Users/reluthe/AppData/Local/UnrealEngine/Common/DerivedDataCache/5/7/0/temp.6DC536B1440EE0B722DE6A8C99090ADB!
[2020.02.13-15.27.09:692][  0]LogDerivedDataCache: FDerivedDataBackendAsyncPutWrapper: Put failed, keeping in memory copy TEXTURE_68A083899C6F4316B8CE0E2958EDE2C2_AutoDXT_F0AEE6264F064E406C937098219B3__6E72A2426D85108E05D7E3190C6106682EE1A742.
[2020.02.13-15.27.09:692][  0]LogFileManager: Error: Error writing to file: C:/Users/reluthe/AppData/Local/UnrealEngine/Common/DerivedDataCache/0/9/6/temp.26F0710A4AEC437D9139898FF6AC867D (There is not enough space on the disk.)
[2020.02.13-15.27.09:692][  0]LogDerivedDataCache: Warning: FFileSystemDerivedDataBackend: Could not write temp file C:/Users/reluthe/AppData/Local/UnrealEngine/Common/DerivedDataCache/0/9/6/temp.26F0710A4AEC437D9139898FF6AC867D!
[2020.02.13-15.27.09:692][  0]LogFileManager: Error: Error writing to file: C:/Users/reluthe/AppData/Local/UnrealEngine/Common/DerivedDataCache/6/5/6/temp.D0B00C43474CF4E75E3DE9802703F199 (There is not enough space on the disk.)
[2020.02.13-15.27.09:692][  0]LogDerivedDataCache: Warning: FFileSystemDerivedDataBackend: Could not write temp file C:/Users/reluthe/AppData/Local/UnrealEngine/Common/DerivedDataCache/6/5/6/temp.D0B00C43474CF4E75E3DE9802703F199!
[2020.02.13-15.27.09:692][  0]LogFileManager: Error: Error writing to file: C:/Users/reluthe/AppData/Local/UnrealEngine/Common/DerivedDataCache/0/9/6/temp.ACCA6F1E407F4EE421873F94618ABF11 (There is not enough space on the disk.)
[2020.02.13-15.27.09:692][  0]LogDerivedDataCache: Warning: FFileSystemDerivedDataBackend: Could not write temp file C:/Users/reluthe/AppData/Local/UnrealEngine/Common/DerivedDataCache/0/9/6/temp.ACCA6F1E407F4EE421873F94618ABF11!
[2020.02.13-15.27.09:692][  0]LogDerivedDataCache: FDerivedDataBackendAsyncPutWrapper: Put failed, keeping in memory copy TEXTURE_68A083899C6F4316B8CE0E2958EDE2C2_AutoDXT_F0AEE6264F064E406C937098219B3__EB7BF6E06345CB895E946E856298B751EE544698.
[2020.02.13-15.27.09:692][  0]LogFileManager: Error: Error writing to file: C:/Users/reluthe/AppData/Local/UnrealEngine/Common/DerivedDataCache/6/5/6/temp.2EDDFEC447DD08BB601CF28A6BE39B63 (There is not enough space on the disk.)
[2020.02.13-15.27.09:692][  0]LogDerivedDataCache: Warning: FFileSystemDerivedDataBackend: Could not write temp file C:/Users/reluthe/AppData/Local/UnrealEngine/Common/DerivedDataCache/6/5/6/temp.2EDDFEC447DD08BB601CF28A6BE39B63!
[2020.02.13-15.27.09:692][  0]LogDerivedDataCache: FDerivedDataBackendAsyncPutWrapper: Put failed, keeping in memory copy TEXTURE_68A083899C6F4316B8CE0E2958EDE2C2_AutoDXT_F0AEE6264F064E406C937098219B3__657725C4DE1077BAB196456548B5BC8360C3FBD6.
[2020.02.13-15.27.09:692][  0]LogShaderCompilers: Display: Worker (3/5): shaders left to compile 8788
[2020.02.13-15.27.09:692][  0]LogShaderCompilers: Display: Worker (5/5): shaders left to compile 8778
[2020.02.13-15.27.09:692][  0]LogShaderCompilers: Display: Worker (1/5): shaders left to compile 8768
[2020.02.13-15.27.09:692][  0]LogShaderCompilers: Display: Worker (4/5): shaders left to compile 8758
[2020.02.13-15.27.09:692][  0]LogThreadingWindows: Error: Runnable thread PoolThread 8 crashed.
[2020.02.13-15.27.09:692][  0]LogWindows: Error: === Critical error: ===
[2020.02.13-15.27.09:692][  0]LogWindows: Error: 
[2020.02.13-15.27.09:692][  0]LogWindows: Error: Fatal error: [File:D:/Build/++UE4/Sync/Engine/Source/Runtime/Core/Private/GenericPlatform/GenericPlatformMemory.cpp] [Line: 186] 
[2020.02.13-15.27.09:692][  0]LogWindows: Error: Ran out of memory allocating 1073741824 bytes with alignment 0
[2020.02.13-15.27.09:692][  0]LogWindows: Error: 
[2020.02.13-15.27.09:692][  0]LogWindows: Error: 
[2020.02.13-15.27.09:692][  0]LogWindows: Error: 
[2020.02.13-15.27.09:692][  0]LogWindows: Error: Crash in runnable thread PoolThread 8
[2020.02.13-15.27.12:054][  0]LogExit: Executing StaticShutdownAfterError
[2020.02.13-15.27.12:054][  0]LogTexture: Display: Building textures: tkqudegfa_8K_Normal_LOD0 (BC5, 8192X8192)
[2020.02.13-15.27.12:054][  0]LogWindows: FPlatformMisc::RequestExit(1)
[2020.02.13-15.27.12:189][  0]Log file closed, 02/13/20 16:27:12
