Log file open, 02/13/20 16:01:45
LogWindows: Failed to load 'aqProf.dll' (GetLastError=126)
LogWindows: File 'aqProf.dll' does not exist
LogWindows: Failed to load 'VtuneApi.dll' (GetLastError=126)
LogWindows: File 'VtuneApi.dll' does not exist
LogWindows: Failed to load 'VtuneApi32e.dll' (GetLastError=126)
LogWindows: File 'VtuneApi32e.dll' does not exist
LogConsoleResponse: Display: Failed to find resolution value strings in scalability ini. Falling back to default.
LogInit: Display: Running engine for game: Pentum
LogPlatformFile: Not using cached read wrapper
LogTaskGraph: Started task graph with 5 named threads and 23 total threads with 3 sets of task threads.
LogStats: Stats thread started at 0.073979
LogD3D11RHI: Loaded GFSDK_Aftermath_Lib.x64.dll
LogICUInternationalization: ICU TimeZone Detection - Raw Offset: +1:00, Platform Override: ''
LogPluginManager: Mounting plugin Paper2D
LogPluginManager: Mounting plugin AISupport
LogPluginManager: Mounting plugin LightPropagationVolume
LogPluginManager: Mounting plugin ActorLayerUtilities
LogPluginManager: Mounting plugin AnimationSharing
LogPluginManager: Mounting plugin CLionSourceCodeAccess
LogPluginManager: Mounting plugin CodeLiteSourceCodeAccess
LogPluginManager: Mounting plugin GitSourceControl
LogPluginManager: Mounting plugin KDevelopSourceCodeAccess
LogPluginManager: Mounting plugin NullSourceCodeAccess
LogPluginManager: Mounting plugin PerforceSourceControl
LogPluginManager: Mounting plugin SubversionSourceControl
LogPluginManager: Mounting plugin UObjectPlugin
LogPluginManager: Mounting plugin VisualStudioCodeSourceCodeAccess
LogPluginManager: Mounting plugin VisualStudioSourceCodeAccess
LogPluginManager: Mounting plugin XCodeSourceCodeAccess
LogPluginManager: Mounting plugin AssetManagerEditor
LogPluginManager: Mounting plugin CryptoKeys
LogPluginManager: Mounting plugin CurveEditorTools
LogPluginManager: Mounting plugin DataValidation
LogPluginManager: Mounting plugin FacialAnimation
LogPluginManager: Mounting plugin GameplayTagsEditor
LogPluginManager: Mounting plugin MacGraphicsSwitching
LogPluginManager: Mounting plugin MaterialAnalyzer
LogPluginManager: Mounting plugin MobileLauncherProfileWizard
LogPluginManager: Mounting plugin PluginBrowser
LogPluginManager: Mounting plugin SpeedTreeImporter
LogPluginManager: Mounting plugin DatasmithContent
LogPluginManager: Mounting plugin VariantManagerContent
LogPluginManager: Mounting plugin AlembicImporter
LogPluginManager: Mounting plugin AutomationUtils
LogPluginManager: Mounting plugin BackChannel
LogPluginManager: Mounting plugin CharacterAI
LogPluginManager: Mounting plugin GeometryCache
LogPluginManager: Mounting plugin HTML5Networking
LogPluginManager: Mounting plugin PlatformCrypto
LogPluginManager: Mounting plugin ProxyLODPlugin
LogPluginManager: Mounting plugin SkeletalReduction
LogPluginManager: Mounting plugin MagicLeap
LogPluginManager: Mounting plugin MagicLeapMedia
LogPluginManager: Mounting plugin AndroidMedia
LogPluginManager: Mounting plugin AvfMedia
LogPluginManager: Mounting plugin ImgMedia
LogPluginManager: Mounting plugin MediaCompositing
LogPluginManager: Mounting plugin MediaPlayerEditor
LogPluginManager: Mounting plugin WebMMedia
LogPluginManager: Mounting plugin WmfMedia
LogPluginManager: Mounting plugin TcpMessaging
LogPluginManager: Mounting plugin UdpMessaging
LogPluginManager: Mounting plugin ActorSequence
LogPluginManager: Mounting plugin LevelSequenceEditor
LogPluginManager: Mounting plugin MatineeToLevelSequence
LogPluginManager: Mounting plugin NetcodeUnitTest
LogPluginManager: Mounting plugin NUTUnrealEngine4
LogPluginManager: Mounting plugin OnlineSubsystemGooglePlay
LogPluginManager: Mounting plugin OnlineSubsystemIOS
LogPluginManager: Mounting plugin OnlineSubsystem
LogPluginManager: Mounting plugin OnlineSubsystemNull
LogPluginManager: Mounting plugin OnlineSubsystemUtils
LogPluginManager: Mounting plugin LauncherChunkInstaller
LogPluginManager: Mounting plugin AndroidDeviceProfileSelector
LogPluginManager: Mounting plugin AndroidMoviePlayer
LogPluginManager: Mounting plugin AndroidPermission
LogPluginManager: Mounting plugin AppleImageUtils
LogPluginManager: Mounting plugin AppleMoviePlayer
LogPluginManager: Mounting plugin ArchVisCharacter
LogPluginManager: Mounting plugin AudioCapture
LogPluginManager: Mounting plugin CableComponent
LogPluginManager: Mounting plugin CustomMeshComponent
LogPluginManager: Mounting plugin EditableMesh
LogPluginManager: Mounting plugin ExampleDeviceProfileSelector
LogPluginManager: Mounting plugin GoogleCloudMessaging
LogPluginManager: Mounting plugin IOSDeviceProfileSelector
LogPluginManager: Mounting plugin LinuxDeviceProfileSelector
LogPluginManager: Mounting plugin LocationServicesBPLibrary
LogPluginManager: Mounting plugin MobilePatchingUtils
LogPluginManager: Mounting plugin OculusVR
LogPluginManager: Mounting plugin PhysXVehicles
LogPluginManager: Mounting plugin ProceduralMeshComponent
LogPluginManager: Mounting plugin RuntimePhysXCooking
LogPluginManager: Mounting plugin SignificanceManager
LogPluginManager: Mounting plugin SteamVR
LogPluginManager: Mounting plugin WebMMoviePlayer
LogPluginManager: Mounting plugin WindowsMoviePlayer
LogPluginManager: Mounting plugin ScreenshotTools
LogInit: Using libcurl 7.55.1-DEV
LogInit:  - built for x86_64-pc-win32
LogInit:  - supports SSL with OpenSSL/1.1.1
LogInit:  - supports HTTP deflate (compression) using libz 1.2.8
LogInit:  - other features:
LogInit:      CURL_VERSION_SSL
LogInit:      CURL_VERSION_LIBZ
LogInit:      CURL_VERSION_IPV6
LogInit:      CURL_VERSION_ASYNCHDNS
LogInit:      CURL_VERSION_LARGEFILE
LogInit:      CURL_VERSION_IDN
LogInit:  CurlRequestOptions (configurable via config and command line):
LogInit:  - bVerifyPeer = true  - Libcurl will verify peer certificate
LogInit:  - bUseHttpProxy = false  - Libcurl will NOT use HTTP proxy
LogInit:  - bDontReuseConnections = false  - Libcurl will reuse connections
LogInit:  - MaxHostConnections = 16  - Libcurl will limit the number of connections to a host
LogInit:  - LocalHostAddr = Default
LogInit:  - BufferSize = 65536
LogOnline: OSS: Creating online subsystem instance for: NULL
LogInit: WinSock: version 1.1 (2.2), MaxSocks=32767, MaxUdp=65467
LogInit: Build: ++UE4+Release-4.23-CL-9631420
LogInit: Engine Version: 4.23.1-9631420+++UE4+Release-4.23
LogInit: Compatible Engine Version: 4.23.0-8386587+++UE4+Release-4.23
LogInit: Net CL: 8386587
LogInit: OS: Windows 10 (Release 1903) (), CPU:         Intel(R) Core(TM) i7-2600 CPU @ 3.40GHz, GPU: NVIDIA GeForce GTX 970
LogInit: Compiled (64-bit): Oct 18 2019 02:07:44
LogInit: Compiled with Visual C++: 19.16.27030.01
LogInit: Build Configuration: Development
LogInit: Branch Name: ++UE4+Release-4.23
LogInit: Command Line: 
LogInit: Base Directory: D:/EpicGames/UE_4.23/Engine/Binaries/Win64/
LogInit: Installed Engine Build: 1
LogDevObjectVersion: Number of dev versions registered: 23
LogDevObjectVersion:   Dev-Blueprints (B0D832E4-1F89-4F0D-ACCF-7EB736FD4AA2): 10
LogDevObjectVersion:   Dev-Build (E1C64328-A22C-4D53-A36C-8E866417BD8C): 0
LogDevObjectVersion:   Dev-Core (375EC13C-06E4-48FB-B500-84F0262A717E): 3
LogDevObjectVersion:   Dev-Editor (E4B068ED-F494-42E9-A231-DA0B2E46BB41): 34
LogDevObjectVersion:   Dev-Framework (CFFC743F-43B0-4480-9391-14DF171D2073): 35
LogDevObjectVersion:   Dev-Mobile (B02B49B5-BB20-44E9-A304-32B752E40360): 2
LogDevObjectVersion:   Dev-Networking (A4E4105C-59A1-49B5-A7C5-40C4547EDFEE): 0
LogDevObjectVersion:   Dev-Online (39C831C9-5AE6-47DC-9A44-9C173E1C8E7C): 0
LogDevObjectVersion:   Dev-Physics (78F01B33-EBEA-4F98-B9B4-84EACCB95AA2): 0
LogDevObjectVersion:   Dev-Platform (6631380F-2D4D-43E0-8009-CF276956A95A): 0
LogDevObjectVersion:   Dev-Rendering (12F88B9F-8875-4AFC-A67C-D90C383ABD29): 31
LogDevObjectVersion:   Dev-Sequencer (7B5AE74C-D270-4C10-A958-57980B212A5A): 11
LogDevObjectVersion:   Dev-VR (D7296918-1DD6-4BDD-9DE2-64A83CC13884): 2
LogDevObjectVersion:   Dev-LoadTimes (C2A15278-BFE7-4AFE-6C17-90FF531DF755): 1
LogDevObjectVersion:   Private-Geometry (6EACA3D4-40EC-4CC1-B786-8BED09428FC5): 3
LogDevObjectVersion:   Dev-AnimPhys (29E575DD-E0A3-4627-9D10-D276232CDCEA): 17
LogDevObjectVersion:   Dev-Anim (AF43A65D-7FD3-4947-9873-3E8ED9C1BB05): 2
LogDevObjectVersion:   Dev-ReflectionCapture (6B266CEC-1EC7-4B8F-A30B-E4D90942FC07): 1
LogDevObjectVersion:   Dev-Automation (0DF73D61-A23F-47EA-B727-89E90C41499A): 1
LogDevObjectVersion:   FortniteMain (601D1886-AC64-4F84-AA16-D3DE0DEAC7D6): 27
LogDevObjectVersion:   Dev-Enterprise (9DFFBCD6-494F-0158-E221-12823C92A888): 6
LogDevObjectVersion:   Dev-Niagara (F2AED0AC-9AFE-416F-8664-AA7FFA26D6FC): 1
LogDevObjectVersion:   Dev-Destruction (174F1F0B-B4C6-45A5-B13F-2EE8D0FB917D): 9
LogInit: Presizing for max 16777216 objects, including 0 objects not considered by GC, pre-allocating 0 bytes for permanent pool.
LogInit: Object subsystem initialized
LogConfig: Setting CVar [[con.DebugEarlyDefault:1]]
LogConfig: Setting CVar [[r.setres:1280x720]]
[2020.02.13-15.01.45:832][  0]LogConfig: Setting CVar [[r.VSync:0]]
[2020.02.13-15.01.45:832][  0]LogConfig: Setting CVar [[r.RHICmdBypass:0]]
[2020.02.13-15.01.45:832][  0]LogConfig: Applying CVar settings from Section [/Script/Engine.RendererSettings] File [D:/Pentum/Pentum/Pentum/Saved/Config/Windows/Engine.ini]
[2020.02.13-15.01.45:832][  0]LogConfig: Setting CVar [[r.GPUCrashDebugging:0]]
[2020.02.13-15.01.45:832][  0]LogConfig: Setting CVar [[r.DefaultFeature.AutoExposure.ExtendDefaultLuminanceRange:1]]
[2020.02.13-15.01.45:832][  0]LogConfig: Setting CVar [[r.DefaultFeature.AutoExposure:0]]
[2020.02.13-15.01.45:832][  0]LogConfig: Applying CVar settings from Section [/Script/Engine.RendererOverrideSettings] File [D:/Pentum/Pentum/Pentum/Saved/Config/Windows/Engine.ini]
[2020.02.13-15.01.45:832][  0]LogConfig: Applying CVar settings from Section [/Script/Engine.StreamingSettings] File [D:/Pentum/Pentum/Pentum/Saved/Config/Windows/Engine.ini]
[2020.02.13-15.01.45:832][  0]LogConfig: Setting CVar [[s.MinBulkDataSizeForAsyncLoading:131072]]
[2020.02.13-15.01.45:832][  0]LogConfig: Setting CVar [[s.AsyncLoadingThreadEnabled:0]]
[2020.02.13-15.01.45:832][  0]LogConfig: Setting CVar [[s.EventDrivenLoaderEnabled:1]]
[2020.02.13-15.01.45:832][  0]LogConfig: Setting CVar [[s.WarnIfTimeLimitExceeded:0]]
[2020.02.13-15.01.45:832][  0]LogConfig: Setting CVar [[s.TimeLimitExceededMultiplier:1.5]]
[2020.02.13-15.01.45:832][  0]LogConfig: Setting CVar [[s.TimeLimitExceededMinTime:0.005]]
[2020.02.13-15.01.45:832][  0]LogConfig: Setting CVar [[s.UseBackgroundLevelStreaming:1]]
[2020.02.13-15.01.45:832][  0]LogConfig: Setting CVar [[s.PriorityAsyncLoadingExtraTime:15.0]]
[2020.02.13-15.01.45:832][  0]LogConfig: Setting CVar [[s.LevelStreamingActorsUpdateTimeLimit:5.0]]
[2020.02.13-15.01.45:832][  0]LogConfig: Setting CVar [[s.PriorityLevelStreamingActorsUpdateExtraTime:5.0]]
[2020.02.13-15.01.45:832][  0]LogConfig: Setting CVar [[s.LevelStreamingComponentsRegistrationGranularity:10]]
[2020.02.13-15.01.45:833][  0]LogConfig: Setting CVar [[s.UnregisterComponentsTimeLimit:1.0]]
[2020.02.13-15.01.45:833][  0]LogConfig: Setting CVar [[s.LevelStreamingComponentsUnregistrationGranularity:5]]
[2020.02.13-15.01.45:833][  0]LogConfig: Applying CVar settings from Section [/Script/Engine.GarbageCollectionSettings] File [D:/Pentum/Pentum/Pentum/Saved/Config/Windows/Engine.ini]
[2020.02.13-15.01.45:833][  0]LogConfig: Setting CVar [[gc.MaxObjectsNotConsideredByGC:1]]
[2020.02.13-15.01.45:833][  0]LogConfig: Setting CVar [[gc.SizeOfPermanentObjectPool:0]]
[2020.02.13-15.01.45:833][  0]LogConfig: Setting CVar [[gc.FlushStreamingOnGC:0]]
[2020.02.13-15.01.45:833][  0]LogConfig: Setting CVar [[gc.NumRetriesBeforeForcingGC:10]]
[2020.02.13-15.01.45:833][  0]LogConfig: Setting CVar [[gc.AllowParallelGC:1]]
[2020.02.13-15.01.45:833][  0]LogConfig: Setting CVar [[gc.TimeBetweenPurgingPendingKillObjects:61.1]]
[2020.02.13-15.01.45:833][  0]LogConfig: Setting CVar [[gc.MaxObjectsInEditor:16777216]]
[2020.02.13-15.01.45:833][  0]LogConfig: Setting CVar [[gc.IncrementalBeginDestroyEnabled:1]]
[2020.02.13-15.01.45:833][  0]LogConfig: Setting CVar [[gc.CreateGCClusters:1]]
[2020.02.13-15.01.45:833][  0]LogConfig: Setting CVar [[gc.MinGCClusterSize:5]]
[2020.02.13-15.01.45:833][  0]LogConfig: Setting CVar [[gc.ActorClusteringEnabled:0]]
[2020.02.13-15.01.45:833][  0]LogConfig: Setting CVar [[gc.BlueprintClusteringEnabled:0]]
[2020.02.13-15.01.45:833][  0]LogConfig: Setting CVar [[gc.UseDisregardForGCOnDedicatedServers:0]]
[2020.02.13-15.01.45:833][  0]LogConfig: Applying CVar settings from Section [/Script/Engine.NetworkSettings] File [D:/Pentum/Pentum/Pentum/Saved/Config/Windows/Engine.ini]
[2020.02.13-15.01.45:833][  0]LogConfig: Applying CVar settings from Section [/Script/UnrealEd.CookerSettings] File [D:/Pentum/Pentum/Pentum/Saved/Config/Windows/Engine.ini]
[2020.02.13-15.01.45:840][  0]LogConfig: Applying CVar settings from Section [ViewDistanceQuality@3] File [D:/Pentum/Pentum/Pentum/Saved/Config/Windows/Scalability.ini]
[2020.02.13-15.01.45:841][  0]LogConfig: Setting CVar [[r.SkeletalMeshLODBias:0]]
[2020.02.13-15.01.45:841][  0]LogConfig: Setting CVar [[r.ViewDistanceScale:1.0]]
[2020.02.13-15.01.45:841][  0]LogConfig: Applying CVar settings from Section [AntiAliasingQuality@3] File [D:/Pentum/Pentum/Pentum/Saved/Config/Windows/Scalability.ini]
[2020.02.13-15.01.45:841][  0]LogConfig: Setting CVar [[r.PostProcessAAQuality:4]]
[2020.02.13-15.01.45:841][  0]LogConfig: Applying CVar settings from Section [ShadowQuality@3] File [D:/Pentum/Pentum/Pentum/Saved/Config/Windows/Scalability.ini]
[2020.02.13-15.01.45:841][  0]LogConfig: Setting CVar [[r.LightFunctionQuality:1]]
[2020.02.13-15.01.45:841][  0]LogConfig: Setting CVar [[r.ShadowQuality:5]]
[2020.02.13-15.01.45:841][  0]LogConfig: Setting CVar [[r.Shadow.CSM.MaxCascades:10]]
[2020.02.13-15.01.45:841][  0]LogConfig: Setting CVar [[r.Shadow.MaxResolution:2048]]
[2020.02.13-15.01.45:841][  0]LogConfig: Setting CVar [[r.Shadow.MaxCSMResolution:2048]]
[2020.02.13-15.01.45:841][  0]LogConfig: Setting CVar [[r.Shadow.RadiusThreshold:0.01]]
[2020.02.13-15.01.45:841][  0]LogConfig: Setting CVar [[r.Shadow.DistanceScale:1.0]]
[2020.02.13-15.01.45:841][  0]LogConfig: Setting CVar [[r.Shadow.CSM.TransitionScale:1.0]]
[2020.02.13-15.01.45:841][  0]LogConfig: Setting CVar [[r.Shadow.PreShadowResolutionFactor:1.0]]
[2020.02.13-15.01.45:841][  0]LogConfig: Setting CVar [[r.DistanceFieldShadowing:1]]
[2020.02.13-15.01.45:841][  0]LogConfig: Setting CVar [[r.DistanceFieldAO:1]]
[2020.02.13-15.01.45:841][  0]LogConfig: Setting CVar [[r.AOQuality:2]]
[2020.02.13-15.01.45:841][  0]LogConfig: Setting CVar [[r.VolumetricFog:1]]
[2020.02.13-15.01.45:841][  0]LogConfig: Setting CVar [[r.VolumetricFog.GridPixelSize:8]]
[2020.02.13-15.01.45:841][  0]LogConfig: Setting CVar [[r.VolumetricFog.GridSizeZ:128]]
[2020.02.13-15.01.45:841][  0]LogConfig: Setting CVar [[r.VolumetricFog.HistoryMissSupersampleCount:4]]
[2020.02.13-15.01.45:841][  0]LogConfig: Setting CVar [[r.LightMaxDrawDistanceScale:1]]
[2020.02.13-15.01.45:841][  0]LogConfig: Setting CVar [[r.CapsuleShadows:1]]
[2020.02.13-15.01.45:841][  0]LogConfig: Applying CVar settings from Section [PostProcessQuality@3] File [D:/Pentum/Pentum/Pentum/Saved/Config/Windows/Scalability.ini]
[2020.02.13-15.01.45:841][  0]LogConfig: Setting CVar [[r.MotionBlurQuality:4]]
[2020.02.13-15.01.45:841][  0]LogConfig: Setting CVar [[r.AmbientOcclusionMipLevelFactor:0.4]]
[2020.02.13-15.01.45:841][  0]LogConfig: Setting CVar [[r.AmbientOcclusionMaxQuality:100]]
[2020.02.13-15.01.45:841][  0]LogConfig: Setting CVar [[r.AmbientOcclusionLevels:-1]]
[2020.02.13-15.01.45:841][  0]LogConfig: Setting CVar [[r.AmbientOcclusionRadiusScale:1.0]]
[2020.02.13-15.01.45:841][  0]LogConfig: Setting CVar [[r.DepthOfFieldQuality:2]]
[2020.02.13-15.01.45:841][  0]LogConfig: Setting CVar [[r.RenderTargetPoolMin:400]]
[2020.02.13-15.01.45:841][  0]LogConfig: Setting CVar [[r.LensFlareQuality:2]]
[2020.02.13-15.01.45:841][  0]LogConfig: Setting CVar [[r.SceneColorFringeQuality:1]]
[2020.02.13-15.01.45:841][  0]LogConfig: Setting CVar [[r.EyeAdaptationQuality:2]]
[2020.02.13-15.01.45:841][  0]LogConfig: Setting CVar [[r.BloomQuality:5]]
[2020.02.13-15.01.45:841][  0]LogConfig: Setting CVar [[r.FastBlurThreshold:100]]
[2020.02.13-15.01.45:841][  0]LogConfig: Setting CVar [[r.Upscale.Quality:3]]
[2020.02.13-15.01.45:841][  0]LogConfig: Setting CVar [[r.Tonemapper.GrainQuantization:1]]
[2020.02.13-15.01.45:841][  0]LogConfig: Setting CVar [[r.LightShaftQuality:1]]
[2020.02.13-15.01.45:841][  0]LogConfig: Setting CVar [[r.Filter.SizeScale:1]]
[2020.02.13-15.01.45:841][  0]LogConfig: Setting CVar [[r.Tonemapper.Quality:5]]
[2020.02.13-15.01.45:841][  0]LogConfig: Setting CVar [[r.DOF.Gather.AccumulatorQuality:1        ; higher gathering accumulator quality]]
[2020.02.13-15.01.45:841][  0]LogConfig: Setting CVar [[r.DOF.Gather.PostfilterMethod:1          ; Median3x3 postfilering method]]
[2020.02.13-15.01.45:841][  0]LogConfig: Setting CVar [[r.DOF.Gather.EnableBokehSettings:0       ; no bokeh simulation when gathering]]
[2020.02.13-15.01.45:841][  0]LogConfig: Setting CVar [[r.DOF.Gather.RingCount:4                 ; medium number of samples when gathering]]
[2020.02.13-15.01.45:841][  0]LogConfig: Setting CVar [[r.DOF.Scatter.ForegroundCompositing:1    ; additive foreground scattering]]
[2020.02.13-15.01.45:841][  0]LogConfig: Setting CVar [[r.DOF.Scatter.BackgroundCompositing:2    ; additive background scattering]]
[2020.02.13-15.01.45:841][  0]LogConfig: Setting CVar [[r.DOF.Scatter.EnableBokehSettings:1      ; bokeh simulation when scattering]]
[2020.02.13-15.01.45:841][  0]LogConfig: Setting CVar [[r.DOF.Scatter.MaxSpriteRatio:0.1         ; only a maximum of 10% of scattered bokeh]]
[2020.02.13-15.01.45:841][  0]LogConfig: Setting CVar [[r.DOF.Recombine.Quality:1                ; cheap slight out of focus]]
[2020.02.13-15.01.45:841][  0]LogConfig: Setting CVar [[r.DOF.Recombine.EnableBokehSettings:0    ; no bokeh simulation on slight out of focus]]
[2020.02.13-15.01.45:841][  0]LogConfig: Setting CVar [[r.DOF.TemporalAAQuality:1                ; more stable temporal accumulation]]
[2020.02.13-15.01.45:841][  0]LogConfig: Setting CVar [[r.DOF.Kernel.MaxForegroundRadius:0.025]]
[2020.02.13-15.01.45:841][  0]LogConfig: Setting CVar [[r.DOF.Kernel.MaxBackgroundRadius:0.025]]
[2020.02.13-15.01.45:841][  0]LogConfig: Applying CVar settings from Section [TextureQuality@3] File [D:/Pentum/Pentum/Pentum/Saved/Config/Windows/Scalability.ini]
[2020.02.13-15.01.45:841][  0]LogConfig: Setting CVar [[r.Streaming.MipBias:0]]
[2020.02.13-15.01.45:841][  0]LogConfig: Setting CVar [[r.Streaming.AmortizeCPUToGPUCopy:0]]
[2020.02.13-15.01.45:841][  0]LogConfig: Setting CVar [[r.Streaming.MaxNumTexturesToStreamPerFrame:0]]
[2020.02.13-15.01.45:841][  0]LogConfig: Setting CVar [[r.Streaming.Boost:1]]
[2020.02.13-15.01.45:841][  0]LogConfig: Setting CVar [[r.MaxAnisotropy:8]]
[2020.02.13-15.01.45:841][  0]LogConfig: Setting CVar [[r.Streaming.LimitPoolSizeToVRAM:0]]
[2020.02.13-15.01.45:841][  0]LogConfig: Setting CVar [[r.Streaming.PoolSize:1000]]
[2020.02.13-15.01.45:841][  0]LogConfig: Setting CVar [[r.Streaming.MaxEffectiveScreenSize:0]]
[2020.02.13-15.01.45:841][  0]LogConfig: Applying CVar settings from Section [EffectsQuality@3] File [D:/Pentum/Pentum/Pentum/Saved/Config/Windows/Scalability.ini]
[2020.02.13-15.01.45:841][  0]LogConfig: Setting CVar [[r.TranslucencyLightingVolumeDim:64]]
[2020.02.13-15.01.45:842][  0]LogConfig: Setting CVar [[r.RefractionQuality:2]]
[2020.02.13-15.01.45:842][  0]LogConfig: Setting CVar [[r.SSR.Quality:3]]
[2020.02.13-15.01.45:842][  0]LogConfig: Setting CVar [[r.SceneColorFormat:4]]
[2020.02.13-15.01.45:842][  0]LogConfig: Setting CVar [[r.DetailMode:2]]
[2020.02.13-15.01.45:842][  0]LogConfig: Setting CVar [[r.TranslucencyVolumeBlur:1]]
[2020.02.13-15.01.45:842][  0]LogConfig: Setting CVar [[r.MaterialQualityLevel:1 ; High quality]]
[2020.02.13-15.01.45:842][  0]LogConfig: Setting CVar [[r.SSS.Scale:1]]
[2020.02.13-15.01.45:842][  0]LogConfig: Setting CVar [[r.SSS.SampleSet:2]]
[2020.02.13-15.01.45:842][  0]LogConfig: Setting CVar [[r.SSS.Quality:1]]
[2020.02.13-15.01.45:842][  0]LogConfig: Setting CVar [[r.SSS.HalfRes:1]]
[2020.02.13-15.01.45:842][  0]LogConfig: Setting CVar [[r.EmitterSpawnRateScale:1.0]]
[2020.02.13-15.01.45:842][  0]LogConfig: Setting CVar [[r.ParticleLightQuality:2]]
[2020.02.13-15.01.45:842][  0]LogConfig: Applying CVar settings from Section [FoliageQuality@3] File [D:/Pentum/Pentum/Pentum/Saved/Config/Windows/Scalability.ini]
[2020.02.13-15.01.45:842][  0]LogConfig: Setting CVar [[foliage.DensityScale:1.0]]
[2020.02.13-15.01.45:842][  0]LogConfig: Setting CVar [[grass.DensityScale:1.0]]
[2020.02.13-15.01.45:842][  0]LogInit: Selected Device Profile: [Windows]
[2020.02.13-15.01.45:842][  0]LogInit: Applying CVar settings loaded from the selected device profile: [Windows]
[2020.02.13-15.01.45:845][  0]LogHAL: Display: Platform has ~ 16 GB [17142984704 / 17179869184 / 16], which maps to Larger [LargestMinGB=32, LargerMinGB=12, DefaultMinGB=8, SmallerMinGB=6, SmallestMinGB=0)
[2020.02.13-15.01.45:845][  0]LogInit: Going up to parent DeviceProfile []
[2020.02.13-15.01.45:845][  0]LogConfig: Applying CVar settings from Section [ViewDistanceQuality@3] File [D:/Pentum/Pentum/Pentum/Saved/Config/Windows/Scalability.ini]
[2020.02.13-15.01.45:845][  0]LogConfig: Setting CVar [[r.SkeletalMeshLODBias:0]]
[2020.02.13-15.01.45:845][  0]LogConfig: Setting CVar [[r.ViewDistanceScale:1.0]]
[2020.02.13-15.01.45:845][  0]LogConfig: Applying CVar settings from Section [AntiAliasingQuality@3] File [D:/Pentum/Pentum/Pentum/Saved/Config/Windows/Scalability.ini]
[2020.02.13-15.01.45:845][  0]LogConfig: Setting CVar [[r.PostProcessAAQuality:4]]
[2020.02.13-15.01.45:845][  0]LogConfig: Applying CVar settings from Section [ShadowQuality@3] File [D:/Pentum/Pentum/Pentum/Saved/Config/Windows/Scalability.ini]
[2020.02.13-15.01.45:845][  0]LogConfig: Setting CVar [[r.LightFunctionQuality:1]]
[2020.02.13-15.01.45:845][  0]LogConfig: Setting CVar [[r.ShadowQuality:5]]
[2020.02.13-15.01.45:845][  0]LogConfig: Setting CVar [[r.Shadow.CSM.MaxCascades:10]]
[2020.02.13-15.01.45:845][  0]LogConfig: Setting CVar [[r.Shadow.MaxResolution:2048]]
[2020.02.13-15.01.45:845][  0]LogConfig: Setting CVar [[r.Shadow.MaxCSMResolution:2048]]
[2020.02.13-15.01.45:845][  0]LogConfig: Setting CVar [[r.Shadow.RadiusThreshold:0.01]]
[2020.02.13-15.01.45:845][  0]LogConfig: Setting CVar [[r.Shadow.DistanceScale:1.0]]
[2020.02.13-15.01.45:845][  0]LogConfig: Setting CVar [[r.Shadow.CSM.TransitionScale:1.0]]
[2020.02.13-15.01.45:845][  0]LogConfig: Setting CVar [[r.Shadow.PreShadowResolutionFactor:1.0]]
[2020.02.13-15.01.45:845][  0]LogConfig: Setting CVar [[r.DistanceFieldShadowing:1]]
[2020.02.13-15.01.45:845][  0]LogConfig: Setting CVar [[r.DistanceFieldAO:1]]
[2020.02.13-15.01.45:845][  0]LogConfig: Setting CVar [[r.AOQuality:2]]
[2020.02.13-15.01.45:845][  0]LogConfig: Setting CVar [[r.VolumetricFog:1]]
[2020.02.13-15.01.45:845][  0]LogConfig: Setting CVar [[r.VolumetricFog.GridPixelSize:8]]
[2020.02.13-15.01.45:845][  0]LogConfig: Setting CVar [[r.VolumetricFog.GridSizeZ:128]]
[2020.02.13-15.01.45:845][  0]LogConfig: Setting CVar [[r.VolumetricFog.HistoryMissSupersampleCount:4]]
[2020.02.13-15.01.45:845][  0]LogConfig: Setting CVar [[r.LightMaxDrawDistanceScale:1]]
[2020.02.13-15.01.45:845][  0]LogConfig: Setting CVar [[r.CapsuleShadows:1]]
[2020.02.13-15.01.45:845][  0]LogConfig: Applying CVar settings from Section [PostProcessQuality@3] File [D:/Pentum/Pentum/Pentum/Saved/Config/Windows/Scalability.ini]
[2020.02.13-15.01.45:845][  0]LogConfig: Setting CVar [[r.MotionBlurQuality:4]]
[2020.02.13-15.01.45:845][  0]LogConfig: Setting CVar [[r.AmbientOcclusionMipLevelFactor:0.4]]
[2020.02.13-15.01.45:845][  0]LogConfig: Setting CVar [[r.AmbientOcclusionMaxQuality:100]]
[2020.02.13-15.01.45:845][  0]LogConfig: Setting CVar [[r.AmbientOcclusionLevels:-1]]
[2020.02.13-15.01.45:845][  0]LogConfig: Setting CVar [[r.AmbientOcclusionRadiusScale:1.0]]
[2020.02.13-15.01.45:845][  0]LogConfig: Setting CVar [[r.DepthOfFieldQuality:2]]
[2020.02.13-15.01.45:845][  0]LogConfig: Setting CVar [[r.RenderTargetPoolMin:400]]
[2020.02.13-15.01.45:845][  0]LogConfig: Setting CVar [[r.LensFlareQuality:2]]
[2020.02.13-15.01.45:845][  0]LogConfig: Setting CVar [[r.SceneColorFringeQuality:1]]
[2020.02.13-15.01.45:845][  0]LogConfig: Setting CVar [[r.EyeAdaptationQuality:2]]
[2020.02.13-15.01.45:845][  0]LogConfig: Setting CVar [[r.BloomQuality:5]]
[2020.02.13-15.01.45:845][  0]LogConfig: Setting CVar [[r.FastBlurThreshold:100]]
[2020.02.13-15.01.45:845][  0]LogConfig: Setting CVar [[r.Upscale.Quality:3]]
[2020.02.13-15.01.45:845][  0]LogConfig: Setting CVar [[r.Tonemapper.GrainQuantization:1]]
[2020.02.13-15.01.45:845][  0]LogConfig: Setting CVar [[r.LightShaftQuality:1]]
[2020.02.13-15.01.45:845][  0]LogConfig: Setting CVar [[r.Filter.SizeScale:1]]
[2020.02.13-15.01.45:845][  0]LogConfig: Setting CVar [[r.Tonemapper.Quality:5]]
[2020.02.13-15.01.45:845][  0]LogConfig: Setting CVar [[r.DOF.Gather.AccumulatorQuality:1        ; higher gathering accumulator quality]]
[2020.02.13-15.01.45:845][  0]LogConfig: Setting CVar [[r.DOF.Gather.PostfilterMethod:1          ; Median3x3 postfilering method]]
[2020.02.13-15.01.45:845][  0]LogConfig: Setting CVar [[r.DOF.Gather.EnableBokehSettings:0       ; no bokeh simulation when gathering]]
[2020.02.13-15.01.45:845][  0]LogConfig: Setting CVar [[r.DOF.Gather.RingCount:4                 ; medium number of samples when gathering]]
[2020.02.13-15.01.45:845][  0]LogConfig: Setting CVar [[r.DOF.Scatter.ForegroundCompositing:1    ; additive foreground scattering]]
[2020.02.13-15.01.45:845][  0]LogConfig: Setting CVar [[r.DOF.Scatter.BackgroundCompositing:2    ; additive background scattering]]
[2020.02.13-15.01.45:845][  0]LogConfig: Setting CVar [[r.DOF.Scatter.EnableBokehSettings:1      ; bokeh simulation when scattering]]
[2020.02.13-15.01.45:845][  0]LogConfig: Setting CVar [[r.DOF.Scatter.MaxSpriteRatio:0.1         ; only a maximum of 10% of scattered bokeh]]
[2020.02.13-15.01.45:845][  0]LogConfig: Setting CVar [[r.DOF.Recombine.Quality:1                ; cheap slight out of focus]]
[2020.02.13-15.01.45:845][  0]LogConfig: Setting CVar [[r.DOF.Recombine.EnableBokehSettings:0    ; no bokeh simulation on slight out of focus]]
[2020.02.13-15.01.45:845][  0]LogConfig: Setting CVar [[r.DOF.TemporalAAQuality:1                ; more stable temporal accumulation]]
[2020.02.13-15.01.45:845][  0]LogConfig: Setting CVar [[r.DOF.Kernel.MaxForegroundRadius:0.025]]
[2020.02.13-15.01.45:845][  0]LogConfig: Setting CVar [[r.DOF.Kernel.MaxBackgroundRadius:0.025]]
[2020.02.13-15.01.45:846][  0]LogConfig: Applying CVar settings from Section [TextureQuality@3] File [D:/Pentum/Pentum/Pentum/Saved/Config/Windows/Scalability.ini]
[2020.02.13-15.01.45:846][  0]LogConfig: Setting CVar [[r.Streaming.MipBias:0]]
[2020.02.13-15.01.45:846][  0]LogConfig: Setting CVar [[r.Streaming.AmortizeCPUToGPUCopy:0]]
[2020.02.13-15.01.45:846][  0]LogConfig: Setting CVar [[r.Streaming.MaxNumTexturesToStreamPerFrame:0]]
[2020.02.13-15.01.45:846][  0]LogConfig: Setting CVar [[r.Streaming.Boost:1]]
[2020.02.13-15.01.45:846][  0]LogConfig: Setting CVar [[r.MaxAnisotropy:8]]
[2020.02.13-15.01.45:846][  0]LogConfig: Setting CVar [[r.Streaming.LimitPoolSizeToVRAM:0]]
[2020.02.13-15.01.45:846][  0]LogConfig: Setting CVar [[r.Streaming.PoolSize:1000]]
[2020.02.13-15.01.45:846][  0]LogConfig: Setting CVar [[r.Streaming.MaxEffectiveScreenSize:0]]
[2020.02.13-15.01.45:846][  0]LogConfig: Applying CVar settings from Section [EffectsQuality@3] File [D:/Pentum/Pentum/Pentum/Saved/Config/Windows/Scalability.ini]
[2020.02.13-15.01.45:846][  0]LogConfig: Setting CVar [[r.TranslucencyLightingVolumeDim:64]]
[2020.02.13-15.01.45:846][  0]LogConfig: Setting CVar [[r.RefractionQuality:2]]
[2020.02.13-15.01.45:846][  0]LogConfig: Setting CVar [[r.SSR.Quality:3]]
[2020.02.13-15.01.45:846][  0]LogConfig: Setting CVar [[r.SceneColorFormat:4]]
[2020.02.13-15.01.45:846][  0]LogConfig: Setting CVar [[r.DetailMode:2]]
[2020.02.13-15.01.45:846][  0]LogConfig: Setting CVar [[r.TranslucencyVolumeBlur:1]]
[2020.02.13-15.01.45:846][  0]LogConfig: Setting CVar [[r.MaterialQualityLevel:1 ; High quality]]
[2020.02.13-15.01.45:846][  0]LogConfig: Setting CVar [[r.SSS.Scale:1]]
[2020.02.13-15.01.45:846][  0]LogConfig: Setting CVar [[r.SSS.SampleSet:2]]
[2020.02.13-15.01.45:846][  0]LogConfig: Setting CVar [[r.SSS.Quality:1]]
[2020.02.13-15.01.45:846][  0]LogConfig: Setting CVar [[r.SSS.HalfRes:1]]
[2020.02.13-15.01.45:846][  0]LogConfig: Setting CVar [[r.EmitterSpawnRateScale:1.0]]
[2020.02.13-15.01.45:846][  0]LogConfig: Setting CVar [[r.ParticleLightQuality:2]]
[2020.02.13-15.01.45:846][  0]LogConfig: Applying CVar settings from Section [FoliageQuality@3] File [D:/Pentum/Pentum/Pentum/Saved/Config/Windows/Scalability.ini]
[2020.02.13-15.01.45:846][  0]LogConfig: Setting CVar [[foliage.DensityScale:1.0]]
[2020.02.13-15.01.45:846][  0]LogConfig: Setting CVar [[grass.DensityScale:1.0]]
[2020.02.13-15.01.45:846][  0]LogConfig: Applying CVar settings from Section [Startup] File [../../../Engine/Config/ConsoleVariables.ini]
[2020.02.13-15.01.45:846][  0]LogConfig: Setting CVar [[net.UseAdaptiveNetUpdateFrequency:0]]
[2020.02.13-15.01.45:846][  0]LogConfig: Setting CVar [[p.chaos.AllowCreatePhysxBodies:1]]
[2020.02.13-15.01.45:846][  0]LogConfig: Applying CVar settings from Section [ConsoleVariables] File [D:/Pentum/Pentum/Pentum/Saved/Config/Windows/Engine.ini]
[2020.02.13-15.01.45:846][  0]LogInit: Computer: MUC-A-1040
[2020.02.13-15.01.45:846][  0]LogInit: User: reluthe
[2020.02.13-15.01.45:846][  0]LogInit: CPU Page size=4096, Cores=4
[2020.02.13-15.01.45:846][  0]LogInit: High frequency timer resolution =10.000000 MHz
[2020.02.13-15.01.45:846][  0]LogMemory: Memory total: Physical=16.0GB (16GB approx)
[2020.02.13-15.01.45:846][  0]LogMemory: Platform Memory Stats for Windows
[2020.02.13-15.01.45:846][  0]LogMemory: Process Physical Memory: 99.98 MB used, 99.98 MB peak
[2020.02.13-15.01.45:846][  0]LogMemory: Process Virtual Memory: 99.29 MB used, 99.29 MB peak
[2020.02.13-15.01.45:847][  0]LogMemory: Physical Memory: 5149.26 MB used,  11199.57 MB free, 16348.82 MB total
[2020.02.13-15.01.45:847][  0]LogMemory: Virtual Memory: 4666.88 MB used,  134213064.00 MB free, 134217728.00 MB total
[2020.02.13-15.01.45:850][  0]LogWindows: WindowsPlatformFeatures enabled
[2020.02.13-15.01.45:868][  0]LogInit: Using OS detected language (en-US).
[2020.02.13-15.01.45:868][  0]LogInit: Using OS detected locale (en-US).
[2020.02.13-15.01.45:869][  0]LogTextLocalizationManager: No specific localization for 'en-US' exists, so the 'en' localization will be used.
[2020.02.13-15.01.46:061][  0]LogInit: Setting process to per monitor DPI aware
[2020.02.13-15.01.46:094][  0]LogSlate: New Slate User Created.  User Index 0, Is Virtual User: 0
[2020.02.13-15.01.46:094][  0]LogSlate: Slate User Registered.  User Index 0, Is Virtual User: 0
[2020.02.13-15.01.46:314][  0]LogHMD: Failed to initialize OpenVR with code 110
[2020.02.13-15.01.46:314][  0]LogD3D11RHI: D3D11 adapters:
[2020.02.13-15.01.46:398][  0]LogD3D11RHI:    0. 'NVIDIA GeForce GTX 970' (Feature Level 11_0)
[2020.02.13-15.01.46:398][  0]LogD3D11RHI:       4043/0/8174 MB DedicatedVideo/DedicatedSystem/SharedSystem, Outputs:2, VendorId:0x10de
[2020.02.13-15.01.46:400][  0]LogD3D11RHI:    1. 'Microsoft Basic Render Driver' (Feature Level 11_0)
[2020.02.13-15.01.46:400][  0]LogD3D11RHI:       0/0/8174 MB DedicatedVideo/DedicatedSystem/SharedSystem, Outputs:0, VendorId:0x1414
[2020.02.13-15.01.46:400][  0]LogD3D11RHI: Chosen D3D11 Adapter: 0
[2020.02.13-15.01.46:410][  0]LogD3D11RHI: Creating new Direct3DDevice
[2020.02.13-15.01.46:410][  0]LogD3D11RHI:     GPU DeviceId: 0x13c2 (for the marketing name, search the web for "GPU Device Id")
[2020.02.13-15.01.46:410][  0]LogWindows: EnumDisplayDevices:
[2020.02.13-15.01.46:410][  0]LogWindows:    0. 'NVIDIA GeForce GTX 970' (P:1 D:1)
[2020.02.13-15.01.46:410][  0]LogWindows:    1. 'NVIDIA GeForce GTX 970' (P:0 D:1)
[2020.02.13-15.01.46:411][  0]LogWindows:    2. 'NVIDIA GeForce GTX 970' (P:0 D:0)
[2020.02.13-15.01.46:411][  0]LogWindows:    3. 'NVIDIA GeForce GTX 970' (P:0 D:0)
[2020.02.13-15.01.46:411][  0]LogWindows: DebugString: FoundDriverCount:4 
[2020.02.13-15.01.46:412][  0]LogD3D11RHI:     Adapter Name: NVIDIA GeForce GTX 970
[2020.02.13-15.01.46:412][  0]LogD3D11RHI:   Driver Version: 441.12 (internal:26.21.14.4112, unified:441.12)
[2020.02.13-15.01.46:412][  0]LogD3D11RHI:      Driver Date: 10-24-2019
[2020.02.13-15.01.46:412][  0]LogRHI: Texture pool is 2830 MB (70% of 4043 MB)
[2020.02.13-15.01.46:470][  0]LogD3D11RHI: Async texture creation enabled
[2020.02.13-15.01.46:482][  0]LogD3D11RHI: GPU Timing Frequency: 1000.000000 (Debug: 2 1)
[2020.02.13-15.01.46:860][  0]LogTemp: Display: Module 'AllDesktopTargetPlatform' loaded TargetPlatform 'AllDesktop'
[2020.02.13-15.01.46:869][  0]LogTemp: Display: Module 'MacClientTargetPlatform' loaded TargetPlatform 'MacClient'
[2020.02.13-15.01.46:881][  0]LogTemp: Display: Module 'MacNoEditorTargetPlatform' loaded TargetPlatform 'MacNoEditor'
[2020.02.13-15.01.46:893][  0]LogTemp: Display: Module 'MacServerTargetPlatform' loaded TargetPlatform 'MacServer'
[2020.02.13-15.01.46:903][  0]LogTemp: Display: Module 'MacTargetPlatform' loaded TargetPlatform 'Mac'
[2020.02.13-15.01.46:911][  0]LogTemp: Display: Module 'WindowsClientTargetPlatform' loaded TargetPlatform 'WindowsClient'
[2020.02.13-15.01.46:921][  0]LogTemp: Display: Module 'WindowsNoEditorTargetPlatform' loaded TargetPlatform 'WindowsNoEditor'
[2020.02.13-15.01.46:930][  0]LogTemp: Display: Module 'WindowsServerTargetPlatform' loaded TargetPlatform 'WindowsServer'
[2020.02.13-15.01.46:935][  0]LogTemp: Display: Module 'WindowsTargetPlatform' loaded TargetPlatform 'Windows'
[2020.02.13-15.01.46:968][  0]LogTemp: Display: Module 'AndroidTargetPlatform' loaded TargetPlatform 'Android'
[2020.02.13-15.01.46:968][  0]LogTemp: Display: Module 'AndroidTargetPlatform' loaded TargetPlatform 'Android_ASTC'
[2020.02.13-15.01.46:968][  0]LogTemp: Display: Module 'AndroidTargetPlatform' loaded TargetPlatform 'Android_ATC'
[2020.02.13-15.01.46:968][  0]LogTemp: Display: Module 'AndroidTargetPlatform' loaded TargetPlatform 'Android_DXT'
[2020.02.13-15.01.46:968][  0]LogTemp: Display: Module 'AndroidTargetPlatform' loaded TargetPlatform 'Android_ETC1'
[2020.02.13-15.01.46:968][  0]LogTemp: Display: Module 'AndroidTargetPlatform' loaded TargetPlatform 'Android_ETC1a'
[2020.02.13-15.01.46:968][  0]LogTemp: Display: Module 'AndroidTargetPlatform' loaded TargetPlatform 'Android_ETC2'
[2020.02.13-15.01.46:968][  0]LogTemp: Display: Module 'AndroidTargetPlatform' loaded TargetPlatform 'Android_PVRTC'
[2020.02.13-15.01.46:968][  0]LogTemp: Display: Module 'AndroidTargetPlatform' loaded TargetPlatform 'AndroidClient'
[2020.02.13-15.01.46:968][  0]LogTemp: Display: Module 'AndroidTargetPlatform' loaded TargetPlatform 'Android_ASTCClient'
[2020.02.13-15.01.46:968][  0]LogTemp: Display: Module 'AndroidTargetPlatform' loaded TargetPlatform 'Android_ATCClient'
[2020.02.13-15.01.46:968][  0]LogTemp: Display: Module 'AndroidTargetPlatform' loaded TargetPlatform 'Android_DXTClient'
[2020.02.13-15.01.46:968][  0]LogTemp: Display: Module 'AndroidTargetPlatform' loaded TargetPlatform 'Android_ETC1Client'
[2020.02.13-15.01.46:968][  0]LogTemp: Display: Module 'AndroidTargetPlatform' loaded TargetPlatform 'Android_ETC1aClient'
[2020.02.13-15.01.46:968][  0]LogTemp: Display: Module 'AndroidTargetPlatform' loaded TargetPlatform 'Android_ETC2Client'
[2020.02.13-15.01.46:968][  0]LogTemp: Display: Module 'AndroidTargetPlatform' loaded TargetPlatform 'Android_PVRTCClient'
[2020.02.13-15.01.46:968][  0]LogTemp: Display: Module 'AndroidTargetPlatform' loaded TargetPlatform 'Android_Multi'
[2020.02.13-15.01.46:968][  0]LogTemp: Display: Module 'AndroidTargetPlatform' loaded TargetPlatform 'Android_MultiClient'
[2020.02.13-15.01.46:971][  0]LogTemp: Display: Module 'HTML5TargetPlatform' loaded TargetPlatform 'HTML5'
[2020.02.13-15.01.46:988][  0]LogTemp: Display: Module 'IOSTargetPlatform' loaded TargetPlatform 'IOSClient'
[2020.02.13-15.01.46:988][  0]LogTemp: Display: Module 'IOSTargetPlatform' loaded TargetPlatform 'IOS'
[2020.02.13-15.01.47:003][  0]LogTemp: Display: Module 'TVOSTargetPlatform' loaded TargetPlatform 'TVOSClient'
[2020.02.13-15.01.47:003][  0]LogTemp: Display: Module 'TVOSTargetPlatform' loaded TargetPlatform 'TVOS'
[2020.02.13-15.01.47:011][  0]LogTemp: Display: Module 'LinuxClientTargetPlatform' loaded TargetPlatform 'LinuxClient'
[2020.02.13-15.01.47:018][  0]LogTemp: Display: Module 'LinuxNoEditorTargetPlatform' loaded TargetPlatform 'LinuxNoEditor'
[2020.02.13-15.01.47:027][  0]LogTemp: Display: Module 'LinuxServerTargetPlatform' loaded TargetPlatform 'LinuxServer'
[2020.02.13-15.01.47:035][  0]LogTemp: Display: Module 'LinuxTargetPlatform' loaded TargetPlatform 'Linux'
[2020.02.13-15.01.47:061][  0]LogTemp: Display: Module 'LuminTargetPlatform' loaded TargetPlatform 'Lumin'
[2020.02.13-15.01.47:062][  0]LogTemp: Display: Module 'LuminTargetPlatform' loaded TargetPlatform 'LuminClient'
[2020.02.13-15.01.47:062][  0]LogTargetPlatformManager: Display: Building Assets For Windows
[2020.02.13-15.01.47:071][  0]LogAudioDebug: Display: Lib vorbis DLL was dynamically loaded.
[2020.02.13-15.01.47:124][  0]LogShaderCompilers: Guid format shader working directory is 13 characters bigger than the processId version (../../../../../Pentum/Pentum/Pentum/Intermediate/Shaders/WorkingDirectory/4532/).
[2020.02.13-15.01.47:124][  0]LogShaderCompilers: Cleaned the shader compiler working directory 'C:/Users/reluthe/AppData/Local/Temp/UnrealShaderWorkingDir/9CF7F065424464A87C91DAB880266867/'.
[2020.02.13-15.01.47:127][  0]LogXGEController: Cannot use XGE Controller as Incredibuild is not installed on this machine.
[2020.02.13-15.01.47:127][  0]LogShaderCompilers: Cannot use XGE Shader Compiler as Incredibuild is not installed on this machine.
[2020.02.13-15.01.47:127][  0]LogShaderCompilers: Display: Using Local Shader Compiler.
[2020.02.13-15.01.47:852][  0]LogDerivedDataCache: Display: Max Cache Size: 512 MB
[2020.02.13-15.01.47:920][  0]LogDerivedDataCache: Loaded boot cache 0.07s 73MB C:/Users/reluthe/AppData/Local/UnrealEngine/4.23/DerivedDataCache/Boot.ddc.
[2020.02.13-15.01.47:920][  0]LogDerivedDataCache: Display: Loaded Boot cache: C:/Users/reluthe/AppData/Local/UnrealEngine/4.23/DerivedDataCache/Boot.ddc
[2020.02.13-15.01.47:920][  0]LogDerivedDataCache: FDerivedDataBackendGraph:  Pak pak cache file ../../../../../Pentum/Pentum/Pentum/DerivedDataCache/DDC.ddp not found, will not use a pak cache.
[2020.02.13-15.01.47:920][  0]LogDerivedDataCache: Unable to find inner node Pak for hierarchical cache Hierarchy.
[2020.02.13-15.01.47:920][  0]LogDerivedDataCache: FDerivedDataBackendGraph:  CompressedPak pak cache file ../../../../../Pentum/Pentum/Pentum/DerivedDataCache/Compressed.ddp not found, will not use a pak cache.
[2020.02.13-15.01.47:920][  0]LogDerivedDataCache: Unable to find inner node CompressedPak for hierarchical cache Hierarchy.
[2020.02.13-15.01.47:933][  0]LogDerivedDataCache: Display: Pak cache opened for reading ../../../Engine/DerivedDataCache/Compressed.ddp.
[2020.02.13-15.01.47:933][  0]LogDerivedDataCache: FDerivedDataBackendGraph:  EnterprisePak pak cache file ../../../Enterprise/DerivedDataCache/Compressed.ddp not found, will not use a pak cache.
[2020.02.13-15.01.47:933][  0]LogDerivedDataCache: Unable to find inner node EnterprisePak for hierarchical cache Hierarchy.
[2020.02.13-15.01.47:934][  0]LogDerivedDataCache: Using Local data cache path C:/Users/reluthe/AppData/Local/UnrealEngine/Common/DerivedDataCache: Writable
[2020.02.13-15.01.47:934][  0]LogDerivedDataCache: Shared data cache path not found in *engine.ini, will not use an Shared cache.
[2020.02.13-15.01.47:934][  0]LogDerivedDataCache: Unable to find inner node Shared for hierarchical cache Hierarchy.
[2020.02.13-15.01.47:966][  0]LogMaterial: Verifying Global Shaders for PCD3D_SM5
[2020.02.13-15.01.47:970][  0]LogSlate: Using FreeType 2.6.0
[2020.02.13-15.01.47:971][  0]LogSlate: SlateFontServices - WITH_FREETYPE: 1, WITH_HARFBUZZ: 1
[2020.02.13-15.01.48:042][  0]LogAssetRegistry: FAssetRegistry took 0.0023 seconds to start up
[2020.02.13-15.01.48:422][  0]LogLinker: Warning: Failed to read package file summary, the file "../../../../../Pentum/Pentum/Pentum/Content/Assets/Logs_normal/Logs_animated_Ganzobenrlinks_Height.uasset" is too small (0 bytes, expected at least 32 bytes)
[2020.02.13-15.01.48:422][  0]LogLinker: Warning: Failed to read package file summary, the file "../../../../../Pentum/Pentum/Pentum/Content/Assets/Logs_normal/Logs_animated_Ganzobenrlinks_Metallic.uasset" is too small (0 bytes, expected at least 32 bytes)
[2020.02.13-15.01.48:422][  0]LogLinker: Warning: Failed to read package file summary, the file "../../../../../Pentum/Pentum/Pentum/Content/Assets/Logs_normal/Logs_animated_Ganzobenrlinks_Normal.uasset" is too small (0 bytes, expected at least 32 bytes)
[2020.02.13-15.01.48:422][  0]LogLinker: Warning: Failed to read package file summary, the file "../../../../../Pentum/Pentum/Pentum/Content/Assets/Logs_normal/Logs_animated_Ganzobenrlinks_Roughness.uasset" is too small (0 bytes, expected at least 32 bytes)
[2020.02.13-15.01.48:422][  0]LogLinker: Warning: Failed to read package file summary, the file "../../../../../Pentum/Pentum/Pentum/Content/Assets/Logs_normal/Logs_animated_mittelinks_AO.uasset" is too small (0 bytes, expected at least 32 bytes)
[2020.02.13-15.01.48:422][  0]LogLinker: Warning: Failed to read package file summary, the file "../../../../../Pentum/Pentum/Pentum/Content/Assets/Logs_normal/Logs_animated_mittelinks_BaseColor.uasset" is too small (0 bytes, expected at least 32 bytes)
[2020.02.13-15.01.48:422][  0]LogLinker: Warning: Failed to read package file summary, the file "../../../../../Pentum/Pentum/Pentum/Content/Assets/Logs_normal/Logs_animated_mittelinks_Height.uasset" is too small (0 bytes, expected at least 32 bytes)
[2020.02.13-15.01.48:422][  0]LogLinker: Warning: Failed to read package file summary, the file "../../../../../Pentum/Pentum/Pentum/Content/Assets/Logs_normal/Logs_animated_mittelinks_Metallic.uasset" is too small (0 bytes, expected at least 32 bytes)
[2020.02.13-15.01.48:422][  0]LogInit: Selected Device Profile: [Windows]
[2020.02.13-15.01.48:619][  0]LogMeshReduction: Using QuadricMeshReduction for automatic static mesh reduction
[2020.02.13-15.01.48:619][  0]LogMeshReduction: Using SimplygonMeshReduction for automatic skeletal mesh reduction
[2020.02.13-15.01.48:619][  0]LogMeshReduction: Using ProxyLODMeshReduction for automatic mesh merging
[2020.02.13-15.01.48:619][  0]LogMeshReduction: No distributed automatic mesh merging module available
[2020.02.13-15.01.48:619][  0]LogMeshMerging: No distributed automatic mesh merging module available
[2020.02.13-15.01.48:629][  0]LogNetVersion: Pentum 1.0.0, NetCL: 8386587, EngineNetVer: 11, GameNetVer: 0 (Checksum: 2920029503)
[2020.02.13-15.01.49:059][  0]LogPackageLocalizationCache: Processed 12 localized package path(s) for 1 prioritized culture(s) in 0.046926 seconds
[2020.02.13-15.01.49:068][  0]LogUObjectArray: 43444 objects as part of root set at end of initial load.
[2020.02.13-15.01.49:068][  0]LogUObjectAllocator: 7548648 out of 0 bytes used by permanent object pool.
[2020.02.13-15.01.49:068][  0]LogUObjectArray: CloseDisregardForGC: 0/0 objects in disregard for GC pool
[2020.02.13-15.01.50:015][  0]LogTcpMessaging: Initializing TcpMessaging bridge
[2020.02.13-15.01.50:018][  0]LogUdpMessaging: Initializing bridge on interface 0.0.0.0:0 to multicast group 230.0.0.1:6666.
[2020.02.13-15.01.50:085][  0]SourceControl: Source control is disabled
[2020.02.13-15.01.50:085][  0]SourceControl: Source control is disabled
[2020.02.13-15.01.50:087][  0]SourceControl: Source control is disabled
[2020.02.13-15.01.50:088][  0]SourceControl: Source control is disabled
[2020.02.13-15.01.50:100][  0]LogVSAccessor: Display: Unable to create Visual Studio setup instance: 80040154
[2020.02.13-15.01.50:101][  0]LogVSAccessor: Display: Unable to create Visual Studio setup instance: 80040154
[2020.02.13-15.01.50:185][  0]LogAndroidPermission: UAndroidPermissionCallbackProxy::GetInstance
[2020.02.13-15.01.50:385][  0]LogOcInput: OculusInput pre-init called
[2020.02.13-15.01.50:391][  0]LogWindows: Failed to load 'OVRPlugin.dll' (GetLastError=126)
[2020.02.13-15.01.50:391][  0]LogWindows: File 'OVRPlugin.dll' does not exist
[2020.02.13-15.01.50:460][  0]LogEngine: Initializing Engine...
[2020.02.13-15.01.50:461][  0]LogHMD: Failed to initialize OpenVR with code 110
[2020.02.13-15.01.50:462][  0]LogStats: UGameplayTagsManager::InitializeManager -  0.000 s
[2020.02.13-15.01.50:723][  0]LogInit: Initializing FReadOnlyCVARCache
[2020.02.13-15.01.50:742][  0]LogAIModule: Creating AISystem for world Untitled
[2020.02.13-15.01.50:803][  0]LogInit: XAudio2 using 'PL2875UH (NVIDIA High Definition Audio)' : 2 channels at 48 kHz using 16 bits per sample (channel mask 0x3)
[2020.02.13-15.01.50:828][  0]LogInit: FAudioDevice initialized.
[2020.02.13-15.01.50:829][  0]LogNetVersion: Set ProjectVersion to 1.0.0.0. Version Checksum will be recalculated on next use.
[2020.02.13-15.01.50:985][  0]LogDerivedDataCache: Saved boot cache 0.16s 73MB C:/Users/reluthe/AppData/Local/UnrealEngine/4.23/DerivedDataCache/Boot.ddc.
[2020.02.13-15.01.50:986][  0]LogInit: Texture streaming: Enabled
[2020.02.13-15.01.51:003][  0]LogEngineSessionManager: EngineSessionManager initialized
[2020.02.13-15.01.51:003][  0]LogEditorSessionSummary: Verbose: Initializing EditorSessionSummaryWriter for editor session tracking
[2020.02.13-15.01.51:005][  0]LogEditorSessionSummary: EditorSessionSummaryWriter initialized
[2020.02.13-15.01.51:040][  0]LogInit: Transaction tracking system initialized
[2020.02.13-15.01.51:073][  0]BlueprintLog: New page: Editor Load
[2020.02.13-15.01.51:150][  0]LocalizationService: Localization service is disabled
[2020.02.13-15.01.51:226][  0]LogVSAccessor: Display: Unable to create Visual Studio setup instance: 80040154
[2020.02.13-15.01.51:227][  0]LogVSAccessor: Display: Unable to create Visual Studio setup instance: 80040154
[2020.02.13-15.01.51:443][  0]LogCook: Display: Max memory allowance for cook 16384mb min free memory 0mb
[2020.02.13-15.01.51:443][  0]LogCook: Display: Mobile HDR setting 1
[2020.02.13-15.01.51:720][  0]LogFileCache: Scanning file cache for directory 'D:/Pentum/Pentum/Pentum/Content/' took 0.06s
[2020.02.13-15.01.51:720][  0]SourceControl: Source control is disabled
[2020.02.13-15.01.51:720][  0]Cmd: MAP LOAD FILE="../../../../../Pentum/Pentum/Pentum/Content/Map/Pentum.umap" TEMPLATE=0 SHOWPROGRESS=1 FEATURELEVEL=3
[2020.02.13-15.01.51:721][  0]LightingResults: New page: Lighting Build
[2020.02.13-15.01.51:725][  0]LogWorld: UWorld::CleanupWorld for Untitled, bSessionEnded=true, bCleanupResources=true
[2020.02.13-15.01.51:725][  0]MapCheck: New page: Map Check
[2020.02.13-15.01.51:725][  0]LightingResults: New page: Lighting Build
[2020.02.13-15.01.51:750][  0]LogUObjectHash: Compacting FUObjectHashTables data took   1.98ms
[2020.02.13-15.01.52:398][  0]LogBlueprint: Warning: [Compiler FirstPersonCharacter] Could not find a variable named "m_snapTargets" in 'ItemRegister_C'.
Make sure 'ItemRegister_C' has been compiled for  Get m_snapTargets
[2020.02.13-15.01.52:462][  0]LogBlueprint: Error: [Compiler FirstPersonCharacter] The property associated with  M Snap Targets  could not be found in '/Game/FirstPerson/Blueprints/FirstPersonCharacter.FirstPersonCharacter_C'
[2020.02.13-15.01.52:635][  0]LogLinker: Warning: While loading '../../../../../Pentum/Pentum/Pentum/Content/Map/Pentum.umap' failed to load '/Game/Map/Pentum_BuiltData': Can't find file.
[2020.02.13-15.01.52:635][  0]LogLinker: Warning: While loading '../../../../../Pentum/Pentum/Pentum/Content/Map/Pentum.umap' failed to load '/Game/Map/Pentum_BuiltData': Can't find file.
[2020.02.13-15.01.53:397][  0]LogLinker: Warning: While loading '../../../../../Pentum/Pentum/Pentum/Content/Map/Pentum.umap' failed to load '/Game/Map/Pentum_BuiltData': Can't find file.
[2020.02.13-15.01.53:397][  0]LogLinker: Warning: While loading '../../../../../Pentum/Pentum/Pentum/Content/Map/Pentum.umap' failed to load '/Game/Map/Pentum_BuiltData': Can't find file.
[2020.02.13-15.01.53:427][  0]LogLinker: Warning: Failed to load '/Game/Map/Pentum_BuiltData': Can't find file.
[2020.02.13-15.01.53:427][  0]LogLinker: Warning: Failed to load '/Game/Map/Pentum_BuiltData': Can't find file.
[2020.02.13-15.01.53:427][  0]LogLinker: Warning: Failed to load '/Game/Map/Pentum_BuiltData': Can't find file.
[2020.02.13-15.01.53:427][  0]LogLinker: Warning: Failed to load '/Game/Map/Pentum_BuiltData': Can't find file.
[2020.02.13-15.01.53:500][  0]LogBlueprint: Warning: [Compiler PersistentLevel.Pentum] Could not find a variable named "SnapTarget" in 'ItemRegister_C'.
Make sure 'ItemRegister_C' has been compiled for  Get SnapTarget
[2020.02.13-15.01.53:503][  0]LogBlueprint: Error: [Compiler PersistentLevel.Pentum] The property associated with  Snap Target  could not be found in '/Game/Map/Pentum.Pentum_C'
[2020.02.13-15.01.54:481][  0]LogLinker: Warning: While loading '../../../../../Pentum/Pentum/Pentum/Content/Map/Pentum.umap' failed to load '/Game/Map/Pentum_BuiltData': Can't find file.
[2020.02.13-15.01.54:482][  0]LoadErrors: Failed to load /Game/Map/Pentum_BuiltData.Pentum_BuiltData Referenced by PersistentLevel
[2020.02.13-15.01.54:482][  0]LogLinker: Warning: While loading '../../../../../Pentum/Pentum/Pentum/Content/Map/Pentum.umap' failed to load '/Game/Map/Pentum_BuiltData': Can't find file.
[2020.02.13-15.01.54:482][  0]LoadErrors: Failed to load /Game/Map/Pentum_BuiltData.Pentum_BuiltData Referenced by PersistentLevel
[2020.02.13-15.01.55:052][  0]LogMaterial: Display: Missing cached shader map for material M_Sky_Panning_Clouds_moon_02, compiling. 
[2020.02.13-15.01.55:078][  0]LogMaterial: Display: Missing cached shader map for material Sitzflaeche, compiling. 
[2020.02.13-15.01.55:335][  0]LogMemory: Warning: Freeing 33554432 bytes from backup pool to handle out of memory.
[2020.02.13-15.01.55:335][  0]LogMemory: Warning: MemoryStats:
	AvailablePhysical 3316232192
	 AvailableVirtual 140731242881024
	     UsedPhysical 774889472
	 PeakUsedPhysical 784646144
	      UsedVirtual 1106165760
	  PeakUsedVirtual 1240899584
[2020.02.13-15.01.55:335][  0]Allocator Stats for TBB: (not implemented)
[2020.02.13-15.01.55:335][  0]LogWindows: Windows GetLastError: The operation completed successfully. (0)
[2020.02.13-15.01.55:335][  0]LogCompression: Error: FCompression::UncompressMemory - Failed to uncompress memory (131118/131072) from address 0x000000004AF14300 using format Zlib, this may indicate the asset is corrupt!
[2020.02.13-15.01.55:335][  0]LogShaderCompilers: Display: Worker (1/5): shaders left to compile 5
[2020.02.13-15.01.55:335][  0]LogShaderCompilers: Display: Worker (2/5): shaders left to compile 3
[2020.02.13-15.01.55:336][  0]LogShaderCompilers: Display: Worker (3/5): shaders left to compile 1
[2020.02.13-15.01.55:336][  0]LogD3D11RHI: Error: Direct3DDevice->CreateBuffer(&Desc,pInitData,IndexBufferResource.GetInitReference()) failed 
 at D:/Build/++UE4/Sync/Engine/Source/Runtime/Windows/D3D11RHI/Private/D3D11IndexBuffer.cpp:56 
 with error E_OUTOFMEMORY
[2020.02.13-15.01.55:336][  0]LogCompression: Error: FCompression::UncompressMemory - Failed to uncompress memory (127907/131072) from address 0x0000000049BE0440 using format Zlib, this may indicate the asset is corrupt!
[2020.02.13-15.01.55:336][  0]LogWindows: Warning: CreateProc failed: The paging file is too small for this operation to complete. (0x000005af)
[2020.02.13-15.01.55:336][  0]LogWindows: Warning: URL: D:/EpicGames/UE_4.23/Engine/Binaries/Win64/ShaderCompileWorker.exe "C:/Users/reluthe/AppData/Local/Temp/UnrealShaderWorkingDir/9CF7F065424464A87C91DAB880266867/0/" 4532 0 WorkerInputOnly.in WorkerOutputOnly.out -communicatethroughfile  -TimeToLive=20.000000 -Multiprocess
[2020.02.13-15.01.55:336][  0]LogMaterial: Display: Missing cached shader map for material Beine, compiling. 
[2020.02.13-15.01.55:393][  0]LogMaterial: Display: Missing cached shader map for material ItemShineMaterial, compiling. 
[2020.02.13-15.01.57:550][  0]LogWindows: Warning: SymLoadModuleExW. Error: 14
[2020.02.13-15.01.57:550][  0]LogWindows: Warning: SymLoadModuleExW. Error: 14
[2020.02.13-15.01.57:550][  0]LogWindows: Warning: SymLoadModuleExW. Error: 14
[2020.02.13-15.01.57:550][  0]LogWindows: Warning: SymLoadModuleExW. Error: 14
[2020.02.13-15.01.57:550][  0]LogWindows: Warning: SymLoadModuleExW. Error: 14
[2020.02.13-15.01.57:550][  0]LogWindows: Warning: SymLoadModuleExW. Error: 14
[2020.02.13-15.01.57:550][  0]LogWindows: Warning: SymLoadModuleExW. Error: 14
[2020.02.13-15.01.57:550][  0]LogWindows: Warning: SymLoadModuleExW. Error: 14
[2020.02.13-15.01.57:550][  0]LogWindows: Warning: SymLoadModuleExW. Error: 14
[2020.02.13-15.01.57:550][  0]LogWindows: Warning: SymLoadModuleExW. Error: 14
[2020.02.13-15.01.57:550][  0]LogWindows: Warning: SymLoadModuleExW. Error: 14
[2020.02.13-15.01.57:550][  0]LogWindows: Warning: SymLoadModuleExW. Error: 8
[2020.02.13-15.01.57:550][  0]LogWindows: Warning: SymLoadModuleExW. Error: 14
[2020.02.13-15.01.57:550][  0]LogWindows: Warning: SymLoadModuleExW. Error: 14
[2020.02.13-15.01.57:550][  0]LogWindows: Warning: SymLoadModuleExW. Error: 14
[2020.02.13-15.01.57:550][  0]LogWindows: Warning: SymLoadModuleExW. Error: 14
[2020.02.13-15.01.57:550][  0]LogWindows: Warning: SymLoadModuleExW. Error: 14
[2020.02.13-15.01.57:550][  0]LogWindows: Warning: SymLoadModuleExW. Error: 14
[2020.02.13-15.01.57:550][  0]LogWindows: Warning: SymLoadModuleExW. Error: 14
[2020.02.13-15.01.57:550][  0]LogWindows: Warning: SymLoadModuleExW. Error: 14
[2020.02.13-15.01.57:550][  0]LogWindows: Warning: SymLoadModuleExW. Error: 14
[2020.02.13-15.01.57:550][  0]LogWindows: Warning: SymLoadModuleExW. Error: 14
[2020.02.13-15.01.57:550][  0]LogWindows: Warning: SymLoadModuleExW. Error: 14
[2020.02.13-15.01.57:550][  0]LogWindows: Warning: SymLoadModuleExW. Error: 14
[2020.02.13-15.01.57:550][  0]LogWindows: Warning: SymLoadModuleExW. Error: 14
[2020.02.13-15.01.57:550][  0]LogWindows: Warning: SymLoadModuleExW. Error: 14
[2020.02.13-15.01.57:550][  0]LogThreadingWindows: Error: Runnable thread PoolThread 8 crashed.
[2020.02.13-15.01.57:550][  0]LogThreadingWindows: Error: Runnable thread PoolThread 13 crashed.
[2020.02.13-15.01.57:550][  0]LogThreadingWindows: Error: Runnable thread PoolThread 9 crashed.
[2020.02.13-15.01.57:550][  0]LogWindows: Error: HandleError re-entered.
[2020.02.13-15.01.57:550][  0]LogWindows: FPlatformMisc::RequestExit(1)
[2020.02.13-15.01.57:550][  0]LogWindows: Error: === Critical error: ===
[2020.02.13-15.01.57:550][  0]LogWindows: Error: 
[2020.02.13-15.01.57:550][  0]LogWindows: Error: Fatal error: [File:D:/Build/++UE4/Sync/Engine/Source/Runtime/Core/Private/GenericPlatform/GenericPlatformMemory.cpp] [Line: 186] 
[2020.02.13-15.01.57:550][  0]LogWindows: Error: Ran out of memory allocating 122772762 bytes with alignment 0
[2020.02.13-15.01.57:550][  0]LogWindows: Error: 
[2020.02.13-15.01.57:550][  0]LogWindows: Error: 
[2020.02.13-15.01.57:550][  0]LogWindows: Error: [Callstack] 0x00007ffa6e36a839 KERNELBASE.dll!UnknownFunction []
[2020.02.13-15.01.57:550][  0]LogWindows: Error: [Callstack] 0x00007ffa09a5a367 UE4Editor-Core.dll!UnknownFunction []
[2020.02.13-15.01.57:550][  0]LogWindows: Error: [Callstack] 0x00007ffa09a5cbc4 UE4Editor-Core.dll!UnknownFunction []
[2020.02.13-15.01.57:551][  0]LogWindows: Error: [Callstack] 0x00007ffa09851ada UE4Editor-Core.dll!UnknownFunction []
[2020.02.13-15.01.57:551][  0]LogWindows: Error: [Callstack] 0x00007ffa097a67a3 UE4Editor-Core.dll!UnknownFunction []
[2020.02.13-15.01.57:551][  0]LogWindows: Error: HandleError re-entered.
[2020.02.13-15.01.57:551][  0]LogWindows: Error: [Callstack] 0x00007ffa097a6688 UE4Editor-Core.dll!UnknownFunction []
[2020.02.13-15.01.57:551][  0]LogWindows: Error: [Callstack] 0x00007ffa09665f50 UE4Editor-Core.dll!UnknownFunction []
[2020.02.13-15.01.57:551][  0]LogWindows: Error: [Callstack] 0x00007ffa096bbd6f UE4Editor-Core.dll!UnknownFunction []
[2020.02.13-15.01.57:551][  0]LogWindows: FPlatformMisc::RequestExit(1)
[2020.02.13-15.01.57:551][  0]LogWindows: Error: [Callstack] 0x00007ffa0972dca8 UE4Editor-Core.dll!UnknownFunction []
[2020.02.13-15.01.57:551][  0]LogWindows: Error: [Callstack] 0x00007ffa1218c7e1 UE4Editor-CoreUObject.dll!UnknownFunction []
[2020.02.13-15.01.57:551][  0]LogWindows: Error: [Callstack] 0x00007ffa121abbc4 UE4Editor-CoreUObject.dll!UnknownFunction []
[2020.02.13-15.01.57:551][  0]LogWindows: Error: [Callstack] 0x00007ffa1217c0f9 UE4Editor-CoreUObject.dll!UnknownFunction []
[2020.02.13-15.01.57:551][  0]LogWindows: Error: [Callstack] 0x00007ffa121ab08d UE4Editor-CoreUObject.dll!UnknownFunction []
[2020.02.13-15.01.57:551][  0]LogWindows: Error: [Callstack] 0x00007ffa0b1a615f UE4Editor-Engine.dll!UnknownFunction []
[2020.02.13-15.01.57:551][  0]LogWindows: Error: [Callstack] 0x00007ffa0b196bff UE4Editor-Engine.dll!UnknownFunction []
[2020.02.13-15.01.57:551][  0]LogWindows: Error: [Callstack] 0x00007ffa0b19672a UE4Editor-Engine.dll!UnknownFunction []
[2020.02.13-15.01.57:551][  0]LogWindows: Error: [Callstack] 0x00007ffa0b19652e UE4Editor-Engine.dll!UnknownFunction []
[2020.02.13-15.01.57:551][  0]LogWindows: Error: [Callstack] 0x00007ffa09739f88 UE4Editor-Core.dll!UnknownFunction []
[2020.02.13-15.01.57:551][  0]LogWindows: Error: [Callstack] 0x00007ffa09a79f5f UE4Editor-Core.dll!UnknownFunction []
[2020.02.13-15.01.57:551][  0]LogWindows: Error: [Callstack] 0x00007ffa09a704b1 UE4Editor-Core.dll!UnknownFunction []
[2020.02.13-15.01.57:551][  0]LogWindows: Error: [Callstack] 0x00007ffa6f257bd4 KERNEL32.DLL!UnknownFunction []
[2020.02.13-15.01.57:551][  0]LogWindows: Error: [Callstack] 0x00007ffa709eced1 ntdll.dll!UnknownFunction []
[2020.02.13-15.01.57:551][  0]LogWindows: Error: 
[2020.02.13-15.01.57:551][  0]LogWindows: Error: Crash in runnable thread PoolThread 13
[2020.02.13-15.01.57:551][  0]LogWindows: Error: Crash in runnable thread PoolThread 9
[2020.02.13-15.01.57:573][  0]Log file closed, 02/13/20 16:01:57
