Log file open, 02/13/20 16:02:37
LogWindows: Failed to load 'aqProf.dll' (GetLastError=126)
LogWindows: File 'aqProf.dll' does not exist
LogWindows: Failed to load 'VtuneApi.dll' (GetLastError=126)
LogWindows: File 'VtuneApi.dll' does not exist
LogWindows: Failed to load 'VtuneApi32e.dll' (GetLastError=126)
LogWindows: File 'VtuneApi32e.dll' does not exist
LogConsoleResponse: Display: Failed to find resolution value strings in scalability ini. Falling back to default.
LogInit: Display: Running engine for game: Pentum
LogPlatformFile: Not using cached read wrapper
LogTaskGraph: Started task graph with 5 named threads and 23 total threads with 3 sets of task threads.
LogStats: Stats thread started at 0.072178
LogD3D11RHI: Loaded GFSDK_Aftermath_Lib.x64.dll
LogICUInternationalization: ICU TimeZone Detection - Raw Offset: +1:00, Platform Override: ''
LogPluginManager: Mounting plugin Paper2D
LogPluginManager: Mounting plugin AISupport
LogPluginManager: Mounting plugin LightPropagationVolume
LogPluginManager: Mounting plugin ActorLayerUtilities
LogPluginManager: Mounting plugin AnimationSharing
LogPluginManager: Mounting plugin CLionSourceCodeAccess
LogPluginManager: Mounting plugin CodeLiteSourceCodeAccess
LogPluginManager: Mounting plugin GitSourceControl
LogPluginManager: Mounting plugin KDevelopSourceCodeAccess
LogPluginManager: Mounting plugin NullSourceCodeAccess
LogPluginManager: Mounting plugin PerforceSourceControl
LogPluginManager: Mounting plugin SubversionSourceControl
LogPluginManager: Mounting plugin UObjectPlugin
LogPluginManager: Mounting plugin VisualStudioCodeSourceCodeAccess
LogPluginManager: Mounting plugin VisualStudioSourceCodeAccess
LogPluginManager: Mounting plugin XCodeSourceCodeAccess
LogPluginManager: Mounting plugin AssetManagerEditor
LogPluginManager: Mounting plugin CryptoKeys
LogPluginManager: Mounting plugin CurveEditorTools
LogPluginManager: Mounting plugin DataValidation
LogPluginManager: Mounting plugin FacialAnimation
LogPluginManager: Mounting plugin GameplayTagsEditor
LogPluginManager: Mounting plugin MacGraphicsSwitching
LogPluginManager: Mounting plugin MaterialAnalyzer
LogPluginManager: Mounting plugin MobileLauncherProfileWizard
LogPluginManager: Mounting plugin PluginBrowser
LogPluginManager: Mounting plugin SpeedTreeImporter
LogPluginManager: Mounting plugin DatasmithContent
LogPluginManager: Mounting plugin VariantManagerContent
LogPluginManager: Mounting plugin AlembicImporter
LogPluginManager: Mounting plugin AutomationUtils
LogPluginManager: Mounting plugin BackChannel
LogPluginManager: Mounting plugin CharacterAI
LogPluginManager: Mounting plugin GeometryCache
LogPluginManager: Mounting plugin HTML5Networking
LogPluginManager: Mounting plugin PlatformCrypto
LogPluginManager: Mounting plugin ProxyLODPlugin
LogPluginManager: Mounting plugin SkeletalReduction
LogPluginManager: Mounting plugin MagicLeap
LogPluginManager: Mounting plugin MagicLeapMedia
LogPluginManager: Mounting plugin AndroidMedia
LogPluginManager: Mounting plugin AvfMedia
LogPluginManager: Mounting plugin ImgMedia
LogPluginManager: Mounting plugin MediaCompositing
LogPluginManager: Mounting plugin MediaPlayerEditor
LogPluginManager: Mounting plugin WebMMedia
LogPluginManager: Mounting plugin WmfMedia
LogPluginManager: Mounting plugin TcpMessaging
LogPluginManager: Mounting plugin UdpMessaging
LogPluginManager: Mounting plugin ActorSequence
LogPluginManager: Mounting plugin LevelSequenceEditor
LogPluginManager: Mounting plugin MatineeToLevelSequence
LogPluginManager: Mounting plugin NetcodeUnitTest
LogPluginManager: Mounting plugin NUTUnrealEngine4
LogPluginManager: Mounting plugin OnlineSubsystemGooglePlay
LogPluginManager: Mounting plugin OnlineSubsystemIOS
LogPluginManager: Mounting plugin OnlineSubsystem
LogPluginManager: Mounting plugin OnlineSubsystemNull
LogPluginManager: Mounting plugin OnlineSubsystemUtils
LogPluginManager: Mounting plugin LauncherChunkInstaller
LogPluginManager: Mounting plugin AndroidDeviceProfileSelector
LogPluginManager: Mounting plugin AndroidMoviePlayer
LogPluginManager: Mounting plugin AndroidPermission
LogPluginManager: Mounting plugin AppleImageUtils
LogPluginManager: Mounting plugin AppleMoviePlayer
LogPluginManager: Mounting plugin ArchVisCharacter
LogPluginManager: Mounting plugin AudioCapture
LogPluginManager: Mounting plugin CableComponent
LogPluginManager: Mounting plugin CustomMeshComponent
LogPluginManager: Mounting plugin EditableMesh
LogPluginManager: Mounting plugin ExampleDeviceProfileSelector
LogPluginManager: Mounting plugin GoogleCloudMessaging
LogPluginManager: Mounting plugin IOSDeviceProfileSelector
LogPluginManager: Mounting plugin LinuxDeviceProfileSelector
LogPluginManager: Mounting plugin LocationServicesBPLibrary
LogPluginManager: Mounting plugin MobilePatchingUtils
LogPluginManager: Mounting plugin OculusVR
LogPluginManager: Mounting plugin PhysXVehicles
LogPluginManager: Mounting plugin ProceduralMeshComponent
LogPluginManager: Mounting plugin RuntimePhysXCooking
LogPluginManager: Mounting plugin SignificanceManager
LogPluginManager: Mounting plugin SteamVR
LogPluginManager: Mounting plugin WebMMoviePlayer
LogPluginManager: Mounting plugin WindowsMoviePlayer
LogPluginManager: Mounting plugin ScreenshotTools
LogInit: Using libcurl 7.55.1-DEV
LogInit:  - built for x86_64-pc-win32
LogInit:  - supports SSL with OpenSSL/1.1.1
LogInit:  - supports HTTP deflate (compression) using libz 1.2.8
LogInit:  - other features:
LogInit:      CURL_VERSION_SSL
LogInit:      CURL_VERSION_LIBZ
LogInit:      CURL_VERSION_IPV6
LogInit:      CURL_VERSION_ASYNCHDNS
LogInit:      CURL_VERSION_LARGEFILE
LogInit:      CURL_VERSION_IDN
LogInit:  CurlRequestOptions (configurable via config and command line):
LogInit:  - bVerifyPeer = true  - Libcurl will verify peer certificate
LogInit:  - bUseHttpProxy = false  - Libcurl will NOT use HTTP proxy
LogInit:  - bDontReuseConnections = false  - Libcurl will reuse connections
LogInit:  - MaxHostConnections = 16  - Libcurl will limit the number of connections to a host
LogInit:  - LocalHostAddr = Default
LogInit:  - BufferSize = 65536
LogOnline: OSS: Creating online subsystem instance for: NULL
LogInit: WinSock: version 1.1 (2.2), MaxSocks=32767, MaxUdp=65467
LogInit: Build: ++UE4+Release-4.23-CL-9631420
LogInit: Engine Version: 4.23.1-9631420+++UE4+Release-4.23
LogInit: Compatible Engine Version: 4.23.0-8386587+++UE4+Release-4.23
LogInit: Net CL: 8386587
LogInit: OS: Windows 10 (Release 1903) (), CPU:         Intel(R) Core(TM) i7-2600 CPU @ 3.40GHz, GPU: NVIDIA GeForce GTX 970
LogInit: Compiled (64-bit): Oct 18 2019 02:07:44
LogInit: Compiled with Visual C++: 19.16.27030.01
LogInit: Build Configuration: Development
LogInit: Branch Name: ++UE4+Release-4.23
LogInit: Command Line: 
LogInit: Base Directory: D:/EpicGames/UE_4.23/Engine/Binaries/Win64/
LogInit: Installed Engine Build: 1
LogDevObjectVersion: Number of dev versions registered: 23
LogDevObjectVersion:   Dev-Blueprints (B0D832E4-1F89-4F0D-ACCF-7EB736FD4AA2): 10
LogDevObjectVersion:   Dev-Build (E1C64328-A22C-4D53-A36C-8E866417BD8C): 0
LogDevObjectVersion:   Dev-Core (375EC13C-06E4-48FB-B500-84F0262A717E): 3
LogDevObjectVersion:   Dev-Editor (E4B068ED-F494-42E9-A231-DA0B2E46BB41): 34
LogDevObjectVersion:   Dev-Framework (CFFC743F-43B0-4480-9391-14DF171D2073): 35
LogDevObjectVersion:   Dev-Mobile (B02B49B5-BB20-44E9-A304-32B752E40360): 2
LogDevObjectVersion:   Dev-Networking (A4E4105C-59A1-49B5-A7C5-40C4547EDFEE): 0
LogDevObjectVersion:   Dev-Online (39C831C9-5AE6-47DC-9A44-9C173E1C8E7C): 0
LogDevObjectVersion:   Dev-Physics (78F01B33-EBEA-4F98-B9B4-84EACCB95AA2): 0
LogDevObjectVersion:   Dev-Platform (6631380F-2D4D-43E0-8009-CF276956A95A): 0
LogDevObjectVersion:   Dev-Rendering (12F88B9F-8875-4AFC-A67C-D90C383ABD29): 31
LogDevObjectVersion:   Dev-Sequencer (7B5AE74C-D270-4C10-A958-57980B212A5A): 11
LogDevObjectVersion:   Dev-VR (D7296918-1DD6-4BDD-9DE2-64A83CC13884): 2
LogDevObjectVersion:   Dev-LoadTimes (C2A15278-BFE7-4AFE-6C17-90FF531DF755): 1
LogDevObjectVersion:   Private-Geometry (6EACA3D4-40EC-4CC1-B786-8BED09428FC5): 3
LogDevObjectVersion:   Dev-AnimPhys (29E575DD-E0A3-4627-9D10-D276232CDCEA): 17
LogDevObjectVersion:   Dev-Anim (AF43A65D-7FD3-4947-9873-3E8ED9C1BB05): 2
LogDevObjectVersion:   Dev-ReflectionCapture (6B266CEC-1EC7-4B8F-A30B-E4D90942FC07): 1
LogDevObjectVersion:   Dev-Automation (0DF73D61-A23F-47EA-B727-89E90C41499A): 1
LogDevObjectVersion:   FortniteMain (601D1886-AC64-4F84-AA16-D3DE0DEAC7D6): 27
LogDevObjectVersion:   Dev-Enterprise (9DFFBCD6-494F-0158-E221-12823C92A888): 6
LogDevObjectVersion:   Dev-Niagara (F2AED0AC-9AFE-416F-8664-AA7FFA26D6FC): 1
LogDevObjectVersion:   Dev-Destruction (174F1F0B-B4C6-45A5-B13F-2EE8D0FB917D): 9
LogInit: Presizing for max 16777216 objects, including 0 objects not considered by GC, pre-allocating 0 bytes for permanent pool.
LogInit: Object subsystem initialized
LogConfig: Setting CVar [[con.DebugEarlyDefault:1]]
LogConfig: Setting CVar [[r.setres:1280x720]]
[2020.02.13-15.02.37:909][  0]LogConfig: Setting CVar [[r.VSync:0]]
[2020.02.13-15.02.37:909][  0]LogConfig: Setting CVar [[r.RHICmdBypass:0]]
[2020.02.13-15.02.37:909][  0]LogConfig: Applying CVar settings from Section [/Script/Engine.RendererSettings] File [D:/Pentum/Pentum/Pentum/Saved/Config/Windows/Engine.ini]
[2020.02.13-15.02.37:909][  0]LogConfig: Setting CVar [[r.GPUCrashDebugging:0]]
[2020.02.13-15.02.37:909][  0]LogConfig: Setting CVar [[r.DefaultFeature.AutoExposure.ExtendDefaultLuminanceRange:1]]
[2020.02.13-15.02.37:909][  0]LogConfig: Setting CVar [[r.DefaultFeature.AutoExposure:0]]
[2020.02.13-15.02.37:909][  0]LogConfig: Applying CVar settings from Section [/Script/Engine.RendererOverrideSettings] File [D:/Pentum/Pentum/Pentum/Saved/Config/Windows/Engine.ini]
[2020.02.13-15.02.37:909][  0]LogConfig: Applying CVar settings from Section [/Script/Engine.StreamingSettings] File [D:/Pentum/Pentum/Pentum/Saved/Config/Windows/Engine.ini]
[2020.02.13-15.02.37:909][  0]LogConfig: Setting CVar [[s.MinBulkDataSizeForAsyncLoading:131072]]
[2020.02.13-15.02.37:909][  0]LogConfig: Setting CVar [[s.AsyncLoadingThreadEnabled:0]]
[2020.02.13-15.02.37:909][  0]LogConfig: Setting CVar [[s.EventDrivenLoaderEnabled:1]]
[2020.02.13-15.02.37:909][  0]LogConfig: Setting CVar [[s.WarnIfTimeLimitExceeded:0]]
[2020.02.13-15.02.37:909][  0]LogConfig: Setting CVar [[s.TimeLimitExceededMultiplier:1.5]]
[2020.02.13-15.02.37:909][  0]LogConfig: Setting CVar [[s.TimeLimitExceededMinTime:0.005]]
[2020.02.13-15.02.37:909][  0]LogConfig: Setting CVar [[s.UseBackgroundLevelStreaming:1]]
[2020.02.13-15.02.37:909][  0]LogConfig: Setting CVar [[s.PriorityAsyncLoadingExtraTime:15.0]]
[2020.02.13-15.02.37:909][  0]LogConfig: Setting CVar [[s.LevelStreamingActorsUpdateTimeLimit:5.0]]
[2020.02.13-15.02.37:909][  0]LogConfig: Setting CVar [[s.PriorityLevelStreamingActorsUpdateExtraTime:5.0]]
[2020.02.13-15.02.37:909][  0]LogConfig: Setting CVar [[s.LevelStreamingComponentsRegistrationGranularity:10]]
[2020.02.13-15.02.37:909][  0]LogConfig: Setting CVar [[s.UnregisterComponentsTimeLimit:1.0]]
[2020.02.13-15.02.37:909][  0]LogConfig: Setting CVar [[s.LevelStreamingComponentsUnregistrationGranularity:5]]
[2020.02.13-15.02.37:909][  0]LogConfig: Applying CVar settings from Section [/Script/Engine.GarbageCollectionSettings] File [D:/Pentum/Pentum/Pentum/Saved/Config/Windows/Engine.ini]
[2020.02.13-15.02.37:909][  0]LogConfig: Setting CVar [[gc.MaxObjectsNotConsideredByGC:1]]
[2020.02.13-15.02.37:909][  0]LogConfig: Setting CVar [[gc.SizeOfPermanentObjectPool:0]]
[2020.02.13-15.02.37:909][  0]LogConfig: Setting CVar [[gc.FlushStreamingOnGC:0]]
[2020.02.13-15.02.37:909][  0]LogConfig: Setting CVar [[gc.NumRetriesBeforeForcingGC:10]]
[2020.02.13-15.02.37:909][  0]LogConfig: Setting CVar [[gc.AllowParallelGC:1]]
[2020.02.13-15.02.37:909][  0]LogConfig: Setting CVar [[gc.TimeBetweenPurgingPendingKillObjects:61.1]]
[2020.02.13-15.02.37:909][  0]LogConfig: Setting CVar [[gc.MaxObjectsInEditor:16777216]]
[2020.02.13-15.02.37:909][  0]LogConfig: Setting CVar [[gc.IncrementalBeginDestroyEnabled:1]]
[2020.02.13-15.02.37:909][  0]LogConfig: Setting CVar [[gc.CreateGCClusters:1]]
[2020.02.13-15.02.37:910][  0]LogConfig: Setting CVar [[gc.MinGCClusterSize:5]]
[2020.02.13-15.02.37:910][  0]LogConfig: Setting CVar [[gc.ActorClusteringEnabled:0]]
[2020.02.13-15.02.37:910][  0]LogConfig: Setting CVar [[gc.BlueprintClusteringEnabled:0]]
[2020.02.13-15.02.37:910][  0]LogConfig: Setting CVar [[gc.UseDisregardForGCOnDedicatedServers:0]]
[2020.02.13-15.02.37:910][  0]LogConfig: Applying CVar settings from Section [/Script/Engine.NetworkSettings] File [D:/Pentum/Pentum/Pentum/Saved/Config/Windows/Engine.ini]
[2020.02.13-15.02.37:910][  0]LogConfig: Applying CVar settings from Section [/Script/UnrealEd.CookerSettings] File [D:/Pentum/Pentum/Pentum/Saved/Config/Windows/Engine.ini]
[2020.02.13-15.02.37:919][  0]LogConfig: Applying CVar settings from Section [ViewDistanceQuality@3] File [D:/Pentum/Pentum/Pentum/Saved/Config/Windows/Scalability.ini]
[2020.02.13-15.02.37:919][  0]LogConfig: Setting CVar [[r.SkeletalMeshLODBias:0]]
[2020.02.13-15.02.37:919][  0]LogConfig: Setting CVar [[r.ViewDistanceScale:1.0]]
[2020.02.13-15.02.37:919][  0]LogConfig: Applying CVar settings from Section [AntiAliasingQuality@3] File [D:/Pentum/Pentum/Pentum/Saved/Config/Windows/Scalability.ini]
[2020.02.13-15.02.37:919][  0]LogConfig: Setting CVar [[r.PostProcessAAQuality:4]]
[2020.02.13-15.02.37:919][  0]LogConfig: Applying CVar settings from Section [ShadowQuality@3] File [D:/Pentum/Pentum/Pentum/Saved/Config/Windows/Scalability.ini]
[2020.02.13-15.02.37:919][  0]LogConfig: Setting CVar [[r.LightFunctionQuality:1]]
[2020.02.13-15.02.37:919][  0]LogConfig: Setting CVar [[r.ShadowQuality:5]]
[2020.02.13-15.02.37:919][  0]LogConfig: Setting CVar [[r.Shadow.CSM.MaxCascades:10]]
[2020.02.13-15.02.37:919][  0]LogConfig: Setting CVar [[r.Shadow.MaxResolution:2048]]
[2020.02.13-15.02.37:919][  0]LogConfig: Setting CVar [[r.Shadow.MaxCSMResolution:2048]]
[2020.02.13-15.02.37:919][  0]LogConfig: Setting CVar [[r.Shadow.RadiusThreshold:0.01]]
[2020.02.13-15.02.37:919][  0]LogConfig: Setting CVar [[r.Shadow.DistanceScale:1.0]]
[2020.02.13-15.02.37:919][  0]LogConfig: Setting CVar [[r.Shadow.CSM.TransitionScale:1.0]]
[2020.02.13-15.02.37:919][  0]LogConfig: Setting CVar [[r.Shadow.PreShadowResolutionFactor:1.0]]
[2020.02.13-15.02.37:919][  0]LogConfig: Setting CVar [[r.DistanceFieldShadowing:1]]
[2020.02.13-15.02.37:919][  0]LogConfig: Setting CVar [[r.DistanceFieldAO:1]]
[2020.02.13-15.02.37:919][  0]LogConfig: Setting CVar [[r.AOQuality:2]]
[2020.02.13-15.02.37:919][  0]LogConfig: Setting CVar [[r.VolumetricFog:1]]
[2020.02.13-15.02.37:919][  0]LogConfig: Setting CVar [[r.VolumetricFog.GridPixelSize:8]]
[2020.02.13-15.02.37:919][  0]LogConfig: Setting CVar [[r.VolumetricFog.GridSizeZ:128]]
[2020.02.13-15.02.37:919][  0]LogConfig: Setting CVar [[r.VolumetricFog.HistoryMissSupersampleCount:4]]
[2020.02.13-15.02.37:919][  0]LogConfig: Setting CVar [[r.LightMaxDrawDistanceScale:1]]
[2020.02.13-15.02.37:919][  0]LogConfig: Setting CVar [[r.CapsuleShadows:1]]
[2020.02.13-15.02.37:919][  0]LogConfig: Applying CVar settings from Section [PostProcessQuality@3] File [D:/Pentum/Pentum/Pentum/Saved/Config/Windows/Scalability.ini]
[2020.02.13-15.02.37:919][  0]LogConfig: Setting CVar [[r.MotionBlurQuality:4]]
[2020.02.13-15.02.37:919][  0]LogConfig: Setting CVar [[r.AmbientOcclusionMipLevelFactor:0.4]]
[2020.02.13-15.02.37:919][  0]LogConfig: Setting CVar [[r.AmbientOcclusionMaxQuality:100]]
[2020.02.13-15.02.37:919][  0]LogConfig: Setting CVar [[r.AmbientOcclusionLevels:-1]]
[2020.02.13-15.02.37:919][  0]LogConfig: Setting CVar [[r.AmbientOcclusionRadiusScale:1.0]]
[2020.02.13-15.02.37:919][  0]LogConfig: Setting CVar [[r.DepthOfFieldQuality:2]]
[2020.02.13-15.02.37:919][  0]LogConfig: Setting CVar [[r.RenderTargetPoolMin:400]]
[2020.02.13-15.02.37:919][  0]LogConfig: Setting CVar [[r.LensFlareQuality:2]]
[2020.02.13-15.02.37:919][  0]LogConfig: Setting CVar [[r.SceneColorFringeQuality:1]]
[2020.02.13-15.02.37:919][  0]LogConfig: Setting CVar [[r.EyeAdaptationQuality:2]]
[2020.02.13-15.02.37:919][  0]LogConfig: Setting CVar [[r.BloomQuality:5]]
[2020.02.13-15.02.37:919][  0]LogConfig: Setting CVar [[r.FastBlurThreshold:100]]
[2020.02.13-15.02.37:919][  0]LogConfig: Setting CVar [[r.Upscale.Quality:3]]
[2020.02.13-15.02.37:920][  0]LogConfig: Setting CVar [[r.Tonemapper.GrainQuantization:1]]
[2020.02.13-15.02.37:920][  0]LogConfig: Setting CVar [[r.LightShaftQuality:1]]
[2020.02.13-15.02.37:920][  0]LogConfig: Setting CVar [[r.Filter.SizeScale:1]]
[2020.02.13-15.02.37:920][  0]LogConfig: Setting CVar [[r.Tonemapper.Quality:5]]
[2020.02.13-15.02.37:920][  0]LogConfig: Setting CVar [[r.DOF.Gather.AccumulatorQuality:1        ; higher gathering accumulator quality]]
[2020.02.13-15.02.37:920][  0]LogConfig: Setting CVar [[r.DOF.Gather.PostfilterMethod:1          ; Median3x3 postfilering method]]
[2020.02.13-15.02.37:920][  0]LogConfig: Setting CVar [[r.DOF.Gather.EnableBokehSettings:0       ; no bokeh simulation when gathering]]
[2020.02.13-15.02.37:920][  0]LogConfig: Setting CVar [[r.DOF.Gather.RingCount:4                 ; medium number of samples when gathering]]
[2020.02.13-15.02.37:920][  0]LogConfig: Setting CVar [[r.DOF.Scatter.ForegroundCompositing:1    ; additive foreground scattering]]
[2020.02.13-15.02.37:920][  0]LogConfig: Setting CVar [[r.DOF.Scatter.BackgroundCompositing:2    ; additive background scattering]]
[2020.02.13-15.02.37:920][  0]LogConfig: Setting CVar [[r.DOF.Scatter.EnableBokehSettings:1      ; bokeh simulation when scattering]]
[2020.02.13-15.02.37:920][  0]LogConfig: Setting CVar [[r.DOF.Scatter.MaxSpriteRatio:0.1         ; only a maximum of 10% of scattered bokeh]]
[2020.02.13-15.02.37:920][  0]LogConfig: Setting CVar [[r.DOF.Recombine.Quality:1                ; cheap slight out of focus]]
[2020.02.13-15.02.37:920][  0]LogConfig: Setting CVar [[r.DOF.Recombine.EnableBokehSettings:0    ; no bokeh simulation on slight out of focus]]
[2020.02.13-15.02.37:920][  0]LogConfig: Setting CVar [[r.DOF.TemporalAAQuality:1                ; more stable temporal accumulation]]
[2020.02.13-15.02.37:920][  0]LogConfig: Setting CVar [[r.DOF.Kernel.MaxForegroundRadius:0.025]]
[2020.02.13-15.02.37:920][  0]LogConfig: Setting CVar [[r.DOF.Kernel.MaxBackgroundRadius:0.025]]
[2020.02.13-15.02.37:920][  0]LogConfig: Applying CVar settings from Section [TextureQuality@3] File [D:/Pentum/Pentum/Pentum/Saved/Config/Windows/Scalability.ini]
[2020.02.13-15.02.37:920][  0]LogConfig: Setting CVar [[r.Streaming.MipBias:0]]
[2020.02.13-15.02.37:920][  0]LogConfig: Setting CVar [[r.Streaming.AmortizeCPUToGPUCopy:0]]
[2020.02.13-15.02.37:920][  0]LogConfig: Setting CVar [[r.Streaming.MaxNumTexturesToStreamPerFrame:0]]
[2020.02.13-15.02.37:920][  0]LogConfig: Setting CVar [[r.Streaming.Boost:1]]
[2020.02.13-15.02.37:920][  0]LogConfig: Setting CVar [[r.MaxAnisotropy:8]]
[2020.02.13-15.02.37:920][  0]LogConfig: Setting CVar [[r.Streaming.LimitPoolSizeToVRAM:0]]
[2020.02.13-15.02.37:920][  0]LogConfig: Setting CVar [[r.Streaming.PoolSize:1000]]
[2020.02.13-15.02.37:920][  0]LogConfig: Setting CVar [[r.Streaming.MaxEffectiveScreenSize:0]]
[2020.02.13-15.02.37:920][  0]LogConfig: Applying CVar settings from Section [EffectsQuality@3] File [D:/Pentum/Pentum/Pentum/Saved/Config/Windows/Scalability.ini]
[2020.02.13-15.02.37:920][  0]LogConfig: Setting CVar [[r.TranslucencyLightingVolumeDim:64]]
[2020.02.13-15.02.37:920][  0]LogConfig: Setting CVar [[r.RefractionQuality:2]]
[2020.02.13-15.02.37:920][  0]LogConfig: Setting CVar [[r.SSR.Quality:3]]
[2020.02.13-15.02.37:920][  0]LogConfig: Setting CVar [[r.SceneColorFormat:4]]
[2020.02.13-15.02.37:920][  0]LogConfig: Setting CVar [[r.DetailMode:2]]
[2020.02.13-15.02.37:920][  0]LogConfig: Setting CVar [[r.TranslucencyVolumeBlur:1]]
[2020.02.13-15.02.37:920][  0]LogConfig: Setting CVar [[r.MaterialQualityLevel:1 ; High quality]]
[2020.02.13-15.02.37:920][  0]LogConfig: Setting CVar [[r.SSS.Scale:1]]
[2020.02.13-15.02.37:920][  0]LogConfig: Setting CVar [[r.SSS.SampleSet:2]]
[2020.02.13-15.02.37:920][  0]LogConfig: Setting CVar [[r.SSS.Quality:1]]
[2020.02.13-15.02.37:920][  0]LogConfig: Setting CVar [[r.SSS.HalfRes:1]]
[2020.02.13-15.02.37:920][  0]LogConfig: Setting CVar [[r.EmitterSpawnRateScale:1.0]]
[2020.02.13-15.02.37:920][  0]LogConfig: Setting CVar [[r.ParticleLightQuality:2]]
[2020.02.13-15.02.37:920][  0]LogConfig: Applying CVar settings from Section [FoliageQuality@3] File [D:/Pentum/Pentum/Pentum/Saved/Config/Windows/Scalability.ini]
[2020.02.13-15.02.37:920][  0]LogConfig: Setting CVar [[foliage.DensityScale:1.0]]
[2020.02.13-15.02.37:920][  0]LogConfig: Setting CVar [[grass.DensityScale:1.0]]
[2020.02.13-15.02.37:920][  0]LogInit: Selected Device Profile: [Windows]
[2020.02.13-15.02.37:920][  0]LogInit: Applying CVar settings loaded from the selected device profile: [Windows]
[2020.02.13-15.02.37:923][  0]LogHAL: Display: Platform has ~ 16 GB [17142984704 / 17179869184 / 16], which maps to Larger [LargestMinGB=32, LargerMinGB=12, DefaultMinGB=8, SmallerMinGB=6, SmallestMinGB=0)
[2020.02.13-15.02.37:923][  0]LogInit: Going up to parent DeviceProfile []
[2020.02.13-15.02.37:923][  0]LogConfig: Applying CVar settings from Section [ViewDistanceQuality@3] File [D:/Pentum/Pentum/Pentum/Saved/Config/Windows/Scalability.ini]
[2020.02.13-15.02.37:923][  0]LogConfig: Setting CVar [[r.SkeletalMeshLODBias:0]]
[2020.02.13-15.02.37:923][  0]LogConfig: Setting CVar [[r.ViewDistanceScale:1.0]]
[2020.02.13-15.02.37:923][  0]LogConfig: Applying CVar settings from Section [AntiAliasingQuality@3] File [D:/Pentum/Pentum/Pentum/Saved/Config/Windows/Scalability.ini]
[2020.02.13-15.02.37:923][  0]LogConfig: Setting CVar [[r.PostProcessAAQuality:4]]
[2020.02.13-15.02.37:923][  0]LogConfig: Applying CVar settings from Section [ShadowQuality@3] File [D:/Pentum/Pentum/Pentum/Saved/Config/Windows/Scalability.ini]
[2020.02.13-15.02.37:923][  0]LogConfig: Setting CVar [[r.LightFunctionQuality:1]]
[2020.02.13-15.02.37:923][  0]LogConfig: Setting CVar [[r.ShadowQuality:5]]
[2020.02.13-15.02.37:923][  0]LogConfig: Setting CVar [[r.Shadow.CSM.MaxCascades:10]]
[2020.02.13-15.02.37:923][  0]LogConfig: Setting CVar [[r.Shadow.MaxResolution:2048]]
[2020.02.13-15.02.37:923][  0]LogConfig: Setting CVar [[r.Shadow.MaxCSMResolution:2048]]
[2020.02.13-15.02.37:923][  0]LogConfig: Setting CVar [[r.Shadow.RadiusThreshold:0.01]]
[2020.02.13-15.02.37:923][  0]LogConfig: Setting CVar [[r.Shadow.DistanceScale:1.0]]
[2020.02.13-15.02.37:923][  0]LogConfig: Setting CVar [[r.Shadow.CSM.TransitionScale:1.0]]
[2020.02.13-15.02.37:923][  0]LogConfig: Setting CVar [[r.Shadow.PreShadowResolutionFactor:1.0]]
[2020.02.13-15.02.37:923][  0]LogConfig: Setting CVar [[r.DistanceFieldShadowing:1]]
[2020.02.13-15.02.37:923][  0]LogConfig: Setting CVar [[r.DistanceFieldAO:1]]
[2020.02.13-15.02.37:923][  0]LogConfig: Setting CVar [[r.AOQuality:2]]
[2020.02.13-15.02.37:923][  0]LogConfig: Setting CVar [[r.VolumetricFog:1]]
[2020.02.13-15.02.37:923][  0]LogConfig: Setting CVar [[r.VolumetricFog.GridPixelSize:8]]
[2020.02.13-15.02.37:923][  0]LogConfig: Setting CVar [[r.VolumetricFog.GridSizeZ:128]]
[2020.02.13-15.02.37:923][  0]LogConfig: Setting CVar [[r.VolumetricFog.HistoryMissSupersampleCount:4]]
[2020.02.13-15.02.37:923][  0]LogConfig: Setting CVar [[r.LightMaxDrawDistanceScale:1]]
[2020.02.13-15.02.37:923][  0]LogConfig: Setting CVar [[r.CapsuleShadows:1]]
[2020.02.13-15.02.37:923][  0]LogConfig: Applying CVar settings from Section [PostProcessQuality@3] File [D:/Pentum/Pentum/Pentum/Saved/Config/Windows/Scalability.ini]
[2020.02.13-15.02.37:923][  0]LogConfig: Setting CVar [[r.MotionBlurQuality:4]]
[2020.02.13-15.02.37:923][  0]LogConfig: Setting CVar [[r.AmbientOcclusionMipLevelFactor:0.4]]
[2020.02.13-15.02.37:924][  0]LogConfig: Setting CVar [[r.AmbientOcclusionMaxQuality:100]]
[2020.02.13-15.02.37:924][  0]LogConfig: Setting CVar [[r.AmbientOcclusionLevels:-1]]
[2020.02.13-15.02.37:924][  0]LogConfig: Setting CVar [[r.AmbientOcclusionRadiusScale:1.0]]
[2020.02.13-15.02.37:924][  0]LogConfig: Setting CVar [[r.DepthOfFieldQuality:2]]
[2020.02.13-15.02.37:924][  0]LogConfig: Setting CVar [[r.RenderTargetPoolMin:400]]
[2020.02.13-15.02.37:924][  0]LogConfig: Setting CVar [[r.LensFlareQuality:2]]
[2020.02.13-15.02.37:924][  0]LogConfig: Setting CVar [[r.SceneColorFringeQuality:1]]
[2020.02.13-15.02.37:924][  0]LogConfig: Setting CVar [[r.EyeAdaptationQuality:2]]
[2020.02.13-15.02.37:924][  0]LogConfig: Setting CVar [[r.BloomQuality:5]]
[2020.02.13-15.02.37:924][  0]LogConfig: Setting CVar [[r.FastBlurThreshold:100]]
[2020.02.13-15.02.37:924][  0]LogConfig: Setting CVar [[r.Upscale.Quality:3]]
[2020.02.13-15.02.37:924][  0]LogConfig: Setting CVar [[r.Tonemapper.GrainQuantization:1]]
[2020.02.13-15.02.37:924][  0]LogConfig: Setting CVar [[r.LightShaftQuality:1]]
[2020.02.13-15.02.37:924][  0]LogConfig: Setting CVar [[r.Filter.SizeScale:1]]
[2020.02.13-15.02.37:924][  0]LogConfig: Setting CVar [[r.Tonemapper.Quality:5]]
[2020.02.13-15.02.37:924][  0]LogConfig: Setting CVar [[r.DOF.Gather.AccumulatorQuality:1        ; higher gathering accumulator quality]]
[2020.02.13-15.02.37:924][  0]LogConfig: Setting CVar [[r.DOF.Gather.PostfilterMethod:1          ; Median3x3 postfilering method]]
[2020.02.13-15.02.37:924][  0]LogConfig: Setting CVar [[r.DOF.Gather.EnableBokehSettings:0       ; no bokeh simulation when gathering]]
[2020.02.13-15.02.37:924][  0]LogConfig: Setting CVar [[r.DOF.Gather.RingCount:4                 ; medium number of samples when gathering]]
[2020.02.13-15.02.37:924][  0]LogConfig: Setting CVar [[r.DOF.Scatter.ForegroundCompositing:1    ; additive foreground scattering]]
[2020.02.13-15.02.37:924][  0]LogConfig: Setting CVar [[r.DOF.Scatter.BackgroundCompositing:2    ; additive background scattering]]
[2020.02.13-15.02.37:924][  0]LogConfig: Setting CVar [[r.DOF.Scatter.EnableBokehSettings:1      ; bokeh simulation when scattering]]
[2020.02.13-15.02.37:924][  0]LogConfig: Setting CVar [[r.DOF.Scatter.MaxSpriteRatio:0.1         ; only a maximum of 10% of scattered bokeh]]
[2020.02.13-15.02.37:924][  0]LogConfig: Setting CVar [[r.DOF.Recombine.Quality:1                ; cheap slight out of focus]]
[2020.02.13-15.02.37:924][  0]LogConfig: Setting CVar [[r.DOF.Recombine.EnableBokehSettings:0    ; no bokeh simulation on slight out of focus]]
[2020.02.13-15.02.37:924][  0]LogConfig: Setting CVar [[r.DOF.TemporalAAQuality:1                ; more stable temporal accumulation]]
[2020.02.13-15.02.37:924][  0]LogConfig: Setting CVar [[r.DOF.Kernel.MaxForegroundRadius:0.025]]
[2020.02.13-15.02.37:924][  0]LogConfig: Setting CVar [[r.DOF.Kernel.MaxBackgroundRadius:0.025]]
[2020.02.13-15.02.37:924][  0]LogConfig: Applying CVar settings from Section [TextureQuality@3] File [D:/Pentum/Pentum/Pentum/Saved/Config/Windows/Scalability.ini]
[2020.02.13-15.02.37:924][  0]LogConfig: Setting CVar [[r.Streaming.MipBias:0]]
[2020.02.13-15.02.37:924][  0]LogConfig: Setting CVar [[r.Streaming.AmortizeCPUToGPUCopy:0]]
[2020.02.13-15.02.37:924][  0]LogConfig: Setting CVar [[r.Streaming.MaxNumTexturesToStreamPerFrame:0]]
[2020.02.13-15.02.37:924][  0]LogConfig: Setting CVar [[r.Streaming.Boost:1]]
[2020.02.13-15.02.37:924][  0]LogConfig: Setting CVar [[r.MaxAnisotropy:8]]
[2020.02.13-15.02.37:924][  0]LogConfig: Setting CVar [[r.Streaming.LimitPoolSizeToVRAM:0]]
[2020.02.13-15.02.37:924][  0]LogConfig: Setting CVar [[r.Streaming.PoolSize:1000]]
[2020.02.13-15.02.37:924][  0]LogConfig: Setting CVar [[r.Streaming.MaxEffectiveScreenSize:0]]
[2020.02.13-15.02.37:924][  0]LogConfig: Applying CVar settings from Section [EffectsQuality@3] File [D:/Pentum/Pentum/Pentum/Saved/Config/Windows/Scalability.ini]
[2020.02.13-15.02.37:924][  0]LogConfig: Setting CVar [[r.TranslucencyLightingVolumeDim:64]]
[2020.02.13-15.02.37:924][  0]LogConfig: Setting CVar [[r.RefractionQuality:2]]
[2020.02.13-15.02.37:924][  0]LogConfig: Setting CVar [[r.SSR.Quality:3]]
[2020.02.13-15.02.37:924][  0]LogConfig: Setting CVar [[r.SceneColorFormat:4]]
[2020.02.13-15.02.37:924][  0]LogConfig: Setting CVar [[r.DetailMode:2]]
[2020.02.13-15.02.37:924][  0]LogConfig: Setting CVar [[r.TranslucencyVolumeBlur:1]]
[2020.02.13-15.02.37:924][  0]LogConfig: Setting CVar [[r.MaterialQualityLevel:1 ; High quality]]
[2020.02.13-15.02.37:924][  0]LogConfig: Setting CVar [[r.SSS.Scale:1]]
[2020.02.13-15.02.37:924][  0]LogConfig: Setting CVar [[r.SSS.SampleSet:2]]
[2020.02.13-15.02.37:924][  0]LogConfig: Setting CVar [[r.SSS.Quality:1]]
[2020.02.13-15.02.37:924][  0]LogConfig: Setting CVar [[r.SSS.HalfRes:1]]
[2020.02.13-15.02.37:924][  0]LogConfig: Setting CVar [[r.EmitterSpawnRateScale:1.0]]
[2020.02.13-15.02.37:924][  0]LogConfig: Setting CVar [[r.ParticleLightQuality:2]]
[2020.02.13-15.02.37:924][  0]LogConfig: Applying CVar settings from Section [FoliageQuality@3] File [D:/Pentum/Pentum/Pentum/Saved/Config/Windows/Scalability.ini]
[2020.02.13-15.02.37:924][  0]LogConfig: Setting CVar [[foliage.DensityScale:1.0]]
[2020.02.13-15.02.37:924][  0]LogConfig: Setting CVar [[grass.DensityScale:1.0]]
[2020.02.13-15.02.37:924][  0]LogConfig: Applying CVar settings from Section [Startup] File [../../../Engine/Config/ConsoleVariables.ini]
[2020.02.13-15.02.37:924][  0]LogConfig: Setting CVar [[net.UseAdaptiveNetUpdateFrequency:0]]
[2020.02.13-15.02.37:924][  0]LogConfig: Setting CVar [[p.chaos.AllowCreatePhysxBodies:1]]
[2020.02.13-15.02.37:924][  0]LogConfig: Applying CVar settings from Section [ConsoleVariables] File [D:/Pentum/Pentum/Pentum/Saved/Config/Windows/Engine.ini]
[2020.02.13-15.02.37:925][  0]LogInit: Computer: MUC-A-1040
[2020.02.13-15.02.37:925][  0]LogInit: User: reluthe
[2020.02.13-15.02.37:925][  0]LogInit: CPU Page size=4096, Cores=4
[2020.02.13-15.02.37:925][  0]LogInit: High frequency timer resolution =10.000000 MHz
[2020.02.13-15.02.37:925][  0]LogMemory: Memory total: Physical=16.0GB (16GB approx)
[2020.02.13-15.02.37:925][  0]LogMemory: Platform Memory Stats for Windows
[2020.02.13-15.02.37:925][  0]LogMemory: Process Physical Memory: 99.85 MB used, 99.85 MB peak
[2020.02.13-15.02.37:925][  0]LogMemory: Process Virtual Memory: 98.93 MB used, 98.93 MB peak
[2020.02.13-15.02.37:925][  0]LogMemory: Physical Memory: 3917.07 MB used,  12431.75 MB free, 16348.82 MB total
[2020.02.13-15.02.37:925][  0]LogMemory: Virtual Memory: 4666.88 MB used,  134213064.00 MB free, 134217728.00 MB total
[2020.02.13-15.02.37:927][  0]LogWindows: WindowsPlatformFeatures enabled
[2020.02.13-15.02.37:951][  0]LogInit: Using OS detected language (en-US).
[2020.02.13-15.02.37:951][  0]LogInit: Using OS detected locale (en-US).
[2020.02.13-15.02.37:952][  0]LogTextLocalizationManager: No specific localization for 'en-US' exists, so the 'en' localization will be used.
[2020.02.13-15.02.38:123][  0]LogInit: Setting process to per monitor DPI aware
[2020.02.13-15.02.38:164][  0]LogSlate: New Slate User Created.  User Index 0, Is Virtual User: 0
[2020.02.13-15.02.38:164][  0]LogSlate: Slate User Registered.  User Index 0, Is Virtual User: 0
[2020.02.13-15.02.38:369][  0]LogHMD: Failed to initialize OpenVR with code 110
[2020.02.13-15.02.38:369][  0]LogD3D11RHI: D3D11 adapters:
[2020.02.13-15.02.38:448][  0]LogD3D11RHI:    0. 'NVIDIA GeForce GTX 970' (Feature Level 11_0)
[2020.02.13-15.02.38:448][  0]LogD3D11RHI:       4043/0/8174 MB DedicatedVideo/DedicatedSystem/SharedSystem, Outputs:2, VendorId:0x10de
[2020.02.13-15.02.38:451][  0]LogD3D11RHI:    1. 'Microsoft Basic Render Driver' (Feature Level 11_0)
[2020.02.13-15.02.38:451][  0]LogD3D11RHI:       0/0/8174 MB DedicatedVideo/DedicatedSystem/SharedSystem, Outputs:0, VendorId:0x1414
[2020.02.13-15.02.38:451][  0]LogD3D11RHI: Chosen D3D11 Adapter: 0
[2020.02.13-15.02.38:457][  0]LogD3D11RHI: Creating new Direct3DDevice
[2020.02.13-15.02.38:457][  0]LogD3D11RHI:     GPU DeviceId: 0x13c2 (for the marketing name, search the web for "GPU Device Id")
[2020.02.13-15.02.38:457][  0]LogWindows: EnumDisplayDevices:
[2020.02.13-15.02.38:457][  0]LogWindows:    0. 'NVIDIA GeForce GTX 970' (P:1 D:1)
[2020.02.13-15.02.38:458][  0]LogWindows:    1. 'NVIDIA GeForce GTX 970' (P:0 D:1)
[2020.02.13-15.02.38:458][  0]LogWindows:    2. 'NVIDIA GeForce GTX 970' (P:0 D:0)
[2020.02.13-15.02.38:458][  0]LogWindows:    3. 'NVIDIA GeForce GTX 970' (P:0 D:0)
[2020.02.13-15.02.38:459][  0]LogWindows: DebugString: FoundDriverCount:4 
[2020.02.13-15.02.38:459][  0]LogD3D11RHI:     Adapter Name: NVIDIA GeForce GTX 970
[2020.02.13-15.02.38:459][  0]LogD3D11RHI:   Driver Version: 441.12 (internal:26.21.14.4112, unified:441.12)
[2020.02.13-15.02.38:459][  0]LogD3D11RHI:      Driver Date: 10-24-2019
[2020.02.13-15.02.38:459][  0]LogRHI: Texture pool is 2830 MB (70% of 4043 MB)
[2020.02.13-15.02.38:510][  0]LogD3D11RHI: Async texture creation enabled
[2020.02.13-15.02.38:523][  0]LogD3D11RHI: GPU Timing Frequency: 1000.000000 (Debug: 2 1)
[2020.02.13-15.02.38:888][  0]LogTemp: Display: Module 'AllDesktopTargetPlatform' loaded TargetPlatform 'AllDesktop'
[2020.02.13-15.02.38:896][  0]LogTemp: Display: Module 'MacClientTargetPlatform' loaded TargetPlatform 'MacClient'
[2020.02.13-15.02.38:904][  0]LogTemp: Display: Module 'MacNoEditorTargetPlatform' loaded TargetPlatform 'MacNoEditor'
[2020.02.13-15.02.38:912][  0]LogTemp: Display: Module 'MacServerTargetPlatform' loaded TargetPlatform 'MacServer'
[2020.02.13-15.02.38:921][  0]LogTemp: Display: Module 'MacTargetPlatform' loaded TargetPlatform 'Mac'
[2020.02.13-15.02.38:929][  0]LogTemp: Display: Module 'WindowsClientTargetPlatform' loaded TargetPlatform 'WindowsClient'
[2020.02.13-15.02.38:937][  0]LogTemp: Display: Module 'WindowsNoEditorTargetPlatform' loaded TargetPlatform 'WindowsNoEditor'
[2020.02.13-15.02.38:945][  0]LogTemp: Display: Module 'WindowsServerTargetPlatform' loaded TargetPlatform 'WindowsServer'
[2020.02.13-15.02.38:949][  0]LogTemp: Display: Module 'WindowsTargetPlatform' loaded TargetPlatform 'Windows'
[2020.02.13-15.02.38:978][  0]LogTemp: Display: Module 'AndroidTargetPlatform' loaded TargetPlatform 'Android'
[2020.02.13-15.02.38:978][  0]LogTemp: Display: Module 'AndroidTargetPlatform' loaded TargetPlatform 'Android_ASTC'
[2020.02.13-15.02.38:978][  0]LogTemp: Display: Module 'AndroidTargetPlatform' loaded TargetPlatform 'Android_ATC'
[2020.02.13-15.02.38:978][  0]LogTemp: Display: Module 'AndroidTargetPlatform' loaded TargetPlatform 'Android_DXT'
[2020.02.13-15.02.38:978][  0]LogTemp: Display: Module 'AndroidTargetPlatform' loaded TargetPlatform 'Android_ETC1'
[2020.02.13-15.02.38:978][  0]LogTemp: Display: Module 'AndroidTargetPlatform' loaded TargetPlatform 'Android_ETC1a'
[2020.02.13-15.02.38:978][  0]LogTemp: Display: Module 'AndroidTargetPlatform' loaded TargetPlatform 'Android_ETC2'
[2020.02.13-15.02.38:978][  0]LogTemp: Display: Module 'AndroidTargetPlatform' loaded TargetPlatform 'Android_PVRTC'
[2020.02.13-15.02.38:978][  0]LogTemp: Display: Module 'AndroidTargetPlatform' loaded TargetPlatform 'AndroidClient'
[2020.02.13-15.02.38:978][  0]LogTemp: Display: Module 'AndroidTargetPlatform' loaded TargetPlatform 'Android_ASTCClient'
[2020.02.13-15.02.38:978][  0]LogTemp: Display: Module 'AndroidTargetPlatform' loaded TargetPlatform 'Android_ATCClient'
[2020.02.13-15.02.38:978][  0]LogTemp: Display: Module 'AndroidTargetPlatform' loaded TargetPlatform 'Android_DXTClient'
[2020.02.13-15.02.38:978][  0]LogTemp: Display: Module 'AndroidTargetPlatform' loaded TargetPlatform 'Android_ETC1Client'
[2020.02.13-15.02.38:978][  0]LogTemp: Display: Module 'AndroidTargetPlatform' loaded TargetPlatform 'Android_ETC1aClient'
[2020.02.13-15.02.38:978][  0]LogTemp: Display: Module 'AndroidTargetPlatform' loaded TargetPlatform 'Android_ETC2Client'
[2020.02.13-15.02.38:978][  0]LogTemp: Display: Module 'AndroidTargetPlatform' loaded TargetPlatform 'Android_PVRTCClient'
[2020.02.13-15.02.38:978][  0]LogTemp: Display: Module 'AndroidTargetPlatform' loaded TargetPlatform 'Android_Multi'
[2020.02.13-15.02.38:978][  0]LogTemp: Display: Module 'AndroidTargetPlatform' loaded TargetPlatform 'Android_MultiClient'
[2020.02.13-15.02.38:980][  0]LogTemp: Display: Module 'HTML5TargetPlatform' loaded TargetPlatform 'HTML5'
[2020.02.13-15.02.38:997][  0]LogTemp: Display: Module 'IOSTargetPlatform' loaded TargetPlatform 'IOSClient'
[2020.02.13-15.02.38:997][  0]LogTemp: Display: Module 'IOSTargetPlatform' loaded TargetPlatform 'IOS'
[2020.02.13-15.02.39:011][  0]LogTemp: Display: Module 'TVOSTargetPlatform' loaded TargetPlatform 'TVOSClient'
[2020.02.13-15.02.39:011][  0]LogTemp: Display: Module 'TVOSTargetPlatform' loaded TargetPlatform 'TVOS'
[2020.02.13-15.02.39:019][  0]LogTemp: Display: Module 'LinuxClientTargetPlatform' loaded TargetPlatform 'LinuxClient'
[2020.02.13-15.02.39:026][  0]LogTemp: Display: Module 'LinuxNoEditorTargetPlatform' loaded TargetPlatform 'LinuxNoEditor'
[2020.02.13-15.02.39:033][  0]LogTemp: Display: Module 'LinuxServerTargetPlatform' loaded TargetPlatform 'LinuxServer'
[2020.02.13-15.02.39:041][  0]LogTemp: Display: Module 'LinuxTargetPlatform' loaded TargetPlatform 'Linux'
[2020.02.13-15.02.39:066][  0]LogTemp: Display: Module 'LuminTargetPlatform' loaded TargetPlatform 'Lumin'
[2020.02.13-15.02.39:066][  0]LogTemp: Display: Module 'LuminTargetPlatform' loaded TargetPlatform 'LuminClient'
[2020.02.13-15.02.39:066][  0]LogTargetPlatformManager: Display: Building Assets For Windows
[2020.02.13-15.02.39:077][  0]LogAudioDebug: Display: Lib vorbis DLL was dynamically loaded.
[2020.02.13-15.02.39:119][  0]LogShaderCompilers: Guid format shader working directory is 12 characters bigger than the processId version (../../../../../Pentum/Pentum/Pentum/Intermediate/Shaders/WorkingDirectory/16012/).
[2020.02.13-15.02.39:119][  0]LogShaderCompilers: Cleaned the shader compiler working directory 'C:/Users/reluthe/AppData/Local/Temp/UnrealShaderWorkingDir/1B4D22B347D58FBE0EAA60BD6DCD7EBE/'.
[2020.02.13-15.02.39:121][  0]LogXGEController: Cleaning working directory: C:/Users/reluthe/AppData/Local/Temp/UnrealXGEWorkingDir/
[2020.02.13-15.02.39:122][  0]LogXGEController: Cannot use XGE Controller as Incredibuild is not installed on this machine.
[2020.02.13-15.02.39:122][  0]LogShaderCompilers: Cannot use XGE Shader Compiler as Incredibuild is not installed on this machine.
[2020.02.13-15.02.39:122][  0]LogShaderCompilers: Display: Using Local Shader Compiler.
[2020.02.13-15.02.39:755][  0]LogDerivedDataCache: Display: Max Cache Size: 512 MB
[2020.02.13-15.02.39:816][  0]LogDerivedDataCache: Loaded boot cache 0.06s 73MB C:/Users/reluthe/AppData/Local/UnrealEngine/4.23/DerivedDataCache/Boot.ddc.
[2020.02.13-15.02.39:816][  0]LogDerivedDataCache: Display: Loaded Boot cache: C:/Users/reluthe/AppData/Local/UnrealEngine/4.23/DerivedDataCache/Boot.ddc
[2020.02.13-15.02.39:816][  0]LogDerivedDataCache: FDerivedDataBackendGraph:  Pak pak cache file ../../../../../Pentum/Pentum/Pentum/DerivedDataCache/DDC.ddp not found, will not use a pak cache.
[2020.02.13-15.02.39:816][  0]LogDerivedDataCache: Unable to find inner node Pak for hierarchical cache Hierarchy.
[2020.02.13-15.02.39:816][  0]LogDerivedDataCache: FDerivedDataBackendGraph:  CompressedPak pak cache file ../../../../../Pentum/Pentum/Pentum/DerivedDataCache/Compressed.ddp not found, will not use a pak cache.
[2020.02.13-15.02.39:816][  0]LogDerivedDataCache: Unable to find inner node CompressedPak for hierarchical cache Hierarchy.
[2020.02.13-15.02.39:828][  0]LogDerivedDataCache: Display: Pak cache opened for reading ../../../Engine/DerivedDataCache/Compressed.ddp.
[2020.02.13-15.02.39:828][  0]LogDerivedDataCache: FDerivedDataBackendGraph:  EnterprisePak pak cache file ../../../Enterprise/DerivedDataCache/Compressed.ddp not found, will not use a pak cache.
[2020.02.13-15.02.39:829][  0]LogDerivedDataCache: Unable to find inner node EnterprisePak for hierarchical cache Hierarchy.
[2020.02.13-15.02.39:830][  0]LogDerivedDataCache: Using Local data cache path C:/Users/reluthe/AppData/Local/UnrealEngine/Common/DerivedDataCache: Writable
[2020.02.13-15.02.39:830][  0]LogDerivedDataCache: Shared data cache path not found in *engine.ini, will not use an Shared cache.
[2020.02.13-15.02.39:830][  0]LogDerivedDataCache: Unable to find inner node Shared for hierarchical cache Hierarchy.
[2020.02.13-15.02.39:861][  0]LogMaterial: Verifying Global Shaders for PCD3D_SM5
[2020.02.13-15.02.39:865][  0]LogSlate: Using FreeType 2.6.0
[2020.02.13-15.02.39:866][  0]LogSlate: SlateFontServices - WITH_FREETYPE: 1, WITH_HARFBUZZ: 1
[2020.02.13-15.02.39:931][  0]LogAssetRegistry: FAssetRegistry took 0.0030 seconds to start up
[2020.02.13-15.02.40:247][  0]LogLinker: Warning: Failed to read package file summary, the file "../../../../../Pentum/Pentum/Pentum/Content/Assets/Logs_normal/Logs_animated_Ganzobenrlinks_Height.uasset" is too small (0 bytes, expected at least 32 bytes)
[2020.02.13-15.02.40:247][  0]LogLinker: Warning: Failed to read package file summary, the file "../../../../../Pentum/Pentum/Pentum/Content/Assets/Logs_normal/Logs_animated_Ganzobenrlinks_Metallic.uasset" is too small (0 bytes, expected at least 32 bytes)
[2020.02.13-15.02.40:247][  0]LogLinker: Warning: Failed to read package file summary, the file "../../../../../Pentum/Pentum/Pentum/Content/Assets/Logs_normal/Logs_animated_Ganzobenrlinks_Normal.uasset" is too small (0 bytes, expected at least 32 bytes)
[2020.02.13-15.02.40:247][  0]LogLinker: Warning: Failed to read package file summary, the file "../../../../../Pentum/Pentum/Pentum/Content/Assets/Logs_normal/Logs_animated_Ganzobenrlinks_Roughness.uasset" is too small (0 bytes, expected at least 32 bytes)
[2020.02.13-15.02.40:247][  0]LogLinker: Warning: Failed to read package file summary, the file "../../../../../Pentum/Pentum/Pentum/Content/Assets/Logs_normal/Logs_animated_mittelinks_AO.uasset" is too small (0 bytes, expected at least 32 bytes)
[2020.02.13-15.02.40:247][  0]LogLinker: Warning: Failed to read package file summary, the file "../../../../../Pentum/Pentum/Pentum/Content/Assets/Logs_normal/Logs_animated_mittelinks_BaseColor.uasset" is too small (0 bytes, expected at least 32 bytes)
[2020.02.13-15.02.40:247][  0]LogLinker: Warning: Failed to read package file summary, the file "../../../../../Pentum/Pentum/Pentum/Content/Assets/Logs_normal/Logs_animated_mittelinks_Height.uasset" is too small (0 bytes, expected at least 32 bytes)
[2020.02.13-15.02.40:247][  0]LogLinker: Warning: Failed to read package file summary, the file "../../../../../Pentum/Pentum/Pentum/Content/Assets/Logs_normal/Logs_animated_mittelinks_Metallic.uasset" is too small (0 bytes, expected at least 32 bytes)
[2020.02.13-15.02.40:247][  0]LogInit: Selected Device Profile: [Windows]
[2020.02.13-15.02.40:401][  0]LogMeshReduction: Using QuadricMeshReduction for automatic static mesh reduction
[2020.02.13-15.02.40:401][  0]LogMeshReduction: Using SimplygonMeshReduction for automatic skeletal mesh reduction
[2020.02.13-15.02.40:402][  0]LogMeshReduction: Using ProxyLODMeshReduction for automatic mesh merging
[2020.02.13-15.02.40:402][  0]LogMeshReduction: No distributed automatic mesh merging module available
[2020.02.13-15.02.40:402][  0]LogMeshMerging: No distributed automatic mesh merging module available
[2020.02.13-15.02.40:411][  0]LogNetVersion: Pentum 1.0.0, NetCL: 8386587, EngineNetVer: 11, GameNetVer: 0 (Checksum: 2920029503)
[2020.02.13-15.02.40:802][  0]LogPackageLocalizationCache: Processed 12 localized package path(s) for 1 prioritized culture(s) in 0.041682 seconds
[2020.02.13-15.02.40:809][  0]LogUObjectArray: 43444 objects as part of root set at end of initial load.
[2020.02.13-15.02.40:809][  0]LogUObjectAllocator: 7548648 out of 0 bytes used by permanent object pool.
[2020.02.13-15.02.40:809][  0]LogUObjectArray: CloseDisregardForGC: 0/0 objects in disregard for GC pool
[2020.02.13-15.02.41:662][  0]LogTcpMessaging: Initializing TcpMessaging bridge
[2020.02.13-15.02.41:665][  0]LogUdpMessaging: Initializing bridge on interface 0.0.0.0:0 to multicast group 230.0.0.1:6666.
[2020.02.13-15.02.41:718][  0]SourceControl: Source control is disabled
[2020.02.13-15.02.41:719][  0]SourceControl: Source control is disabled
[2020.02.13-15.02.41:720][  0]SourceControl: Source control is disabled
[2020.02.13-15.02.41:721][  0]SourceControl: Source control is disabled
[2020.02.13-15.02.41:729][  0]LogVSAccessor: Display: Unable to create Visual Studio setup instance: 80040154
[2020.02.13-15.02.41:730][  0]LogVSAccessor: Display: Unable to create Visual Studio setup instance: 80040154
[2020.02.13-15.02.41:815][  0]LogAndroidPermission: UAndroidPermissionCallbackProxy::GetInstance
[2020.02.13-15.02.42:002][  0]LogOcInput: OculusInput pre-init called
[2020.02.13-15.02.42:008][  0]LogWindows: Failed to load 'OVRPlugin.dll' (GetLastError=126)
[2020.02.13-15.02.42:008][  0]LogWindows: File 'OVRPlugin.dll' does not exist
[2020.02.13-15.02.42:081][  0]LogEngine: Initializing Engine...
[2020.02.13-15.02.42:082][  0]LogHMD: Failed to initialize OpenVR with code 110
[2020.02.13-15.02.42:083][  0]LogStats: UGameplayTagsManager::InitializeManager -  0.000 s
[2020.02.13-15.02.42:300][  0]LogInit: Initializing FReadOnlyCVARCache
[2020.02.13-15.02.42:314][  0]LogAIModule: Creating AISystem for world Untitled
[2020.02.13-15.02.42:371][  0]LogInit: XAudio2 using 'PL2875UH (NVIDIA High Definition Audio)' : 2 channels at 48 kHz using 16 bits per sample (channel mask 0x3)
[2020.02.13-15.02.42:395][  0]LogInit: FAudioDevice initialized.
[2020.02.13-15.02.42:395][  0]LogNetVersion: Set ProjectVersion to 1.0.0.0. Version Checksum will be recalculated on next use.
[2020.02.13-15.02.42:527][  0]LogDerivedDataCache: Saved boot cache 0.13s 73MB C:/Users/reluthe/AppData/Local/UnrealEngine/4.23/DerivedDataCache/Boot.ddc.
[2020.02.13-15.02.42:529][  0]LogInit: Texture streaming: Enabled
[2020.02.13-15.02.42:547][  0]LogEngineSessionManager: EngineSessionManager initialized
[2020.02.13-15.02.42:547][  0]LogEngineSessionManager: EngineSessionManager sent abnormal shutdown report. Type=Crashed, SessionId={0AEA9F51-42B6-E8D2-B517-BAA1984BA423}
[2020.02.13-15.02.42:547][  0]LogEditorSessionSummary: Verbose: Initializing EditorSessionSummaryWriter for editor session tracking
[2020.02.13-15.02.42:549][  0]LogEditorSessionSummary: EditorSessionSummaryWriter initialized
[2020.02.13-15.02.42:581][  0]LogInit: Transaction tracking system initialized
[2020.02.13-15.02.42:607][  0]BlueprintLog: New page: Editor Load
[2020.02.13-15.02.42:675][  0]LocalizationService: Localization service is disabled
[2020.02.13-15.02.42:736][  0]LogVSAccessor: Display: Unable to create Visual Studio setup instance: 80040154
[2020.02.13-15.02.42:737][  0]LogVSAccessor: Display: Unable to create Visual Studio setup instance: 80040154
[2020.02.13-15.02.42:900][  0]LogCook: Display: Max memory allowance for cook 16384mb min free memory 0mb
[2020.02.13-15.02.42:900][  0]LogCook: Display: Mobile HDR setting 1
[2020.02.13-15.02.43:095][  0]LogFileCache: Scanning file cache for directory 'D:/Pentum/Pentum/Pentum/Content/' took 0.03s
[2020.02.13-15.02.43:095][  0]SourceControl: Source control is disabled
[2020.02.13-15.02.43:095][  0]Cmd: MAP LOAD FILE="../../../../../Pentum/Pentum/Pentum/Content/Map/Pentum.umap" TEMPLATE=0 SHOWPROGRESS=1 FEATURELEVEL=3
[2020.02.13-15.02.43:095][  0]LightingResults: New page: Lighting Build
[2020.02.13-15.02.43:098][  0]LogWorld: UWorld::CleanupWorld for Untitled, bSessionEnded=true, bCleanupResources=true
[2020.02.13-15.02.43:098][  0]MapCheck: New page: Map Check
[2020.02.13-15.02.43:098][  0]LightingResults: New page: Lighting Build
[2020.02.13-15.02.43:120][  0]LogUObjectHash: Compacting FUObjectHashTables data took   1.95ms
[2020.02.13-15.02.43:642][  0]LogBlueprint: Warning: [Compiler FirstPersonCharacter] Could not find a variable named "m_snapTargets" in 'ItemRegister_C'.
Make sure 'ItemRegister_C' has been compiled for  Get m_snapTargets
[2020.02.13-15.02.43:700][  0]LogBlueprint: Error: [Compiler FirstPersonCharacter] The property associated with  M Snap Targets  could not be found in '/Game/FirstPerson/Blueprints/FirstPersonCharacter.FirstPersonCharacter_C'
[2020.02.13-15.02.43:852][  0]LogLinker: Warning: While loading '../../../../../Pentum/Pentum/Pentum/Content/Map/Pentum.umap' failed to load '/Game/Map/Pentum_BuiltData': Can't find file.
[2020.02.13-15.02.43:852][  0]LogLinker: Warning: While loading '../../../../../Pentum/Pentum/Pentum/Content/Map/Pentum.umap' failed to load '/Game/Map/Pentum_BuiltData': Can't find file.
[2020.02.13-15.02.44:310][  0]LogLinker: Warning: While loading '../../../../../Pentum/Pentum/Pentum/Content/Map/Pentum.umap' failed to load '/Game/Map/Pentum_BuiltData': Can't find file.
[2020.02.13-15.02.44:310][  0]LogLinker: Warning: While loading '../../../../../Pentum/Pentum/Pentum/Content/Map/Pentum.umap' failed to load '/Game/Map/Pentum_BuiltData': Can't find file.
[2020.02.13-15.02.44:322][  0]LogLinker: Warning: Failed to load '/Game/Map/Pentum_BuiltData': Can't find file.
[2020.02.13-15.02.44:322][  0]LogLinker: Warning: Failed to load '/Game/Map/Pentum_BuiltData': Can't find file.
[2020.02.13-15.02.44:322][  0]LogLinker: Warning: Failed to load '/Game/Map/Pentum_BuiltData': Can't find file.
[2020.02.13-15.02.44:322][  0]LogLinker: Warning: Failed to load '/Game/Map/Pentum_BuiltData': Can't find file.
[2020.02.13-15.02.44:336][  0]LogBlueprint: Warning: [Compiler PersistentLevel.Pentum] Could not find a variable named "SnapTarget" in 'ItemRegister_C'.
Make sure 'ItemRegister_C' has been compiled for  Get SnapTarget
[2020.02.13-15.02.44:338][  0]LogBlueprint: Error: [Compiler PersistentLevel.Pentum] The property associated with  Snap Target  could not be found in '/Game/Map/Pentum.Pentum_C'
[2020.02.13-15.02.44:410][  0]LogLinker: Warning: While loading '../../../../../Pentum/Pentum/Pentum/Content/Map/Pentum.umap' failed to load '/Game/Map/Pentum_BuiltData': Can't find file.
[2020.02.13-15.02.44:410][  0]LoadErrors: Failed to load /Game/Map/Pentum_BuiltData.Pentum_BuiltData Referenced by PersistentLevel
[2020.02.13-15.02.44:411][  0]LogLinker: Warning: While loading '../../../../../Pentum/Pentum/Pentum/Content/Map/Pentum.umap' failed to load '/Game/Map/Pentum_BuiltData': Can't find file.
[2020.02.13-15.02.44:411][  0]LoadErrors: Failed to load /Game/Map/Pentum_BuiltData.Pentum_BuiltData Referenced by PersistentLevel
[2020.02.13-15.02.44:693][  0]LogTexture: Display: Building textures: BG_D (AutoDXT, 8X8)
[2020.02.13-15.02.44:693][  0]LogTexture: Display: Building textures: BB_D (AutoDXT, 8X8)
[2020.02.13-15.02.44:693][  0]LogTexture: Display: Building textures: B_N (BC5, 8X8)
[2020.02.13-15.02.44:693][  0]LogTexture: Display: Building textures: T_MASK1 (AutoDXT, 256X256)
[2020.02.13-15.02.44:693][  0]LogStaticMesh: Building static mesh Fir_03_Medium...
[2020.02.13-15.02.46:237][  0]LogTexture: Display: Building textures: T_Barrel01_N (BC5, 2048X2048)
[2020.02.13-15.02.46:237][  0]LogTexture: Display: Building textures: T_MASK2 (AutoDXT, 2048X2048)
[2020.02.13-15.02.46:237][  0]LogTexture: Display: Building textures: T_Barrel01_D (AutoDXT, 2048X2048)
[2020.02.13-15.02.46:237][  0]LogTexture: Display: Building textures: T_Barrel01_SRM (AutoDXT, 2048X2048)
[2020.02.13-15.02.46:237][  0]LogTexture: Display: Building textures: tjjxbgoda_8K_Roughness (AutoDXT, 8192X8192)
[2020.02.13-15.02.46:237][  0]LogStaticMesh: Built static mesh [1.54s] /Game/Assets/Environment_Set/Environment/Foliage/Models/Fir_03_Medium.Fir_03_Medium
[2020.02.13-15.02.46:350][  0]LogStaticMesh: Building static mesh SM_Spruce02...
[2020.02.13-15.02.46:794][  0]LogStaticMesh: Built static mesh [0.44s] /Game/Assets/Environment/Vegetation/Trees/SM_Spruce02.SM_Spruce02
[2020.02.13-15.02.46:886][  0]LogStaticMesh: Building static mesh SM_Spruce03...
[2020.02.13-15.02.47:263][  0]LogStaticMesh: Built static mesh [0.38s] /Game/Assets/Environment/Vegetation/Trees/SM_Spruce03.SM_Spruce03
[2020.02.13-15.02.47:292][  0]LogStaticMesh: Building static mesh SM_Spruce_Dead01...
[2020.02.13-15.02.47:631][  0]LogStaticMesh: Built static mesh [0.34s] /Game/Assets/Environment/Vegetation/Trees/SM_Spruce_Dead01.SM_Spruce_Dead01
[2020.02.13-15.02.47:679][  0]LogStaticMesh: Building static mesh SM_Spruce_Dead02...
[2020.02.13-15.02.47:848][  0]LogStaticMesh: Built static mesh [0.17s] /Game/Assets/Environment/Vegetation/Trees/SM_Spruce_Dead02.SM_Spruce_Dead02
[2020.02.13-15.02.47:869][  0]LogStaticMesh: Building static mesh Grass_01_Var1_LOD2...
[2020.02.13-15.02.47:877][  0]LogStaticMesh: Built static mesh [0.01s] /Game/Assets/MegascansMeadowPack/Grass_01/Var1/Grass_01_Var1_LOD2.Grass_01_Var1_LOD2
[2020.02.13-15.02.47:882][  0]LogStaticMesh: Building static mesh Grass_01_Var1_LOD1...
[2020.02.13-15.02.47:903][  0]LogStaticMesh: Built static mesh [0.02s] /Game/Assets/MegascansMeadowPack/Grass_01/Var1/Grass_01_Var1_LOD1.Grass_01_Var1_LOD1
[2020.02.13-15.02.47:908][  0]LogStaticMesh: Building static mesh Grass_01_Var1_LOD0...
[2020.02.13-15.02.47:980][  0]LogStaticMesh: Built static mesh [0.07s] /Game/Assets/MegascansMeadowPack/Grass_01/Var1/Grass_01_Var1_LOD0.Grass_01_Var1_LOD0
[2020.02.13-15.02.48:149][  0]LogTexture: Display: Building textures: Aset_wood_log_M_qdhxa_8K_Albedo (AutoDXT, 8192X8192)
[2020.02.13-15.02.48:149][  0]LogMaterial: Display: Missing cached shader map for material MM_Landcape, compiling. 
[2020.02.13-15.02.48:500][  0]LogShaderCompilers: Display: Worker (1/5): shaders left to compile 90
[2020.02.13-15.02.48:500][  0]LogShaderCompilers: Display: Worker (2/5): shaders left to compile 80
[2020.02.13-15.02.48:500][  0]LogShaderCompilers: Display: Worker (3/5): shaders left to compile 70
[2020.02.13-15.02.48:500][  0]LogShaderCompilers: Display: Worker (4/5): shaders left to compile 60
[2020.02.13-15.02.48:500][  0]LogShaderCompilers: Display: Worker (5/5): shaders left to compile 50
[2020.02.13-15.02.48:500][  0]LogMaterial: Display: Missing cached shader map for material MM_Landcape, compiling. 
[2020.02.13-15.02.48:630][  0]LogMaterial: Display: Missing cached shader map for material MM_Landcape, compiling. 
[2020.02.13-15.02.48:860][  0]LogMaterial: Display: Missing cached shader map for material MM_Landcape, compiling. 
[2020.02.13-15.02.49:007][  0]LogMaterial: Display: Missing cached shader map for material MM_Landcape, compiling. 
[2020.02.13-15.02.49:286][  0]LogMaterial: Display: Missing cached shader map for material MM_Landcape, compiling. 
[2020.02.13-15.02.49:477][  0]LogMaterial: Display: Missing cached shader map for material MM_Landcape, compiling. 
[2020.02.13-15.02.49:741][  0]LogMaterial: Display: Missing cached shader map for material MM_Landcape, compiling. 
[2020.02.13-15.02.49:935][  0]LogMaterial: Display: Missing cached shader map for material MM_Landcape, compiling. 
[2020.02.13-15.02.50:136][  0]LogMaterial: Display: Missing cached shader map for material MM_Landcape, compiling. 
[2020.02.13-15.02.50:346][  0]LogMaterial: Display: Missing cached shader map for material MM_Landcape, compiling. 
[2020.02.13-15.02.50:649][  0]LogTexture: Display: Building textures: tjjxbgoda_8K_Normal_LOD0 (BC5, 8192X8192)
[2020.02.13-15.02.50:649][  0]LogMaterial: Display: Missing cached shader map for material MM_Landcape, compiling. 
[2020.02.13-15.02.50:809][  0]LogMaterial: Display: Missing cached shader map for material MM_Landcape, compiling. 
[2020.02.13-15.02.51:055][  0]LogMaterial: Display: Missing cached shader map for material MM_Landcape, compiling. 
[2020.02.13-15.02.51:309][  0]LogMaterial: Display: Missing cached shader map for material MM_Landcape, compiling. 
[2020.02.13-15.02.51:439][  0]LogMaterial: Display: Missing cached shader map for material MM_Landcape, compiling. 
[2020.02.13-15.02.51:663][  0]LogMaterial: Display: Missing cached shader map for material MM_Landcape, compiling. 
[2020.02.13-15.02.51:875][  0]LogMaterial: Display: Missing cached shader map for material MM_Landcape, compiling. 
[2020.02.13-15.02.51:982][  0]LogMaterial: Display: Missing cached shader map for material MM_Landcape, compiling. 
[2020.02.13-15.02.52:183][  0]LogMaterial: Display: Missing cached shader map for material MM_Landcape, compiling. 
[2020.02.13-15.02.52:397][  0]LogMaterial: Display: Missing cached shader map for material MM_Landcape, compiling. 
[2020.02.13-15.02.52:610][  0]LogMaterial: Display: Missing cached shader map for material MM_Landcape, compiling. 
[2020.02.13-15.02.52:773][  0]LogMaterial: Display: Missing cached shader map for material MM_Landcape, compiling. 
[2020.02.13-15.02.52:985][  0]LogMaterial: Display: Missing cached shader map for material MM_Landcape, compiling. 
[2020.02.13-15.02.53:223][  0]LogMaterial: Display: Missing cached shader map for material MM_Landcape, compiling. 
[2020.02.13-15.02.53:453][  0]LogMaterial: Display: Missing cached shader map for material MM_Landcape, compiling. 
[2020.02.13-15.02.53:686][  0]LogMaterial: Display: Missing cached shader map for material MM_Landcape, compiling. 
[2020.02.13-15.02.53:863][  0]LogMaterial: Display: Missing cached shader map for material MM_Landcape, compiling. 
[2020.02.13-15.02.54:022][  0]LogMaterial: Display: Missing cached shader map for material MM_Landcape, compiling. 
[2020.02.13-15.02.54:267][  0]LogMaterial: Display: Missing cached shader map for material MM_Landcape, compiling. 
[2020.02.13-15.02.54:488][  0]LogMaterial: Display: Missing cached shader map for material MM_Landcape, compiling. 
[2020.02.13-15.02.54:670][  0]LogMaterial: Display: Missing cached shader map for material MM_Landcape, compiling. 
[2020.02.13-15.02.54:916][  0]LogMaterial: Display: Missing cached shader map for material MM_Landcape, compiling. 
[2020.02.13-15.02.55:152][  0]LogMaterial: Display: Missing cached shader map for material MM_Landcape, compiling. 
[2020.02.13-15.02.55:347][  0]LogMaterial: Display: Missing cached shader map for material MM_Landcape, compiling. 
[2020.02.13-15.02.55:583][  0]LogMaterial: Display: Missing cached shader map for material MM_Landcape, compiling. 
[2020.02.13-15.02.55:953][  0]LogMaterial: Display: Missing cached shader map for material MM_Landcape, compiling. 
[2020.02.13-15.02.56:123][  0]LogMaterial: Display: Missing cached shader map for material MM_Landcape, compiling. 
[2020.02.13-15.02.56:316][  0]LogMaterial: Display: Missing cached shader map for material MM_Landcape, compiling. 
[2020.02.13-15.02.56:492][  0]LogMaterial: Display: Missing cached shader map for material MM_Landcape, compiling. 
[2020.02.13-15.02.56:659][  0]LogMaterial: Display: Missing cached shader map for material MM_Landcape, compiling. 
[2020.02.13-15.02.56:784][  0]LogMaterial: Display: Missing cached shader map for material MM_Landcape, compiling. 
[2020.02.13-15.02.56:940][  0]LogMaterial: Display: Missing cached shader map for material MM_Landcape, compiling. 
[2020.02.13-15.02.57:163][  0]LogMaterial: Display: Missing cached shader map for material MM_Landcape, compiling. 
[2020.02.13-15.02.57:303][  0]LogMaterial: Display: Missing cached shader map for material MM_Landcape, compiling. 
[2020.02.13-15.02.57:537][  0]LogMaterial: Display: Missing cached shader map for material MM_Landcape, compiling. 
[2020.02.13-15.02.57:715][  0]LogTexture: Display: Building textures: tjjxbgoda_8K_Displacement (AutoDXT, 8192X8192)
[2020.02.13-15.02.57:715][  0]LogMaterial: Display: Missing cached shader map for material MM_Landcape, compiling. 
[2020.02.13-15.02.57:851][  0]LogMaterial: Display: Missing cached shader map for material MM_Landcape, compiling. 
[2020.02.13-15.02.58:035][  0]LogMaterial: Display: Missing cached shader map for material MM_Landcape, compiling. 
[2020.02.13-15.02.58:202][  0]LogMaterial: Display: Missing cached shader map for material MM_Landcape, compiling. 
[2020.02.13-15.02.58:382][  0]LogMaterial: Display: Missing cached shader map for material MM_Landcape, compiling. 
[2020.02.13-15.02.58:576][  0]LogMaterial: Display: Missing cached shader map for material MM_Landcape, compiling. 
[2020.02.13-15.02.58:827][  0]LogMaterial: Display: Missing cached shader map for material M_Sky_Panning_Clouds_moon_02, compiling. 
[2020.02.13-15.02.58:839][  0]LogStaticMesh: Building static mesh Aset_wood_log_M_qdhxa_LOD0...
[2020.02.13-15.03.00:120][  0]LogStaticMesh: Built static mesh [1.28s] /Game/Assets/Stumps_Scatter/3D_Asset/02_Tree_Log_qdhxa/Aset_wood_log_M_qdhxa_LOD0.Aset_wood_log_M_qdhxa_LOD0
[2020.02.13-15.03.00:449][  0]LogTexture: Display: Building textures: tkerbglda_8K_Roughness (AutoDXT, 8192X8192)
[2020.02.13-15.03.00:449][  0]LogStaticMesh: Building static mesh Fence_02...
[2020.02.13-15.03.00:604][  0]LogStaticMesh: Built static mesh [0.15s] /Game/Assets/Fence_02/Fence_02.Fence_02
[2020.02.13-15.03.00:610][  0]LogStaticMesh: Building static mesh Fence_03...
[2020.02.13-15.03.00:702][  0]LogStaticMesh: Built static mesh [0.09s] /Game/Assets/Fence_03/Fence_03.Fence_03
[2020.02.13-15.03.00:754][  0]LogStaticMesh: Building static mesh lampe_mergedd...
[2020.02.13-15.03.01:477][  0]LogStaticMesh: Built static mesh [0.72s] /Game/Assets/Oillamp/lampe_mergedd.lampe_mergedd
[2020.02.13-15.03.01:533][  0]LogStaticMesh: Building static mesh mülleimer...
[2020.02.13-15.03.01:660][  0]LogStaticMesh: Built static mesh [0.13s] /Game/Assets/Trashcan/mülleimer.mülleimer
[2020.02.13-15.03.01:668][  0]LogStaticMesh: Building static mesh SM_Barrel01...
[2020.02.13-15.03.02:210][  0]LogTexture: Display: Building textures: tjjxbgoda_8K_Albedo (AutoDXT, 8192X8192)
[2020.02.13-15.03.02:216][  0]LogStaticMesh: Built static mesh [0.54s] /Game/Assets/Industry_Props_01/Meshes/SM_Barrel01.SM_Barrel01
[2020.02.13-15.03.02:224][  0]LogStaticMesh: Building static mesh SM_CartonBox02...
[2020.02.13-15.03.02:238][  0]LogStaticMesh: Built static mesh [0.01s] /Game/Assets/Industry_Props_01/Meshes/SM_CartonBox02.SM_CartonBox02
[2020.02.13-15.03.02:239][  0]LogStaticMesh: Building static mesh SM_CartonGarbage01...
[2020.02.13-15.03.02:271][  0]LogStaticMesh: Built static mesh [0.03s] /Game/Assets/Industry_Props_01/Meshes/SM_CartonGarbage01.SM_CartonGarbage01
[2020.02.13-15.03.02:282][  0]LogStaticMesh: Building static mesh SM_CartonGarbage02...
[2020.02.13-15.03.02:320][  0]LogStaticMesh: Built static mesh [0.04s] /Game/Assets/Industry_Props_01/Meshes/SM_CartonGarbage02.SM_CartonGarbage02
[2020.02.13-15.03.02:323][  0]LogStaticMesh: Building static mesh SM_CartonGarbage04...
[2020.02.13-15.03.02:357][  0]LogStaticMesh: Built static mesh [0.03s] /Game/Assets/Industry_Props_01/Meshes/SM_CartonGarbage04.SM_CartonGarbage04
[2020.02.13-15.03.02:359][  0]LogStaticMesh: Building static mesh SM_CartonGarbage05...
[2020.02.13-15.03.02:398][  0]LogStaticMesh: Built static mesh [0.04s] /Game/Assets/Industry_Props_01/Meshes/SM_CartonGarbage05.SM_CartonGarbage05
[2020.02.13-15.03.02:400][  0]LogStaticMesh: Building static mesh SM_CartonGarbage06...
[2020.02.13-15.03.02:440][  0]LogStaticMesh: Built static mesh [0.04s] /Game/Assets/Industry_Props_01/Meshes/SM_CartonGarbage06.SM_CartonGarbage06
[2020.02.13-15.03.02:442][  0]LogStaticMesh: Building static mesh SM_CartonGarbage07...
[2020.02.13-15.03.02:561][  0]LogStaticMesh: Built static mesh [0.12s] /Game/Assets/Industry_Props_01/Meshes/SM_CartonGarbage07.SM_CartonGarbage07
[2020.02.13-15.03.02:565][  0]LogStaticMesh: Building static mesh SM_CartonGarbage09...
[2020.02.13-15.03.02:816][  0]LogStaticMesh: Built static mesh [0.25s] /Game/Assets/Industry_Props_01/Meshes/SM_CartonGarbage09.SM_CartonGarbage09
[2020.02.13-15.03.02:831][  0]LogStaticMesh: Building static mesh SM_ground_foliage_03_SM_ground_foliage_03...
[2020.02.13-15.03.02:876][  0]LogStaticMesh: Built static mesh [0.05s] /Game/Assets/Environment_Set/Environment/Foliage/Models/SM_ground_foliage_03_SM_ground_foliage_03.SM_ground_foliage_03_SM_ground_foliage_03
[2020.02.13-15.03.02:884][  0]LogStaticMesh: Building static mesh SM_nettle_01_1_SM_nettle_01_1...
[2020.02.13-15.03.02:922][  0]LogStaticMesh: Built static mesh [0.04s] /Game/Assets/Environment_Set/Environment/Foliage/Models/SM_nettle_01_1_SM_nettle_01_1.SM_nettle_01_1_SM_nettle_01_1
[2020.02.13-15.03.02:923][  0]LogStaticMesh: Building static mesh SM_Newspaper01...
[2020.02.13-15.03.02:951][  0]LogStaticMesh: Built static mesh [0.03s] /Game/Assets/Industry_Props_01/Meshes/SM_Newspaper01.SM_Newspaper01
[2020.02.13-15.03.02:959][  0]LogStaticMesh: Building static mesh SM_Newspaper03...
[2020.02.13-15.03.03:042][  0]LogStaticMesh: Built static mesh [0.08s] /Game/Assets/Industry_Props_01/Meshes/SM_Newspaper03.SM_Newspaper03
[2020.02.13-15.03.03:047][  0]LogStaticMesh: Building static mesh SM_Pallet01...
[2020.02.13-15.03.03:263][  0]LogStaticMesh: Built static mesh [0.22s] /Game/Assets/Industry_Props_01/Meshes/SM_Pallet01.SM_Pallet01
[2020.02.13-15.03.03:267][  0]LogStaticMesh: Building static mesh SM_Spruce_Sapling03...
[2020.02.13-15.03.03:336][  0]LogStaticMesh: Built static mesh [0.07s] /Game/Assets/Environment/Vegetation/Trees/SM_Spruce_Sapling03.SM_Spruce_Sapling03
[2020.02.13-15.03.03:341][  0]LogStaticMesh: Building static mesh SM_trunk_02...
[2020.02.13-15.03.03:528][  0]LogStaticMesh: Built static mesh [0.19s] /Game/Assets/Environment_Set/Environment/Foliage/Models/SM_trunk_02.SM_trunk_02
[2020.02.13-15.03.03:549][  0]LogStaticMesh: Building static mesh SM_WoodenBarrel_Damaged...
[2020.02.13-15.03.03:678][  0]LogStaticMesh: Built static mesh [0.13s] /Game/Assets/props_02/Environments/Misc/Exo_Deco01/StaticMesh/SM_WoodenBarrel_Damaged.SM_WoodenBarrel_Damaged
[2020.02.13-15.03.03:681][  0]LogStaticMesh: Building static mesh SM_WoodenBarrel_Destroyed...
[2020.02.13-15.03.03:792][  0]LogStaticMesh: Built static mesh [0.11s] /Game/Assets/props_02/Environments/Misc/Exo_Deco01/StaticMesh/SM_WoodenBarrel_Destroyed.SM_WoodenBarrel_Destroyed
[2020.02.13-15.03.03:793][  0]LogStaticMesh: Building static mesh Streetsign...
[2020.02.13-15.03.03:841][  0]LogStaticMesh: Built static mesh [0.05s] /Game/Assets/Parkingsign/Streetsign.Streetsign
[2020.02.13-15.03.03:846][  0]LogStaticMesh: Building static mesh tjjxbgoda_LOD0...
[2020.02.13-15.03.05:683][  0]LogStaticMesh: Built static mesh [1.84s] /Game/Assets/StumpAndRocks/3D_Asset/29_Mossy_Rock_tjjxbgoda/tjjxbgoda_LOD0.tjjxbgoda_LOD0
[2020.02.13-15.03.05:728][  0]LogStaticMesh: Building static mesh tkerbglda_LOD0...
[2020.02.13-15.03.07:274][  0]LogStaticMesh: Built static mesh [1.55s] /Game/Assets/StumpAndRocks/3D_Asset/18_Fallen_Fir_Tree_tkerbglda/tkerbglda_LOD0.tkerbglda_LOD0
[2020.02.13-15.03.07:373][  0]LogStaticMesh: Building static mesh tkkodbhfa_LOD0...
[2020.02.13-15.03.08:236][  0]LogStaticMesh: Built static mesh [0.86s] /Game/Assets/StumpAndRocks/3D_Asset/07_Mossy_Embankment_tkkodbhfa/tkkodbhfa_LOD0.tkkodbhfa_LOD0
[2020.02.13-15.03.08:281][  0]LogStaticMesh: Building static mesh tkkofdxfa_LOD0...
[2020.02.13-15.03.08:986][  0]LogStaticMesh: Built static mesh [0.71s] /Game/Assets/StumpAndRocks/3D_Asset/01_Birch_Tree_Stump_tkkofdxfa/tkkofdxfa_LOD0.tkkofdxfa_LOD0
[2020.02.13-15.03.09:028][  0]LogStaticMesh: Building static mesh tkqudegfa_LOD0...
[2020.02.13-15.03.10:527][  0]LogStaticMesh: Built static mesh [1.50s] /Game/Assets/StumpAndRocks/3D_Asset/04_Dead_Alder_Tree_Trunk_tkqudegfa/tkqudegfa_LOD0.tkqudegfa_LOD0
[2020.02.13-15.03.10:596][  0]LogStaticMesh: Building static mesh Var6_LOD0...
[2020.02.13-15.03.10:612][  0]LogStaticMesh: Built static mesh [0.02s] /Game/Assets/Plants_01/3D_Plant/21_Creeper_Ivy_rmyxk/Var6_LOD0.Var6_LOD0
[2020.02.13-15.03.10:614][  0]LogStaticMesh: Building static mesh Var9_LOD0...
[2020.02.13-15.03.10:623][  0]LogStaticMesh: Built static mesh [0.01s] /Game/Assets/Plants_01/3D_Plant/21_Creeper_Ivy_rmyxk/Var9_LOD0.Var9_LOD0
[2020.02.13-15.03.10:624][  0]LogStaticMesh: Building static mesh Wreck_01...
[2020.02.13-15.03.11:004][  0]LogStaticMesh: Built static mesh [0.38s] /Game/Assets/Wreck_01/Wreck_01.Wreck_01
[2020.02.13-15.03.11:711][  0]LogMaterial: Display: Missing cached shader map for material defaultMat1, compiling. 
[2020.02.13-15.03.11:956][  0]LogMaterial: Display: Missing cached shader map for material defaultMat, compiling. 
[2020.02.13-15.03.12:119][  0]LogMaterial: Display: Missing cached shader map for material Display, compiling. 
[2020.02.13-15.03.12:141][  0]LogMaterial: Warning: D:\Pentum\Pentum\Pentum\Content\Assets\Handy\Display.uasset: Failed to compile Material for platform PCD3D_SM5, Default Material will be used in game.
[2020.02.13-15.03.12:141][  0]LogMaterial: Display: 	(Node TextureSample) Texture Sample> Missing input texture
[2020.02.13-15.03.12:458][  0]LogMaterial: Display: Missing cached shader map for material FurMat, compiling. 
[2020.02.13-15.03.13:074][  0]LogMaterial: Display: Missing cached shader map for material UntereBalkenRL, compiling. 
[2020.02.13-15.03.13:143][  0]LogMaterial: Display: Missing cached shader map for material ItemShineMaterial, compiling. 
[2020.02.13-15.03.13:415][  0]LogMaterial: Display: Missing cached shader map for material M_leaves, compiling. 
[2020.02.13-15.03.13:582][  0]LogMaterial: Display: Missing cached shader map for material M_Imposters, compiling. 
[2020.02.13-15.03.13:681][  0]LogMaterial: Display: Missing cached shader map for material M_Bark, compiling. 
[2020.02.13-15.03.13:758][  0]LogMaterial: Display: Missing cached shader map for material pCylinder1_1, compiling. 
[2020.02.13-15.03.13:946][  0]LogMaterial: Display: Missing cached shader map for material M_Bark_Blended, compiling. 
[2020.02.13-15.03.14:060][  0]LogMaterial: Display: Missing cached shader map for material MM_Foliage, compiling. 
[2020.02.13-15.03.14:163][  0]LogMaterial: Display: Missing cached shader map for material MM_Foliage, compiling. 
[2020.02.13-15.03.14:278][  0]LogMaterial: Display: Missing cached shader map for material MM_Foliage, compiling. 
[2020.02.13-15.03.14:385][  0]LogMaterial: Display: Missing cached shader map for material MM_Foliage, compiling. 
[2020.02.13-15.03.14:466][  0]LogMaterial: Display: Missing cached shader map for material MM_Foliage, compiling. 
[2020.02.13-15.03.14:559][  0]LogMaterial: Display: Missing cached shader map for material MM_Bark, compiling. 
[2020.02.13-15.03.14:638][  0]LogMaterial: Display: Missing cached shader map for material MM_Bark, compiling. 
[2020.02.13-15.03.14:718][  0]LogMaterial: Display: Missing cached shader map for material MM_Foliage, compiling. 
[2020.02.13-15.03.14:808][  0]LogMaterial: Display: Missing cached shader map for material Mi_SUV_Glass, compiling. 
[2020.02.13-15.03.14:952][  0]LogMemory: Warning: Freeing 33554432 bytes from backup pool to handle out of memory.
[2020.02.13-15.03.14:952][  0]LogMemory: Warning: MemoryStats:
	AvailablePhysical 439386112
	 AvailableVirtual 140716348628992
	     UsedPhysical 7413673984
	 PeakUsedPhysical 12712894464
	      UsedVirtual 15997460480
	  PeakUsedVirtual 16078995456
[2020.02.13-15.03.14:952][  0]Allocator Stats for TBB: (not implemented)
[2020.02.13-15.03.14:952][  0]LogWindows: Windows GetLastError: The operation completed successfully. (0)
[2020.02.13-15.03.14:952][  0]LogMaterial: Display: Missing cached shader map for material M_SUV_Interior, compiling. 
[2020.02.13-15.03.14:983][  0]LogMaterial: Display: Missing cached shader map for material M_SUV_Under, compiling. 
[2020.02.13-15.03.15:067][  0]LogShaderCompilers: Display: Worker (3/5): shaders left to compile 7750
[2020.02.13-15.03.15:067][  0]LogShaderCompilers: Display: Worker (4/5): shaders left to compile 7740
[2020.02.13-15.03.15:067][  0]LogShaderCompilers: Display: Worker (5/5): shaders left to compile 7730
[2020.02.13-15.03.15:067][  0]LogMaterial: Display: Missing cached shader map for material M_SUV_Body, compiling. 
[2020.02.13-15.03.15:141][  0]LogMaterial: Display: Missing cached shader map for material MM_MasterMaterial_01, compiling. 
[2020.02.13-15.03.15:240][  0]LogMaterial: Display: Missing cached shader map for material MM_MasterMaterial_01, compiling. 
[2020.02.13-15.03.15:404][  0]LogShaderCompilers: Display: Worker (2/5): shaders left to compile 7891
[2020.02.13-15.03.15:404][  0]LogMaterial: Display: Missing cached shader map for material Decal_MasterMaterial, compiling. 
[2020.02.13-15.03.15:613][  0]LogMaterial: Display: Missing cached shader map for material SecretMaterial, compiling. 
[2020.02.13-15.03.15:642][  0]LogMaterial: Display: Missing cached shader map for material Trashmaterial, compiling. 
[2020.02.13-15.03.15:709][  0]LogMaterial: Display: Missing cached shader map for material M_base, compiling. 
[2020.02.13-15.03.15:983][  0]LogMaterial: Display: Missing cached shader map for material M_base, compiling. 
[2020.02.13-15.03.33:159][  0]LogShaderCompilers: Display: Worker (2/5): shaders left to compile 8493
[2020.02.13-15.03.33:159][  0]LogThreadingWindows: Error: Runnable thread PoolThread 9 crashed.
[2020.02.13-15.03.33:159][  0]LogThreadingWindows: Error: Runnable thread PoolThread 11 crashed.
[2020.02.13-15.03.33:159][  0]LogThreadingWindows: Error: Runnable thread PoolThread 10 crashed.
[2020.02.13-15.03.33:159][  0]LogWindows: Error: === Critical error: ===
[2020.02.13-15.03.33:159][  0]LogWindows: Error: HandleError re-entered.
[2020.02.13-15.03.33:159][  0]LogWindows: Error: 
[2020.02.13-15.03.33:159][  0]LogThreadingWindows: Error: Runnable thread PoolThread 13 crashed.
[2020.02.13-15.03.33:159][  0]LogWindows: Error: Fatal error: [File:D:/Build/++UE4/Sync/Engine/Source/Runtime/Core/Private/GenericPlatform/GenericPlatformMemory.cpp] [Line: 186] 
[2020.02.13-15.03.33:159][  0]LogWindows: Error: Ran out of memory allocating 67108864 bytes with alignment 0
[2020.02.13-15.03.33:159][  0]LogWindows: Error: 
[2020.02.13-15.03.33:159][  0]LogWindows: Error: 
[2020.02.13-15.03.33:159][  0]LogWindows: Error: [Callstack] 0x00007ffa6e36a839 KERNELBASE.dll!UnknownFunction []
[2020.02.13-15.03.33:159][  0]LogWindows: Error: [Callstack] 0x00007ffa09a5a367 UE4Editor-Core.dll!UnknownFunction []
[2020.02.13-15.03.33:159][  0]LogWindows: Error: [Callstack] 0x00007ffa09a5cbc4 UE4Editor-Core.dll!UnknownFunction []
[2020.02.13-15.03.33:159][  0]LogWindows: Error: HandleError re-entered.
[2020.02.13-15.03.33:159][  0]LogWindows: Error: [Callstack] 0x00007ffa09851ada UE4Editor-Core.dll!UnknownFunction []
[2020.02.13-15.03.33:159][  0]LogWindows: Error: [Callstack] 0x00007ffa097a67a3 UE4Editor-Core.dll!UnknownFunction []
[2020.02.13-15.03.33:159][  0]LogWindows: Error: [Callstack] 0x00007ffa097a6688 UE4Editor-Core.dll!UnknownFunction []
[2020.02.13-15.03.33:159][  0]LogWindows: Error: [Callstack] 0x00007ffa09665f50 UE4Editor-Core.dll!UnknownFunction []
[2020.02.13-15.03.33:159][  0]LogWindows: Error: [Callstack] 0x00007ffa096bbd6f UE4Editor-Core.dll!UnknownFunction []
[2020.02.13-15.03.33:159][  0]LogWindows: Error: [Callstack] 0x00007ffa0972dca8 UE4Editor-Core.dll!UnknownFunction []
[2020.02.13-15.03.33:159][  0]LogWindows: FPlatformMisc::RequestExit(1)
[2020.02.13-15.03.33:159][  0]LogWindows: Error: [Callstack] 0x00007ffa54d75107 UE4Editor-ImageCore.dll!UnknownFunction []
[2020.02.13-15.03.33:159][  0]LogWindows: Error: [Callstack] 0x00007ffa54d73ed7 UE4Editor-ImageCore.dll!UnknownFunction []
[2020.02.13-15.03.33:159][  0]LogWindows: Error: [Callstack] 0x00007ffa54d71921 UE4Editor-ImageCore.dll!UnknownFunction []
[2020.02.13-15.03.33:159][  0]LogWindows: Error: [Callstack] 0x00007ffa00a6e44b UE4Editor-TextureCompressor.dll!UnknownFunction []
[2020.02.13-15.03.33:159][  0]LogWindows: Error: [Callstack] 0x00007ffa00a6959f UE4Editor-TextureCompressor.dll!UnknownFunction []
[2020.02.13-15.03.33:159][  0]LogWindows: FPlatformMisc::RequestExit(1)
[2020.02.13-15.03.33:159][  0]LogWindows: Error: [Callstack] 0x00007ffa00a6817a UE4Editor-TextureCompressor.dll!UnknownFunction []
[2020.02.13-15.03.33:159][  0]LogWindows: Error: [Callstack] 0x00007ffa0b18f763 UE4Editor-Engine.dll!UnknownFunction []
[2020.02.13-15.03.33:159][  0]LogWindows: Error: [Callstack] 0x00007ffa0b196d54 UE4Editor-Engine.dll!UnknownFunction []
[2020.02.13-15.03.33:159][  0]LogWindows: Error: [Callstack] 0x00007ffa0b19672a UE4Editor-Engine.dll!UnknownFunction []
[2020.02.13-15.03.33:159][  0]LogWindows: Error: [Callstack] 0x00007ffa0b19652e UE4Editor-Engine.dll!UnknownFunction []
[2020.02.13-15.03.33:159][  0]LogWindows: Error: [Callstack] 0x00007ffa09739f88 UE4Editor-Core.dll!UnknownFunction []
[2020.02.13-15.03.33:159][  0]LogWindows: Error: [Callstack] 0x00007ffa09a79f5f UE4Editor-Core.dll!UnknownFunction []
[2020.02.13-15.03.33:159][  0]LogWindows: Error: [Callstack] 0x00007ffa09a704b1 UE4Editor-Core.dll!UnknownFunction []
[2020.02.13-15.03.33:159][  0]LogWindows: Error: [Callstack] 0x00007ffa6f257bd4 KERNEL32.DLL!UnknownFunction []
[2020.02.13-15.03.33:159][  0]LogWindows: Error: [Callstack] 0x00007ffa709eced1 ntdll.dll!UnknownFunction []
[2020.02.13-15.03.33:159][  0]LogWindows: Error: HandleError re-entered.
