Log file open, 01/06/20 16:49:02
LogWindows: Failed to load 'aqProf.dll' (GetLastError=126)
LogWindows: File 'aqProf.dll' does not exist
LogWindows: Failed to load 'VtuneApi.dll' (GetLastError=126)
LogWindows: File 'VtuneApi.dll' does not exist
LogWindows: Failed to load 'VtuneApi32e.dll' (GetLastError=126)
LogWindows: File 'VtuneApi32e.dll' does not exist
LogConsoleResponse: Display: Failed to find resolution value strings in scalability ini. Falling back to default.
LogInit: Display: Running engine for game: PentumPT_ItemPickup2
LogPlatformFile: Not using cached read wrapper
LogTaskGraph: Started task graph with 5 named threads and 23 total threads with 3 sets of task threads.
LogStats: Stats thread started at 1.301153
LogD3D11RHI: Loaded GFSDK_Aftermath_Lib.x64.dll
LogICUInternationalization: ICU TimeZone Detection - Raw Offset: +1:00, Platform Override: ''
LogPluginManager: Mounting plugin Paper2D
LogPluginManager: Mounting plugin AISupport
LogPluginManager: Mounting plugin LightPropagationVolume
LogPluginManager: Mounting plugin ActorLayerUtilities
LogPluginManager: Mounting plugin AnimationSharing
LogPluginManager: Mounting plugin CLionSourceCodeAccess
LogPluginManager: Mounting plugin CodeLiteSourceCodeAccess
LogPluginManager: Mounting plugin GitSourceControl
LogPluginManager: Mounting plugin KDevelopSourceCodeAccess
LogPluginManager: Mounting plugin NullSourceCodeAccess
LogPluginManager: Mounting plugin PerforceSourceControl
LogPluginManager: Mounting plugin SubversionSourceControl
LogPluginManager: Mounting plugin UObjectPlugin
LogPluginManager: Mounting plugin VisualStudioCodeSourceCodeAccess
LogPluginManager: Mounting plugin VisualStudioSourceCodeAccess
LogPluginManager: Mounting plugin XCodeSourceCodeAccess
LogPluginManager: Mounting plugin AssetManagerEditor
LogPluginManager: Mounting plugin CryptoKeys
LogPluginManager: Mounting plugin CurveEditorTools
LogPluginManager: Mounting plugin DataValidation
LogPluginManager: Mounting plugin FacialAnimation
LogPluginManager: Mounting plugin GameplayTagsEditor
LogPluginManager: Mounting plugin MacGraphicsSwitching
LogPluginManager: Mounting plugin MaterialAnalyzer
LogPluginManager: Mounting plugin MobileLauncherProfileWizard
LogPluginManager: Mounting plugin PluginBrowser
LogPluginManager: Mounting plugin SpeedTreeImporter
LogPluginManager: Mounting plugin DatasmithContent
LogPluginManager: Mounting plugin VariantManagerContent
LogPluginManager: Mounting plugin AlembicImporter
LogPluginManager: Mounting plugin AutomationUtils
LogPluginManager: Mounting plugin BackChannel
LogPluginManager: Mounting plugin CharacterAI
LogPluginManager: Mounting plugin GeometryCache
LogPluginManager: Mounting plugin HTML5Networking
LogPluginManager: Mounting plugin PlatformCrypto
LogPluginManager: Mounting plugin ProxyLODPlugin
LogPluginManager: Mounting plugin SkeletalReduction
LogPluginManager: Mounting plugin MagicLeap
LogPluginManager: Mounting plugin MagicLeapMedia
LogPluginManager: Mounting plugin AndroidMedia
LogPluginManager: Mounting plugin AvfMedia
LogPluginManager: Mounting plugin ImgMedia
LogPluginManager: Mounting plugin MediaCompositing
LogPluginManager: Mounting plugin MediaPlayerEditor
LogPluginManager: Mounting plugin WebMMedia
LogPluginManager: Mounting plugin WmfMedia
LogPluginManager: Mounting plugin TcpMessaging
LogPluginManager: Mounting plugin UdpMessaging
LogPluginManager: Mounting plugin ActorSequence
LogPluginManager: Mounting plugin LevelSequenceEditor
LogPluginManager: Mounting plugin MatineeToLevelSequence
LogPluginManager: Mounting plugin NetcodeUnitTest
LogPluginManager: Mounting plugin NUTUnrealEngine4
LogPluginManager: Mounting plugin OnlineSubsystemGooglePlay
LogPluginManager: Mounting plugin OnlineSubsystemIOS
LogPluginManager: Mounting plugin OnlineSubsystem
LogPluginManager: Mounting plugin OnlineSubsystemNull
LogPluginManager: Mounting plugin OnlineSubsystemUtils
LogPluginManager: Mounting plugin LauncherChunkInstaller
LogPluginManager: Mounting plugin AndroidDeviceProfileSelector
LogPluginManager: Mounting plugin AndroidMoviePlayer
LogPluginManager: Mounting plugin AndroidPermission
LogPluginManager: Mounting plugin AppleImageUtils
LogPluginManager: Mounting plugin AppleMoviePlayer
LogPluginManager: Mounting plugin ArchVisCharacter
LogPluginManager: Mounting plugin AudioCapture
LogPluginManager: Mounting plugin CableComponent
LogPluginManager: Mounting plugin CustomMeshComponent
LogPluginManager: Mounting plugin EditableMesh
LogPluginManager: Mounting plugin ExampleDeviceProfileSelector
LogPluginManager: Mounting plugin GoogleCloudMessaging
LogPluginManager: Mounting plugin IOSDeviceProfileSelector
LogPluginManager: Mounting plugin LinuxDeviceProfileSelector
LogPluginManager: Mounting plugin LocationServicesBPLibrary
LogPluginManager: Mounting plugin MobilePatchingUtils
LogPluginManager: Mounting plugin OculusVR
LogPluginManager: Mounting plugin PhysXVehicles
LogPluginManager: Mounting plugin ProceduralMeshComponent
LogPluginManager: Mounting plugin RuntimePhysXCooking
LogPluginManager: Mounting plugin SignificanceManager
LogPluginManager: Mounting plugin SteamVR
LogPluginManager: Mounting plugin WebMMoviePlayer
LogPluginManager: Mounting plugin WindowsMoviePlayer
LogPluginManager: Mounting plugin ScreenshotTools
LogInit: Using libcurl 7.55.1-DEV
LogInit:  - built for x86_64-pc-win32
LogInit:  - supports SSL with OpenSSL/1.1.1
LogInit:  - supports HTTP deflate (compression) using libz 1.2.8
LogInit:  - other features:
LogInit:      CURL_VERSION_SSL
LogInit:      CURL_VERSION_LIBZ
LogInit:      CURL_VERSION_IPV6
LogInit:      CURL_VERSION_ASYNCHDNS
LogInit:      CURL_VERSION_LARGEFILE
LogInit:      CURL_VERSION_IDN
LogInit:  CurlRequestOptions (configurable via config and command line):
LogInit:  - bVerifyPeer = true  - Libcurl will verify peer certificate
LogInit:  - bUseHttpProxy = false  - Libcurl will NOT use HTTP proxy
LogInit:  - bDontReuseConnections = false  - Libcurl will reuse connections
LogInit:  - MaxHostConnections = 16  - Libcurl will limit the number of connections to a host
LogInit:  - LocalHostAddr = Default
LogInit:  - BufferSize = 65536
LogOnline: OSS: Creating online subsystem instance for: NULL
LogInit: WinSock: version 1.1 (2.2), MaxSocks=32767, MaxUdp=65467
LogHMD: Failed initializing OVRPlugin 1.37.0
LogInit: Build: ++UE4+Release-4.23-CL-8386587
LogInit: Engine Version: 4.23.0-8386587+++UE4+Release-4.23
LogInit: Compatible Engine Version: 4.23.0-8386587+++UE4+Release-4.23
LogInit: Net CL: 8386587
LogInit: OS: Windows 10 (Release 1809) (), CPU: Intel(R) Core(TM) i7-6700K CPU @ 4.00GHz, GPU: NVIDIA GeForce RTX 2070 SUPER
LogInit: Compiled (64-bit): Aug 31 2019 02:04:44
LogInit: Compiled with Visual C++: 19.16.27030.01
LogInit: Build Configuration: Development
LogInit: Branch Name: ++UE4+Release-4.23
LogInit: Command Line: 
LogInit: Base Directory: E:/UNREALENGINE/UE_4.23/Engine/Binaries/Win64/
LogInit: Installed Engine Build: 1
LogDevObjectVersion: Number of dev versions registered: 23
LogDevObjectVersion:   Dev-Blueprints (B0D832E4-1F89-4F0D-ACCF-7EB736FD4AA2): 10
LogDevObjectVersion:   Dev-Build (E1C64328-A22C-4D53-A36C-8E866417BD8C): 0
LogDevObjectVersion:   Dev-Core (375EC13C-06E4-48FB-B500-84F0262A717E): 3
LogDevObjectVersion:   Dev-Editor (E4B068ED-F494-42E9-A231-DA0B2E46BB41): 34
LogDevObjectVersion:   Dev-Framework (CFFC743F-43B0-4480-9391-14DF171D2073): 35
LogDevObjectVersion:   Dev-Mobile (B02B49B5-BB20-44E9-A304-32B752E40360): 2
LogDevObjectVersion:   Dev-Networking (A4E4105C-59A1-49B5-A7C5-40C4547EDFEE): 0
LogDevObjectVersion:   Dev-Online (39C831C9-5AE6-47DC-9A44-9C173E1C8E7C): 0
LogDevObjectVersion:   Dev-Physics (78F01B33-EBEA-4F98-B9B4-84EACCB95AA2): 0
LogDevObjectVersion:   Dev-Platform (6631380F-2D4D-43E0-8009-CF276956A95A): 0
LogDevObjectVersion:   Dev-Rendering (12F88B9F-8875-4AFC-A67C-D90C383ABD29): 31
LogDevObjectVersion:   Dev-Sequencer (7B5AE74C-D270-4C10-A958-57980B212A5A): 11
LogDevObjectVersion:   Dev-VR (D7296918-1DD6-4BDD-9DE2-64A83CC13884): 2
LogDevObjectVersion:   Dev-LoadTimes (C2A15278-BFE7-4AFE-6C17-90FF531DF755): 1
LogDevObjectVersion:   Private-Geometry (6EACA3D4-40EC-4CC1-B786-8BED09428FC5): 3
LogDevObjectVersion:   Dev-AnimPhys (29E575DD-E0A3-4627-9D10-D276232CDCEA): 17
LogDevObjectVersion:   Dev-Anim (AF43A65D-7FD3-4947-9873-3E8ED9C1BB05): 2
LogDevObjectVersion:   Dev-ReflectionCapture (6B266CEC-1EC7-4B8F-A30B-E4D90942FC07): 1
LogDevObjectVersion:   Dev-Automation (0DF73D61-A23F-47EA-B727-89E90C41499A): 1
LogDevObjectVersion:   FortniteMain (601D1886-AC64-4F84-AA16-D3DE0DEAC7D6): 27
LogDevObjectVersion:   Dev-Enterprise (9DFFBCD6-494F-0158-E221-12823C92A888): 6
LogDevObjectVersion:   Dev-Niagara (F2AED0AC-9AFE-416F-8664-AA7FFA26D6FC): 1
LogDevObjectVersion:   Dev-Destruction (174F1F0B-B4C6-45A5-B13F-2EE8D0FB917D): 9
LogInit: Presizing for max 16777216 objects, including 0 objects not considered by GC, pre-allocating 0 bytes for permanent pool.
LogInit: Object subsystem initialized
LogConfig: Setting CVar [[con.DebugEarlyDefault:1]]
LogConfig: Setting CVar [[r.setres:1280x720]]
[2020.01.06-15.49.05:382][  0]LogConfig: Setting CVar [[r.VSync:0]]
[2020.01.06-15.49.05:382][  0]LogConfig: Setting CVar [[r.RHICmdBypass:0]]
[2020.01.06-15.49.05:382][  0]LogConfig: Applying CVar settings from Section [/Script/Engine.RendererSettings] File [E:/Pentum/PentumPT_ItemPickup2/Saved/Config/Windows/Engine.ini]
[2020.01.06-15.49.05:382][  0]LogConfig: Setting CVar [[r.GPUCrashDebugging:0]]
[2020.01.06-15.49.05:382][  0]LogConfig: Applying CVar settings from Section [/Script/Engine.RendererOverrideSettings] File [E:/Pentum/PentumPT_ItemPickup2/Saved/Config/Windows/Engine.ini]
[2020.01.06-15.49.05:382][  0]LogConfig: Applying CVar settings from Section [/Script/Engine.StreamingSettings] File [E:/Pentum/PentumPT_ItemPickup2/Saved/Config/Windows/Engine.ini]
[2020.01.06-15.49.05:382][  0]LogConfig: Setting CVar [[s.MinBulkDataSizeForAsyncLoading:131072]]
[2020.01.06-15.49.05:382][  0]LogConfig: Setting CVar [[s.AsyncLoadingThreadEnabled:0]]
[2020.01.06-15.49.05:382][  0]LogConfig: Setting CVar [[s.EventDrivenLoaderEnabled:1]]
[2020.01.06-15.49.05:382][  0]LogConfig: Setting CVar [[s.WarnIfTimeLimitExceeded:0]]
[2020.01.06-15.49.05:382][  0]LogConfig: Setting CVar [[s.TimeLimitExceededMultiplier:1.5]]
[2020.01.06-15.49.05:382][  0]LogConfig: Setting CVar [[s.TimeLimitExceededMinTime:0.005]]
[2020.01.06-15.49.05:382][  0]LogConfig: Setting CVar [[s.UseBackgroundLevelStreaming:1]]
[2020.01.06-15.49.05:382][  0]LogConfig: Setting CVar [[s.PriorityAsyncLoadingExtraTime:15.0]]
[2020.01.06-15.49.05:382][  0]LogConfig: Setting CVar [[s.LevelStreamingActorsUpdateTimeLimit:5.0]]
[2020.01.06-15.49.05:382][  0]LogConfig: Setting CVar [[s.PriorityLevelStreamingActorsUpdateExtraTime:5.0]]
[2020.01.06-15.49.05:382][  0]LogConfig: Setting CVar [[s.LevelStreamingComponentsRegistrationGranularity:10]]
[2020.01.06-15.49.05:382][  0]LogConfig: Setting CVar [[s.UnregisterComponentsTimeLimit:1.0]]
[2020.01.06-15.49.05:382][  0]LogConfig: Setting CVar [[s.LevelStreamingComponentsUnregistrationGranularity:5]]
[2020.01.06-15.49.05:382][  0]LogConfig: Applying CVar settings from Section [/Script/Engine.GarbageCollectionSettings] File [E:/Pentum/PentumPT_ItemPickup2/Saved/Config/Windows/Engine.ini]
[2020.01.06-15.49.05:382][  0]LogConfig: Setting CVar [[gc.MaxObjectsNotConsideredByGC:1]]
[2020.01.06-15.49.05:382][  0]LogConfig: Setting CVar [[gc.SizeOfPermanentObjectPool:0]]
[2020.01.06-15.49.05:382][  0]LogConfig: Setting CVar [[gc.FlushStreamingOnGC:0]]
[2020.01.06-15.49.05:382][  0]LogConfig: Setting CVar [[gc.NumRetriesBeforeForcingGC:10]]
[2020.01.06-15.49.05:382][  0]LogConfig: Setting CVar [[gc.AllowParallelGC:1]]
[2020.01.06-15.49.05:382][  0]LogConfig: Setting CVar [[gc.TimeBetweenPurgingPendingKillObjects:61.1]]
[2020.01.06-15.49.05:382][  0]LogConfig: Setting CVar [[gc.MaxObjectsInEditor:16777216]]
[2020.01.06-15.49.05:382][  0]LogConfig: Setting CVar [[gc.IncrementalBeginDestroyEnabled:1]]
[2020.01.06-15.49.05:382][  0]LogConfig: Setting CVar [[gc.CreateGCClusters:1]]
[2020.01.06-15.49.05:382][  0]LogConfig: Setting CVar [[gc.MinGCClusterSize:5]]
[2020.01.06-15.49.05:382][  0]LogConfig: Setting CVar [[gc.ActorClusteringEnabled:0]]
[2020.01.06-15.49.05:382][  0]LogConfig: Setting CVar [[gc.BlueprintClusteringEnabled:0]]
[2020.01.06-15.49.05:382][  0]LogConfig: Setting CVar [[gc.UseDisregardForGCOnDedicatedServers:0]]
[2020.01.06-15.49.05:382][  0]LogConfig: Applying CVar settings from Section [/Script/Engine.NetworkSettings] File [E:/Pentum/PentumPT_ItemPickup2/Saved/Config/Windows/Engine.ini]
[2020.01.06-15.49.05:382][  0]LogConfig: Applying CVar settings from Section [/Script/UnrealEd.CookerSettings] File [E:/Pentum/PentumPT_ItemPickup2/Saved/Config/Windows/Engine.ini]
[2020.01.06-15.49.05:386][  0]LogConfig: Applying CVar settings from Section [ViewDistanceQuality@3] File [E:/Pentum/PentumPT_ItemPickup2/Saved/Config/Windows/Scalability.ini]
[2020.01.06-15.49.05:386][  0]LogConfig: Setting CVar [[r.SkeletalMeshLODBias:0]]
[2020.01.06-15.49.05:386][  0]LogConfig: Setting CVar [[r.ViewDistanceScale:1.0]]
[2020.01.06-15.49.05:386][  0]LogConfig: Applying CVar settings from Section [AntiAliasingQuality@3] File [E:/Pentum/PentumPT_ItemPickup2/Saved/Config/Windows/Scalability.ini]
[2020.01.06-15.49.05:387][  0]LogConfig: Setting CVar [[r.PostProcessAAQuality:4]]
[2020.01.06-15.49.05:387][  0]LogConfig: Applying CVar settings from Section [ShadowQuality@3] File [E:/Pentum/PentumPT_ItemPickup2/Saved/Config/Windows/Scalability.ini]
[2020.01.06-15.49.05:387][  0]LogConfig: Setting CVar [[r.LightFunctionQuality:1]]
[2020.01.06-15.49.05:387][  0]LogConfig: Setting CVar [[r.ShadowQuality:5]]
[2020.01.06-15.49.05:387][  0]LogConfig: Setting CVar [[r.Shadow.CSM.MaxCascades:10]]
[2020.01.06-15.49.05:387][  0]LogConfig: Setting CVar [[r.Shadow.MaxResolution:2048]]
[2020.01.06-15.49.05:387][  0]LogConfig: Setting CVar [[r.Shadow.MaxCSMResolution:2048]]
[2020.01.06-15.49.05:387][  0]LogConfig: Setting CVar [[r.Shadow.RadiusThreshold:0.01]]
[2020.01.06-15.49.05:387][  0]LogConfig: Setting CVar [[r.Shadow.DistanceScale:1.0]]
[2020.01.06-15.49.05:387][  0]LogConfig: Setting CVar [[r.Shadow.CSM.TransitionScale:1.0]]
[2020.01.06-15.49.05:387][  0]LogConfig: Setting CVar [[r.Shadow.PreShadowResolutionFactor:1.0]]
[2020.01.06-15.49.05:387][  0]LogConfig: Setting CVar [[r.DistanceFieldShadowing:1]]
[2020.01.06-15.49.05:387][  0]LogConfig: Setting CVar [[r.DistanceFieldAO:1]]
[2020.01.06-15.49.05:387][  0]LogConfig: Setting CVar [[r.AOQuality:2]]
[2020.01.06-15.49.05:387][  0]LogConfig: Setting CVar [[r.VolumetricFog:1]]
[2020.01.06-15.49.05:387][  0]LogConfig: Setting CVar [[r.VolumetricFog.GridPixelSize:8]]
[2020.01.06-15.49.05:387][  0]LogConfig: Setting CVar [[r.VolumetricFog.GridSizeZ:128]]
[2020.01.06-15.49.05:387][  0]LogConfig: Setting CVar [[r.VolumetricFog.HistoryMissSupersampleCount:4]]
[2020.01.06-15.49.05:387][  0]LogConfig: Setting CVar [[r.LightMaxDrawDistanceScale:1]]
[2020.01.06-15.49.05:387][  0]LogConfig: Setting CVar [[r.CapsuleShadows:1]]
[2020.01.06-15.49.05:387][  0]LogConfig: Applying CVar settings from Section [PostProcessQuality@3] File [E:/Pentum/PentumPT_ItemPickup2/Saved/Config/Windows/Scalability.ini]
[2020.01.06-15.49.05:387][  0]LogConfig: Setting CVar [[r.MotionBlurQuality:4]]
[2020.01.06-15.49.05:387][  0]LogConfig: Setting CVar [[r.AmbientOcclusionMipLevelFactor:0.4]]
[2020.01.06-15.49.05:387][  0]LogConfig: Setting CVar [[r.AmbientOcclusionMaxQuality:100]]
[2020.01.06-15.49.05:387][  0]LogConfig: Setting CVar [[r.AmbientOcclusionLevels:-1]]
[2020.01.06-15.49.05:387][  0]LogConfig: Setting CVar [[r.AmbientOcclusionRadiusScale:1.0]]
[2020.01.06-15.49.05:387][  0]LogConfig: Setting CVar [[r.DepthOfFieldQuality:2]]
[2020.01.06-15.49.05:387][  0]LogConfig: Setting CVar [[r.RenderTargetPoolMin:400]]
[2020.01.06-15.49.05:387][  0]LogConfig: Setting CVar [[r.LensFlareQuality:2]]
[2020.01.06-15.49.05:387][  0]LogConfig: Setting CVar [[r.SceneColorFringeQuality:1]]
[2020.01.06-15.49.05:387][  0]LogConfig: Setting CVar [[r.EyeAdaptationQuality:2]]
[2020.01.06-15.49.05:387][  0]LogConfig: Setting CVar [[r.BloomQuality:5]]
[2020.01.06-15.49.05:387][  0]LogConfig: Setting CVar [[r.FastBlurThreshold:100]]
[2020.01.06-15.49.05:387][  0]LogConfig: Setting CVar [[r.Upscale.Quality:3]]
[2020.01.06-15.49.05:387][  0]LogConfig: Setting CVar [[r.Tonemapper.GrainQuantization:1]]
[2020.01.06-15.49.05:387][  0]LogConfig: Setting CVar [[r.LightShaftQuality:1]]
[2020.01.06-15.49.05:387][  0]LogConfig: Setting CVar [[r.Filter.SizeScale:1]]
[2020.01.06-15.49.05:387][  0]LogConfig: Setting CVar [[r.Tonemapper.Quality:5]]
[2020.01.06-15.49.05:387][  0]LogConfig: Setting CVar [[r.DOF.Gather.AccumulatorQuality:1        ; higher gathering accumulator quality]]
[2020.01.06-15.49.05:387][  0]LogConfig: Setting CVar [[r.DOF.Gather.PostfilterMethod:1          ; Median3x3 postfilering method]]
[2020.01.06-15.49.05:387][  0]LogConfig: Setting CVar [[r.DOF.Gather.EnableBokehSettings:0       ; no bokeh simulation when gathering]]
[2020.01.06-15.49.05:387][  0]LogConfig: Setting CVar [[r.DOF.Gather.RingCount:4                 ; medium number of samples when gathering]]
[2020.01.06-15.49.05:387][  0]LogConfig: Setting CVar [[r.DOF.Scatter.ForegroundCompositing:1    ; additive foreground scattering]]
[2020.01.06-15.49.05:387][  0]LogConfig: Setting CVar [[r.DOF.Scatter.BackgroundCompositing:2    ; additive background scattering]]
[2020.01.06-15.49.05:387][  0]LogConfig: Setting CVar [[r.DOF.Scatter.EnableBokehSettings:1      ; bokeh simulation when scattering]]
[2020.01.06-15.49.05:387][  0]LogConfig: Setting CVar [[r.DOF.Scatter.MaxSpriteRatio:0.1         ; only a maximum of 10% of scattered bokeh]]
[2020.01.06-15.49.05:387][  0]LogConfig: Setting CVar [[r.DOF.Recombine.Quality:1                ; cheap slight out of focus]]
[2020.01.06-15.49.05:387][  0]LogConfig: Setting CVar [[r.DOF.Recombine.EnableBokehSettings:0    ; no bokeh simulation on slight out of focus]]
[2020.01.06-15.49.05:387][  0]LogConfig: Setting CVar [[r.DOF.TemporalAAQuality:1                ; more stable temporal accumulation]]
[2020.01.06-15.49.05:387][  0]LogConfig: Setting CVar [[r.DOF.Kernel.MaxForegroundRadius:0.025]]
[2020.01.06-15.49.05:387][  0]LogConfig: Setting CVar [[r.DOF.Kernel.MaxBackgroundRadius:0.025]]
[2020.01.06-15.49.05:387][  0]LogConfig: Applying CVar settings from Section [TextureQuality@3] File [E:/Pentum/PentumPT_ItemPickup2/Saved/Config/Windows/Scalability.ini]
[2020.01.06-15.49.05:387][  0]LogConfig: Setting CVar [[r.Streaming.MipBias:0]]
[2020.01.06-15.49.05:387][  0]LogConfig: Setting CVar [[r.Streaming.AmortizeCPUToGPUCopy:0]]
[2020.01.06-15.49.05:387][  0]LogConfig: Setting CVar [[r.Streaming.MaxNumTexturesToStreamPerFrame:0]]
[2020.01.06-15.49.05:387][  0]LogConfig: Setting CVar [[r.Streaming.Boost:1]]
[2020.01.06-15.49.05:387][  0]LogConfig: Setting CVar [[r.MaxAnisotropy:8]]
[2020.01.06-15.49.05:387][  0]LogConfig: Setting CVar [[r.Streaming.LimitPoolSizeToVRAM:0]]
[2020.01.06-15.49.05:387][  0]LogConfig: Setting CVar [[r.Streaming.PoolSize:1000]]
[2020.01.06-15.49.05:387][  0]LogConfig: Setting CVar [[r.Streaming.MaxEffectiveScreenSize:0]]
[2020.01.06-15.49.05:387][  0]LogConfig: Applying CVar settings from Section [EffectsQuality@3] File [E:/Pentum/PentumPT_ItemPickup2/Saved/Config/Windows/Scalability.ini]
[2020.01.06-15.49.05:387][  0]LogConfig: Setting CVar [[r.TranslucencyLightingVolumeDim:64]]
[2020.01.06-15.49.05:387][  0]LogConfig: Setting CVar [[r.RefractionQuality:2]]
[2020.01.06-15.49.05:387][  0]LogConfig: Setting CVar [[r.SSR.Quality:3]]
[2020.01.06-15.49.05:387][  0]LogConfig: Setting CVar [[r.SceneColorFormat:4]]
[2020.01.06-15.49.05:387][  0]LogConfig: Setting CVar [[r.DetailMode:2]]
[2020.01.06-15.49.05:387][  0]LogConfig: Setting CVar [[r.TranslucencyVolumeBlur:1]]
[2020.01.06-15.49.05:387][  0]LogConfig: Setting CVar [[r.MaterialQualityLevel:1 ; High quality]]
[2020.01.06-15.49.05:387][  0]LogConfig: Setting CVar [[r.SSS.Scale:1]]
[2020.01.06-15.49.05:387][  0]LogConfig: Setting CVar [[r.SSS.SampleSet:2]]
[2020.01.06-15.49.05:387][  0]LogConfig: Setting CVar [[r.SSS.Quality:1]]
[2020.01.06-15.49.05:387][  0]LogConfig: Setting CVar [[r.SSS.HalfRes:1]]
[2020.01.06-15.49.05:387][  0]LogConfig: Setting CVar [[r.EmitterSpawnRateScale:1.0]]
[2020.01.06-15.49.05:387][  0]LogConfig: Setting CVar [[r.ParticleLightQuality:2]]
[2020.01.06-15.49.05:387][  0]LogConfig: Applying CVar settings from Section [FoliageQuality@3] File [E:/Pentum/PentumPT_ItemPickup2/Saved/Config/Windows/Scalability.ini]
[2020.01.06-15.49.05:387][  0]LogConfig: Setting CVar [[foliage.DensityScale:1.0]]
[2020.01.06-15.49.05:387][  0]LogConfig: Setting CVar [[grass.DensityScale:1.0]]
[2020.01.06-15.49.05:387][  0]LogInit: Selected Device Profile: [Windows]
[2020.01.06-15.49.05:388][  0]LogInit: Applying CVar settings loaded from the selected device profile: [Windows]
[2020.01.06-15.49.05:411][  0]LogHAL: Display: Platform has ~ 16 GB [17114419200 / 17179869184 / 16], which maps to Larger [LargestMinGB=32, LargerMinGB=12, DefaultMinGB=8, SmallerMinGB=6, SmallestMinGB=0)
[2020.01.06-15.49.05:411][  0]LogInit: Going up to parent DeviceProfile []
[2020.01.06-15.49.05:411][  0]LogConfig: Applying CVar settings from Section [ViewDistanceQuality@3] File [E:/Pentum/PentumPT_ItemPickup2/Saved/Config/Windows/Scalability.ini]
[2020.01.06-15.49.05:411][  0]LogConfig: Setting CVar [[r.SkeletalMeshLODBias:0]]
[2020.01.06-15.49.05:411][  0]LogConfig: Setting CVar [[r.ViewDistanceScale:1.0]]
[2020.01.06-15.49.05:411][  0]LogConfig: Applying CVar settings from Section [AntiAliasingQuality@3] File [E:/Pentum/PentumPT_ItemPickup2/Saved/Config/Windows/Scalability.ini]
[2020.01.06-15.49.05:411][  0]LogConfig: Setting CVar [[r.PostProcessAAQuality:4]]
[2020.01.06-15.49.05:411][  0]LogConfig: Applying CVar settings from Section [ShadowQuality@3] File [E:/Pentum/PentumPT_ItemPickup2/Saved/Config/Windows/Scalability.ini]
[2020.01.06-15.49.05:411][  0]LogConfig: Setting CVar [[r.LightFunctionQuality:1]]
[2020.01.06-15.49.05:411][  0]LogConfig: Setting CVar [[r.ShadowQuality:5]]
[2020.01.06-15.49.05:411][  0]LogConfig: Setting CVar [[r.Shadow.CSM.MaxCascades:10]]
[2020.01.06-15.49.05:411][  0]LogConfig: Setting CVar [[r.Shadow.MaxResolution:2048]]
[2020.01.06-15.49.05:411][  0]LogConfig: Setting CVar [[r.Shadow.MaxCSMResolution:2048]]
[2020.01.06-15.49.05:411][  0]LogConfig: Setting CVar [[r.Shadow.RadiusThreshold:0.01]]
[2020.01.06-15.49.05:411][  0]LogConfig: Setting CVar [[r.Shadow.DistanceScale:1.0]]
[2020.01.06-15.49.05:411][  0]LogConfig: Setting CVar [[r.Shadow.CSM.TransitionScale:1.0]]
[2020.01.06-15.49.05:411][  0]LogConfig: Setting CVar [[r.Shadow.PreShadowResolutionFactor:1.0]]
[2020.01.06-15.49.05:411][  0]LogConfig: Setting CVar [[r.DistanceFieldShadowing:1]]
[2020.01.06-15.49.05:411][  0]LogConfig: Setting CVar [[r.DistanceFieldAO:1]]
[2020.01.06-15.49.05:412][  0]LogConfig: Setting CVar [[r.AOQuality:2]]
[2020.01.06-15.49.05:412][  0]LogConfig: Setting CVar [[r.VolumetricFog:1]]
[2020.01.06-15.49.05:412][  0]LogConfig: Setting CVar [[r.VolumetricFog.GridPixelSize:8]]
[2020.01.06-15.49.05:412][  0]LogConfig: Setting CVar [[r.VolumetricFog.GridSizeZ:128]]
[2020.01.06-15.49.05:412][  0]LogConfig: Setting CVar [[r.VolumetricFog.HistoryMissSupersampleCount:4]]
[2020.01.06-15.49.05:412][  0]LogConfig: Setting CVar [[r.LightMaxDrawDistanceScale:1]]
[2020.01.06-15.49.05:412][  0]LogConfig: Setting CVar [[r.CapsuleShadows:1]]
[2020.01.06-15.49.05:412][  0]LogConfig: Applying CVar settings from Section [PostProcessQuality@3] File [E:/Pentum/PentumPT_ItemPickup2/Saved/Config/Windows/Scalability.ini]
[2020.01.06-15.49.05:412][  0]LogConfig: Setting CVar [[r.MotionBlurQuality:4]]
[2020.01.06-15.49.05:412][  0]LogConfig: Setting CVar [[r.AmbientOcclusionMipLevelFactor:0.4]]
[2020.01.06-15.49.05:412][  0]LogConfig: Setting CVar [[r.AmbientOcclusionMaxQuality:100]]
[2020.01.06-15.49.05:412][  0]LogConfig: Setting CVar [[r.AmbientOcclusionLevels:-1]]
[2020.01.06-15.49.05:412][  0]LogConfig: Setting CVar [[r.AmbientOcclusionRadiusScale:1.0]]
[2020.01.06-15.49.05:412][  0]LogConfig: Setting CVar [[r.DepthOfFieldQuality:2]]
[2020.01.06-15.49.05:412][  0]LogConfig: Setting CVar [[r.RenderTargetPoolMin:400]]
[2020.01.06-15.49.05:412][  0]LogConfig: Setting CVar [[r.LensFlareQuality:2]]
[2020.01.06-15.49.05:412][  0]LogConfig: Setting CVar [[r.SceneColorFringeQuality:1]]
[2020.01.06-15.49.05:412][  0]LogConfig: Setting CVar [[r.EyeAdaptationQuality:2]]
[2020.01.06-15.49.05:412][  0]LogConfig: Setting CVar [[r.BloomQuality:5]]
[2020.01.06-15.49.05:412][  0]LogConfig: Setting CVar [[r.FastBlurThreshold:100]]
[2020.01.06-15.49.05:412][  0]LogConfig: Setting CVar [[r.Upscale.Quality:3]]
[2020.01.06-15.49.05:412][  0]LogConfig: Setting CVar [[r.Tonemapper.GrainQuantization:1]]
[2020.01.06-15.49.05:412][  0]LogConfig: Setting CVar [[r.LightShaftQuality:1]]
[2020.01.06-15.49.05:412][  0]LogConfig: Setting CVar [[r.Filter.SizeScale:1]]
[2020.01.06-15.49.05:412][  0]LogConfig: Setting CVar [[r.Tonemapper.Quality:5]]
[2020.01.06-15.49.05:412][  0]LogConfig: Setting CVar [[r.DOF.Gather.AccumulatorQuality:1        ; higher gathering accumulator quality]]
[2020.01.06-15.49.05:412][  0]LogConfig: Setting CVar [[r.DOF.Gather.PostfilterMethod:1          ; Median3x3 postfilering method]]
[2020.01.06-15.49.05:412][  0]LogConfig: Setting CVar [[r.DOF.Gather.EnableBokehSettings:0       ; no bokeh simulation when gathering]]
[2020.01.06-15.49.05:412][  0]LogConfig: Setting CVar [[r.DOF.Gather.RingCount:4                 ; medium number of samples when gathering]]
[2020.01.06-15.49.05:412][  0]LogConfig: Setting CVar [[r.DOF.Scatter.ForegroundCompositing:1    ; additive foreground scattering]]
[2020.01.06-15.49.05:412][  0]LogConfig: Setting CVar [[r.DOF.Scatter.BackgroundCompositing:2    ; additive background scattering]]
[2020.01.06-15.49.05:412][  0]LogConfig: Setting CVar [[r.DOF.Scatter.EnableBokehSettings:1      ; bokeh simulation when scattering]]
[2020.01.06-15.49.05:412][  0]LogConfig: Setting CVar [[r.DOF.Scatter.MaxSpriteRatio:0.1         ; only a maximum of 10% of scattered bokeh]]
[2020.01.06-15.49.05:412][  0]LogConfig: Setting CVar [[r.DOF.Recombine.Quality:1                ; cheap slight out of focus]]
[2020.01.06-15.49.05:412][  0]LogConfig: Setting CVar [[r.DOF.Recombine.EnableBokehSettings:0    ; no bokeh simulation on slight out of focus]]
[2020.01.06-15.49.05:412][  0]LogConfig: Setting CVar [[r.DOF.TemporalAAQuality:1                ; more stable temporal accumulation]]
[2020.01.06-15.49.05:412][  0]LogConfig: Setting CVar [[r.DOF.Kernel.MaxForegroundRadius:0.025]]
[2020.01.06-15.49.05:412][  0]LogConfig: Setting CVar [[r.DOF.Kernel.MaxBackgroundRadius:0.025]]
[2020.01.06-15.49.05:412][  0]LogConfig: Applying CVar settings from Section [TextureQuality@3] File [E:/Pentum/PentumPT_ItemPickup2/Saved/Config/Windows/Scalability.ini]
[2020.01.06-15.49.05:412][  0]LogConfig: Setting CVar [[r.Streaming.MipBias:0]]
[2020.01.06-15.49.05:412][  0]LogConfig: Setting CVar [[r.Streaming.AmortizeCPUToGPUCopy:0]]
[2020.01.06-15.49.05:412][  0]LogConfig: Setting CVar [[r.Streaming.MaxNumTexturesToStreamPerFrame:0]]
[2020.01.06-15.49.05:412][  0]LogConfig: Setting CVar [[r.Streaming.Boost:1]]
[2020.01.06-15.49.05:412][  0]LogConfig: Setting CVar [[r.MaxAnisotropy:8]]
[2020.01.06-15.49.05:412][  0]LogConfig: Setting CVar [[r.Streaming.LimitPoolSizeToVRAM:0]]
[2020.01.06-15.49.05:412][  0]LogConfig: Setting CVar [[r.Streaming.PoolSize:1000]]
[2020.01.06-15.49.05:412][  0]LogConfig: Setting CVar [[r.Streaming.MaxEffectiveScreenSize:0]]
[2020.01.06-15.49.05:412][  0]LogConfig: Applying CVar settings from Section [EffectsQuality@3] File [E:/Pentum/PentumPT_ItemPickup2/Saved/Config/Windows/Scalability.ini]
[2020.01.06-15.49.05:412][  0]LogConfig: Setting CVar [[r.TranslucencyLightingVolumeDim:64]]
[2020.01.06-15.49.05:412][  0]LogConfig: Setting CVar [[r.RefractionQuality:2]]
[2020.01.06-15.49.05:412][  0]LogConfig: Setting CVar [[r.SSR.Quality:3]]
[2020.01.06-15.49.05:412][  0]LogConfig: Setting CVar [[r.SceneColorFormat:4]]
[2020.01.06-15.49.05:412][  0]LogConfig: Setting CVar [[r.DetailMode:2]]
[2020.01.06-15.49.05:412][  0]LogConfig: Setting CVar [[r.TranslucencyVolumeBlur:1]]
[2020.01.06-15.49.05:412][  0]LogConfig: Setting CVar [[r.MaterialQualityLevel:1 ; High quality]]
[2020.01.06-15.49.05:412][  0]LogConfig: Setting CVar [[r.SSS.Scale:1]]
[2020.01.06-15.49.05:412][  0]LogConfig: Setting CVar [[r.SSS.SampleSet:2]]
[2020.01.06-15.49.05:412][  0]LogConfig: Setting CVar [[r.SSS.Quality:1]]
[2020.01.06-15.49.05:412][  0]LogConfig: Setting CVar [[r.SSS.HalfRes:1]]
[2020.01.06-15.49.05:412][  0]LogConfig: Setting CVar [[r.EmitterSpawnRateScale:1.0]]
[2020.01.06-15.49.05:412][  0]LogConfig: Setting CVar [[r.ParticleLightQuality:2]]
[2020.01.06-15.49.05:412][  0]LogConfig: Applying CVar settings from Section [FoliageQuality@3] File [E:/Pentum/PentumPT_ItemPickup2/Saved/Config/Windows/Scalability.ini]
[2020.01.06-15.49.05:412][  0]LogConfig: Setting CVar [[foliage.DensityScale:1.0]]
[2020.01.06-15.49.05:412][  0]LogConfig: Setting CVar [[grass.DensityScale:1.0]]
[2020.01.06-15.49.05:412][  0]LogConfig: Applying CVar settings from Section [Startup] File [../../../Engine/Config/ConsoleVariables.ini]
[2020.01.06-15.49.05:446][  0]LogConfig: Setting CVar [[net.UseAdaptiveNetUpdateFrequency:0]]
[2020.01.06-15.49.05:446][  0]LogConfig: Setting CVar [[p.chaos.AllowCreatePhysxBodies:1]]
[2020.01.06-15.49.05:446][  0]LogConfig: Applying CVar settings from Section [ConsoleVariables] File [E:/Pentum/PentumPT_ItemPickup2/Saved/Config/Windows/Engine.ini]
[2020.01.06-15.49.05:446][  0]LogInit: Computer: MATOO_DESKTOP
[2020.01.06-15.49.05:446][  0]LogInit: User: MATOO
[2020.01.06-15.49.05:446][  0]LogInit: CPU Page size=4096, Cores=4
[2020.01.06-15.49.05:446][  0]LogInit: High frequency timer resolution =10.000000 MHz
[2020.01.06-15.49.05:446][  0]LogMemory: Memory total: Physical=15.9GB (16GB approx)
[2020.01.06-15.49.05:446][  0]LogMemory: Platform Memory Stats for Windows
[2020.01.06-15.49.05:446][  0]LogMemory: Process Physical Memory: 106.14 MB used, 106.15 MB peak
[2020.01.06-15.49.05:446][  0]LogMemory: Process Virtual Memory: 103.19 MB used, 103.19 MB peak
[2020.01.06-15.49.05:446][  0]LogMemory: Physical Memory: 9450.91 MB used,  6870.67 MB free, 16321.58 MB total
[2020.01.06-15.49.05:446][  0]LogMemory: Virtual Memory: 4706.02 MB used,  134213024.00 MB free, 134217728.00 MB total
[2020.01.06-15.49.05:450][  0]LogWindows: WindowsPlatformFeatures enabled
[2020.01.06-15.49.05:988][  0]LogInit: Using OS detected language (en-GB).
[2020.01.06-15.49.05:988][  0]LogInit: Using OS detected locale (en-GB).
[2020.01.06-15.49.06:014][  0]LogTextLocalizationManager: No specific localization for 'en-GB' exists, so the 'en' localization will be used.
[2020.01.06-15.49.06:784][  0]LogInit: Setting process to per monitor DPI aware
[2020.01.06-15.49.07:545][  0]LogSlate: New Slate User Created.  User Index 0, Is Virtual User: 0
[2020.01.06-15.49.07:545][  0]LogSlate: Slate User Registered.  User Index 0, Is Virtual User: 0
[2020.01.06-15.49.10:729][  0]LogHMD: Failed to initialize OpenVR with code 126
[2020.01.06-15.49.10:730][  0]LogD3D11RHI: D3D11 adapters:
[2020.01.06-15.49.10:867][  0]LogD3D11RHI:    0. 'NVIDIA GeForce RTX 2070 SUPER' (Feature Level 11_0)
[2020.01.06-15.49.10:867][  0]LogD3D11RHI:       8011/0/8160 MB DedicatedVideo/DedicatedSystem/SharedSystem, Outputs:2, VendorId:0x10de
[2020.01.06-15.49.10:869][  0]LogD3D11RHI:    1. 'Microsoft Basic Render Driver' (Feature Level 11_0)
[2020.01.06-15.49.10:869][  0]LogD3D11RHI:       0/0/8160 MB DedicatedVideo/DedicatedSystem/SharedSystem, Outputs:0, VendorId:0x1414
[2020.01.06-15.49.10:869][  0]LogD3D11RHI: Chosen D3D11 Adapter: 0
[2020.01.06-15.49.10:877][  0]LogD3D11RHI: Creating new Direct3DDevice
[2020.01.06-15.49.10:877][  0]LogD3D11RHI:     GPU DeviceId: 0x1e84 (for the marketing name, search the web for "GPU Device Id")
[2020.01.06-15.49.10:877][  0]LogWindows: EnumDisplayDevices:
[2020.01.06-15.49.10:878][  0]LogWindows:    0. 'NVIDIA GeForce RTX 2070 SUPER' (P:1 D:1)
[2020.01.06-15.49.10:878][  0]LogWindows:    1. 'NVIDIA GeForce RTX 2070 SUPER' (P:0 D:1)
[2020.01.06-15.49.10:878][  0]LogWindows:    2. 'NVIDIA GeForce RTX 2070 SUPER' (P:0 D:0)
[2020.01.06-15.49.10:878][  0]LogWindows:    3. 'NVIDIA GeForce RTX 2070 SUPER' (P:0 D:0)
[2020.01.06-15.49.10:879][  0]LogWindows:    4. 'VRVD5' (P:0 D:0)
[2020.01.06-15.49.10:879][  0]LogWindows: DebugString: GetVideoDriverDetailsInvalid PrimaryIsNotTheChoosenAdapter FoundDriverCount:4 
[2020.01.06-15.49.10:879][  0]LogD3D11RHI:     Adapter Name: NVIDIA GeForce RTX 2070 SUPER
[2020.01.06-15.49.10:879][  0]LogD3D11RHI:   Driver Version: 441.08 (internal:26.21.14.4108, unified:441.08)
[2020.01.06-15.49.10:879][  0]LogD3D11RHI:      Driver Date: 10-22-2019
[2020.01.06-15.49.10:879][  0]LogRHI: Texture pool is 5607 MB (70% of 8011 MB)
[2020.01.06-15.49.10:921][  0]LogD3D11RHI: Async texture creation enabled
[2020.01.06-15.49.10:959][  0]LogD3D11RHI: GPU Timing Frequency: 1000.000000 (Debug: 2 1)
[2020.01.06-15.49.11:993][  0]LogTemp: Display: Module 'AllDesktopTargetPlatform' loaded TargetPlatform 'AllDesktop'
[2020.01.06-15.49.12:042][  0]LogTemp: Display: Module 'MacClientTargetPlatform' loaded TargetPlatform 'MacClient'
[2020.01.06-15.49.12:061][  0]LogTemp: Display: Module 'MacNoEditorTargetPlatform' loaded TargetPlatform 'MacNoEditor'
[2020.01.06-15.49.12:073][  0]LogTemp: Display: Module 'MacServerTargetPlatform' loaded TargetPlatform 'MacServer'
[2020.01.06-15.49.12:121][  0]LogTemp: Display: Module 'MacTargetPlatform' loaded TargetPlatform 'Mac'
[2020.01.06-15.49.12:152][  0]LogTemp: Display: Module 'WindowsClientTargetPlatform' loaded TargetPlatform 'WindowsClient'
[2020.01.06-15.49.12:241][  0]LogTemp: Display: Module 'WindowsNoEditorTargetPlatform' loaded TargetPlatform 'WindowsNoEditor'
[2020.01.06-15.49.12:270][  0]LogTemp: Display: Module 'WindowsServerTargetPlatform' loaded TargetPlatform 'WindowsServer'
[2020.01.06-15.49.12:278][  0]LogTemp: Display: Module 'WindowsTargetPlatform' loaded TargetPlatform 'Windows'
[2020.01.06-15.49.12:399][  0]LogTemp: Display: Module 'AndroidTargetPlatform' loaded TargetPlatform 'Android'
[2020.01.06-15.49.12:399][  0]LogTemp: Display: Module 'AndroidTargetPlatform' loaded TargetPlatform 'Android_ASTC'
[2020.01.06-15.49.12:399][  0]LogTemp: Display: Module 'AndroidTargetPlatform' loaded TargetPlatform 'Android_ATC'
[2020.01.06-15.49.12:399][  0]LogTemp: Display: Module 'AndroidTargetPlatform' loaded TargetPlatform 'Android_DXT'
[2020.01.06-15.49.12:399][  0]LogTemp: Display: Module 'AndroidTargetPlatform' loaded TargetPlatform 'Android_ETC1'
[2020.01.06-15.49.12:399][  0]LogTemp: Display: Module 'AndroidTargetPlatform' loaded TargetPlatform 'Android_ETC1a'
[2020.01.06-15.49.12:399][  0]LogTemp: Display: Module 'AndroidTargetPlatform' loaded TargetPlatform 'Android_ETC2'
[2020.01.06-15.49.12:399][  0]LogTemp: Display: Module 'AndroidTargetPlatform' loaded TargetPlatform 'Android_PVRTC'
[2020.01.06-15.49.12:399][  0]LogTemp: Display: Module 'AndroidTargetPlatform' loaded TargetPlatform 'AndroidClient'
[2020.01.06-15.49.12:399][  0]LogTemp: Display: Module 'AndroidTargetPlatform' loaded TargetPlatform 'Android_ASTCClient'
[2020.01.06-15.49.12:399][  0]LogTemp: Display: Module 'AndroidTargetPlatform' loaded TargetPlatform 'Android_ATCClient'
[2020.01.06-15.49.12:399][  0]LogTemp: Display: Module 'AndroidTargetPlatform' loaded TargetPlatform 'Android_DXTClient'
[2020.01.06-15.49.12:399][  0]LogTemp: Display: Module 'AndroidTargetPlatform' loaded TargetPlatform 'Android_ETC1Client'
[2020.01.06-15.49.12:399][  0]LogTemp: Display: Module 'AndroidTargetPlatform' loaded TargetPlatform 'Android_ETC1aClient'
[2020.01.06-15.49.12:399][  0]LogTemp: Display: Module 'AndroidTargetPlatform' loaded TargetPlatform 'Android_ETC2Client'
[2020.01.06-15.49.12:399][  0]LogTemp: Display: Module 'AndroidTargetPlatform' loaded TargetPlatform 'Android_PVRTCClient'
[2020.01.06-15.49.12:399][  0]LogTemp: Display: Module 'AndroidTargetPlatform' loaded TargetPlatform 'Android_Multi'
[2020.01.06-15.49.12:399][  0]LogTemp: Display: Module 'AndroidTargetPlatform' loaded TargetPlatform 'Android_MultiClient'
[2020.01.06-15.49.12:429][  0]LogTemp: Display: Module 'HTML5TargetPlatform' loaded TargetPlatform 'HTML5'
[2020.01.06-15.49.12:612][  0]LogTemp: Display: Module 'IOSTargetPlatform' loaded TargetPlatform 'IOSClient'
[2020.01.06-15.49.12:612][  0]LogTemp: Display: Module 'IOSTargetPlatform' loaded TargetPlatform 'IOS'
[2020.01.06-15.49.12:643][  0]LogTemp: Display: Module 'TVOSTargetPlatform' loaded TargetPlatform 'TVOSClient'
[2020.01.06-15.49.12:643][  0]LogTemp: Display: Module 'TVOSTargetPlatform' loaded TargetPlatform 'TVOS'
[2020.01.06-15.49.12:675][  0]LogTemp: Display: Module 'LinuxClientTargetPlatform' loaded TargetPlatform 'LinuxClient'
[2020.01.06-15.49.12:682][  0]LogTemp: Display: Module 'LinuxNoEditorTargetPlatform' loaded TargetPlatform 'LinuxNoEditor'
[2020.01.06-15.49.12:688][  0]LogTemp: Display: Module 'LinuxServerTargetPlatform' loaded TargetPlatform 'LinuxServer'
[2020.01.06-15.49.12:704][  0]LogTemp: Display: Module 'LinuxTargetPlatform' loaded TargetPlatform 'Linux'
[2020.01.06-15.49.12:746][  0]LogTemp: Display: Module 'LuminTargetPlatform' loaded TargetPlatform 'Lumin'
[2020.01.06-15.49.12:746][  0]LogTemp: Display: Module 'LuminTargetPlatform' loaded TargetPlatform 'LuminClient'
[2020.01.06-15.49.12:746][  0]LogTargetPlatformManager: Display: Building Assets For Windows
[2020.01.06-15.49.12:899][  0]LogAudioDebug: Display: Lib vorbis DLL was dynamically loaded.
[2020.01.06-15.49.13:382][  0]LogShaderCompilers: Guid format shader working directory is 3 characters bigger than the processId version (../../../../../Pentum/PentumPT_ItemPickup2/Intermediate/Shaders/WorkingDirectory/12544/).
[2020.01.06-15.49.13:382][  0]LogShaderCompilers: Cleaned the shader compiler working directory 'C:/Users/MATOO/AppData/Local/Temp/UnrealShaderWorkingDir/C3A859C54CF3D0235A1D6EB06EBC0490/'.
[2020.01.06-15.49.13:461][  0]LogXGEController: Cannot use XGE Controller as Incredibuild is not installed on this machine.
[2020.01.06-15.49.13:461][  0]LogShaderCompilers: Cannot use XGE Shader Compiler as Incredibuild is not installed on this machine.
[2020.01.06-15.49.13:461][  0]LogShaderCompilers: Display: Using Local Shader Compiler.
[2020.01.06-15.49.17:560][  0]LogDerivedDataCache: Display: Max Cache Size: 512 MB
[2020.01.06-15.49.17:772][  0]LogDerivedDataCache: Loaded boot cache 0.21s 76MB C:/Users/MATOO/AppData/Local/UnrealEngine/4.23/DerivedDataCache/Boot.ddc.
[2020.01.06-15.49.17:772][  0]LogDerivedDataCache: Display: Loaded Boot cache: C:/Users/MATOO/AppData/Local/UnrealEngine/4.23/DerivedDataCache/Boot.ddc
[2020.01.06-15.49.17:773][  0]LogDerivedDataCache: FDerivedDataBackendGraph:  Pak pak cache file ../../../../../Pentum/PentumPT_ItemPickup2/DerivedDataCache/DDC.ddp not found, will not use a pak cache.
[2020.01.06-15.49.17:773][  0]LogDerivedDataCache: Unable to find inner node Pak for hierarchical cache Hierarchy.
[2020.01.06-15.49.17:773][  0]LogDerivedDataCache: FDerivedDataBackendGraph:  CompressedPak pak cache file ../../../../../Pentum/PentumPT_ItemPickup2/DerivedDataCache/Compressed.ddp not found, will not use a pak cache.
[2020.01.06-15.49.17:773][  0]LogDerivedDataCache: Unable to find inner node CompressedPak for hierarchical cache Hierarchy.
[2020.01.06-15.49.17:869][  0]LogDerivedDataCache: Display: Pak cache opened for reading ../../../Engine/DerivedDataCache/Compressed.ddp.
[2020.01.06-15.49.17:869][  0]LogDerivedDataCache: FDerivedDataBackendGraph:  EnterprisePak pak cache file ../../../Enterprise/DerivedDataCache/Compressed.ddp not found, will not use a pak cache.
[2020.01.06-15.49.17:869][  0]LogDerivedDataCache: Unable to find inner node EnterprisePak for hierarchical cache Hierarchy.
[2020.01.06-15.49.17:870][  0]LogDerivedDataCache: Using Local data cache path C:/Users/MATOO/AppData/Local/UnrealEngine/Common/DerivedDataCache: Writable
[2020.01.06-15.49.17:870][  0]LogDerivedDataCache: Shared data cache path not found in *engine.ini, will not use an Shared cache.
[2020.01.06-15.49.17:870][  0]LogDerivedDataCache: Unable to find inner node Shared for hierarchical cache Hierarchy.
[2020.01.06-15.49.17:891][  0]LogMaterial: Verifying Global Shaders for PCD3D_SM5
[2020.01.06-15.49.17:894][  0]LogSlate: Using FreeType 2.6.0
[2020.01.06-15.49.17:976][  0]LogSlate: SlateFontServices - WITH_FREETYPE: 1, WITH_HARFBUZZ: 1
[2020.01.06-15.49.19:456][  0]LogAssetRegistry: FAssetRegistry took 0.0023 seconds to start up
[2020.01.06-15.49.19:789][  0]LogInit: Selected Device Profile: [Windows]
[2020.01.06-15.49.20:885][  0]LogMeshReduction: Using QuadricMeshReduction for automatic static mesh reduction
[2020.01.06-15.49.20:885][  0]LogMeshReduction: Using SimplygonMeshReduction for automatic skeletal mesh reduction
[2020.01.06-15.49.20:885][  0]LogMeshReduction: Using ProxyLODMeshReduction for automatic mesh merging
[2020.01.06-15.49.20:885][  0]LogMeshReduction: No distributed automatic mesh merging module available
[2020.01.06-15.49.20:885][  0]LogMeshMerging: No distributed automatic mesh merging module available
[2020.01.06-15.49.20:898][  0]LogNetVersion: PentumPT_ItemPickup2 1.0.0, NetCL: 8386587, EngineNetVer: 11, GameNetVer: 0 (Checksum: 2843139822)
[2020.01.06-15.49.21:500][  0]LogPackageLocalizationCache: Processed 12 localized package path(s) for 1 prioritized culture(s) in 0.052290 seconds
[2020.01.06-15.49.21:506][  0]LogUObjectArray: 43444 objects as part of root set at end of initial load.
[2020.01.06-15.49.21:506][  0]LogUObjectAllocator: 7548648 out of 0 bytes used by permanent object pool.
[2020.01.06-15.49.21:506][  0]LogUObjectArray: CloseDisregardForGC: 0/0 objects in disregard for GC pool
[2020.01.06-15.49.43:719][  0]LogTcpMessaging: Initializing TcpMessaging bridge
[2020.01.06-15.49.43:747][  0]LogUdpMessaging: Initializing bridge on interface 0.0.0.0:0 to multicast group 230.0.0.1:6666.
[2020.01.06-15.49.44:322][  0]SourceControl: Source control is disabled
[2020.01.06-15.49.44:322][  0]SourceControl: Source control is disabled
[2020.01.06-15.49.44:361][  0]SourceControl: Source control is disabled
[2020.01.06-15.49.44:374][  0]SourceControl: Source control is disabled
[2020.01.06-15.49.45:361][  0]LogAndroidPermission: UAndroidPermissionCallbackProxy::GetInstance
[2020.01.06-15.49.46:021][  0]LogOcInput: OculusInput pre-init called
[2020.01.06-15.49.46:848][  0]LogEngine: Initializing Engine...
[2020.01.06-15.49.46:884][  0]LogHMD: Failed to initialize OpenVR with code 126
[2020.01.06-15.49.46:885][  0]LogStats: UGameplayTagsManager::InitializeManager -  0.000 s
[2020.01.06-15.49.47:086][  0]LogInit: Initializing FReadOnlyCVARCache
[2020.01.06-15.49.47:239][  0]LogAIModule: Creating AISystem for world Untitled
[2020.01.06-15.49.47:404][  0]LogInit: XAudio2 using 'Lautsprecher (Sound Blaster Z)' : 6 channels at 48 kHz using 32 bits per sample (channel mask 0x3f)
[2020.01.06-15.49.47:446][  0]LogInit: FAudioDevice initialized.
[2020.01.06-15.49.47:446][  0]LogNetVersion: Set ProjectVersion to 1.0.0.0. Version Checksum will be recalculated on next use.
[2020.01.06-15.49.47:521][  0]LogDerivedDataCache: Saved boot cache 0.08s 76MB C:/Users/MATOO/AppData/Local/UnrealEngine/4.23/DerivedDataCache/Boot.ddc.
[2020.01.06-15.49.47:529][  0]LogInit: Texture streaming: Enabled
[2020.01.06-15.49.47:670][  0]LogEngineSessionManager: EngineSessionManager initialized
[2020.01.06-15.49.47:970][  0]LogInit: Transaction tracking system initialized
[2020.01.06-15.49.49:137][  0]BlueprintLog: New page: Editor Load
[2020.01.06-15.49.49:800][  0]LocalizationService: Localization service is disabled
[2020.01.06-15.49.51:586][  0]LogFileCache: Scanning file cache for directory 'E:/Pentum/PentumPT_ItemPickup2/Content/' took 0.01s
[2020.01.06-15.49.51:586][  0]LogCook: Display: Max memory allowance for cook 16384mb min free memory 0mb
[2020.01.06-15.49.51:586][  0]LogCook: Display: Mobile HDR setting 1
[2020.01.06-15.49.54:939][  0]SourceControl: Source control is disabled
[2020.01.06-15.49.54:939][  0]Cmd: MAP LOAD FILE="../../../../../Pentum/PentumPT_ItemPickup2/Content/FirstPersonBP/Maps/FirstPersonExampleMap.umap" TEMPLATE=0 SHOWPROGRESS=1 FEATURELEVEL=3
[2020.01.06-15.49.54:940][  0]LightingResults: New page: Lighting Build
[2020.01.06-15.49.55:050][  0]LogWorld: UWorld::CleanupWorld for Untitled, bSessionEnded=true, bCleanupResources=true
[2020.01.06-15.49.55:050][  0]MapCheck: New page: Map Check
[2020.01.06-15.49.55:050][  0]LightingResults: New page: Lighting Build
[2020.01.06-15.49.55:073][  0]LogUObjectHash: Compacting FUObjectHashTables data took   1.65ms
[2020.01.06-15.49.57:185][  0]LogAIModule: Creating AISystem for world FirstPersonExampleMap
[2020.01.06-15.49.57:198][  0]LogEditorServer: Finished looking for orphan Actors (0.000 secs)
[2020.01.06-15.49.57:227][  0]LogUObjectHash: Compacting FUObjectHashTables data took   2.83ms
[2020.01.06-15.49.57:227][  0]Cmd: MAP CHECKDEP NOCLEARLOG
[2020.01.06-15.49.57:227][  0]MapCheck: Map check complete: 0 Error(s), 0 Warning(s), took 0.114ms to complete.
[2020.01.06-15.49.57:227][  0]LogFileHelpers: Loading map 'FirstPersonExampleMap' took 2.288
[2020.01.06-15.49.57:639][  0]LogSlate: Updating window title bar state: overlay mode, drag disabled, window buttons hidden, title bar hidden
[2020.01.06-15.49.57:646][  0]LogSlate: Updating window title bar state: overlay mode, drag disabled, window buttons hidden, title bar hidden
[2020.01.06-15.49.57:652][  0]LogSlate: Updating window title bar state: overlay mode, drag disabled, window buttons hidden, title bar hidden
[2020.01.06-15.49.57:659][  0]LogSlate: Updating window title bar state: overlay mode, drag disabled, window buttons hidden, title bar hidden
[2020.01.06-15.49.57:750][  0]LogCollectionManager: Loaded 0 collections in 0.000923 seconds
[2020.01.06-15.49.57:773][  0]LogFileCache: Scanning file cache for directory 'E:/Pentum/PentumPT_ItemPickup2/Saved/Collections/' took 0.00s
[2020.01.06-15.49.57:774][  0]LogFileCache: Scanning file cache for directory 'E:/Pentum/PentumPT_ItemPickup2/Content/Developers/MATOO/Collections/' took 0.00s
[2020.01.06-15.49.57:774][  0]LogFileCache: Scanning file cache for directory 'E:/Pentum/PentumPT_ItemPickup2/Content/Collections/' took 0.00s
[2020.01.06-15.49.57:774][  0]LogCollectionManager: Rebuilt the GUID cache for 0 collections in 0.000003 seconds
[2020.01.06-15.49.57:781][  0]LogContentBrowser: Native class hierarchy populated in 0.0070 seconds. Added 2863 classes and 680 folders.
[2020.01.06-15.49.57:921][  0]LogContentBrowser: Native class hierarchy updated for 'WidgetCarousel' in 0.0002 seconds. Added 0 classes and 0 folders.
[2020.01.06-15.49.59:361][  0]LogContentBrowser: Native class hierarchy updated for 'AddContentDialog' in 0.0002 seconds. Added 0 classes and 0 folders.
[2020.01.06-15.49.59:393][  0]LogContentBrowser: Native class hierarchy updated for 'SceneOutliner' in 0.0002 seconds. Added 1 classes and 2 folders.
[2020.01.06-15.49.59:493][  0]LogSlate: Took 0.087343 seconds to synchronously load lazily loaded font '../../../Engine/Content/Slate/Fonts/Roboto-Regular.ttf' (155K)
[2020.01.06-15.49.59:503][  0]LogSlate: Took 0.008451 seconds to synchronously load lazily loaded font '../../../Engine/Content/Slate/Fonts/Roboto-Bold.ttf' (160K)
[2020.01.06-15.49.59:531][  0]LogSlate: Took 0.022493 seconds to synchronously load lazily loaded font '../../../Engine/Content/Editor/Slate/Fonts/FontAwesome.ttf' (139K)
[2020.01.06-15.49.59:705][  0]LogRenderer: Reallocating scene render targets to support 1292x544 Format 10 NumSamples 1 (Frame:1).
[2020.01.06-15.49.59:821][  0]LogContentBrowser: Native class hierarchy updated for 'HierarchicalLODOutliner' in 0.0002 seconds. Added 0 classes and 0 folders.
[2020.01.06-15.49.59:822][  0]LogLoad: (Engine Initialization) Total time: 72.13 seconds
[2020.01.06-15.49.59:822][  0]LogLoad: (Engine Initialization) Total Blueprint compile time: 0.00 seconds
[2020.01.06-15.49.59:896][  0]LogContentStreaming: Texture pool size now 1000 MB
[2020.01.06-15.50.01:062][ 13]LogSlate: Took 0.080613 seconds to synchronously load lazily loaded font '../../../Engine/Content/Slate/Fonts/Roboto-Light.ttf' (167K)
[2020.01.06-15.50.01:951][ 24]LogAssetRegistry: Asset discovery search completed in 42.4969 seconds
[2020.01.06-15.50.01:955][ 24]LogCollectionManager: Rebuilt the object cache for 0 collections in 0.000006 seconds (found 0 objects)
[2020.01.06-15.50.01:955][ 24]LogCollectionManager: Fixed up redirectors for 0 collections in 0.000057 seconds (updated 0 objects)
[2020.01.06-15.50.05:513][141]LogSlate: FSceneViewport::OnFocusLost() reason 0
[2020.01.06-15.50.05:701][161]LogAssetEditorManager: Opening Asset editor for Blueprint /Game/PickUpItems/ItemRegister.ItemRegister
[2020.01.06-15.50.05:970][161]LogContentBrowser: Native class hierarchy updated for 'BlueprintGraph' in 0.0005 seconds. Added 121 classes and 0 folders.
[2020.01.06-15.50.06:815][161]LogAssetEditorManager: Opening Asset editor for Blueprint /Game/PickUpItems/Item_Master.Item_Master
[2020.01.06-15.50.07:106][161]LogBlueprintUserMessages: [ItemRegister_C_0] not an item_master
[2020.01.06-15.50.07:106][161]LogBlueprintUserMessages: [ItemRegister_C_0] not an item_master
[2020.01.06-15.50.07:197][161]LogSlate: Took 0.087046 seconds to synchronously load lazily loaded font '../../../Engine/Content/Slate/Fonts/Roboto-BoldCondensed.ttf' (158K)
[2020.01.06-15.50.07:329][162]LogSlate: Took 0.014619 seconds to synchronously load lazily loaded font '../../../Engine/Content/Slate/Fonts/Roboto-Italic.ttf' (157K)
[2020.01.06-17.39.11:578][802]LogUObjectHash: Compacting FUObjectHashTables data took   5.42ms
[2020.01.06-17.39.11:579][802]LogFileHelpers: Editor autosave (incl. sublevels) for '/Game/FirstPersonBP/Maps/FirstPersonExampleMap' took 0.049
[2020.01.06-17.39.11:580][802]OBJ SavePackage: Generating thumbnails for [1] asset(s) in package [/Game/PickUpItems/Item_Master] ([1] browsable assets)...
[2020.01.06-17.39.11:613][802]OBJ SavePackage:     Rendered thumbnail for [Blueprint /Game/PickUpItems/Item_Master.Item_Master]
[2020.01.06-17.39.11:613][802]OBJ SavePackage: Finished generating thumbnails for package [/Game/PickUpItems/Item_Master]
[2020.01.06-17.39.11:613][802]Cmd: OBJ SAVEPACKAGE PACKAGE="/Game/PickUpItems/Item_Master" FILE="../../../../../Pentum/PentumPT_ItemPickup2/Saved/Autosaves/Game/PickUpItems/Item_Master_Auto1.uasset" SILENT=false AUTOSAVING=true
[2020.01.06-17.39.11:883][802]LogSavePackage: Moving '../../../../../Pentum/PentumPT_ItemPickup2/Saved/Item_Master_Auto1BED6DE6D4E6A5D725888BEAD55D5F745.tmp' to '../../../../../Pentum/PentumPT_ItemPickup2/Saved/Autosaves/Game/PickUpItems/Item_Master_Auto1.uasset'
[2020.01.06-17.39.11:884][802]LogFileHelpers: Auto-saving content packages took 0.304
[2020.01.06-17.40.55:319][682]BlueprintLog: New page: Compile ItemRegister
[2020.01.06-17.40.55:499][682]LogUObjectHash: Compacting FUObjectHashTables data took   3.02ms
[2020.01.06-17.40.59:524][147]LogSlate: FSceneViewport::OnFocusLost() reason 0
[2020.01.06-17.41.00:475][260]BlueprintLog: New page: Compile ItemRegister
[2020.01.06-17.41.00:631][260]LogUObjectHash: Compacting FUObjectHashTables data took   2.84ms
[2020.01.06-17.41.10:906][480]BlueprintLog: New page: Compile ItemRegister
[2020.01.06-17.41.11:063][480]LogUObjectHash: Compacting FUObjectHashTables data took   2.86ms
[2020.01.06-17.41.11:714][550]Cmd: OBJ SAVEPACKAGE PACKAGE="/Game/PickUpItems/ItemRegister" FILE="../../../../../Pentum/PentumPT_ItemPickup2/Content/PickUpItems/ItemRegister.uasset" SILENT=true
[2020.01.06-17.41.11:749][550]LogSavePackage: Moving '../../../../../Pentum/PentumPT_ItemPickup2/Saved/ItemRegister616D241F4B624FB14DC891A451298102.tmp' to '../../../../../Pentum/PentumPT_ItemPickup2/Content/PickUpItems/ItemRegister.uasset'
[2020.01.06-17.41.13:141][713]BlueprintLog: New page: Compile Item_Master
[2020.01.06-17.41.13:330][713]LogUObjectHash: Compacting FUObjectHashTables data took   3.27ms
[2020.01.06-17.41.13:748][756]Cmd: OBJ SAVEPACKAGE PACKAGE="/Game/PickUpItems/Item_Master" FILE="../../../../../Pentum/PentumPT_ItemPickup2/Content/PickUpItems/Item_Master.uasset" SILENT=true
[2020.01.06-17.41.13:782][756]LogSavePackage: Moving '../../../../../Pentum/PentumPT_ItemPickup2/Saved/Item_MasterBBCA798F442D026DE3723DBF9C12D454.tmp' to '../../../../../Pentum/PentumPT_ItemPickup2/Content/PickUpItems/Item_Master.uasset'
[2020.01.06-17.46.12:872][896]LogUObjectHash: Compacting FUObjectHashTables data took   3.08ms
[2020.01.06-17.46.13:128][896]LogSavePackage: Moving '../../../../../Pentum/PentumPT_ItemPickup2/Saved/FirstPersonExampleMap4260073E4826D6B65B97A596F851648B.tmp' to '../../../../../Pentum/PentumPT_ItemPickup2/Content/FirstPersonBP/Maps/FirstPersonExampleMap.umap'
[2020.01.06-17.46.14:958][896]LogSavePackage: Moving '../../../../../Pentum/PentumPT_ItemPickup2/Saved/FirstPersonExampleMap_BuiltDataA7B9B6E641CB757F0693B0AE832B89A3.tmp' to '../../../../../Pentum/PentumPT_ItemPickup2/Content/FirstPersonBP/Maps/FirstPersonExampleMap_BuiltData.uasset'
[2020.01.06-17.46.14:960][896]LogFileManager: Warning: MoveFile was unable to move '../../../../../Pentum/PentumPT_ItemPickup2/Saved/FirstPersonExampleMap_BuiltDataA7B9B6E641CB757F0693B0AE832B89A3.tmp' to '../../../../../Pentum/PentumPT_ItemPickup2/Content/FirstPersonBP/Maps/FirstPersonExampleMap_BuiltData.uasset', retrying in .5s...
[2020.01.06-17.46.15:460][896]LogFileManager: Warning: MoveFile recovered during retry!
[2020.01.06-18.52.08:673][738]LogRenderer: Reallocating scene render targets to support 1292x568 Format 10 NumSamples 1 (Frame:584).
[2020.01.06-19.05.45:638][992]LogUObjectHash: Compacting FUObjectHashTables data took   2.91ms
[2020.01.06-19.05.46:446][992]LogWorld: UWorld::CleanupWorld for World_3, bSessionEnded=true, bCleanupResources=true
[2020.01.06-19.05.47:265][992]LogActorComponent: UnregisterComponent: (/Engine/Transient.EditorFloorComp) Not registered. Aborting.
[2020.01.06-19.05.47:265][992]LogWorld: UWorld::CleanupWorld for World_4, bSessionEnded=true, bCleanupResources=true
[2020.01.06-19.05.47:378][992]LogSlate: Window 'PentumPT_ItemPickup2 - Unreal Editor' being destroyed
[2020.01.06-19.05.47:382][992]LogWindowsTextInputMethodSystem: Display: IME system now deactivated.
[2020.01.06-19.05.47:845][993]Cmd: QUIT_EDITOR
[2020.01.06-19.05.48:532][993]LogExit: Preparing to exit.
[2020.01.06-19.05.49:613][993]LogWorld: UWorld::CleanupWorld for World_0, bSessionEnded=true, bCleanupResources=true
[2020.01.06-19.05.49:614][993]LogWorld: UWorld::CleanupWorld for World_1, bSessionEnded=true, bCleanupResources=true
[2020.01.06-19.05.49:615][993]LogWorld: UWorld::CleanupWorld for World_2, bSessionEnded=true, bCleanupResources=true
[2020.01.06-19.05.49:988][993]LogDemo: Cleaned up 0 splitscreen connections with owner deletion
[2020.01.06-19.05.50:351][993]LogWorld: UWorld::CleanupWorld for None, bSessionEnded=true, bCleanupResources=true
[2020.01.06-19.05.50:352][993]LogExit: Editor shut down
[2020.01.06-19.05.50:353][993]LogExit: Transaction tracking system shut down
[2020.01.06-19.05.53:915][993]LogExit: Object subsystem successfully closed.
[2020.01.06-19.05.54:339][993]LogShaderCompilers: Display: Shaders left to compile 0
[2020.01.06-19.05.56:658][993]LogModuleManager: Shutting down and abandoning module BlueprintGraph (670)
[2020.01.06-19.05.56:658][993]LogModuleManager: Shutting down and abandoning module HierarchicalLODOutliner (668)
[2020.01.06-19.05.56:658][993]LogModuleManager: Shutting down and abandoning module SceneOutliner (666)
[2020.01.06-19.05.56:658][993]LogModuleManager: Shutting down and abandoning module AddContentDialog (664)
[2020.01.06-19.05.56:684][993]LogModuleManager: Shutting down and abandoning module WidgetCarousel (663)
[2020.01.06-19.05.56:684][993]LogModuleManager: Shutting down and abandoning module EditorWidgets (660)
[2020.01.06-19.05.56:684][993]LogModuleManager: Shutting down and abandoning module CollectionManager (658)
[2020.01.06-19.05.56:726][993]LogModuleManager: Shutting down and abandoning module StatsViewer (656)
[2020.01.06-19.05.56:761][993]LogModuleManager: Shutting down and abandoning module VirtualTexturingEditor (654)
[2020.01.06-19.05.56:761][993]LogModuleManager: Shutting down and abandoning module FoliageEdit (652)
[2020.01.06-19.05.56:792][993]LogModuleManager: Shutting down and abandoning module LandscapeEditor (650)
[2020.01.06-19.05.56:843][993]LogModuleManager: Shutting down and abandoning module MeshPaintMode (648)
[2020.01.06-19.05.56:843][993]LogModuleManager: Shutting down and abandoning module SceneDepthPickerMode (646)
[2020.01.06-19.05.56:843][993]LogModuleManager: Shutting down and abandoning module ActorPickerMode (644)
[2020.01.06-19.05.56:843][993]LogModuleManager: Shutting down and abandoning module GeometryMode (642)
