"../../../../../Pentum/Pentum_Prototyp/Content/PointLight2_Blueprint.uasset" 0
"../../../../../Pentum/Pentum_Prototyp/Content/RenderText.uasset" 1
"../../../../../Pentum/Pentum_Prototyp/Content/FirstPerson/Character/Mesh/SK_Mannequin_Arms_Skeleton.uasset" 2
"../../../../../Pentum/Pentum_Prototyp/Content/FirstPerson/Animations/First_Person_Camera_Run.uasset" 3
"../../../../../Pentum/Pentum_Prototyp/Content/FirstPerson/Animations/FirstPerson_Crouch.uasset" 4
"../../../../../Pentum/Pentum_Prototyp/Content/FirstPerson/Animations/FirstPerson_Run.uasset" 5
"../../../../../Pentum/Pentum_Prototyp/Content/FirstPerson/Character/Mesh/SK_Mannequin_Arms_Skeleton_Sequence3.uasset" 6
"../../../Engine/Content/EditorBlueprintResources/StandardMacros.uasset" 7
"../../../../../Pentum/Pentum_Prototyp/Content/FirstPerson/Animations/BPNew.uasset" 8
"../../../../../Pentum/Pentum_Prototyp/Content/PickUpItems/PickUpWidget.uasset" 9
"../../../../../Pentum/Pentum_Prototyp/Content/PickUpItems/Item_Master.uasset" 10
"../../../../../Pentum/Pentum_Prototyp/Content/PickUpItems/Material.uasset" 11
"../../../../../Pentum/Pentum_Prototyp/Content/PickUpItems/Note_Mesh.uasset" 12
"../../../../../Pentum/Pentum_Prototyp/Content/PickUpItems/Item_Note.uasset" 13
"../../../../../Pentum/Pentum_Prototyp/Content/Logik/CameraText.uasset" 14
"../../../../../Pentum/Pentum_Prototyp/Content/SecretMaterial.uasset" 15
"../../../../../Pentum/Pentum_Prototyp/Content/SecMaterial.uasset" 16
"../../../../../Pentum/Pentum_Prototyp/Content/Logik/App1.uasset" 17
"../../../../../Pentum/Pentum_Prototyp/Content/Logik/App2.uasset" 18
"../../../../../Pentum/Pentum_Prototyp/Content/Logik/App3.uasset" 19
"../../../../../Pentum/Pentum_Prototyp/Content/Logik/handy.uasset" 20
"../../../../../Pentum/Pentum_Prototyp/Content/Logik/UI.uasset" 21
"../../../Engine/Content/Functions/Engine_MaterialFunctions02/Utility/BlendAngleCorrectedNormals.uasset" 22
"../../../Engine/Content/Functions/MaterialLayerFunctions/MatLayerBlend_NormalBlend.uasset" 23
"../../../Engine/Content/Functions/MaterialLayerFunctions/MatLayerBlend_Simple.uasset" 24
"../../../../../Pentum/Pentum_Prototyp/Content/FirstPerson/Character/Materials/MaterialLayers/T_ML_Rubber_Blue_01_D.uasset" 25
"../../../../../Pentum/Pentum_Prototyp/Content/FirstPerson/Character/Materials/MaterialLayers/T_ML_Rubber_Blue_01_N.uasset" 26
"../../../../../Pentum/Pentum_Prototyp/Content/FirstPerson/Character/Materials/MaterialLayers/ML_GlossyBlack_Latex_UE4.uasset" 27
"../../../../../Pentum/Pentum_Prototyp/Content/FirstPerson/Character/Materials/MaterialLayers/ML_Plastic_Shiny_Beige.uasset" 28
"../../../../../Pentum/Pentum_Prototyp/Content/FirstPerson/Character/Textures/UE4_LOGO_CARD.uasset" 29
"../../../../../Pentum/Pentum_Prototyp/Content/FirstPerson/Character/Materials/MaterialLayers/ML_Plastic_Shiny_Beige_LOGO.uasset" 30
"../../../../../Pentum/Pentum_Prototyp/Content/FirstPerson/Character/Materials/MaterialLayers/T_ML_Aluminum01.uasset" 31
"../../../../../Pentum/Pentum_Prototyp/Content/FirstPerson/Character/Materials/MaterialLayers/T_ML_Aluminum01_N.uasset" 32
"../../../../../Pentum/Pentum_Prototyp/Content/FirstPerson/Character/Materials/MaterialLayers/ML_SoftMetal_UE4.uasset" 33
"../../../../../Pentum/Pentum_Prototyp/Content/FirstPerson/Character/Textures/UE4_Mannequin__normals.uasset" 34
"../../../../../Pentum/Pentum_Prototyp/Content/FirstPerson/Character/Textures/UE4_Mannequin_MAT_MASKA.uasset" 35
"../../../../../Pentum/Pentum_Prototyp/Content/FirstPerson/Character/Materials/M_UE4Man_Body.uasset" 36
"../../../../../Pentum/Pentum_Prototyp/Content/FirstPerson/Character/Mesh/SK_Mannequin_Arms_PhysicsAsset.uasset" 37
"../../../../../Pentum/Pentum_Prototyp/Content/FirstPerson/Character/Mesh/SK_Mannequin_Arms.uasset" 38
"../../../../../Pentum/Pentum_Prototyp/Content/HUD/BloodFrame.uasset" 39
"../../../../../Pentum/Pentum_Prototyp/Content/HUD/BloodeffektHud.uasset" 40
"../../../../../Pentum/Pentum_Prototyp/Content/HUD/NoteWidget.uasset" 41
"../../../../../Pentum/Pentum_Prototyp/Content/Logik/Phone_MapApppng.uasset" 42
"../../../../../Pentum/Pentum_Prototyp/Content/Logik/Map.uasset" 43
"../../../../../Pentum/Pentum_Prototyp/Content/Logik/PauseMenu.uasset" 44
"../../../../../Pentum/Pentum_Prototyp/Content/Logik/TextMenu.uasset" 45
"../../../../../Pentum/Pentum_Prototyp/Content/Logik/CameraMat.uasset" 46
"../../../../../Pentum/Pentum_Prototyp/Content/Logik/Vision.uasset" 47
"../../../../../Pentum/Pentum_Prototyp/Content/FirstPersonBP/Blueprints/FirstPersonCharacter.uasset" 48
"../../../../../Pentum/Pentum_Prototyp/Content/SpotLight_Blueprint.uasset" 49
"../../../../../Pentum/Pentum_Prototyp/Content/FirstPerson/Animations/FirstPerson_Run_old.uasset" 50
"../../../../../Pentum/Pentum_Prototyp/Content/FirstPerson/Character/Mesh/FirstPersonAnimBlueprint_Copy.uasset" 51
"../../../../../Pentum/Pentum_Prototyp/Content/FirstPerson/Meshes/BaseMaterial.uasset" 52
"../../../../../Pentum/Pentum_Prototyp/Content/FirstPerson/Meshes/CubeMaterialOverride.uasset" 53
"../../../../../Pentum/Pentum_Prototyp/Content/FirstPersonBP/FirstPersonOverview.uasset" 54
"../../../../../Pentum/Pentum_Prototyp/Content/FirstPersonBP/Blueprints/FirstPersonProjectile.uasset" 55
"../../../../../Pentum/Pentum_Prototyp/Content/FirstPersonBP/Blueprints/FirstPersonCharacter_backup.uasset" 56
"../../../../../Pentum/Pentum_Prototyp/Content/FirstPersonBP/Blueprints/FirstPersonCharacter_backup_2.uasset" 57
"../../../../../Pentum/Pentum_Prototyp/Content/FirstPersonBP/Blueprints/Gun.uasset" 58
"../../../../../Pentum/Pentum_Prototyp/Content/FirstPersonBP/Maps/FirstPersonExampleMap_BuiltData.uasset" 59
"../../../../../Pentum/Pentum_Prototyp/Content/Geometry/Meshes/1M_Cube.uasset" 60
"../../../../../Pentum/Pentum_Prototyp/Content/Logik/SecretMat.uasset" 61
"../../../../../Pentum/Pentum_Prototyp/Content/Logik/UIBP.uasset" 62
"../../../../../Pentum/Pentum_Prototyp/Content/Mannequin/Character/Mesh/UE4_Mannequin_Skeleton.uasset" 63
"../../../../../Pentum/Pentum_Prototyp/Content/Mannequin/Animations/ThirdPersonJump_End.uasset" 64
"../../../../../Pentum/Pentum_Prototyp/Content/Sounds/Footsteps_Grass_01.uasset" 65
"../../../../../Pentum/Pentum_Prototyp/Content/Sounds/Footsteps_Grass_02.uasset" 66
"../../../../../Pentum/Pentum_Prototyp/Content/Sounds/Footstep_Wood_01.uasset" 67
"../../../../../Pentum/Pentum_Prototyp/Content/Sounds/Footstep_Wood_02.uasset" 68
"../../../../../Pentum/Pentum_Prototyp/Content/Sounds/gotcha.uasset" 69
"../../../../../Pentum/Pentum_Prototyp/Content/StarterContent/Materials/M_AssetPlatform.uasset" 70
"../../../../../Pentum/Pentum_Prototyp/Content/StarterContent/Materials/M_Brick_Clay_Beveled.uasset" 71
"../../../../../Pentum/Pentum_Prototyp/Content/StarterContent/Materials/M_Brick_Clay_New.uasset" 72
"../../../../../Pentum/Pentum_Prototyp/Content/StarterContent/Materials/M_Brick_Clay_Old.uasset" 73
"../../../../../Pentum/Pentum_Prototyp/Content/StarterContent/Materials/M_Brick_Cut_Stone.uasset" 74
"../../../../../Pentum/Pentum_Prototyp/Content/StarterContent/Materials/M_Brick_Hewn_Stone.uasset" 75
"../../../../../Pentum/Pentum_Prototyp/Content/StarterContent/Materials/M_Ceramic_Tile_Checker.uasset" 76
"../../../../../Pentum/Pentum_Prototyp/Content/StarterContent/Materials/M_CobbleStone_Pebble.uasset" 77
"../../../../../Pentum/Pentum_Prototyp/Content/StarterContent/Materials/M_CobbleStone_Rough.uasset" 78
"../../../../../Pentum/Pentum_Prototyp/Content/StarterContent/Materials/M_CobbleStone_Smooth.uasset" 79
"../../../Engine/Content/EditorMeshes/ColorCalibrator/T_ColorGrid.uasset" 80
"../../../../../Pentum/Pentum_Prototyp/Content/StarterContent/Materials/M_ColorGrid_LowSpec.uasset" 81
"../../../../../Pentum/Pentum_Prototyp/Content/StarterContent/Materials/M_Concrete_Grime.uasset" 82
"../../../../../Pentum/Pentum_Prototyp/Content/StarterContent/Materials/M_Concrete_Panels.uasset" 83
"../../../../../Pentum/Pentum_Prototyp/Content/StarterContent/Materials/M_Concrete_Poured.uasset" 84
"../../../Engine/Content/Functions/Engine_MaterialFunctions01/Opacity/CameraDepthFade.uasset" 85
"../../../../../Pentum/Pentum_Prototyp/Content/StarterContent/Materials/M_Concrete_Tiles.uasset" 86
"../../../../../Pentum/Pentum_Prototyp/Content/StarterContent/Materials/M_Glass.uasset" 87
"../../../../../Pentum/Pentum_Prototyp/Content/StarterContent/Materials/M_Ground_Gravel.uasset" 88
"../../../../../Pentum/Pentum_Prototyp/Content/StarterContent/Materials/M_Ground_Moss.uasset" 89
"../../../../../Pentum/Pentum_Prototyp/Content/StarterContent/Materials/M_Metal_Brushed_Nickel.uasset" 90
"../../../../../Pentum/Pentum_Prototyp/Content/StarterContent/Materials/M_Metal_Burnished_Steel.uasset" 91
"../../../../../Pentum/Pentum_Prototyp/Content/StarterContent/Materials/M_Metal_Chrome.uasset" 92
"../../../../../Pentum/Pentum_Prototyp/Content/StarterContent/Materials/M_Metal_Copper.uasset" 93
"../../../../../Pentum/Pentum_Prototyp/Content/StarterContent/Materials/M_Metal_Gold.uasset" 94
"../../../../../Pentum/Pentum_Prototyp/Content/StarterContent/Materials/M_Metal_Rust.uasset" 95
"../../../../../Pentum/Pentum_Prototyp/Content/StarterContent/Materials/M_Metal_Steel.uasset" 96
"../../../../../Pentum/Pentum_Prototyp/Content/StarterContent/Materials/M_Rock_Basalt.uasset" 97
"../../../../../Pentum/Pentum_Prototyp/Content/StarterContent/Materials/M_Rock_Marble_Polished.uasset" 98
"../../../../../Pentum/Pentum_Prototyp/Content/StarterContent/Materials/M_Rock_Sandstone.uasset" 99
"../../../../../Pentum/Pentum_Prototyp/Content/StarterContent/Materials/M_Rock_Slate.uasset" 100
"../../../../../Pentum/Pentum_Prototyp/Content/StarterContent/Materials/M_Tech_Checker_Dot.uasset" 101
"../../../../../Pentum/Pentum_Prototyp/Content/StarterContent/Materials/M_Tech_Hex_Tile.uasset" 102
"../../../../../Pentum/Pentum_Prototyp/Content/StarterContent/Materials/M_Tech_Hex_Tile_Pulse.uasset" 103
"../../../../../Pentum/Pentum_Prototyp/Content/StarterContent/Materials/M_Tech_Panel.uasset" 104
"../../../../../Pentum/Pentum_Prototyp/Content/StarterContent/Materials/M_Water_Lake.uasset" 105
"../../../../../Pentum/Pentum_Prototyp/Content/StarterContent/Materials/M_Water_Ocean.uasset" 106
"../../../../../Pentum/Pentum_Prototyp/Content/StarterContent/Materials/M_Wood_Floor_Walnut_Polished.uasset" 107
"../../../Engine/Content/Functions/Engine_MaterialFunctions01/Opacity/AlphaOffset.uasset" 108
"../../../../../Pentum/Pentum_Prototyp/Content/StarterContent/Materials/M_Wood_Floor_Walnut_Worn.uasset" 109
"../../../../../Pentum/Pentum_Prototyp/Content/StarterContent/Materials/M_Wood_Oak.uasset" 110
"../../../../../Pentum/Pentum_Prototyp/Content/StarterContent/Materials/M_Wood_Pine.uasset" 111
"../../../../../Pentum/Pentum_Prototyp/Content/StarterContent/Materials/M_Wood_Walnut.uasset" 112
"../../../../../Pentum/Pentum_Prototyp/Content/StarterContent/Props/Materials/M_Rock.uasset" 113
"../../../../../Pentum/Pentum_Prototyp/Content/StarterContent/Props/SM_Rock.uasset" 114
"../../../../../Pentum/Pentum_Prototyp/Content/StarterContent/Materials/M_Basic_Wall.uasset" 115
"../../../../../Pentum/Pentum_Prototyp/Content/StarterContent/Shapes/Shape_Cone.uasset" 116
"../../../../../Pentum/Pentum_Prototyp/Content/StarterContent/Shapes/Shape_Cube.uasset" 117
"../../../../../Pentum/Pentum_Prototyp/Content/StarterContent/Shapes/Shape_Cylinder.uasset" 118
"../../../../../Pentum/Pentum_Prototyp/Content/StarterContent/Shapes/Shape_NarrowCapsule.uasset" 119
"../../../../../Pentum/Pentum_Prototyp/Content/StarterContent/Shapes/Shape_Pipe.uasset" 120
"../../../../../Pentum/Pentum_Prototyp/Content/StarterContent/Shapes/Shape_Pipe_180.uasset" 121
"../../../../../Pentum/Pentum_Prototyp/Content/StarterContent/Shapes/Shape_Pipe_90.uasset" 122
"../../../../../Pentum/Pentum_Prototyp/Content/StarterContent/Shapes/Shape_Plane.uasset" 123
"../../../../../Pentum/Pentum_Prototyp/Content/StarterContent/Shapes/Shape_QuadPyramid.uasset" 124
"../../../../../Pentum/Pentum_Prototyp/Content/StarterContent/Shapes/Shape_Sphere.uasset" 125
"../../../../../Pentum/Pentum_Prototyp/Content/StarterContent/Shapes/Shape_Torus.uasset" 126
"../../../../../Pentum/Pentum_Prototyp/Content/StarterContent/Shapes/Shape_Trim.uasset" 127
"../../../../../Pentum/Pentum_Prototyp/Content/StarterContent/Shapes/Shape_Trim_90_In.uasset" 128
"../../../../../Pentum/Pentum_Prototyp/Content/StarterContent/Shapes/Shape_Trim_90_Out.uasset" 129
"../../../../../Pentum/Pentum_Prototyp/Content/StarterContent/Shapes/Shape_TriPyramid.uasset" 130
"../../../../../Pentum/Pentum_Prototyp/Content/StarterContent/Shapes/Shape_Tube.uasset" 131
"../../../../../Pentum/Pentum_Prototyp/Content/StarterContent/Shapes/Shape_Wedge_A.uasset" 132
"../../../../../Pentum/Pentum_Prototyp/Content/StarterContent/Shapes/Shape_Wedge_B.uasset" 133
"../../../../../Pentum/Pentum_Prototyp/Content/StarterContent/Shapes/Shape_WideCapsule.uasset" 134
"../../../Engine/Content/Animation/DefaultAnimCurveCompressionSettings.uasset" 135
"../../../Engine/Content/EngineMaterials/T_Default_Material_Grid_M.uasset" 136
"../../../Engine/Content/EngineMaterials/T_Default_Material_Grid_N.uasset" 137
"../../../Engine/Content/EngineMaterials/WorldGridMaterial.uasset" 138
"../../../Engine/Content/ArtTools/RenderToTexture/Meshes/S_1_Unit_Plane.uasset" 139
"../../../Engine/Content/BasicShapes/Plane.uasset" 140
"../../../Engine/Content/EngineMaterials/DefaultMaterial.uasset" 141
"../../../Engine/Content/BasicShapes/Sphere.uasset" 142
"../../../Engine/Content/EditorLandscapeResources/DataLayer.uasset" 143
"../../../Engine/Content/EditorMaterials/GizmoMaterial.uasset" 144
"../../../Engine/Content/EditorMaterials/MAT_Groups_Toggle.uasset" 145
"../../../Engine/Content/EditorMaterials/MAT_Groups_Visibility.uasset" 146
"../../../Engine/Content/EditorMaterials/PreviewShadowIndicator.uasset" 147
"../../../Engine/Content/EditorMaterials/PreviewShadowIndicatorMaterial.uasset" 148
"../../../Engine/Content/EditorMaterials/MatineeGroups/MAT_ColorTrack.uasset" 149
"../../../Engine/Content/EditorMaterials/MatineeGroups/MAT_Groups_Anim.uasset" 150
"../../../Engine/Content/EditorMaterials/MatineeGroups/MAT_Groups_AudioMaster.uasset" 151
"../../../Engine/Content/EditorMaterials/MatineeGroups/MAT_Groups_Director.uasset" 152
"../../../Engine/Content/EditorMaterials/MatineeGroups/MAT_Groups_Event.uasset" 153
"../../../Engine/Content/EditorMaterials/MatineeGroups/MAT_Groups_Fade.uasset" 154
"../../../Engine/Content/EditorMaterials/MatineeGroups/MAT_Groups_Float.uasset" 155
"../../../Engine/Content/EditorMaterials/MatineeGroups/MAT_Groups_Move.uasset" 156
"../../../Engine/Content/EditorMaterials/MatineeGroups/MAT_Groups_Slomo.uasset" 157
"../../../Engine/Content/EditorMaterials/MatineeGroups/MAT_Groups_Sound.uasset" 158
"../../../Engine/Content/EditorMaterials/MatineeGroups/MAT_Groups_Vector.uasset" 159
"../../../Engine/Content/EditorMaterials/ParticleSystems/PSysThumbnail_NoImage.uasset" 160
"../../../Engine/Content/EditorMaterials/ParticleSystems/PSysThumbnail_OOD.uasset" 161
"../../../Engine/Content/EditorMaterials/Camera/CineMat.uasset" 162
"../../../Engine/Content/EditorMaterials/Camera/MI_CineMat_Rig.uasset" 163
"../../../Engine/Content/EditorMeshes/Camera/SM_CraneRig_Arm.uasset" 164
"../../../Engine/Content/EditorMeshes/Camera/SM_CraneRig_Base.uasset" 165
"../../../Engine/Content/EditorMeshes/Camera/SM_CraneRig_Body.uasset" 166
"../../../Engine/Content/EditorMeshes/Camera/SM_CraneRig_Mount.uasset" 167
"../../../Engine/Content/EditorMeshes/Camera/SM_RailRig_Mount.uasset" 168
"../../../Engine/Content/EditorMeshes/Camera/SM_RailRig_Track.uasset" 169
"../../../Engine/Content/EditorResources/BSPVertex.uasset" 170
"../../../Engine/Content/EditorResources/EmptyActor.uasset" 171
"../../../Engine/Content/EditorResources/S_Actor.uasset" 172
"../../../Engine/Content/EditorResources/S_Note.uasset" 173
"../../../Engine/Content/EditorResources/S_Solver.uasset" 174
"../../../Engine/Content/EditorResources/S_Trigger.uasset" 175
"../../../Engine/Content/EditorResources/LightIcons/S_LightError.uasset" 176
"../../../Engine/Content/EditorResources/SequenceRecorder/Countdown.uasset" 177
"../../../Engine/Content/EditorResources/SequenceRecorder/RecordingIndicator.uasset" 178
"../../../Engine/Content/EditorSounds/Notifications/CompileFailed.uasset" 179
"../../../Engine/Content/EditorSounds/Notifications/CompileFailed_Cue.uasset" 180
"../../../Engine/Content/EditorSounds/Notifications/CompileSuccess.uasset" 181
"../../../Engine/Content/EditorSounds/Notifications/CompileStart_Cue.uasset" 182
"../../../Engine/Content/EditorSounds/Notifications/CompileSuccess_Cue.uasset" 183
"../../../Engine/Content/EngineDamageTypes/DmgTypeBP_Environmental.uasset" 184
"../../../Engine/Content/EngineDebugMaterials/HeatmapGradient.uasset" 185
"../../../Engine/Content/EngineDebugMaterials/BoneWeightMaterial.uasset" 186
"../../../Engine/Content/EngineDebugMaterials/ClothMaterial.uasset" 187
"../../../Engine/Content/EngineDebugMaterials/ClothMaterial_WF.uasset" 188
"../../../Engine/Content/EngineDebugMaterials/DebugEditorMaterial.uasset" 189
"../../../Engine/Content/EngineDebugMaterials/DebugMeshMaterial.uasset" 190
"../../../Engine/Content/EngineDebugMaterials/GeomMaterial.uasset" 191
"../../../Engine/Content/EngineDebugMaterials/M_SimpleTranslucent.uasset" 192
"../../../Engine/Content/Functions/Engine_MaterialFunctions02/Utility/CameraDirectionVector.uasset" 193
"../../../Engine/Content/EngineDebugMaterials/VolumeToRender.uasset" 194
"../../../Engine/Content/EngineDebugMaterials/M_VolumeRenderSphereTracePP.uasset" 195
"../../../Engine/Content/EngineDebugMaterials/WireframeMaterial.uasset" 196
"../../../Engine/Content/EngineFonts/Faces/RobotoBold.uasset" 197
"../../../Engine/Content/EngineFonts/Faces/RobotoBoldItalic.uasset" 198
"../../../Engine/Content/EngineFonts/Faces/RobotoItalic.uasset" 199
"../../../Engine/Content/EngineFonts/Faces/RobotoLight.uasset" 200
"../../../Engine/Content/EngineFonts/Faces/RobotoRegular.uasset" 201
"../../../Engine/Content/EngineFonts/Roboto.uasset" 202
"../../../Engine/Content/EngineFonts/Faces/RobotoTiny.uasset" 203
"../../../Engine/Content/EngineFonts/RobotoTiny.uasset" 204
"../../../Engine/Content/EngineMaterials/BaseFlattenDiffuseMap.uasset" 205
"../../../Engine/Content/EngineMaterials/BaseFlattenEmissiveMap.uasset" 206
"../../../Engine/Content/EngineMaterials/BaseFlattenGrayscaleMap.uasset" 207
"../../../Engine/Content/EngineMaterials/BaseFlattenNormalMap.uasset" 208
"../../../Engine/Content/EngineMaterials/BaseFlattenMaterial.uasset" 209
"../../../Engine/Content/EngineMaterials/BlueNoise.uasset" 210
"../../../Engine/Content/EngineMaterials/DefaultBloomKernel.uasset" 211
"../../../Engine/Content/EngineMaterials/DefaultBokeh.uasset" 212
"../../../Engine/Content/EngineMaterials/DefaultDiffuse.uasset" 213
"../../../Engine/Content/EngineMaterials/DefaultDeferredDecalMaterial.uasset" 214
"../../../Engine/Content/EngineMaterials/DefaultLightFunctionMaterial.uasset" 215
"../../../Engine/Content/Functions/Engine_MaterialFunctions02/Utility/BreakOutFloat2Components.uasset" 216
"../../../Engine/Content/EngineMaterials/DefaultPostProcessMaterial.uasset" 217
"../../../Engine/Content/EngineFonts/RobotoDistanceField.uasset" 218
"../../../Engine/Content/EngineMaterials/DefaultTextMaterialOpaque.uasset" 219
"../../../Engine/Content/EngineMaterials/DefaultVirtualTextureMaterial.uasset" 220
"../../../Engine/Content/EngineMaterials/DefaultWhiteGrid.uasset" 221
"../../../Engine/Content/EngineMaterials/EditorBrushMaterial.uasset" 222
"../../../Engine/Content/EngineMaterials/DefaultWhiteGrid_Low.uasset" 223
"../../../Engine/Content/EngineMaterials/EmissiveMeshMaterial.uasset" 224
"../../../Engine/Content/EngineMaterials/Good64x64TilingNoiseHighFreq.uasset" 225
"../../../Engine/Content/EngineMaterials/MiniFont.uasset" 226
"../../../Engine/Content/EngineMaterials/InvalidLightmapSettings.uasset" 227
"../../../Engine/Content/EngineMaterials/M_InvalidLightmapSettings.uasset" 228
"../../../Engine/Content/Functions/Engine_MaterialFunctions02/WorldPositionOffset/CameraOffset.uasset" 229
"../../../Engine/Content/EngineMaterials/PhAT_JointLimitMaterial.uasset" 230
"../../../Engine/Content/EngineMaterials/PreintegratedSkinBRDF.uasset" 231
"../../../Engine/Content/EngineMaterials/RemoveSurfaceMaterial.uasset" 232
"../../../Engine/Content/EngineMaterials/WeightMapPlaceholderTexture.uasset" 233
"../../../Engine/Content/EngineResources/WhiteSquareTexture.uasset" 234
"../../../Engine/Content/EngineMaterials/Widget3DPassThrough.uasset" 235
"../../../Engine/Content/EngineMaterials/Widget3DPassThrough_Masked.uasset" 236
"../../../Engine/Content/EngineMaterials/Widget3DPassThrough_Opaque.uasset" 237
"../../../Engine/Content/EngineMaterials/Widget3DPassThrough_Masked_OneSided.uasset" 238
"../../../Engine/Content/EngineMaterials/Widget3DPassThrough_Opaque_OneSided.uasset" 239
"../../../Engine/Content/EngineMaterials/Widget3DPassThrough_Translucent.uasset" 240
"../../../Engine/Content/EngineMaterials/Widget3DPassThrough_Translucent_OneSided.uasset" 241
"../../../Engine/Content/EngineMeshes/Cylinder.uasset" 242
"../../../Engine/Content/EngineMeshes/Sphere.uasset" 243
"../../../Engine/Content/EngineResources/Black.uasset" 244
"../../../Engine/Content/EngineResources/DefaultTexture.uasset" 245
"../../../Engine/Content/EngineResources/DefaultTextureCube.uasset" 246
"../../../Engine/Content/EngineResources/DefaultVolumeTexture2D.uasset" 247
"../../../Engine/Content/EngineResources/DefaultVolumeTexture.uasset" 248
"../../../Engine/Content/EngineResources/GradientTexture0.uasset" 249
"../../../Engine/Content/EngineSounds/Master.uasset" 250
"../../../Engine/Content/Functions/Engine_MaterialFunctions01/Shading/ConvertFromDiffSpec.uasset" 251
"../../../Engine/Content/Functions/Engine_MaterialFunctions01/Shading/PowerToRoughness.uasset" 252
"../../../Engine/Content/Maps/Templates/Thumbnails/Default.uasset" 253
"../../../Engine/Content/Maps/Templates/Thumbnails/VR-Basic.uasset" 254
"../../../Engine/Content/MobileResources/T_MobileControls_texture.uasset" 255
"../../../Engine/Content/MobileResources/T_MobileMenu2.uasset" 256
"../../../Engine/Content/MobileResources/HUD/AnalogHat.uasset" 257
"../../../Engine/Content/MobileResources/HUD/VirtualJoystick_Background.uasset" 258
"../../../Engine/Content/MobileResources/HUD/VirtualJoystick_Thumb.uasset" 259
"../../../Engine/Content/MobileResources/HUD/DefaultVirtualJoysticks.uasset" 260
"../../../Engine/Content/MobileResources/HUD/LeftVirtualJoystickOnly.uasset" 261
"../../../Engine/Content/MobileResources/HUD/MobileHUDButton1_off.uasset" 262
"../../../Engine/Content/MobileResources/HUD/MobileHUDButton1_on.uasset" 263
"../../../Engine/Content/MobileResources/HUD/MobileHUDButton2_off.uasset" 264
"../../../Engine/Content/MobileResources/HUD/MobileHUDButton2_on.uasset" 265
"../../../Engine/Content/MobileResources/HUD/MobileHUDButton3.uasset" 266
"../../../Engine/Content/MobileResources/HUD/MobileHUDButtonFire.uasset" 267
"../../../Engine/Content/MobileResources/HUD/MobileHUDDirectionPad.uasset" 268
"../../../Engine/Content/MobileResources/HUD/MobileHUDDirectionPad2.uasset" 269
"../../../Engine/Content/MobileResources/HUD/MobileHUDDirectionPad3.uasset" 270
"../../../Engine/Content/MobileResources/HUD/MobileHUDDirectionStick.uasset" 271
"../../../Engine/Content/MobileResources/HUD/T_Castle_ThumbstickInner.uasset" 272
"../../../Engine/Content/MobileResources/HUD/T_Castle_ThumbstickOutter.uasset" 273
"../../../Engine/Content/Tutorial/ContentIntroCurve.uasset" 274
"../../../Engine/Content/Tutorial/Basics/LevelEditorAttract.uasset" 275
"../../../Engine/Content/Tutorial/Basics/TutorialAssets/icon_tab_Levels_40x.uasset" 276
"../../../Engine/Content/Tutorial/Basics/LevelEditorOverview.uasset" 277
"../../../Engine/Content/Tutorial/BlueprintTutorials/TutorialAssets/Blueprint_64x.uasset" 278
"../../../Engine/Content/Tutorial/BlueprintTutorials/BlueprintEditorTutorial.uasset" 279
"../../../Engine/Content/Tutorial/BlueprintTutorials/LevelBlueprintEditorOverview.uasset" 280
"../../../Engine/Content/Tutorial/Installation/InstallingVisualStudioTutorial.uasset" 281
"../../../Engine/Content/VREditor/LaserPointer/VR_LaserPower_01.uasset" 282
"../../../Engine/Content/VREditor/TransformGizmo/TransformGizmoMaterial.uasset" 283
"../../../Engine/Content/VREditor/TransformGizmo/TranslucentTransformGizmoMaterial.uasset" 284
"../../../Engine/Content/VREditor/TransformGizmo/BoundingBoxCorner.uasset" 285
"../../../Engine/Content/VREditor/TransformGizmo/BoundingBoxEdge.uasset" 286
"../../../Engine/Content/VREditor/TransformGizmo/PlaneTranslationHandle.uasset" 287
"../../../Engine/Content/VREditor/TransformGizmo/Main.uasset" 288
"../../../Engine/Content/VREditor/TransformGizmo/Xray.uasset" 289
"../../../Engine/Content/VREditor/TransformGizmo/SM_Sequencer_Key.uasset" 290
"../../../Engine/Content/VREditor/TransformGizmo/SM_Sequencer_Node.uasset" 291
"../../Plugins/2D/Paper2D/Content/PlaceholderTextures/DummySpriteTexture.uasset" 292
"../../Plugins/2D/Paper2D/Content/DummySprite.uasset" 293
"../../Plugins/2D/Paper2D/Content/DefaultPaperTerrainMaterial.uasset" 294
"../../Plugins/2D/Paper2D/Content/DummySpriteTexture.uasset" 295
"../../Plugins/2D/Paper2D/Content/DefaultSpriteMaterial.uasset" 296
"../../Plugins/2D/Paper2D/Content/MaskedUnlitSpriteMaterial.uasset" 297
"../../Plugins/2D/Paper2D/Content/OpaqueUnlitSpriteMaterial.uasset" 298
"../../Plugins/Runtime/Oculus/OculusVR/Content/OculusMR_RenderTarget.uasset" 299
"../../../Engine/Content/Functions/Engine_MaterialFunctions02/Utility/BreakOutFloat4Components.uasset" 300
"../../../Engine/Content/Functions/Engine_MaterialFunctions02/Utility/MakeFloat2.uasset" 301
"../../../Engine/Content/Functions/Engine_MaterialFunctions02/Utility/MakeFloat3.uasset" 302
"../../Plugins/Runtime/Oculus/OculusVR/Content/Materials/OculusMR_ChromaKey.uasset" 303
"../../Plugins/Runtime/Oculus/OculusVR/Content/Materials/OculusMR_ChromaKey_Lit.uasset" 304
"../../Plugins/Runtime/Oculus/OculusVR/Content/Materials/OculusMR_OpaqueColoredMaterial.uasset" 305
"../../Plugins/Runtime/Oculus/OculusVR/Content/Materials/OculusMR_WhiteMaterial.uasset" 306
"../../../../../Pentum/Pentum_Prototyp/Content/Mannequin/Animations/ThirdPerson_Jump.uasset" 307
"../../../../../Pentum/Pentum_Prototyp/Content/Mannequin/Animations/ThirdPersonJump_Loop.uasset" 308
"../../../../../Pentum/Pentum_Prototyp/Content/Mannequin/Animations/ThirdPersonJump_Start.uasset" 309
"../../../../../Pentum/Pentum_Prototyp/Content/Mannequin/Animations/ThirdPersonIdle.uasset" 310
"../../../../../Pentum/Pentum_Prototyp/Content/Mannequin/Animations/ThirdPersonRun.uasset" 311
"../../../../../Pentum/Pentum_Prototyp/Content/Mannequin/Animations/ThirdPersonWalk.uasset" 312
"../../../../../Pentum/Pentum_Prototyp/Content/Mannequin/Animations/ThirdPerson_IdleRun_2D.uasset" 313
"../../../../../Pentum/Pentum_Prototyp/Content/Mannequin/Animations/ThirdPerson_AnimBP.uasset" 314
"../../../../../Pentum/Pentum_Prototyp/Content/AIBehavior/PunchAnimation/Right_Hook.uasset" 315
"../../../../../Pentum/Pentum_Prototyp/Content/AIBehavior/NPC/NPCBlackboard.uasset" 316
"../../../../../Pentum/Pentum_Prototyp/Content/AIBehavior/NPC/AIAttack.uasset" 317
"../../../../../Pentum/Pentum_Prototyp/Content/AIBehavior/NPC/AIClearFocus.uasset" 318
"../../../../../Pentum/Pentum_Prototyp/Content/AIBehavior/NPC/AIPlayerFocus.uasset" 319
"../../../../../Pentum/Pentum_Prototyp/Content/AIBehavior/NPC/GetPlayerLocation.uasset" 320
"../../../../../Pentum/Pentum_Prototyp/Content/AIBehavior/NPC/GetRandomLocation.uasset" 321
"../../../../../Pentum/Pentum_Prototyp/Content/AIBehavior/NPC/MoveToPlayer.uasset" 322
"../../../../../Pentum/Pentum_Prototyp/Content/Sounds/there.uasset" 323
"../../../../../Pentum/Pentum_Prototyp/Content/Sounds/thereCue.uasset" 324
"../../../../../Pentum/Pentum_Prototyp/Content/AIBehavior/NPC/NPCBeahaviorTree.uasset" 325
"../../../../../Pentum/Pentum_Prototyp/Content/AIBehavior/NPC/NPCController.uasset" 326
"../../../../../Pentum/Pentum_Prototyp/Content/Mannequin/Character/Materials/MaterialLayers/T_ML_Rubber_Blue_01_D.uasset" 327
"../../../../../Pentum/Pentum_Prototyp/Content/Mannequin/Character/Materials/MaterialLayers/T_ML_Rubber_Blue_01_N.uasset" 328
"../../../../../Pentum/Pentum_Prototyp/Content/Mannequin/Character/Materials/MaterialLayers/ML_GlossyBlack_Latex_UE4.uasset" 329
"../../../../../Pentum/Pentum_Prototyp/Content/Mannequin/Character/Materials/MaterialLayers/ML_Plastic_Shiny_Beige.uasset" 330
"../../../../../Pentum/Pentum_Prototyp/Content/Mannequin/Character/Textures/UE4_LOGO_CARD.uasset" 331
"../../../../../Pentum/Pentum_Prototyp/Content/Mannequin/Character/Materials/MaterialLayers/ML_Plastic_Shiny_Beige_LOGO.uasset" 332
"../../../../../Pentum/Pentum_Prototyp/Content/Mannequin/Character/Materials/MaterialLayers/T_ML_Aluminum01.uasset" 333
"../../../../../Pentum/Pentum_Prototyp/Content/Mannequin/Character/Materials/MaterialLayers/T_ML_Aluminum01_N.uasset" 334
"../../../../../Pentum/Pentum_Prototyp/Content/Mannequin/Character/Materials/MaterialLayers/ML_SoftMetal_UE4.uasset" 335
"../../../../../Pentum/Pentum_Prototyp/Content/Mannequin/Character/Textures/UE4_Mannequin__normals.uasset" 336
"../../../../../Pentum/Pentum_Prototyp/Content/Mannequin/Character/Textures/UE4_Mannequin_MAT_MASKA.uasset" 337
"../../../../../Pentum/Pentum_Prototyp/Content/Mannequin/Character/Materials/M_UE4Man_Body.uasset" 338
"../../../../../Pentum/Pentum_Prototyp/Content/Mannequin/Character/Textures/UE4Man_Logo_N.uasset" 339
"../../../../../Pentum/Pentum_Prototyp/Content/Mannequin/Character/Materials/M_UE4Man_ChestLogo.uasset" 340
"../../../../../Pentum/Pentum_Prototyp/Content/Mannequin/Character/Mesh/SK_Mannequin_PhysicsAsset.uasset" 341
"../../../../../Pentum/Pentum_Prototyp/Content/Mannequin/Character/Mesh/SK_Mannequin.uasset" 342
"../../../../../Pentum/Pentum_Prototyp/Content/AIBehavior/NPC/NPC.uasset" 343
"../../../Engine/Content/EngineSky/C_Sky_Cloud_Color.uasset" 344
"../../../Engine/Content/EngineSky/C_Sky_Horizon_Color.uasset" 345
"../../../Engine/Content/EngineSky/C_Sky_Zenith_Color.uasset" 346
"../../../Engine/Content/EngineSky/T_Sky_Blue.uasset" 347
"../../../Engine/Content/EngineSky/T_Sky_Clouds_M.uasset" 348
"../../../Engine/Content/EngineSky/T_Sky_Stars.uasset" 349
"../../../Engine/Content/EngineSky/M_Sky_Panning_Clouds2.uasset" 350
"../../../Engine/Content/EngineSky/SM_SkySphere.uasset" 351
"../../../Engine/Content/EngineSky/BP_Sky_Sphere.uasset" 352
"../../../../../Pentum/Pentum_Prototyp/Content/FirstPerson/Textures/FirstPersonCrosshair.uasset" 353
"../../../../../Pentum/Pentum_Prototyp/Content/FirstPersonBP/Blueprints/FirstPersonHUD.uasset" 354
"../../../../../Pentum/Pentum_Prototyp/Content/FirstPersonBP/Blueprints/FirstPersonGameMode.uasset" 355
"../../../../../Pentum/Pentum_Prototyp/Content/StarterContent/Textures/T_Statue_M.uasset" 356
"../../../../../Pentum/Pentum_Prototyp/Content/StarterContent/Textures/T_Statue_N.uasset" 357
"../../../../../Pentum/Pentum_Prototyp/Content/StarterContent/Props/Materials/M_Statue.uasset" 358
"../../../../../Pentum/Pentum_Prototyp/Content/StarterContent/Props/Materials/M_StatueGlass.uasset" 359
"../../../../../Pentum/Pentum_Prototyp/Content/StarterContent/Props/SM_Statue.uasset" 360
"../../../../../Pentum/Pentum_Prototyp/Content/PickUpItems/Item_Statue.uasset" 361
"../../../../../Pentum/Pentum_Prototyp/Content/Geometry/Meshes/1M_Cube_Chamfer.uasset" 362
"../../../../../Pentum/Pentum_Prototyp/Content/HUD/VictoryScreen.uasset" 363
"../../../../../Pentum/Pentum_Prototyp/Content/PickUpItems/ItemRegister.uasset" 364
"../../../Engine/Content/BasicShapes/BasicShapeMaterial.uasset" 365
"../../../../../Pentum/Pentum_Prototyp/Content/StarterContent/Materials/M_Basic_Floor.uasset" 366
"../../../Engine/Content/BasicShapes/Cone.uasset" 367
"../../../Engine/Content/BasicShapes/Cube.uasset" 368
"../../../Engine/Content/BasicShapes/Cylinder.uasset" 369
"../../../../../Pentum/Pentum_Prototyp/Content/AI.umap" 370
"../../../../../Pentum/Pentum_Prototyp/Content/FirstPersonBP/Maps/FirstPersonExampleMap-MUC-A-1677_BuiltData.uasset" 371
"../../../../../Pentum/Pentum_Prototyp/Content/StarterContent/Materials/M_Ground_Grass.uasset" 372
"../../../Engine/Content/EngineMaterials/DefaultPhysicalMaterial.uasset" 373
"../../../../../Pentum/Pentum_Prototyp/Content/FirstPersonBP/Maps/FirstPersonExampleMap-MUC-A-1677.umap" 374
"../../../../../Pentum/Pentum_Prototyp/Content/FirstPersonBP/Maps/FirstPersonExampleMap.umap" 375
"../../../Engine/Content/Maps/Entry_BuiltData.uasset" 376
"../../../Engine/Content/Maps/Entry.umap" 377
