Log file open, 11/28/19 17:13:30
LogWindows: Failed to load 'aqProf.dll' (GetLastError=126)
LogWindows: File 'aqProf.dll' does not exist
LogWindows: Failed to load 'VtuneApi.dll' (GetLastError=126)
LogWindows: File 'VtuneApi.dll' does not exist
LogWindows: Failed to load 'VtuneApi32e.dll' (GetLastError=126)
LogWindows: File 'VtuneApi32e.dll' does not exist
LogConsoleResponse: Display: Failed to find resolution value strings in scalability ini. Falling back to default.
LogInit: Display: Running engine for game: MyProject
LogPlatformFile: Not using cached read wrapper
LogTaskGraph: Started task graph with 5 named threads and 20 total threads with 3 sets of task threads.
LogStats: Stats thread started at 0.053827
LogD3D11RHI: Loaded GFSDK_Aftermath_Lib.x64.dll
LogICUInternationalization: ICU TimeZone Detection - Raw Offset: +1:00, Platform Override: ''
LogPluginManager: Mounting plugin Paper2D
LogPluginManager: Mounting plugin AISupport
LogPluginManager: Mounting plugin LightPropagationVolume
LogPluginManager: Mounting plugin ActorLayerUtilities
LogPluginManager: Mounting plugin AnimationSharing
LogPluginManager: Mounting plugin CLionSourceCodeAccess
LogPluginManager: Mounting plugin CodeLiteSourceCodeAccess
LogPluginManager: Mounting plugin GitSourceControl
LogPluginManager: Mounting plugin KDevelopSourceCodeAccess
LogPluginManager: Mounting plugin NullSourceCodeAccess
LogPluginManager: Mounting plugin PerforceSourceControl
LogPluginManager: Mounting plugin SubversionSourceControl
LogPluginManager: Mounting plugin UObjectPlugin
LogPluginManager: Mounting plugin VisualStudioCodeSourceCodeAccess
LogPluginManager: Mounting plugin VisualStudioSourceCodeAccess
LogPluginManager: Mounting plugin XCodeSourceCodeAccess
LogPluginManager: Mounting plugin AssetManagerEditor
LogPluginManager: Mounting plugin CryptoKeys
LogPluginManager: Mounting plugin CurveEditorTools
LogPluginManager: Mounting plugin DataValidation
LogPluginManager: Mounting plugin FacialAnimation
LogPluginManager: Mounting plugin GameplayTagsEditor
LogPluginManager: Mounting plugin MacGraphicsSwitching
LogPluginManager: Mounting plugin MaterialAnalyzer
LogPluginManager: Mounting plugin MobileLauncherProfileWizard
LogPluginManager: Mounting plugin PluginBrowser
LogPluginManager: Mounting plugin SpeedTreeImporter
LogPluginManager: Mounting plugin DatasmithContent
LogPluginManager: Mounting plugin VariantManagerContent
LogPluginManager: Mounting plugin AlembicImporter
LogPluginManager: Mounting plugin AutomationUtils
LogPluginManager: Mounting plugin BackChannel
LogPluginManager: Mounting plugin CharacterAI
LogPluginManager: Mounting plugin GeometryCache
LogPluginManager: Mounting plugin HTML5Networking
LogPluginManager: Mounting plugin PlatformCrypto
LogPluginManager: Mounting plugin ProxyLODPlugin
LogPluginManager: Mounting plugin SkeletalReduction
LogPluginManager: Mounting plugin MagicLeap
LogPluginManager: Mounting plugin MagicLeapMedia
LogPluginManager: Mounting plugin AndroidMedia
LogPluginManager: Mounting plugin AvfMedia
LogPluginManager: Mounting plugin ImgMedia
LogPluginManager: Mounting plugin MediaCompositing
LogPluginManager: Mounting plugin MediaPlayerEditor
LogPluginManager: Mounting plugin WebMMedia
LogPluginManager: Mounting plugin WmfMedia
LogPluginManager: Mounting plugin TcpMessaging
LogPluginManager: Mounting plugin UdpMessaging
LogPluginManager: Mounting plugin ActorSequence
LogPluginManager: Mounting plugin LevelSequenceEditor
LogPluginManager: Mounting plugin MatineeToLevelSequence
LogPluginManager: Mounting plugin NetcodeUnitTest
LogPluginManager: Mounting plugin NUTUnrealEngine4
LogPluginManager: Mounting plugin OnlineSubsystemGooglePlay
LogPluginManager: Mounting plugin OnlineSubsystemIOS
LogPluginManager: Mounting plugin OnlineSubsystem
LogPluginManager: Mounting plugin OnlineSubsystemNull
LogPluginManager: Mounting plugin OnlineSubsystemUtils
LogPluginManager: Mounting plugin LauncherChunkInstaller
LogPluginManager: Mounting plugin AndroidDeviceProfileSelector
LogPluginManager: Mounting plugin AndroidMoviePlayer
LogPluginManager: Mounting plugin AndroidPermission
LogPluginManager: Mounting plugin AppleImageUtils
LogPluginManager: Mounting plugin AppleMoviePlayer
LogPluginManager: Mounting plugin ArchVisCharacter
LogPluginManager: Mounting plugin AudioCapture
LogPluginManager: Mounting plugin CableComponent
LogPluginManager: Mounting plugin CustomMeshComponent
LogPluginManager: Mounting plugin EditableMesh
LogPluginManager: Mounting plugin ExampleDeviceProfileSelector
LogPluginManager: Mounting plugin GoogleCloudMessaging
LogPluginManager: Mounting plugin IOSDeviceProfileSelector
LogPluginManager: Mounting plugin LinuxDeviceProfileSelector
LogPluginManager: Mounting plugin LocationServicesBPLibrary
LogPluginManager: Mounting plugin MobilePatchingUtils
LogPluginManager: Mounting plugin OculusVR
LogPluginManager: Mounting plugin PhysXVehicles
LogPluginManager: Mounting plugin ProceduralMeshComponent
LogPluginManager: Mounting plugin RuntimePhysXCooking
LogPluginManager: Mounting plugin SignificanceManager
LogPluginManager: Mounting plugin SteamVR
LogPluginManager: Mounting plugin WebMMoviePlayer
LogPluginManager: Mounting plugin WindowsMoviePlayer
LogPluginManager: Mounting plugin ScreenshotTools
LogInit: Using libcurl 7.55.1-DEV
LogInit:  - built for x86_64-pc-win32
LogInit:  - supports SSL with OpenSSL/1.1.1
LogInit:  - supports HTTP deflate (compression) using libz 1.2.8
LogInit:  - other features:
LogInit:      CURL_VERSION_SSL
LogInit:      CURL_VERSION_LIBZ
LogInit:      CURL_VERSION_IPV6
LogInit:      CURL_VERSION_ASYNCHDNS
LogInit:      CURL_VERSION_LARGEFILE
LogInit:      CURL_VERSION_IDN
LogInit:  CurlRequestOptions (configurable via config and command line):
LogInit:  - bVerifyPeer = true  - Libcurl will verify peer certificate
LogInit:  - bUseHttpProxy = false  - Libcurl will NOT use HTTP proxy
LogInit:  - bDontReuseConnections = false  - Libcurl will reuse connections
LogInit:  - MaxHostConnections = 16  - Libcurl will limit the number of connections to a host
LogInit:  - LocalHostAddr = Default
LogInit:  - BufferSize = 65536
LogOnline: OSS: Creating online subsystem instance for: NULL
LogInit: WinSock: version 1.1 (2.2), MaxSocks=32767, MaxUdp=65467
LogInit: Build: ++UE4+Release-4.23-CL-8386587
LogInit: Engine Version: 4.23.0-8386587+++UE4+Release-4.23
LogInit: Compatible Engine Version: 4.23.0-8386587+++UE4+Release-4.23
LogInit: Net CL: 8386587
LogInit: OS: Windows 10 (Release 1809) (), CPU: Intel(R) Core(TM) i5-9400 CPU @ 2.90GHz, GPU: NVIDIA GeForce GTX 1660 Ti
LogInit: Compiled (64-bit): Aug 31 2019 02:04:44
LogInit: Compiled with Visual C++: 19.16.27030.01
LogInit: Build Configuration: Development
LogInit: Branch Name: ++UE4+Release-4.23
LogInit: Command Line: 
LogInit: Base Directory: D:/Unreal/UE_4.23/Engine/Binaries/Win64/
LogInit: Installed Engine Build: 1
LogDevObjectVersion: Number of dev versions registered: 23
LogDevObjectVersion:   Dev-Blueprints (B0D832E4-1F89-4F0D-ACCF-7EB736FD4AA2): 10
LogDevObjectVersion:   Dev-Build (E1C64328-A22C-4D53-A36C-8E866417BD8C): 0
LogDevObjectVersion:   Dev-Core (375EC13C-06E4-48FB-B500-84F0262A717E): 3
LogDevObjectVersion:   Dev-Editor (E4B068ED-F494-42E9-A231-DA0B2E46BB41): 34
LogDevObjectVersion:   Dev-Framework (CFFC743F-43B0-4480-9391-14DF171D2073): 35
LogDevObjectVersion:   Dev-Mobile (B02B49B5-BB20-44E9-A304-32B752E40360): 2
LogDevObjectVersion:   Dev-Networking (A4E4105C-59A1-49B5-A7C5-40C4547EDFEE): 0
LogDevObjectVersion:   Dev-Online (39C831C9-5AE6-47DC-9A44-9C173E1C8E7C): 0
LogDevObjectVersion:   Dev-Physics (78F01B33-EBEA-4F98-B9B4-84EACCB95AA2): 0
LogDevObjectVersion:   Dev-Platform (6631380F-2D4D-43E0-8009-CF276956A95A): 0
LogDevObjectVersion:   Dev-Rendering (12F88B9F-8875-4AFC-A67C-D90C383ABD29): 31
LogDevObjectVersion:   Dev-Sequencer (7B5AE74C-D270-4C10-A958-57980B212A5A): 11
LogDevObjectVersion:   Dev-VR (D7296918-1DD6-4BDD-9DE2-64A83CC13884): 2
LogDevObjectVersion:   Dev-LoadTimes (C2A15278-BFE7-4AFE-6C17-90FF531DF755): 1
LogDevObjectVersion:   Private-Geometry (6EACA3D4-40EC-4CC1-B786-8BED09428FC5): 3
LogDevObjectVersion:   Dev-AnimPhys (29E575DD-E0A3-4627-9D10-D276232CDCEA): 17
LogDevObjectVersion:   Dev-Anim (AF43A65D-7FD3-4947-9873-3E8ED9C1BB05): 2
LogDevObjectVersion:   Dev-ReflectionCapture (6B266CEC-1EC7-4B8F-A30B-E4D90942FC07): 1
LogDevObjectVersion:   Dev-Automation (0DF73D61-A23F-47EA-B727-89E90C41499A): 1
LogDevObjectVersion:   FortniteMain (601D1886-AC64-4F84-AA16-D3DE0DEAC7D6): 27
LogDevObjectVersion:   Dev-Enterprise (9DFFBCD6-494F-0158-E221-12823C92A888): 6
LogDevObjectVersion:   Dev-Niagara (F2AED0AC-9AFE-416F-8664-AA7FFA26D6FC): 1
LogDevObjectVersion:   Dev-Destruction (174F1F0B-B4C6-45A5-B13F-2EE8D0FB917D): 9
LogInit: Presizing for max 16777216 objects, including 0 objects not considered by GC, pre-allocating 0 bytes for permanent pool.
LogInit: Object subsystem initialized
LogConfig: Setting CVar [[con.DebugEarlyDefault:1]]
LogConfig: Setting CVar [[r.setres:1280x720]]
[2019.11.28-16.13.30:245][  0]LogConfig: Setting CVar [[r.VSync:0]]
[2019.11.28-16.13.30:245][  0]LogConfig: Setting CVar [[r.RHICmdBypass:0]]
[2019.11.28-16.13.30:246][  0]LogConfig: Applying CVar settings from Section [/Script/Engine.RendererSettings] File [C:/Users/Sebastian Iselt/OneDrive/MyProject/Saved/Config/Windows/Engine.ini]
[2019.11.28-16.13.30:246][  0]LogConfig: Setting CVar [[r.GPUCrashDebugging:0]]
[2019.11.28-16.13.30:246][  0]LogConfig: Applying CVar settings from Section [/Script/Engine.RendererOverrideSettings] File [C:/Users/Sebastian Iselt/OneDrive/MyProject/Saved/Config/Windows/Engine.ini]
[2019.11.28-16.13.30:246][  0]LogConfig: Applying CVar settings from Section [/Script/Engine.StreamingSettings] File [C:/Users/Sebastian Iselt/OneDrive/MyProject/Saved/Config/Windows/Engine.ini]
[2019.11.28-16.13.30:246][  0]LogConfig: Setting CVar [[s.MinBulkDataSizeForAsyncLoading:131072]]
[2019.11.28-16.13.30:246][  0]LogConfig: Setting CVar [[s.AsyncLoadingThreadEnabled:0]]
[2019.11.28-16.13.30:246][  0]LogConfig: Setting CVar [[s.EventDrivenLoaderEnabled:1]]
[2019.11.28-16.13.30:246][  0]LogConfig: Setting CVar [[s.WarnIfTimeLimitExceeded:0]]
[2019.11.28-16.13.30:246][  0]LogConfig: Setting CVar [[s.TimeLimitExceededMultiplier:1.5]]
[2019.11.28-16.13.30:246][  0]LogConfig: Setting CVar [[s.TimeLimitExceededMinTime:0.005]]
[2019.11.28-16.13.30:246][  0]LogConfig: Setting CVar [[s.UseBackgroundLevelStreaming:1]]
[2019.11.28-16.13.30:246][  0]LogConfig: Setting CVar [[s.PriorityAsyncLoadingExtraTime:15.0]]
[2019.11.28-16.13.30:246][  0]LogConfig: Setting CVar [[s.LevelStreamingActorsUpdateTimeLimit:5.0]]
[2019.11.28-16.13.30:246][  0]LogConfig: Setting CVar [[s.PriorityLevelStreamingActorsUpdateExtraTime:5.0]]
[2019.11.28-16.13.30:246][  0]LogConfig: Setting CVar [[s.LevelStreamingComponentsRegistrationGranularity:10]]
[2019.11.28-16.13.30:246][  0]LogConfig: Setting CVar [[s.UnregisterComponentsTimeLimit:1.0]]
[2019.11.28-16.13.30:246][  0]LogConfig: Setting CVar [[s.LevelStreamingComponentsUnregistrationGranularity:5]]
[2019.11.28-16.13.30:246][  0]LogConfig: Applying CVar settings from Section [/Script/Engine.GarbageCollectionSettings] File [C:/Users/Sebastian Iselt/OneDrive/MyProject/Saved/Config/Windows/Engine.ini]
[2019.11.28-16.13.30:246][  0]LogConfig: Setting CVar [[gc.MaxObjectsNotConsideredByGC:1]]
[2019.11.28-16.13.30:246][  0]LogConfig: Setting CVar [[gc.SizeOfPermanentObjectPool:0]]
[2019.11.28-16.13.30:246][  0]LogConfig: Setting CVar [[gc.FlushStreamingOnGC:0]]
[2019.11.28-16.13.30:246][  0]LogConfig: Setting CVar [[gc.NumRetriesBeforeForcingGC:10]]
[2019.11.28-16.13.30:246][  0]LogConfig: Setting CVar [[gc.AllowParallelGC:1]]
[2019.11.28-16.13.30:246][  0]LogConfig: Setting CVar [[gc.TimeBetweenPurgingPendingKillObjects:61.1]]
[2019.11.28-16.13.30:246][  0]LogConfig: Setting CVar [[gc.MaxObjectsInEditor:16777216]]
[2019.11.28-16.13.30:246][  0]LogConfig: Setting CVar [[gc.IncrementalBeginDestroyEnabled:1]]
[2019.11.28-16.13.30:246][  0]LogConfig: Setting CVar [[gc.CreateGCClusters:1]]
[2019.11.28-16.13.30:246][  0]LogConfig: Setting CVar [[gc.MinGCClusterSize:5]]
[2019.11.28-16.13.30:246][  0]LogConfig: Setting CVar [[gc.ActorClusteringEnabled:0]]
[2019.11.28-16.13.30:246][  0]LogConfig: Setting CVar [[gc.BlueprintClusteringEnabled:0]]
[2019.11.28-16.13.30:246][  0]LogConfig: Setting CVar [[gc.UseDisregardForGCOnDedicatedServers:0]]
[2019.11.28-16.13.30:246][  0]LogConfig: Applying CVar settings from Section [/Script/Engine.NetworkSettings] File [C:/Users/Sebastian Iselt/OneDrive/MyProject/Saved/Config/Windows/Engine.ini]
[2019.11.28-16.13.30:246][  0]LogConfig: Applying CVar settings from Section [/Script/UnrealEd.CookerSettings] File [C:/Users/Sebastian Iselt/OneDrive/MyProject/Saved/Config/Windows/Engine.ini]
[2019.11.28-16.13.30:248][  0]LogConfig: Applying CVar settings from Section [ViewDistanceQuality@3] File [C:/Users/Sebastian Iselt/OneDrive/MyProject/Saved/Config/Windows/Scalability.ini]
[2019.11.28-16.13.30:248][  0]LogConfig: Setting CVar [[r.SkeletalMeshLODBias:0]]
[2019.11.28-16.13.30:248][  0]LogConfig: Setting CVar [[r.ViewDistanceScale:1.0]]
[2019.11.28-16.13.30:248][  0]LogConfig: Applying CVar settings from Section [AntiAliasingQuality@3] File [C:/Users/Sebastian Iselt/OneDrive/MyProject/Saved/Config/Windows/Scalability.ini]
[2019.11.28-16.13.30:248][  0]LogConfig: Setting CVar [[r.PostProcessAAQuality:4]]
[2019.11.28-16.13.30:248][  0]LogConfig: Applying CVar settings from Section [ShadowQuality@3] File [C:/Users/Sebastian Iselt/OneDrive/MyProject/Saved/Config/Windows/Scalability.ini]
[2019.11.28-16.13.30:248][  0]LogConfig: Setting CVar [[r.LightFunctionQuality:1]]
[2019.11.28-16.13.30:248][  0]LogConfig: Setting CVar [[r.ShadowQuality:5]]
[2019.11.28-16.13.30:248][  0]LogConfig: Setting CVar [[r.Shadow.CSM.MaxCascades:10]]
[2019.11.28-16.13.30:248][  0]LogConfig: Setting CVar [[r.Shadow.MaxResolution:2048]]
[2019.11.28-16.13.30:248][  0]LogConfig: Setting CVar [[r.Shadow.MaxCSMResolution:2048]]
[2019.11.28-16.13.30:248][  0]LogConfig: Setting CVar [[r.Shadow.RadiusThreshold:0.01]]
[2019.11.28-16.13.30:248][  0]LogConfig: Setting CVar [[r.Shadow.DistanceScale:1.0]]
[2019.11.28-16.13.30:248][  0]LogConfig: Setting CVar [[r.Shadow.CSM.TransitionScale:1.0]]
[2019.11.28-16.13.30:248][  0]LogConfig: Setting CVar [[r.Shadow.PreShadowResolutionFactor:1.0]]
[2019.11.28-16.13.30:248][  0]LogConfig: Setting CVar [[r.DistanceFieldShadowing:1]]
[2019.11.28-16.13.30:248][  0]LogConfig: Setting CVar [[r.DistanceFieldAO:1]]
[2019.11.28-16.13.30:248][  0]LogConfig: Setting CVar [[r.AOQuality:2]]
[2019.11.28-16.13.30:248][  0]LogConfig: Setting CVar [[r.VolumetricFog:1]]
[2019.11.28-16.13.30:248][  0]LogConfig: Setting CVar [[r.VolumetricFog.GridPixelSize:8]]
[2019.11.28-16.13.30:248][  0]LogConfig: Setting CVar [[r.VolumetricFog.GridSizeZ:128]]
[2019.11.28-16.13.30:248][  0]LogConfig: Setting CVar [[r.VolumetricFog.HistoryMissSupersampleCount:4]]
[2019.11.28-16.13.30:248][  0]LogConfig: Setting CVar [[r.LightMaxDrawDistanceScale:1]]
[2019.11.28-16.13.30:248][  0]LogConfig: Setting CVar [[r.CapsuleShadows:1]]
[2019.11.28-16.13.30:248][  0]LogConfig: Applying CVar settings from Section [PostProcessQuality@3] File [C:/Users/Sebastian Iselt/OneDrive/MyProject/Saved/Config/Windows/Scalability.ini]
[2019.11.28-16.13.30:248][  0]LogConfig: Setting CVar [[r.MotionBlurQuality:4]]
[2019.11.28-16.13.30:248][  0]LogConfig: Setting CVar [[r.AmbientOcclusionMipLevelFactor:0.4]]
[2019.11.28-16.13.30:248][  0]LogConfig: Setting CVar [[r.AmbientOcclusionMaxQuality:100]]
[2019.11.28-16.13.30:248][  0]LogConfig: Setting CVar [[r.AmbientOcclusionLevels:-1]]
[2019.11.28-16.13.30:248][  0]LogConfig: Setting CVar [[r.AmbientOcclusionRadiusScale:1.0]]
[2019.11.28-16.13.30:248][  0]LogConfig: Setting CVar [[r.DepthOfFieldQuality:2]]
[2019.11.28-16.13.30:248][  0]LogConfig: Setting CVar [[r.RenderTargetPoolMin:400]]
[2019.11.28-16.13.30:248][  0]LogConfig: Setting CVar [[r.LensFlareQuality:2]]
[2019.11.28-16.13.30:248][  0]LogConfig: Setting CVar [[r.SceneColorFringeQuality:1]]
[2019.11.28-16.13.30:248][  0]LogConfig: Setting CVar [[r.EyeAdaptationQuality:2]]
[2019.11.28-16.13.30:248][  0]LogConfig: Setting CVar [[r.BloomQuality:5]]
[2019.11.28-16.13.30:248][  0]LogConfig: Setting CVar [[r.FastBlurThreshold:100]]
[2019.11.28-16.13.30:248][  0]LogConfig: Setting CVar [[r.Upscale.Quality:3]]
[2019.11.28-16.13.30:248][  0]LogConfig: Setting CVar [[r.Tonemapper.GrainQuantization:1]]
[2019.11.28-16.13.30:248][  0]LogConfig: Setting CVar [[r.LightShaftQuality:1]]
[2019.11.28-16.13.30:248][  0]LogConfig: Setting CVar [[r.Filter.SizeScale:1]]
[2019.11.28-16.13.30:248][  0]LogConfig: Setting CVar [[r.Tonemapper.Quality:5]]
[2019.11.28-16.13.30:248][  0]LogConfig: Setting CVar [[r.DOF.Gather.AccumulatorQuality:1        ; higher gathering accumulator quality]]
[2019.11.28-16.13.30:248][  0]LogConfig: Setting CVar [[r.DOF.Gather.PostfilterMethod:1          ; Median3x3 postfilering method]]
[2019.11.28-16.13.30:248][  0]LogConfig: Setting CVar [[r.DOF.Gather.EnableBokehSettings:0       ; no bokeh simulation when gathering]]
[2019.11.28-16.13.30:248][  0]LogConfig: Setting CVar [[r.DOF.Gather.RingCount:4                 ; medium number of samples when gathering]]
[2019.11.28-16.13.30:248][  0]LogConfig: Setting CVar [[r.DOF.Scatter.ForegroundCompositing:1    ; additive foreground scattering]]
[2019.11.28-16.13.30:248][  0]LogConfig: Setting CVar [[r.DOF.Scatter.BackgroundCompositing:2    ; additive background scattering]]
[2019.11.28-16.13.30:248][  0]LogConfig: Setting CVar [[r.DOF.Scatter.EnableBokehSettings:1      ; bokeh simulation when scattering]]
[2019.11.28-16.13.30:248][  0]LogConfig: Setting CVar [[r.DOF.Scatter.MaxSpriteRatio:0.1         ; only a maximum of 10% of scattered bokeh]]
[2019.11.28-16.13.30:248][  0]LogConfig: Setting CVar [[r.DOF.Recombine.Quality:1                ; cheap slight out of focus]]
[2019.11.28-16.13.30:248][  0]LogConfig: Setting CVar [[r.DOF.Recombine.EnableBokehSettings:0    ; no bokeh simulation on slight out of focus]]
[2019.11.28-16.13.30:248][  0]LogConfig: Setting CVar [[r.DOF.TemporalAAQuality:1                ; more stable temporal accumulation]]
[2019.11.28-16.13.30:248][  0]LogConfig: Setting CVar [[r.DOF.Kernel.MaxForegroundRadius:0.025]]
[2019.11.28-16.13.30:248][  0]LogConfig: Setting CVar [[r.DOF.Kernel.MaxBackgroundRadius:0.025]]
[2019.11.28-16.13.30:248][  0]LogConfig: Applying CVar settings from Section [TextureQuality@3] File [C:/Users/Sebastian Iselt/OneDrive/MyProject/Saved/Config/Windows/Scalability.ini]
[2019.11.28-16.13.30:248][  0]LogConfig: Setting CVar [[r.Streaming.MipBias:0]]
[2019.11.28-16.13.30:248][  0]LogConfig: Setting CVar [[r.Streaming.AmortizeCPUToGPUCopy:0]]
[2019.11.28-16.13.30:248][  0]LogConfig: Setting CVar [[r.Streaming.MaxNumTexturesToStreamPerFrame:0]]
[2019.11.28-16.13.30:248][  0]LogConfig: Setting CVar [[r.Streaming.Boost:1]]
[2019.11.28-16.13.30:248][  0]LogConfig: Setting CVar [[r.MaxAnisotropy:8]]
[2019.11.28-16.13.30:248][  0]LogConfig: Setting CVar [[r.Streaming.LimitPoolSizeToVRAM:0]]
[2019.11.28-16.13.30:248][  0]LogConfig: Setting CVar [[r.Streaming.PoolSize:1000]]
[2019.11.28-16.13.30:248][  0]LogConfig: Setting CVar [[r.Streaming.MaxEffectiveScreenSize:0]]
[2019.11.28-16.13.30:248][  0]LogConfig: Applying CVar settings from Section [EffectsQuality@3] File [C:/Users/Sebastian Iselt/OneDrive/MyProject/Saved/Config/Windows/Scalability.ini]
[2019.11.28-16.13.30:248][  0]LogConfig: Setting CVar [[r.TranslucencyLightingVolumeDim:64]]
[2019.11.28-16.13.30:248][  0]LogConfig: Setting CVar [[r.RefractionQuality:2]]
[2019.11.28-16.13.30:248][  0]LogConfig: Setting CVar [[r.SSR.Quality:3]]
[2019.11.28-16.13.30:248][  0]LogConfig: Setting CVar [[r.SceneColorFormat:4]]
[2019.11.28-16.13.30:249][  0]LogConfig: Setting CVar [[r.DetailMode:2]]
[2019.11.28-16.13.30:249][  0]LogConfig: Setting CVar [[r.TranslucencyVolumeBlur:1]]
[2019.11.28-16.13.30:249][  0]LogConfig: Setting CVar [[r.MaterialQualityLevel:1 ; High quality]]
[2019.11.28-16.13.30:249][  0]LogConfig: Setting CVar [[r.SSS.Scale:1]]
[2019.11.28-16.13.30:249][  0]LogConfig: Setting CVar [[r.SSS.SampleSet:2]]
[2019.11.28-16.13.30:249][  0]LogConfig: Setting CVar [[r.SSS.Quality:1]]
[2019.11.28-16.13.30:249][  0]LogConfig: Setting CVar [[r.SSS.HalfRes:1]]
[2019.11.28-16.13.30:249][  0]LogConfig: Setting CVar [[r.EmitterSpawnRateScale:1.0]]
[2019.11.28-16.13.30:249][  0]LogConfig: Setting CVar [[r.ParticleLightQuality:2]]
[2019.11.28-16.13.30:249][  0]LogConfig: Applying CVar settings from Section [FoliageQuality@3] File [C:/Users/Sebastian Iselt/OneDrive/MyProject/Saved/Config/Windows/Scalability.ini]
[2019.11.28-16.13.30:249][  0]LogConfig: Setting CVar [[foliage.DensityScale:1.0]]
[2019.11.28-16.13.30:249][  0]LogConfig: Setting CVar [[grass.DensityScale:1.0]]
[2019.11.28-16.13.30:249][  0]LogInit: Selected Device Profile: [Windows]
[2019.11.28-16.13.30:249][  0]LogInit: Applying CVar settings loaded from the selected device profile: [Windows]
[2019.11.28-16.13.30:251][  0]LogHAL: Display: Platform has ~ 16 GB [17101578240 / 17179869184 / 16], which maps to Larger [LargestMinGB=32, LargerMinGB=12, DefaultMinGB=8, SmallerMinGB=6, SmallestMinGB=0)
[2019.11.28-16.13.30:251][  0]LogInit: Going up to parent DeviceProfile []
[2019.11.28-16.13.30:251][  0]LogConfig: Applying CVar settings from Section [ViewDistanceQuality@3] File [C:/Users/Sebastian Iselt/OneDrive/MyProject/Saved/Config/Windows/Scalability.ini]
[2019.11.28-16.13.30:251][  0]LogConfig: Setting CVar [[r.SkeletalMeshLODBias:0]]
[2019.11.28-16.13.30:251][  0]LogConfig: Setting CVar [[r.ViewDistanceScale:1.0]]
[2019.11.28-16.13.30:251][  0]LogConfig: Applying CVar settings from Section [AntiAliasingQuality@3] File [C:/Users/Sebastian Iselt/OneDrive/MyProject/Saved/Config/Windows/Scalability.ini]
[2019.11.28-16.13.30:251][  0]LogConfig: Setting CVar [[r.PostProcessAAQuality:4]]
[2019.11.28-16.13.30:251][  0]LogConfig: Applying CVar settings from Section [ShadowQuality@3] File [C:/Users/Sebastian Iselt/OneDrive/MyProject/Saved/Config/Windows/Scalability.ini]
[2019.11.28-16.13.30:251][  0]LogConfig: Setting CVar [[r.LightFunctionQuality:1]]
[2019.11.28-16.13.30:251][  0]LogConfig: Setting CVar [[r.ShadowQuality:5]]
[2019.11.28-16.13.30:251][  0]LogConfig: Setting CVar [[r.Shadow.CSM.MaxCascades:10]]
[2019.11.28-16.13.30:251][  0]LogConfig: Setting CVar [[r.Shadow.MaxResolution:2048]]
[2019.11.28-16.13.30:251][  0]LogConfig: Setting CVar [[r.Shadow.MaxCSMResolution:2048]]
[2019.11.28-16.13.30:251][  0]LogConfig: Setting CVar [[r.Shadow.RadiusThreshold:0.01]]
[2019.11.28-16.13.30:251][  0]LogConfig: Setting CVar [[r.Shadow.DistanceScale:1.0]]
[2019.11.28-16.13.30:251][  0]LogConfig: Setting CVar [[r.Shadow.CSM.TransitionScale:1.0]]
[2019.11.28-16.13.30:251][  0]LogConfig: Setting CVar [[r.Shadow.PreShadowResolutionFactor:1.0]]
[2019.11.28-16.13.30:251][  0]LogConfig: Setting CVar [[r.DistanceFieldShadowing:1]]
[2019.11.28-16.13.30:251][  0]LogConfig: Setting CVar [[r.DistanceFieldAO:1]]
[2019.11.28-16.13.30:251][  0]LogConfig: Setting CVar [[r.AOQuality:2]]
[2019.11.28-16.13.30:251][  0]LogConfig: Setting CVar [[r.VolumetricFog:1]]
[2019.11.28-16.13.30:251][  0]LogConfig: Setting CVar [[r.VolumetricFog.GridPixelSize:8]]
[2019.11.28-16.13.30:251][  0]LogConfig: Setting CVar [[r.VolumetricFog.GridSizeZ:128]]
[2019.11.28-16.13.30:251][  0]LogConfig: Setting CVar [[r.VolumetricFog.HistoryMissSupersampleCount:4]]
[2019.11.28-16.13.30:251][  0]LogConfig: Setting CVar [[r.LightMaxDrawDistanceScale:1]]
[2019.11.28-16.13.30:251][  0]LogConfig: Setting CVar [[r.CapsuleShadows:1]]
[2019.11.28-16.13.30:251][  0]LogConfig: Applying CVar settings from Section [PostProcessQuality@3] File [C:/Users/Sebastian Iselt/OneDrive/MyProject/Saved/Config/Windows/Scalability.ini]
[2019.11.28-16.13.30:251][  0]LogConfig: Setting CVar [[r.MotionBlurQuality:4]]
[2019.11.28-16.13.30:251][  0]LogConfig: Setting CVar [[r.AmbientOcclusionMipLevelFactor:0.4]]
[2019.11.28-16.13.30:251][  0]LogConfig: Setting CVar [[r.AmbientOcclusionMaxQuality:100]]
[2019.11.28-16.13.30:251][  0]LogConfig: Setting CVar [[r.AmbientOcclusionLevels:-1]]
[2019.11.28-16.13.30:251][  0]LogConfig: Setting CVar [[r.AmbientOcclusionRadiusScale:1.0]]
[2019.11.28-16.13.30:251][  0]LogConfig: Setting CVar [[r.DepthOfFieldQuality:2]]
[2019.11.28-16.13.30:251][  0]LogConfig: Setting CVar [[r.RenderTargetPoolMin:400]]
[2019.11.28-16.13.30:251][  0]LogConfig: Setting CVar [[r.LensFlareQuality:2]]
[2019.11.28-16.13.30:251][  0]LogConfig: Setting CVar [[r.SceneColorFringeQuality:1]]
[2019.11.28-16.13.30:251][  0]LogConfig: Setting CVar [[r.EyeAdaptationQuality:2]]
[2019.11.28-16.13.30:251][  0]LogConfig: Setting CVar [[r.BloomQuality:5]]
[2019.11.28-16.13.30:251][  0]LogConfig: Setting CVar [[r.FastBlurThreshold:100]]
[2019.11.28-16.13.30:251][  0]LogConfig: Setting CVar [[r.Upscale.Quality:3]]
[2019.11.28-16.13.30:251][  0]LogConfig: Setting CVar [[r.Tonemapper.GrainQuantization:1]]
[2019.11.28-16.13.30:251][  0]LogConfig: Setting CVar [[r.LightShaftQuality:1]]
[2019.11.28-16.13.30:251][  0]LogConfig: Setting CVar [[r.Filter.SizeScale:1]]
[2019.11.28-16.13.30:251][  0]LogConfig: Setting CVar [[r.Tonemapper.Quality:5]]
[2019.11.28-16.13.30:251][  0]LogConfig: Setting CVar [[r.DOF.Gather.AccumulatorQuality:1        ; higher gathering accumulator quality]]
[2019.11.28-16.13.30:251][  0]LogConfig: Setting CVar [[r.DOF.Gather.PostfilterMethod:1          ; Median3x3 postfilering method]]
[2019.11.28-16.13.30:251][  0]LogConfig: Setting CVar [[r.DOF.Gather.EnableBokehSettings:0       ; no bokeh simulation when gathering]]
[2019.11.28-16.13.30:251][  0]LogConfig: Setting CVar [[r.DOF.Gather.RingCount:4                 ; medium number of samples when gathering]]
[2019.11.28-16.13.30:251][  0]LogConfig: Setting CVar [[r.DOF.Scatter.ForegroundCompositing:1    ; additive foreground scattering]]
[2019.11.28-16.13.30:251][  0]LogConfig: Setting CVar [[r.DOF.Scatter.BackgroundCompositing:2    ; additive background scattering]]
[2019.11.28-16.13.30:251][  0]LogConfig: Setting CVar [[r.DOF.Scatter.EnableBokehSettings:1      ; bokeh simulation when scattering]]
[2019.11.28-16.13.30:251][  0]LogConfig: Setting CVar [[r.DOF.Scatter.MaxSpriteRatio:0.1         ; only a maximum of 10% of scattered bokeh]]
[2019.11.28-16.13.30:251][  0]LogConfig: Setting CVar [[r.DOF.Recombine.Quality:1                ; cheap slight out of focus]]
[2019.11.28-16.13.30:251][  0]LogConfig: Setting CVar [[r.DOF.Recombine.EnableBokehSettings:0    ; no bokeh simulation on slight out of focus]]
[2019.11.28-16.13.30:251][  0]LogConfig: Setting CVar [[r.DOF.TemporalAAQuality:1                ; more stable temporal accumulation]]
[2019.11.28-16.13.30:251][  0]LogConfig: Setting CVar [[r.DOF.Kernel.MaxForegroundRadius:0.025]]
[2019.11.28-16.13.30:252][  0]LogConfig: Setting CVar [[r.DOF.Kernel.MaxBackgroundRadius:0.025]]
[2019.11.28-16.13.30:252][  0]LogConfig: Applying CVar settings from Section [TextureQuality@3] File [C:/Users/Sebastian Iselt/OneDrive/MyProject/Saved/Config/Windows/Scalability.ini]
[2019.11.28-16.13.30:252][  0]LogConfig: Setting CVar [[r.Streaming.MipBias:0]]
[2019.11.28-16.13.30:252][  0]LogConfig: Setting CVar [[r.Streaming.AmortizeCPUToGPUCopy:0]]
[2019.11.28-16.13.30:252][  0]LogConfig: Setting CVar [[r.Streaming.MaxNumTexturesToStreamPerFrame:0]]
[2019.11.28-16.13.30:252][  0]LogConfig: Setting CVar [[r.Streaming.Boost:1]]
[2019.11.28-16.13.30:252][  0]LogConfig: Setting CVar [[r.MaxAnisotropy:8]]
[2019.11.28-16.13.30:252][  0]LogConfig: Setting CVar [[r.Streaming.LimitPoolSizeToVRAM:0]]
[2019.11.28-16.13.30:252][  0]LogConfig: Setting CVar [[r.Streaming.PoolSize:1000]]
[2019.11.28-16.13.30:252][  0]LogConfig: Setting CVar [[r.Streaming.MaxEffectiveScreenSize:0]]
[2019.11.28-16.13.30:252][  0]LogConfig: Applying CVar settings from Section [EffectsQuality@3] File [C:/Users/Sebastian Iselt/OneDrive/MyProject/Saved/Config/Windows/Scalability.ini]
[2019.11.28-16.13.30:252][  0]LogConfig: Setting CVar [[r.TranslucencyLightingVolumeDim:64]]
[2019.11.28-16.13.30:252][  0]LogConfig: Setting CVar [[r.RefractionQuality:2]]
[2019.11.28-16.13.30:252][  0]LogConfig: Setting CVar [[r.SSR.Quality:3]]
[2019.11.28-16.13.30:252][  0]LogConfig: Setting CVar [[r.SceneColorFormat:4]]
[2019.11.28-16.13.30:252][  0]LogConfig: Setting CVar [[r.DetailMode:2]]
[2019.11.28-16.13.30:252][  0]LogConfig: Setting CVar [[r.TranslucencyVolumeBlur:1]]
[2019.11.28-16.13.30:252][  0]LogConfig: Setting CVar [[r.MaterialQualityLevel:1 ; High quality]]
[2019.11.28-16.13.30:252][  0]LogConfig: Setting CVar [[r.SSS.Scale:1]]
[2019.11.28-16.13.30:252][  0]LogConfig: Setting CVar [[r.SSS.SampleSet:2]]
[2019.11.28-16.13.30:252][  0]LogConfig: Setting CVar [[r.SSS.Quality:1]]
[2019.11.28-16.13.30:252][  0]LogConfig: Setting CVar [[r.SSS.HalfRes:1]]
[2019.11.28-16.13.30:252][  0]LogConfig: Setting CVar [[r.EmitterSpawnRateScale:1.0]]
[2019.11.28-16.13.30:252][  0]LogConfig: Setting CVar [[r.ParticleLightQuality:2]]
[2019.11.28-16.13.30:252][  0]LogConfig: Applying CVar settings from Section [FoliageQuality@3] File [C:/Users/Sebastian Iselt/OneDrive/MyProject/Saved/Config/Windows/Scalability.ini]
[2019.11.28-16.13.30:252][  0]LogConfig: Setting CVar [[foliage.DensityScale:1.0]]
[2019.11.28-16.13.30:252][  0]LogConfig: Setting CVar [[grass.DensityScale:1.0]]
[2019.11.28-16.13.30:252][  0]LogConfig: Applying CVar settings from Section [Startup] File [../../../Engine/Config/ConsoleVariables.ini]
[2019.11.28-16.13.30:252][  0]LogConfig: Setting CVar [[net.UseAdaptiveNetUpdateFrequency:0]]
[2019.11.28-16.13.30:252][  0]LogConfig: Setting CVar [[p.chaos.AllowCreatePhysxBodies:1]]
[2019.11.28-16.13.30:252][  0]LogConfig: Applying CVar settings from Section [ConsoleVariables] File [C:/Users/Sebastian Iselt/OneDrive/MyProject/Saved/Config/Windows/Engine.ini]
[2019.11.28-16.13.30:252][  0]LogInit: Computer: DESKTOP-UQHLHRH
[2019.11.28-16.13.30:252][  0]LogInit: User: SebastianIselt
[2019.11.28-16.13.30:252][  0]LogInit: CPU Page size=4096, Cores=6
[2019.11.28-16.13.30:252][  0]LogInit: High frequency timer resolution =10.000000 MHz
[2019.11.28-16.13.30:252][  0]LogMemory: Memory total: Physical=15.9GB (16GB approx)
[2019.11.28-16.13.30:252][  0]LogMemory: Platform Memory Stats for Windows
[2019.11.28-16.13.30:252][  0]LogMemory: Process Physical Memory: 101.28 MB used, 101.29 MB peak
[2019.11.28-16.13.30:252][  0]LogMemory: Process Virtual Memory: 98.73 MB used, 98.73 MB peak
[2019.11.28-16.13.30:252][  0]LogMemory: Physical Memory: 6459.39 MB used,  9849.95 MB free, 16309.34 MB total
[2019.11.28-16.13.30:252][  0]LogMemory: Virtual Memory: 4676.97 MB used,  134213048.00 MB free, 134217728.00 MB total
[2019.11.28-16.13.30:255][  0]LogWindows: WindowsPlatformFeatures enabled
[2019.11.28-16.13.30:276][  0]LogInit: Using OS detected language (de-DE).
[2019.11.28-16.13.30:276][  0]LogInit: Using OS detected locale (de-DE).
[2019.11.28-16.13.30:277][  0]LogTextLocalizationManager: No specific localization for 'de-DE' exists, so the 'de' localization will be used.
[2019.11.28-16.13.30:277][  0]LogTextLocalizationResource: LocRes '../../../Engine/Content/Localization/Editor/de/Editor.locres' could not be opened for reading!
[2019.11.28-16.13.30:277][  0]LogTextLocalizationResource: LocRes '../../../Engine/Content/Localization/EditorTutorials/de/EditorTutorials.locres' could not be opened for reading!
[2019.11.28-16.13.30:277][  0]LogTextLocalizationResource: LocRes '../../../Engine/Content/Localization/Keywords/de/Keywords.locres' could not be opened for reading!
[2019.11.28-16.13.30:277][  0]LogTextLocalizationResource: LocRes '../../../Engine/Content/Localization/Category/de/Category.locres' could not be opened for reading!
[2019.11.28-16.13.30:277][  0]LogTextLocalizationResource: LocRes '../../../Engine/Content/Localization/ToolTips/de/ToolTips.locres' could not be opened for reading!
[2019.11.28-16.13.30:277][  0]LogTextLocalizationResource: LocRes '../../../Engine/Content/Localization/PropertyNames/de/PropertyNames.locres' could not be opened for reading!
[2019.11.28-16.13.30:278][  0]LogTextLocalizationResource: LocRes '../../../Engine/Content/Localization/Engine/de/Engine.locres' could not be opened for reading!
[2019.11.28-16.13.30:278][  0]LogInit: Setting process to per monitor DPI aware
[2019.11.28-16.13.30:309][  0]LogSlate: New Slate User Created.  User Index 0, Is Virtual User: 0
[2019.11.28-16.13.30:309][  0]LogSlate: Slate User Registered.  User Index 0, Is Virtual User: 0
[2019.11.28-16.13.30:436][  0]LogHMD: Failed to initialize OpenVR with code 110
[2019.11.28-16.13.30:436][  0]LogD3D11RHI: D3D11 adapters:
[2019.11.28-16.13.30:503][  0]LogD3D11RHI:    0. 'NVIDIA GeForce GTX 1660 Ti' (Feature Level 11_0)
[2019.11.28-16.13.30:503][  0]LogD3D11RHI:       5991/0/8154 MB DedicatedVideo/DedicatedSystem/SharedSystem, Outputs:1, VendorId:0x10de
[2019.11.28-16.13.30:505][  0]LogD3D11RHI:    1. 'Microsoft Basic Render Driver' (Feature Level 11_0)
[2019.11.28-16.13.30:505][  0]LogD3D11RHI:       0/0/8154 MB DedicatedVideo/DedicatedSystem/SharedSystem, Outputs:0, VendorId:0x1414
[2019.11.28-16.13.30:505][  0]LogD3D11RHI: Chosen D3D11 Adapter: 0
[2019.11.28-16.13.30:511][  0]LogD3D11RHI: Creating new Direct3DDevice
[2019.11.28-16.13.30:511][  0]LogD3D11RHI:     GPU DeviceId: 0x2182 (for the marketing name, search the web for "GPU Device Id")
[2019.11.28-16.13.30:511][  0]LogWindows: EnumDisplayDevices:
[2019.11.28-16.13.30:511][  0]LogWindows:    0. 'NVIDIA GeForce GTX 1660 Ti' (P:1 D:1)
[2019.11.28-16.13.30:511][  0]LogWindows:    1. 'NVIDIA GeForce GTX 1660 Ti' (P:0 D:0)
[2019.11.28-16.13.30:511][  0]LogWindows:    2. 'NVIDIA GeForce GTX 1660 Ti' (P:0 D:0)
[2019.11.28-16.13.30:512][  0]LogWindows:    3. 'NVIDIA GeForce GTX 1660 Ti' (P:0 D:0)
[2019.11.28-16.13.30:512][  0]LogWindows: DebugString: FoundDriverCount:4 
[2019.11.28-16.13.30:512][  0]LogD3D11RHI:     Adapter Name: NVIDIA GeForce GTX 1660 Ti
[2019.11.28-16.13.30:512][  0]LogD3D11RHI:   Driver Version: 419.72 (internal:25.21.14.1972, unified:419.72)
[2019.11.28-16.13.30:512][  0]LogD3D11RHI:      Driver Date: 3-18-2019
[2019.11.28-16.13.30:512][  0]LogRHI: Texture pool is 4193 MB (70% of 5991 MB)
[2019.11.28-16.13.30:551][  0]LogD3D11RHI: Async texture creation enabled
[2019.11.28-16.13.30:561][  0]LogD3D11RHI: GPU Timing Frequency: 1000.000000 (Debug: 2 1)
[2019.11.28-16.13.30:853][  0]LogTemp: Display: Module 'AllDesktopTargetPlatform' loaded TargetPlatform 'AllDesktop'
[2019.11.28-16.13.30:864][  0]LogTemp: Display: Module 'MacClientTargetPlatform' loaded TargetPlatform 'MacClient'
[2019.11.28-16.13.30:872][  0]LogTemp: Display: Module 'MacNoEditorTargetPlatform' loaded TargetPlatform 'MacNoEditor'
[2019.11.28-16.13.30:878][  0]LogTemp: Display: Module 'MacServerTargetPlatform' loaded TargetPlatform 'MacServer'
[2019.11.28-16.13.30:884][  0]LogTemp: Display: Module 'MacTargetPlatform' loaded TargetPlatform 'Mac'
[2019.11.28-16.13.30:891][  0]LogTemp: Display: Module 'WindowsClientTargetPlatform' loaded TargetPlatform 'WindowsClient'
[2019.11.28-16.13.30:897][  0]LogTemp: Display: Module 'WindowsNoEditorTargetPlatform' loaded TargetPlatform 'WindowsNoEditor'
[2019.11.28-16.13.30:903][  0]LogTemp: Display: Module 'WindowsServerTargetPlatform' loaded TargetPlatform 'WindowsServer'
[2019.11.28-16.13.30:906][  0]LogTemp: Display: Module 'WindowsTargetPlatform' loaded TargetPlatform 'Windows'
[2019.11.28-16.13.30:931][  0]LogTemp: Display: Module 'AndroidTargetPlatform' loaded TargetPlatform 'Android'
[2019.11.28-16.13.30:931][  0]LogTemp: Display: Module 'AndroidTargetPlatform' loaded TargetPlatform 'Android_ASTC'
[2019.11.28-16.13.30:931][  0]LogTemp: Display: Module 'AndroidTargetPlatform' loaded TargetPlatform 'Android_ATC'
[2019.11.28-16.13.30:931][  0]LogTemp: Display: Module 'AndroidTargetPlatform' loaded TargetPlatform 'Android_DXT'
[2019.11.28-16.13.30:931][  0]LogTemp: Display: Module 'AndroidTargetPlatform' loaded TargetPlatform 'Android_ETC1'
[2019.11.28-16.13.30:931][  0]LogTemp: Display: Module 'AndroidTargetPlatform' loaded TargetPlatform 'Android_ETC1a'
[2019.11.28-16.13.30:931][  0]LogTemp: Display: Module 'AndroidTargetPlatform' loaded TargetPlatform 'Android_ETC2'
[2019.11.28-16.13.30:931][  0]LogTemp: Display: Module 'AndroidTargetPlatform' loaded TargetPlatform 'Android_PVRTC'
[2019.11.28-16.13.30:931][  0]LogTemp: Display: Module 'AndroidTargetPlatform' loaded TargetPlatform 'AndroidClient'
[2019.11.28-16.13.30:931][  0]LogTemp: Display: Module 'AndroidTargetPlatform' loaded TargetPlatform 'Android_ASTCClient'
[2019.11.28-16.13.30:931][  0]LogTemp: Display: Module 'AndroidTargetPlatform' loaded TargetPlatform 'Android_ATCClient'
[2019.11.28-16.13.30:931][  0]LogTemp: Display: Module 'AndroidTargetPlatform' loaded TargetPlatform 'Android_DXTClient'
[2019.11.28-16.13.30:931][  0]LogTemp: Display: Module 'AndroidTargetPlatform' loaded TargetPlatform 'Android_ETC1Client'
[2019.11.28-16.13.30:931][  0]LogTemp: Display: Module 'AndroidTargetPlatform' loaded TargetPlatform 'Android_ETC1aClient'
[2019.11.28-16.13.30:931][  0]LogTemp: Display: Module 'AndroidTargetPlatform' loaded TargetPlatform 'Android_ETC2Client'
[2019.11.28-16.13.30:931][  0]LogTemp: Display: Module 'AndroidTargetPlatform' loaded TargetPlatform 'Android_PVRTCClient'
[2019.11.28-16.13.30:931][  0]LogTemp: Display: Module 'AndroidTargetPlatform' loaded TargetPlatform 'Android_Multi'
[2019.11.28-16.13.30:931][  0]LogTemp: Display: Module 'AndroidTargetPlatform' loaded TargetPlatform 'Android_MultiClient'
[2019.11.28-16.13.30:932][  0]LogTemp: Display: Module 'HTML5TargetPlatform' loaded TargetPlatform 'HTML5'
[2019.11.28-16.13.30:945][  0]LogTemp: Display: Module 'IOSTargetPlatform' loaded TargetPlatform 'IOSClient'
[2019.11.28-16.13.30:945][  0]LogTemp: Display: Module 'IOSTargetPlatform' loaded TargetPlatform 'IOS'
[2019.11.28-16.13.30:956][  0]LogTemp: Display: Module 'TVOSTargetPlatform' loaded TargetPlatform 'TVOSClient'
[2019.11.28-16.13.30:956][  0]LogTemp: Display: Module 'TVOSTargetPlatform' loaded TargetPlatform 'TVOS'
[2019.11.28-16.13.30:962][  0]LogTemp: Display: Module 'LinuxClientTargetPlatform' loaded TargetPlatform 'LinuxClient'
[2019.11.28-16.13.30:968][  0]LogTemp: Display: Module 'LinuxNoEditorTargetPlatform' loaded TargetPlatform 'LinuxNoEditor'
[2019.11.28-16.13.30:974][  0]LogTemp: Display: Module 'LinuxServerTargetPlatform' loaded TargetPlatform 'LinuxServer'
[2019.11.28-16.13.30:980][  0]LogTemp: Display: Module 'LinuxTargetPlatform' loaded TargetPlatform 'Linux'
[2019.11.28-16.13.30:998][  0]LogTemp: Display: Module 'LuminTargetPlatform' loaded TargetPlatform 'Lumin'
[2019.11.28-16.13.30:998][  0]LogTemp: Display: Module 'LuminTargetPlatform' loaded TargetPlatform 'LuminClient'
[2019.11.28-16.13.30:998][  0]LogTargetPlatformManager: Display: Building Assets For Windows
[2019.11.28-16.13.31:004][  0]LogAudioDebug: Display: Lib vorbis DLL was dynamically loaded.
[2019.11.28-16.13.31:037][  0]LogShaderCompilers: Guid format shader working directory is 13 characters bigger than the processId version (C:/Users/Sebastian Iselt/OneDrive/MyProject/Intermediate/Shaders/WorkingDirectory/6876/).
[2019.11.28-16.13.31:037][  0]LogShaderCompilers: Cleaned the shader compiler working directory 'C:/Users/Sebastian Iselt/AppData/Local/Temp/UnrealShaderWorkingDir/477CF018463F3A0ACC245B91865876CF/'.
[2019.11.28-16.13.31:038][  0]LogXGEController: Cannot use XGE Controller as Incredibuild is not installed on this machine.
[2019.11.28-16.13.31:039][  0]LogShaderCompilers: Cannot use XGE Shader Compiler as Incredibuild is not installed on this machine.
[2019.11.28-16.13.31:039][  0]LogShaderCompilers: Display: Using Local Shader Compiler.
[2019.11.28-16.13.31:549][  0]LogDerivedDataCache: Display: Max Cache Size: 512 MB
[2019.11.28-16.13.31:592][  0]LogDerivedDataCache: Loaded boot cache 0.04s 73MB C:/Users/Sebastian Iselt/AppData/Local/UnrealEngine/4.23/DerivedDataCache/Boot.ddc.
[2019.11.28-16.13.31:592][  0]LogDerivedDataCache: Display: Loaded Boot cache: C:/Users/Sebastian Iselt/AppData/Local/UnrealEngine/4.23/DerivedDataCache/Boot.ddc
[2019.11.28-16.13.31:592][  0]LogDerivedDataCache: FDerivedDataBackendGraph:  Pak pak cache file C:/Users/Sebastian Iselt/OneDrive/MyProject/DerivedDataCache/DDC.ddp not found, will not use a pak cache.
[2019.11.28-16.13.31:592][  0]LogDerivedDataCache: Unable to find inner node Pak for hierarchical cache Hierarchy.
[2019.11.28-16.13.31:592][  0]LogDerivedDataCache: FDerivedDataBackendGraph:  CompressedPak pak cache file C:/Users/Sebastian Iselt/OneDrive/MyProject/DerivedDataCache/Compressed.ddp not found, will not use a pak cache.
[2019.11.28-16.13.31:592][  0]LogDerivedDataCache: Unable to find inner node CompressedPak for hierarchical cache Hierarchy.
[2019.11.28-16.13.31:602][  0]LogDerivedDataCache: Display: Pak cache opened for reading ../../../Engine/DerivedDataCache/Compressed.ddp.
[2019.11.28-16.13.31:602][  0]LogDerivedDataCache: FDerivedDataBackendGraph:  EnterprisePak pak cache file ../../../Enterprise/DerivedDataCache/Compressed.ddp not found, will not use a pak cache.
[2019.11.28-16.13.31:602][  0]LogDerivedDataCache: Unable to find inner node EnterprisePak for hierarchical cache Hierarchy.
[2019.11.28-16.13.31:603][  0]LogDerivedDataCache: Using Local data cache path C:/Users/Sebastian Iselt/AppData/Local/UnrealEngine/Common/DerivedDataCache: Writable
[2019.11.28-16.13.31:603][  0]LogDerivedDataCache: Shared data cache path not found in *engine.ini, will not use an Shared cache.
[2019.11.28-16.13.31:603][  0]LogDerivedDataCache: Unable to find inner node Shared for hierarchical cache Hierarchy.
[2019.11.28-16.13.31:620][  0]LogMaterial: Verifying Global Shaders for PCD3D_SM5
[2019.11.28-16.13.31:622][  0]LogSlate: Using FreeType 2.6.0
[2019.11.28-16.13.31:623][  0]LogSlate: SlateFontServices - WITH_FREETYPE: 1, WITH_HARFBUZZ: 1
[2019.11.28-16.13.31:668][  0]LogAssetRegistry: FAssetRegistry took 0.0019 seconds to start up
[2019.11.28-16.13.31:872][  0]LogInit: Selected Device Profile: [Windows]
[2019.11.28-16.13.31:906][  0]LogMeshReduction: Using QuadricMeshReduction for automatic static mesh reduction
[2019.11.28-16.13.31:906][  0]LogMeshReduction: Using SimplygonMeshReduction for automatic skeletal mesh reduction
[2019.11.28-16.13.31:906][  0]LogMeshReduction: Using ProxyLODMeshReduction for automatic mesh merging
[2019.11.28-16.13.31:906][  0]LogMeshReduction: No distributed automatic mesh merging module available
[2019.11.28-16.13.31:906][  0]LogMeshMerging: No distributed automatic mesh merging module available
[2019.11.28-16.13.31:997][  0]LogNetVersion: MyProject 1.0.0, NetCL: 8386587, EngineNetVer: 11, GameNetVer: 0 (Checksum: 2896792207)
[2019.11.28-16.13.32:327][  0]LogPackageLocalizationCache: Processed 12 localized package path(s) for 1 prioritized culture(s) in 0.040451 seconds
[2019.11.28-16.13.32:332][  0]LogUObjectArray: 43444 objects as part of root set at end of initial load.
[2019.11.28-16.13.32:332][  0]LogUObjectAllocator: 7548648 out of 0 bytes used by permanent object pool.
[2019.11.28-16.13.32:332][  0]LogUObjectArray: CloseDisregardForGC: 0/0 objects in disregard for GC pool
[2019.11.28-16.13.32:996][  0]LogTcpMessaging: Initializing TcpMessaging bridge
[2019.11.28-16.13.32:998][  0]LogUdpMessaging: Initializing bridge on interface 0.0.0.0:0 to multicast group 230.0.0.1:6666.
[2019.11.28-16.13.33:041][  0]SourceControl: Source control is disabled
[2019.11.28-16.13.33:041][  0]SourceControl: Source control is disabled
[2019.11.28-16.13.33:042][  0]SourceControl: Source control is disabled
[2019.11.28-16.13.33:042][  0]SourceControl: Source control is disabled
[2019.11.28-16.13.33:108][  0]LogAndroidPermission: UAndroidPermissionCallbackProxy::GetInstance
[2019.11.28-16.13.33:186][  0]LogOcInput: OculusInput pre-init called
[2019.11.28-16.13.33:190][  0]LogWindows: Failed to load 'OVRPlugin.dll' (GetLastError=126)
[2019.11.28-16.13.33:190][  0]LogWindows: File 'OVRPlugin.dll' does not exist
[2019.11.28-16.13.33:242][  0]LogEngine: Initializing Engine...
[2019.11.28-16.13.33:243][  0]LogHMD: Failed to initialize OpenVR with code 110
[2019.11.28-16.13.33:244][  0]LogStats: UGameplayTagsManager::InitializeManager -  0.000 s
[2019.11.28-16.13.33:429][  0]LogInit: Initializing FReadOnlyCVARCache
[2019.11.28-16.13.33:438][  0]LogAIModule: Creating AISystem for world Untitled
[2019.11.28-16.13.33:450][  0]LogInit: XAudio2 using 'Speakers (Realtek(R) Audio)' : 2 channels at 48 kHz using 32 bits per sample (channel mask 0x3)
[2019.11.28-16.13.33:469][  0]LogInit: FAudioDevice initialized.
[2019.11.28-16.13.33:470][  0]LogNetVersion: Set ProjectVersion to 1.0.0.0. Version Checksum will be recalculated on next use.
[2019.11.28-16.13.33:510][  0]LogDerivedDataCache: Saved boot cache 0.04s 73MB C:/Users/Sebastian Iselt/AppData/Local/UnrealEngine/4.23/DerivedDataCache/Boot.ddc.
[2019.11.28-16.13.33:513][  0]LogInit: Texture streaming: Enabled
[2019.11.28-16.13.33:525][  0]LogEngineSessionManager: EngineSessionManager initialized
[2019.11.28-16.13.33:580][  0]LogInit: Transaction tracking system initialized
[2019.11.28-16.13.33:599][  0]BlueprintLog: New page: Editor Load
[2019.11.28-16.13.33:643][  0]LocalizationService: Localization service is disabled
[2019.11.28-16.13.33:945][  0]LogCook: Display: Max memory allowance for cook 16384mb min free memory 0mb
[2019.11.28-16.13.33:945][  0]LogCook: Display: Mobile HDR setting 1
[2019.11.28-16.13.34:068][  0]LogFileCache: Scanning file cache for directory 'C:/Users/Sebastian Iselt/OneDrive/MyProject/Content/' took 0.02s
[2019.11.28-16.13.34:068][  0]SourceControl: Source control is disabled
[2019.11.28-16.13.34:172][  0]LogSlate: Took 0.000120 seconds to synchronously load lazily loaded font '../../../Engine/Content/Slate/Fonts/Roboto-Regular.ttf' (155K)
[2019.11.28-16.13.55:002][  0]LogSlate: Window 'Restore Packages' being destroyed
[2019.11.28-16.13.55:002][  0]LogWindowsTextInputMethodSystem: Display: IME system now deactivated.
[2019.11.28-16.13.55:005][  0]LogWindowsTextInputMethodSystem: Display: IME system now deactivated.
[2019.11.28-16.13.56:804][  0]LogSlate: Window 'Unable to Check Out From Source Control!' being destroyed
[2019.11.28-16.13.56:805][  0]LogWindowsTextInputMethodSystem: Display: IME system now deactivated.
[2019.11.28-16.13.56:808][  0]LogWindowsTextInputMethodSystem: Display: IME system now deactivated.
[2019.11.28-16.13.56:818][  0]Cmd: MAP LOAD FILE="C:/Users/Sebastian Iselt/OneDrive/MyProject/Content/FirstPersonBP/Maps/FirstPersonExampleMap.umap" TEMPLATE=0 SHOWPROGRESS=1 FEATURELEVEL=3
[2019.11.28-16.13.56:818][  0]LightingResults: New page: Lighting Build
[2019.11.28-16.13.56:820][  0]LogWorld: UWorld::CleanupWorld for Untitled, bSessionEnded=true, bCleanupResources=true
[2019.11.28-16.13.56:820][  0]MapCheck: New page: Map Check
[2019.11.28-16.13.56:820][  0]LightingResults: New page: Lighting Build
[2019.11.28-16.13.56:845][  0]LogUObjectHash: Compacting FUObjectHashTables data took   1.32ms
[2019.11.28-16.14.05:587][  0]LogTexture: Display: Building textures: LQ_Lightmap_1_2 (DXT1, 64X64)
[2019.11.28-16.14.05:587][  0]LogTexture: Display: Building textures: HQ_Lightmap1_2 (AutoDXT, 64X64)
[2019.11.28-16.14.05:587][  0]LogTexture: Display: Building textures: SkyOcclusion1_2 (AutoDXT, 64X32)
[2019.11.28-16.14.05:587][  0]LogTexture: Display: Building textures: ShadowMapTexture2D_2 (BGRA8, 2048X2048)
[2019.11.28-16.14.05:587][  0]LogTexture: Display: Building textures: SkyOcclusion1_1 (AutoDXT, 4096X2048)
[2019.11.28-16.14.05:587][  0]LogTexture: Display: Building textures: ShadowMapTexture2D_3 (G8, 32X32)
[2019.11.28-16.14.05:587][  0]LogTexture: Display: Building textures: HQ_Lightmap1_1 (AutoDXT, 4096X4096)
[2019.11.28-16.14.05:587][  0]LogTexture: Display: Building textures: LQ_Lightmap_1_1 (DXT1, 4096X4096)
[2019.11.28-16.14.05:629][  0]LogAIModule: Creating AISystem for world FirstPersonExampleMap
[2019.11.28-16.14.05:909][  0]LogEditorServer: Finished looking for orphan Actors (0.000 secs)
[2019.11.28-16.14.05:953][  0]LogUObjectHash: Compacting FUObjectHashTables data took   2.35ms
[2019.11.28-16.14.05:953][  0]Cmd: MAP CHECKDEP NOCLEARLOG
[2019.11.28-16.14.05:953][  0]MapCheck: Map check complete: 0 Error(s), 0 Warning(s), took 0,16ms to complete.
[2019.11.28-16.14.05:953][  0]LogFileHelpers: Loading map 'FirstPersonExampleMap' took 9.135
[2019.11.28-16.14.06:334][  0]LogSlate: Updating window title bar state: overlay mode, drag disabled, window buttons hidden, title bar hidden
[2019.11.28-16.14.06:347][  0]LogSlate: Updating window title bar state: overlay mode, drag disabled, window buttons hidden, title bar hidden
[2019.11.28-16.14.06:353][  0]LogSlate: Updating window title bar state: overlay mode, drag disabled, window buttons hidden, title bar hidden
[2019.11.28-16.14.06:358][  0]LogSlate: Updating window title bar state: overlay mode, drag disabled, window buttons hidden, title bar hidden
[2019.11.28-16.14.06:393][  0]LogCollectionManager: Loaded 0 collections in 0.001105 seconds
[2019.11.28-16.14.06:482][  0]LogFileCache: Scanning file cache for directory 'C:/Users/Sebastian Iselt/OneDrive/MyProject/Saved/Collections/' took 0.00s
[2019.11.28-16.14.06:482][  0]LogFileCache: Scanning file cache for directory 'C:/Users/Sebastian Iselt/OneDrive/MyProject/Content/Developers/SebastianIselt/Collections/' took 0.00s
[2019.11.28-16.14.06:482][  0]LogFileCache: Scanning file cache for directory 'C:/Users/Sebastian Iselt/OneDrive/MyProject/Content/Collections/' took 0.00s
[2019.11.28-16.14.06:482][  0]LogCollectionManager: Rebuilt the GUID cache for 0 collections in 0.000006 seconds
[2019.11.28-16.14.06:504][  0]LogContentBrowser: Native class hierarchy populated in 0.0198 seconds. Added 2864 classes and 682 folders.
[2019.11.28-16.14.06:570][  0]LogContentBrowser: Native class hierarchy updated for 'WidgetCarousel' in 0.0005 seconds. Added 0 classes and 0 folders.
[2019.11.28-16.14.07:652][  0]LogContentBrowser: Native class hierarchy updated for 'AddContentDialog' in 0.0003 seconds. Added 0 classes and 0 folders.
[2019.11.28-16.14.07:702][  0]LogContentBrowser: Native class hierarchy updated for 'SceneOutliner' in 0.0004 seconds. Added 1 classes and 2 folders.
[2019.11.28-16.14.08:285][  0]LogSlate: Took 0.000113 seconds to synchronously load lazily loaded font '../../../Engine/Content/Slate/Fonts/Roboto-Bold.ttf' (160K)
[2019.11.28-16.14.08:318][  0]LogSlate: Took 0.012946 seconds to synchronously load lazily loaded font '../../../Engine/Content/Editor/Slate/Fonts/FontAwesome.ttf' (139K)
[2019.11.28-16.14.08:516][  0]LogRenderer: Reallocating scene render targets to support 256x256 Format 10 NumSamples 1 (Frame:1).
[2019.11.28-16.14.08:589][  0]LogRenderer: Reallocating scene render targets to support 1208x572 Format 10 NumSamples 1 (Frame:1).
[2019.11.28-16.14.08:735][  0]LogContentBrowser: Native class hierarchy updated for 'HierarchicalLODOutliner' in 0.0003 seconds. Added 0 classes and 0 folders.
[2019.11.28-16.14.08:735][  0]LogLoad: (Engine Initialization) Total time: 39.45 seconds
[2019.11.28-16.14.08:735][  0]LogLoad: (Engine Initialization) Total Blueprint compile time: 0.00 seconds
[2019.11.28-16.14.08:812][  0]LogContentStreaming: Texture pool size now 1000 MB
[2019.11.28-16.14.08:855][  0]LogSlate: Took 0.006714 seconds to synchronously load lazily loaded font '../../../Engine/Content/Slate/Fonts/Roboto-Light.ttf' (167K)
[2019.11.28-16.14.08:904][  1]LogAssetRegistry: Asset discovery search completed in 37.2380 seconds
[2019.11.28-16.14.08:907][  1]LogCollectionManager: Rebuilt the object cache for 0 collections in 0.000004 seconds (found 0 objects)
[2019.11.28-16.14.08:907][  1]LogCollectionManager: Fixed up redirectors for 0 collections in 0.000045 seconds (updated 0 objects)
[2019.11.28-16.14.09:763][ 76]LogSlate: Took 0.000168 seconds to synchronously load lazily loaded font '../../../Engine/Content/Slate/Fonts/Roboto-Light.ttf' (167K)
[2019.11.28-16.14.12:511][370]LogSlate: FSceneViewport::OnFocusLost() reason 0
[2019.11.28-16.14.12:612][382]LogTemp: Repeating last play command: New Editor Window (PIE)
[2019.11.28-16.14.12:625][382]LogBlueprintUserMessages: Early PlayInEditor Detection: Level '/Game/FirstPersonBP/Maps/FirstPersonExampleMap.FirstPersonExampleMap:PersistentLevel' has LevelScriptBlueprint '/Game/FirstPersonBP/Maps/FirstPersonExampleMap.FirstPersonExampleMap:PersistentLevel.FirstPersonExampleMap' with GeneratedClass '/Game/FirstPersonBP/Maps/FirstPersonExampleMap.FirstPersonExampleMap_C' with ClassGeneratedBy '/Game/FirstPersonBP/Maps/FirstPersonExampleMap.FirstPersonExampleMap:PersistentLevel.FirstPersonExampleMap'
[2019.11.28-16.14.12:626][382]LogPlayLevel: PlayLevel: No blueprints needed recompiling
[2019.11.28-16.14.12:645][382]PIE: New page: PIE session: FirstPersonExampleMap (28.11.2019 18:14:12)
[2019.11.28-16.14.12:646][382]LogOnline: OSS: Creating online subsystem instance for: NULL
[2019.11.28-16.14.12:661][382]LogPlayLevel: Creating play world package: /Game/FirstPersonBP/Maps/UEDPIE_0_FirstPersonExampleMap
[2019.11.28-16.14.12:719][382]LogPlayLevel: PIE: StaticDuplicateObject took: (0.057739s)
[2019.11.28-16.14.12:719][382]LogAIModule: Creating AISystem for world FirstPersonExampleMap
[2019.11.28-16.14.12:719][382]LogPlayLevel: PIE: World Init took: (0.000775s)
[2019.11.28-16.14.12:719][382]LogPlayLevel: PIE: Created PIE world by copying editor world from /Game/FirstPersonBP/Maps/FirstPersonExampleMap.FirstPersonExampleMap to /Game/FirstPersonBP/Maps/UEDPIE_0_FirstPersonExampleMap.FirstPersonExampleMap (0.058790s)
[2019.11.28-16.14.12:741][382]LogUObjectHash: Compacting FUObjectHashTables data took   1.25ms
[2019.11.28-16.14.12:770][382]LogInit: XAudio2 using 'Speakers (Realtek(R) Audio)' : 2 channels at 48 kHz using 32 bits per sample (channel mask 0x3)
[2019.11.28-16.14.12:784][382]LogInit: FAudioDevice initialized.
[2019.11.28-16.14.12:790][382]LogSlate: Updating window title bar state: overlay mode, drag disabled, window buttons hidden, title bar hidden
[2019.11.28-16.14.12:791][382]LogLoad: Game class is 'FirstPersonGameMode_C'
[2019.11.28-16.14.12:818][382]LogWorld: Bringing World /Game/FirstPersonBP/Maps/UEDPIE_0_FirstPersonExampleMap.FirstPersonExampleMap up for play (max tick rate 0) at 2019.11.28-17.14.12
[2019.11.28-16.14.12:837][382]LogWorld: Bringing up level for play took: 0.035202
[2019.11.28-16.14.12:837][382]LogOnline: OSS: Creating online subsystem instance for: :Context_1
[2019.11.28-16.14.12:900][382]LogContentBrowser: Native class hierarchy updated for 'MovieSceneCapture' in 0.0008 seconds. Added 20 classes and 0 folders.
[2019.11.28-16.14.12:918][382]PIE: Play in editor start time for /Game/FirstPersonBP/Maps/UEDPIE_0_FirstPersonExampleMap -0,537
[2019.11.28-16.14.12:918][382]LogBlueprintUserMessages: Late PlayInEditor Detection: Level '/Game/FirstPersonBP/Maps/FirstPersonExampleMap.FirstPersonExampleMap:PersistentLevel' has LevelScriptBlueprint '/Game/FirstPersonBP/Maps/FirstPersonExampleMap.FirstPersonExampleMap:PersistentLevel.FirstPersonExampleMap' with GeneratedClass '/Game/FirstPersonBP/Maps/FirstPersonExampleMap.FirstPersonExampleMap_C' with ClassGeneratedBy '/Game/FirstPersonBP/Maps/FirstPersonExampleMap.FirstPersonExampleMap:PersistentLevel.FirstPersonExampleMap'
[2019.11.28-16.14.12:994][383]LogRenderer: Reallocating scene render targets to support 1280x720 Format 10 NumSamples 1 (Frame:1).
[2019.11.28-16.14.13:012][383]LogCharacterMovement: Warning: GetSimulationTimeStep() - Max iterations 8 hit while remaining time 0.075103 > MaxSimulationTimeStep (0.050) for 'FirstPersonCharacter_C_1', movement 'Walking'
[2019.11.28-16.14.13:509][421]LogSpawn: Warning: SpawnActor failed because of collision at the spawn location [X=-628.011 Y=-432.119 Z=96.864] for [FirstPersonProjectile_C]
[2019.11.28-16.14.30:807][333]LogBlueprintUserMessages: Early EndPlayMap Detection: Level '/Game/FirstPersonBP/Maps/FirstPersonExampleMap.FirstPersonExampleMap:PersistentLevel' has LevelScriptBlueprint '/Game/FirstPersonBP/Maps/FirstPersonExampleMap.FirstPersonExampleMap:PersistentLevel.FirstPersonExampleMap' with GeneratedClass '/Game/FirstPersonBP/Maps/FirstPersonExampleMap.FirstPersonExampleMap_C' with ClassGeneratedBy '/Game/FirstPersonBP/Maps/FirstPersonExampleMap.FirstPersonExampleMap:PersistentLevel.FirstPersonExampleMap'
[2019.11.28-16.14.30:831][333]LogSlate: Updating window title bar state: overlay mode, drag disabled, window buttons hidden, title bar hidden
[2019.11.28-16.14.30:831][333]LogWorld: BeginTearingDown for /Game/FirstPersonBP/Maps/UEDPIE_0_FirstPersonExampleMap
[2019.11.28-16.14.30:843][333]LogSlate: Window 'MyProject Game Preview Standalone (64-bit/PCD3D_SM5)' being destroyed
[2019.11.28-16.14.30:846][333]LogWorld: UWorld::CleanupWorld for FirstPersonExampleMap, bSessionEnded=true, bCleanupResources=true
[2019.11.28-16.14.30:867][333]LogPlayLevel: Display: Shutting down PIE online subsystems
[2019.11.28-16.14.30:867][333]LogBlueprintUserMessages: Late EndPlayMap Detection: Level '/Game/FirstPersonBP/Maps/FirstPersonExampleMap.FirstPersonExampleMap:PersistentLevel' has LevelScriptBlueprint '/Game/FirstPersonBP/Maps/FirstPersonExampleMap.FirstPersonExampleMap:PersistentLevel.FirstPersonExampleMap' with GeneratedClass '/Game/FirstPersonBP/Maps/FirstPersonExampleMap.FirstPersonExampleMap_C' with ClassGeneratedBy '/Game/FirstPersonBP/Maps/FirstPersonExampleMap.FirstPersonExampleMap:PersistentLevel.FirstPersonExampleMap'
[2019.11.28-16.14.30:907][333]LogUObjectHash: Compacting FUObjectHashTables data took   1.50ms
[2019.11.28-16.14.30:917][334]LogPlayLevel: Display: Destroying online subsystem :Context_1
[2019.11.28-16.14.47:817][246]LogEditorViewport: Clicking on Actor (LMB): StaticMeshActor (SM_Well)
[2019.11.28-16.14.55:577][834]LogEditorViewport: Clicking on Actor (LMB): StaticMeshActor (SM_Fence_Var04)
[2019.11.28-16.15.04:193][580]LogSlate: FSceneViewport::OnFocusLost() reason 0
[2019.11.28-16.15.20:582][ 91]LogSlate: Took 0.032509 seconds to synchronously load lazily loaded font '../../../Engine/Content/Slate/Fonts/Roboto-Italic.ttf' (157K)
[2019.11.28-16.15.36:649][680]LogAssetEditorManager: Opening Asset editor for CanvasRenderTarget2D /Game/Logik/CameraText.CameraText
[2019.11.28-16.15.36:720][680]LogContentBrowser: Native class hierarchy updated for 'TextureEditor' in 0.0004 seconds. Added 1 classes and 2 folders.
[2019.11.28-16.15.48:814][568]LogSlate: Window 'CameraText' being destroyed
[2019.11.28-16.15.48:817][568]LogSlate: Window 'CameraText' being destroyed
[2019.11.28-16.16.02:379][924]LogAssetEditorManager: Opening Asset editor for Material /Game/Logik/CameraMat.CameraMat
[2019.11.28-16.16.02:415][924]LogMaterial: Display: Missing cached shader map for material CameraMat, compiling. 
[2019.11.28-16.16.03:007][924]LogMaterial: Display: Missing cached shader map for material CameraMat, compiling. 
[2019.11.28-16.16.03:017][924]LogShaderCompilers: Display: Worker (1/3): shaders left to compile 13
[2019.11.28-16.16.03:017][924]LogShaderCompilers: Display: Worker (2/3): shaders left to compile 12
[2019.11.28-16.16.03:024][924]LogMaterial: Display: Missing cached shader map for material CameraMat, compiling. 
[2019.11.28-16.16.03:050][924]LogMaterial: Display: Missing cached shader map for material FMatExpressionPreview MaterialExpressionTextureSample_0, compiling. 
[2019.11.28-16.16.03:126][924]LogSlate: Took 0.017982 seconds to synchronously load lazily loaded font '../../../Engine/Content/Slate/Fonts/Roboto-BoldCondensed.ttf' (158K)
[2019.11.28-16.16.04:365][  0]LogShaderCompilers: Display: Worker (1/3): shaders left to compile 17
[2019.11.28-16.16.04:438][  7]LogShaderCompilers: Display: Worker (2/3): shaders left to compile 16
[2019.11.28-16.16.04:462][ 10]LogShaderCompilers: Display: Worker (1/3): shaders left to compile 15
[2019.11.28-16.16.04:595][ 26]LogShaderCompilers: Display: Worker (2/3): shaders left to compile 14
[2019.11.28-16.16.04:696][ 38]LogShaderCompilers: Display: Worker (1/3): shaders left to compile 13
[2019.11.28-16.16.04:799][ 48]LogShaderCompilers: Display: Worker (2/3): shaders left to compile 12
[2019.11.28-16.16.04:809][ 49]LogShaderCompilers: Display: Worker (1/3): shaders left to compile 11
[2019.11.28-16.16.04:925][ 59]LogShaderCompilers: Display: Worker (2/3): shaders left to compile 10
[2019.11.28-16.16.04:925][ 59]LogShaderCompilers: Display: Worker (1/3): shaders left to compile 9
[2019.11.28-16.16.05:035][ 68]LogShaderCompilers: Display: Worker (2/3): shaders left to compile 8
[2019.11.28-16.16.05:043][ 69]LogShaderCompilers: Display: Worker (1/3): shaders left to compile 7
[2019.11.28-16.16.05:150][ 78]LogShaderCompilers: Display: Worker (1/3): shaders left to compile 6
[2019.11.28-16.16.05:150][ 78]LogShaderCompilers: Display: Worker (2/3): shaders left to compile 5
[2019.11.28-16.16.05:233][ 85]LogShaderCompilers: Display: Worker (1/3): shaders left to compile 4
[2019.11.28-16.16.05:233][ 85]LogShaderCompilers: Display: Worker (2/3): shaders left to compile 3
[2019.11.28-16.16.05:485][115]LogShaderCompilers: Display: Worker (2/3): shaders left to compile 2
[2019.11.28-16.16.05:492][116]LogShaderCompilers: Display: Worker (1/3): shaders left to compile 1
[2019.11.28-16.16.05:929][168]MaterialEditorStats: Default UI Pixel Shader: 21 instructions
[2019.11.28-16.16.05:929][168]MaterialEditorStats: Default UI Vertex Shader: 17 instructions
[2019.11.28-16.16.05:929][168]MaterialEditorStats: Instanced UI Vertex Shader: 17 instructions
[2019.11.28-16.16.05:929][168]MaterialEditorStats: Texture samplers: 2/16
[2019.11.28-16.16.05:929][168]MaterialEditorStats: Texture Lookups (Est.): VS(0), PS(1)
[2019.11.28-16.16.05:929][168]MaterialEditorStats: User interpolators: 2/4 Scalars (1/4 Vectors) (TexCoords: 2, Custom: 0)
[2019.11.28-16.17.52:416][ 95]LogAssetEditorManager: Opening Asset editor for Blueprint /Game/FirstPersonBP/Blueprints/FirstPersonCharacter.FirstPersonCharacter
[2019.11.28-16.17.52:715][ 95]LogContentBrowser: Native class hierarchy updated for 'BlueprintGraph' in 0.0007 seconds. Added 121 classes and 0 folders.
[2019.11.28-16.21.31:996][823]LogSlate: Window 'Message' being destroyed
[2019.11.28-16.21.32:346][823]LogMaterial: Display: Missing cached shader map for material CameraMat, compiling. 
[2019.11.28-16.21.32:369][823]LogShaderCompilers: Display: Worker (1/3): shaders left to compile 13
[2019.11.28-16.21.32:369][823]LogShaderCompilers: Display: Worker (2/3): shaders left to compile 12
[2019.11.28-16.21.32:382][823]LogMaterial: Display: Missing cached shader map for material CameraMat, compiling. 
[2019.11.28-16.21.32:394][823]LogMaterial: Display: Missing cached shader map for material CameraMat, compiling. 
[2019.11.28-16.21.32:438][823]LogUObjectHash: Compacting FUObjectHashTables data took   3.24ms
[2019.11.28-16.21.32:438][823]TextureStreamingBuild: Display: Compiling optional shaders took 0.000 seconds.
[2019.11.28-16.21.32:488][823]LogUObjectHash: Compacting FUObjectHashTables data took   0.73ms
[2019.11.28-16.21.32:494][823]LogSlate: Window 'FirstPersonCharacter' being destroyed
[2019.11.28-16.21.32:495][823]LogSlate: Window 'FirstPersonCharacter' being destroyed
[2019.11.28-16.21.32:529][823]LogShaderCompilers: Display: Worker (1/3): shaders left to compile 25
[2019.11.28-16.21.32:529][823]LogWorld: UWorld::CleanupWorld for World_2, bSessionEnded=true, bCleanupResources=true
[2019.11.28-16.21.32:551][823]LogWorld: UWorld::CleanupWorld for World_3, bSessionEnded=true, bCleanupResources=true
[2019.11.28-16.21.32:595][823]LogShaderCompilers: Display: Worker (2/3): shaders left to compile 24
[2019.11.28-16.21.32:767][828]LogShaderCompilers: Display: Worker (1/3): shaders left to compile 23
[2019.11.28-16.21.32:783][828]LogShaderCompilers: Display: Worker (2/3): shaders left to compile 22
[2019.11.28-16.21.32:860][831]LogShaderCompilers: Display: Worker (1/3): shaders left to compile 21
[2019.11.28-16.21.32:888][833]LogShaderCompilers: Display: Worker (2/3): shaders left to compile 20
[2019.11.28-16.21.32:962][839]LogShaderCompilers: Display: Worker (1/3): shaders left to compile 19
[2019.11.28-16.21.32:996][842]LogShaderCompilers: Display: Worker (2/3): shaders left to compile 18
[2019.11.28-16.21.33:065][848]LogShaderCompilers: Display: Worker (1/3): shaders left to compile 17
[2019.11.28-16.21.33:104][852]LogShaderCompilers: Display: Worker (2/3): shaders left to compile 16
[2019.11.28-16.21.33:172][858]LogShaderCompilers: Display: Worker (1/3): shaders left to compile 15
[2019.11.28-16.21.33:178][858]LogShaderCompilers: Display: Worker (2/3): shaders left to compile 14
[2019.11.28-16.21.33:250][865]LogShaderCompilers: Display: Worker (1/3): shaders left to compile 6
[2019.11.28-16.21.33:593][894]LogShaderCompilers: Display: Worker (1/3): shaders left to compile 2
[2019.11.28-17.52.34:444][155]LogHttp: Warning: 000001DA369AE840: invalid HTTP response code received. URL: https://datarouter.ol.epicgames.com/datarouter/api/v1/public/data?SessionID=%7BCEEE9E7B-4019-1A3D-8908-2DA2B443D8D3%7D&AppID=UEEditor.Rocket.Release&AppVersion=4.23.0-8386587%2B%2B%2BUE4%2BRelease-4.23&UserID=0de27a9f402d9224db2bc4b622e74732%7C93da81e998b14b10a79f8f4f4d42f1b1%7C7fbab2e7-5d7d-4beb-aca0-588ed3c13ad5&AppEnvironment=datacollector-binary&UploadType=eteventstream, HTTP code: 0, content length: -1, actual payload size: 0
[2019.11.28-17.52.34:444][155]LogHttp: Warning: 000001DA369AE840: request failed, libcurl error: 56 (Failure when receiving data from the peer)
[2019.11.28-17.52.34:444][155]LogHttp: Warning: 000001DA369AE840: libcurl info message cache 0 (Found bundle for host datarouter.ol.epicgames.com: 0x1d9c54f7f70 [can pipeline])
[2019.11.28-17.52.34:444][155]LogHttp: Warning: 000001DA369AE840: libcurl info message cache 1 (Re-using existing connection! (#2) with host datarouter.ol.epicgames.com)
[2019.11.28-17.52.34:444][155]LogHttp: Warning: 000001DA369AE840: libcurl info message cache 2 (Connected to datarouter.ol.epicgames.com (18.210.68.80) port 443 (#2))
[2019.11.28-17.52.34:444][155]LogHttp: Warning: 000001DA369AE840: libcurl info message cache 3 (We are completely uploaded and fine)
[2019.11.28-17.52.34:444][155]LogHttp: Warning: 000001DA369AE840: libcurl info message cache 4 (OpenSSL SSL_read: SSL_ERROR_SYSCALL, errno 10054)
[2019.11.28-17.52.34:444][155]LogHttp: Warning: 000001DA369AE840: libcurl info message cache 5 (Connection died, retrying a fresh connect)
[2019.11.28-17.52.34:444][155]LogHttp: Warning: 000001DA369AE840: libcurl info message cache 6 (necessary data rewind wasn't possible)
[2019.11.28-17.52.34:444][155]LogHttp: Warning: 000001DA369AE840: libcurl info message cache 7 (Closing connection 2)
[2019.11.28-17.52.34:808][156]LogHttp: Warning: Retry exhausted on https://datarouter.ol.epicgames.com/datarouter/api/v1/public/data?SessionID=%7BCEEE9E7B-4019-1A3D-8908-2DA2B443D8D3%7D&AppID=UEEditor.Rocket.Release&AppVersion=4.23.0-8386587%2B%2B%2BUE4%2BRelease-4.23&UserID=0de27a9f402d9224db2bc4b622e74732%7C93da81e998b14b10a79f8f4f4d42f1b1%7C7fbab2e7-5d7d-4beb-aca0-588ed3c13ad5&AppEnvironment=datacollector-binary&UploadType=eteventstream
[2019.11.28-17.52.43:644][181]LogUObjectHash: Compacting FUObjectHashTables data took   2.54ms
[2019.11.28-17.52.43:645][181]LogFileHelpers: Editor autosave (incl. sublevels) for '/Game/FirstPersonBP/Maps/FirstPersonExampleMap' took 0.034
[2019.11.28-17.52.43:646][181]OBJ SavePackage: Generating thumbnails for [1] asset(s) in package [/Game/FirstPersonBP/Blueprints/FirstPersonCharacter] ([1] browsable assets)...
[2019.11.28-17.52.43:682][181]OBJ SavePackage:     Rendered thumbnail for [Blueprint /Game/FirstPersonBP/Blueprints/FirstPersonCharacter.FirstPersonCharacter]
[2019.11.28-17.52.43:683][181]OBJ SavePackage: Finished generating thumbnails for package [/Game/FirstPersonBP/Blueprints/FirstPersonCharacter]
[2019.11.28-17.52.43:819][181]LogSavePackage: Moving 'C:/Users/Sebastian Iselt/OneDrive/MyProject/Saved/FirstPersonCharacter_Auto16D0DBA6D40E29B8BC057E7A23E42E185.tmp' to 'C:/Users/Sebastian Iselt/OneDrive/MyProject/Saved/Autosaves/Game/FirstPersonBP/Blueprints/FirstPersonCharacter_Auto1.uasset'
[2019.11.28-17.52.43:829][181]OBJ SavePackage: Generating thumbnails for [1] asset(s) in package [/Game/Logik/CameraMat] ([1] browsable assets)...
[2019.11.28-17.52.43:835][181]OBJ SavePackage:     Rendered thumbnail for [Material /Game/Logik/CameraMat.CameraMat]
[2019.11.28-17.52.43:835][181]OBJ SavePackage: Finished generating thumbnails for package [/Game/Logik/CameraMat]
[2019.11.28-17.52.43:835][181]Cmd: OBJ SAVEPACKAGE PACKAGE="/Game/Logik/CameraMat" FILE="C:/Users/Sebastian Iselt/OneDrive/MyProject/Saved/Autosaves/Game/Logik/CameraMat_Auto1.uasset" SILENT=false AUTOSAVING=true
[2019.11.28-17.52.43:846][181]LogSavePackage: Moving 'C:/Users/Sebastian Iselt/OneDrive/MyProject/Saved/CameraMat_Auto1E32B3C504CD93A5BF98E7DB89F8D3BDC.tmp' to 'C:/Users/Sebastian Iselt/OneDrive/MyProject/Saved/Autosaves/Game/Logik/CameraMat_Auto1.uasset'
[2019.11.28-17.52.43:847][181]LogFileHelpers: Auto-saving content packages took 0.202
